#! /usr/local/Cellar/icarus-verilog/10.3/bin/vvp
:ivl_version "10.3 (stable)" "(v10_3)";
:ivl_delay_selection "TYPICAL";
:vpi_time_precision + 0;
:vpi_module "system";
:vpi_module "vhdl_sys";
:vpi_module "v2005_math";
:vpi_module "va_math";
S_0x7f926fc02400 .scope module, "D_latch_test" "D_latch_test" 2 1;
 .timescale 0 0;
v0x7f926fc1aed0_0 .var "C", 0 0;
v0x7f926fc1af60_0 .var "D", 0 0;
v0x7f926fc1aff0_0 .net "Q", 0 0, L_0x7f926fc1b7f0;  1 drivers
v0x7f926fc1b0c0_0 .net "notQ", 0 0, L_0x7f926fc1b9c0;  1 drivers
S_0x7f926fc0ab40 .scope module, "DUT" "D_latch" 2 6, 3 1 0, S_0x7f926fc02400;
 .timescale 0 0;
    .port_info 0 /INPUT 1 "C"
    .port_info 1 /INPUT 1 "D"
    .port_info 2 /OUTPUT 1 "Q"
    .port_info 3 /OUTPUT 1 "notQ"
L_0x7f926fc1b170/d .functor NAND 1, v0x7f926fc1aed0_0, v0x7f926fc1af60_0, C4<1>, C4<1>;
L_0x7f926fc1b170 .delay 1 (2,2,2) L_0x7f926fc1b170/d;
L_0x7f926fc1b2c0/d .functor NOT 1, v0x7f926fc1af60_0, C4<0>, C4<0>, C4<0>;
L_0x7f926fc1b2c0 .delay 1 (1,1,1) L_0x7f926fc1b2c0/d;
L_0x7f926fc1b400/d .functor NAND 1, v0x7f926fc1aed0_0, L_0x7f926fc1b2c0, C4<1>, C4<1>;
L_0x7f926fc1b400 .delay 1 (2,2,2) L_0x7f926fc1b400/d;
L_0x7f926fc1b540/d .functor NOT 1, L_0x7f926fc1b170, C4<0>, C4<0>, C4<0>;
L_0x7f926fc1b540 .delay 1 (1,1,1) L_0x7f926fc1b540/d;
L_0x7f926fc1b680/d .functor NOT 1, L_0x7f926fc1b400, C4<0>, C4<0>, C4<0>;
L_0x7f926fc1b680 .delay 1 (1,1,1) L_0x7f926fc1b680/d;
L_0x7f926fc1b7f0/d .functor NAND 1, L_0x7f926fc1b9c0, L_0x7f926fc1b680, C4<1>, C4<1>;
L_0x7f926fc1b7f0 .delay 1 (2,2,2) L_0x7f926fc1b7f0/d;
L_0x7f926fc1b9c0/d .functor NAND 1, L_0x7f926fc1b7f0, L_0x7f926fc1b540, C4<1>, C4<1>;
L_0x7f926fc1b9c0 .delay 1 (2,2,2) L_0x7f926fc1b9c0/d;
v0x7f926fc02560_0 .net "C", 0 0, v0x7f926fc1aed0_0;  1 drivers
v0x7f926fc1a8c0_0 .net "CnandD", 0 0, L_0x7f926fc1b170;  1 drivers
v0x7f926fc1a960_0 .net "CnandnotD", 0 0, L_0x7f926fc1b400;  1 drivers
v0x7f926fc1aa10_0 .net "D", 0 0, v0x7f926fc1af60_0;  1 drivers
v0x7f926fc1aab0_0 .net "Q", 0 0, L_0x7f926fc1b7f0;  alias, 1 drivers
v0x7f926fc1ab90_0 .net "notD", 0 0, L_0x7f926fc1b2c0;  1 drivers
v0x7f926fc1ac30_0 .net "notQ", 0 0, L_0x7f926fc1b9c0;  alias, 1 drivers
v0x7f926fc1acd0_0 .net "notR", 0 0, L_0x7f926fc1b680;  1 drivers
v0x7f926fc1ad70_0 .net "notS", 0 0, L_0x7f926fc1b540;  1 drivers
    .scope S_0x7f926fc02400;
T_0 ;
    %vpi_call 2 10 "$display", "Gated-SR-latch" {0 0 0};
    %pushi/vec4 0, 0, 1;
    %assign/vec4 v0x7f926fc1aed0_0, 0;
    %pushi/vec4 0, 0, 1;
    %assign/vec4 v0x7f926fc1af60_0, 0;
    %delay 7, 0;
    %vpi_call 2 15 "$display", "C = %d, D = %d, Q = %d, notQ = %d", v0x7f926fc1aed0_0, v0x7f926fc1af60_0, v0x7f926fc1aff0_0, v0x7f926fc1b0c0_0 {0 0 0};
    %pushi/vec4 0, 0, 1;
    %assign/vec4 v0x7f926fc1aed0_0, 0;
    %pushi/vec4 1, 0, 1;
    %assign/vec4 v0x7f926fc1af60_0, 0;
    %delay 7, 0;
    %vpi_call 2 20 "$display", "C = %d, D = %d, Q = %d, notQ = %d", v0x7f926fc1aed0_0, v0x7f926fc1af60_0, v0x7f926fc1aff0_0, v0x7f926fc1b0c0_0 {0 0 0};
    %pushi/vec4 1, 0, 1;
    %assign/vec4 v0x7f926fc1aed0_0, 0;
    %pushi/vec4 0, 0, 1;
    %assign/vec4 v0x7f926fc1af60_0, 0;
    %delay 14, 0;
    %vpi_call 2 25 "$display", "C = %d, D = %d, Q = %d, notQ = %d", v0x7f926fc1aed0_0, v0x7f926fc1af60_0, v0x7f926fc1aff0_0, v0x7f926fc1b0c0_0 {0 0 0};
    %pushi/vec4 1, 0, 1;
    %assign/vec4 v0x7f926fc1aed0_0, 0;
    %pushi/vec4 1, 0, 1;
    %assign/vec4 v0x7f926fc1af60_0, 0;
    %delay 14, 0;
    %vpi_call 2 30 "$display", "C = %d, D = %d, Q = %d, notQ = %d", v0x7f926fc1aed0_0, v0x7f926fc1af60_0, v0x7f926fc1aff0_0, v0x7f926fc1b0c0_0 {0 0 0};
    %end;
    .thread T_0;
# The file index is used to find the file name in the following table.
:file_names 4;
    "N/A";
    "<interactive>";
    "C9-9-test.v";
    "C9-9.v";
