#! /usr/local/Cellar/icarus-verilog/10.3/bin/vvp
:ivl_version "10.3 (stable)" "(v10_3)";
:ivl_delay_selection "TYPICAL";
:vpi_time_precision + 0;
:vpi_module "system";
:vpi_module "vhdl_sys";
:vpi_module "v2005_math";
:vpi_module "va_math";
S_0x7f8ed3800430 .scope module, "equals_test" "equals_test" 2 1;
 .timescale 0 0;
v0x7f8ed3822900_0 .var "A", 63 0;
v0x7f8ed3822990_0 .var "B", 63 0;
v0x7f8ed3822a20_0 .net "O", 0 0, L_0x7f8ed382ec20;  1 drivers
v0x7f8ed3822ab0_0 .var/i "i", 31 0;
S_0x7f8ed3800590 .scope module, "DUT" "equals" 2 9, 3 1 0, S_0x7f8ed3800430;
 .timescale 0 0;
    .port_info 0 /INPUT 64 "A"
    .port_info 1 /INPUT 64 "B"
    .port_info 2 /OUTPUT 1 "O"
L_0x7f8ed382ec20/d .functor AND 1, L_0x7f8ed382fcc0, C4<1>, C4<1>, C4<1>;
L_0x7f8ed382ec20 .delay 1 (4,4,4) L_0x7f8ed382ec20/d;
v0x7f8ed381f8e0_0 .net "A", 63 0, v0x7f8ed3822900_0;  1 drivers
v0x7f8ed381f990_0 .net "B", 63 0, v0x7f8ed3822990_0;  1 drivers
v0x7f8ed381fa40_0 .net "O", 0 0, L_0x7f8ed382ec20;  alias, 1 drivers
v0x7f8ed381faf0_0 .net *"_s0", 0 0, L_0x7f8ed3822b40;  1 drivers
v0x7f8ed381fba0_0 .net *"_s100", 0 0, L_0x7f8ed38277d0;  1 drivers
v0x7f8ed381fc90_0 .net *"_s104", 0 0, L_0x7f8ed3827ad0;  1 drivers
v0x7f8ed381fd40_0 .net *"_s108", 0 0, L_0x7f8ed3827de0;  1 drivers
v0x7f8ed381fdf0_0 .net *"_s112", 0 0, L_0x7f8ed3828100;  1 drivers
v0x7f8ed381fea0_0 .net *"_s116", 0 0, L_0x7f8ed38283f0;  1 drivers
v0x7f8ed381ffb0_0 .net *"_s12", 0 0, L_0x7f8ed38235c0;  1 drivers
v0x7f8ed3820060_0 .net *"_s120", 0 0, L_0x7f8ed38286f0;  1 drivers
v0x7f8ed3820110_0 .net *"_s124", 0 0, L_0x7f8ed3828a00;  1 drivers
v0x7f8ed38201c0_0 .net *"_s128", 0 0, L_0x7f8ed3828c40;  1 drivers
v0x7f8ed3820270_0 .net *"_s132", 0 0, L_0x7f8ed3825a90;  1 drivers
v0x7f8ed3820320_0 .net *"_s136", 0 0, L_0x7f8ed3828f10;  1 drivers
v0x7f8ed38203d0_0 .net *"_s140", 0 0, L_0x7f8ed3829220;  1 drivers
v0x7f8ed3820480_0 .net *"_s144", 0 0, L_0x7f8ed3829500;  1 drivers
v0x7f8ed3820610_0 .net *"_s148", 0 0, L_0x7f8ed3829830;  1 drivers
v0x7f8ed38206a0_0 .net *"_s152", 0 0, L_0x7f8ed3829b10;  1 drivers
v0x7f8ed3820750_0 .net *"_s156", 0 0, L_0x7f8ed382a170;  1 drivers
v0x7f8ed3820800_0 .net *"_s16", 0 0, L_0x7f8ed3823890;  1 drivers
v0x7f8ed38208b0_0 .net *"_s160", 0 0, L_0x7f8ed3829f00;  1 drivers
v0x7f8ed3820960_0 .net *"_s164", 0 0, L_0x7f8ed382a400;  1 drivers
v0x7f8ed3820a10_0 .net *"_s168", 0 0, L_0x7f8ed382a780;  1 drivers
v0x7f8ed3820ac0_0 .net *"_s172", 0 0, L_0x7f8ed382aa50;  1 drivers
v0x7f8ed3820b70_0 .net *"_s176", 0 0, L_0x7f8ed382ad70;  1 drivers
v0x7f8ed3820c20_0 .net *"_s180", 0 0, L_0x7f8ed382b060;  1 drivers
v0x7f8ed3820cd0_0 .net *"_s184", 0 0, L_0x7f8ed382b360;  1 drivers
v0x7f8ed3820d80_0 .net *"_s188", 0 0, L_0x7f8ed382b630;  1 drivers
v0x7f8ed3820e30_0 .net *"_s192", 0 0, L_0x7f8ed382bc90;  1 drivers
v0x7f8ed3820ee0_0 .net *"_s196", 0 0, L_0x7f8ed382b990;  1 drivers
v0x7f8ed3820f90_0 .net *"_s20", 0 0, L_0x7f8ed3823b70;  1 drivers
v0x7f8ed3821040_0 .net *"_s200", 0 0, L_0x7f8ed382c2a0;  1 drivers
v0x7f8ed3820530_0 .net *"_s204", 0 0, L_0x7f8ed382bf80;  1 drivers
v0x7f8ed38212d0_0 .net *"_s208", 0 0, L_0x7f8ed382c8d0;  1 drivers
v0x7f8ed3821360_0 .net *"_s212", 0 0, L_0x7f8ed382c590;  1 drivers
v0x7f8ed3821400_0 .net *"_s216", 0 0, L_0x7f8ed382cec0;  1 drivers
v0x7f8ed38214b0_0 .net *"_s220", 0 0, L_0x7f8ed382cba0;  1 drivers
v0x7f8ed3821560_0 .net *"_s224", 0 0, L_0x7f8ed382d4f0;  1 drivers
v0x7f8ed3821610_0 .net *"_s228", 0 0, L_0x7f8ed382d1b0;  1 drivers
v0x7f8ed38216c0_0 .net *"_s232", 0 0, L_0x7f8ed382db20;  1 drivers
v0x7f8ed3821770_0 .net *"_s236", 0 0, L_0x7f8ed382d7c0;  1 drivers
v0x7f8ed3821820_0 .net *"_s24", 0 0, L_0x7f8ed3823ec0;  1 drivers
v0x7f8ed38218d0_0 .net *"_s240", 0 0, L_0x7f8ed382e110;  1 drivers
v0x7f8ed3821980_0 .net *"_s244", 0 0, L_0x7f8ed382ddf0;  1 drivers
v0x7f8ed3821a30_0 .net *"_s248", 0 0, L_0x7f8ed382e720;  1 drivers
v0x7f8ed3821ae0_0 .net *"_s252", 0 0, L_0x7f8ed382e910;  1 drivers
v0x7f8ed3821b90_0 .net *"_s259", 0 0, L_0x7f8ed382fcc0;  1 drivers
v0x7f8ed3821c40_0 .net *"_s28", 0 0, L_0x7f8ed38243c0;  1 drivers
v0x7f8ed3821cf0_0 .net *"_s32", 0 0, L_0x7f8ed38241b0;  1 drivers
v0x7f8ed3821da0_0 .net *"_s36", 0 0, L_0x7f8ed3823540;  1 drivers
v0x7f8ed3821e50_0 .net *"_s4", 0 0, L_0x7f8ed3822f10;  1 drivers
v0x7f8ed3821f00_0 .net *"_s40", 0 0, L_0x7f8ed3824790;  1 drivers
v0x7f8ed3821fb0_0 .net *"_s44", 0 0, L_0x7f8ed3824e90;  1 drivers
v0x7f8ed3822060_0 .net *"_s48", 0 0, L_0x7f8ed3824da0;  1 drivers
v0x7f8ed3822110_0 .net *"_s52", 0 0, L_0x7f8ed38250a0;  1 drivers
v0x7f8ed38221c0_0 .net *"_s56", 0 0, L_0x7f8ed38253c0;  1 drivers
v0x7f8ed3822270_0 .net *"_s60", 0 0, L_0x7f8ed38256b0;  1 drivers
v0x7f8ed3822320_0 .net *"_s64", 0 0, L_0x7f8ed3825fb0;  1 drivers
v0x7f8ed38223d0_0 .net *"_s68", 0 0, L_0x7f8ed38262d0;  1 drivers
v0x7f8ed3822480_0 .net *"_s72", 0 0, L_0x7f8ed38265e0;  1 drivers
v0x7f8ed3822530_0 .net *"_s76", 0 0, L_0x7f8ed3826900;  1 drivers
v0x7f8ed38225e0_0 .net *"_s8", 0 0, L_0x7f8ed38231e0;  1 drivers
v0x7f8ed3822690_0 .net *"_s80", 0 0, L_0x7f8ed3826c30;  1 drivers
v0x7f8ed3822740_0 .net *"_s84", 0 0, L_0x7f8ed3826f30;  1 drivers
v0x7f8ed38210f0_0 .net *"_s88", 0 0, L_0x7f8ed3826ec0;  1 drivers
v0x7f8ed38211a0_0 .net *"_s92", 0 0, L_0x7f8ed38271c0;  1 drivers
v0x7f8ed38227d0_0 .net *"_s96", 0 0, L_0x7f8ed38274c0;  1 drivers
v0x7f8ed3822860_0 .net "temp", 63 0, L_0x7f8ed382e3e0;  1 drivers
L_0x7f8ed3822c70 .part v0x7f8ed3822900_0, 0, 1;
L_0x7f8ed3822df0 .part v0x7f8ed3822990_0, 0, 1;
L_0x7f8ed3822fc0 .part v0x7f8ed3822900_0, 1, 1;
L_0x7f8ed3823100 .part v0x7f8ed3822990_0, 1, 1;
L_0x7f8ed38232b0 .part v0x7f8ed3822900_0, 2, 1;
L_0x7f8ed38234a0 .part v0x7f8ed3822990_0, 2, 1;
L_0x7f8ed3823630 .part v0x7f8ed3822900_0, 3, 1;
L_0x7f8ed38237b0 .part v0x7f8ed3822990_0, 3, 1;
L_0x7f8ed3823940 .part v0x7f8ed3822900_0, 4, 1;
L_0x7f8ed3823ad0 .part v0x7f8ed3822990_0, 4, 1;
L_0x7f8ed3823c40 .part v0x7f8ed3822900_0, 5, 1;
L_0x7f8ed3823de0 .part v0x7f8ed3822990_0, 5, 1;
L_0x7f8ed3823f70 .part v0x7f8ed3822900_0, 6, 1;
L_0x7f8ed3824220 .part v0x7f8ed3822990_0, 6, 1;
L_0x7f8ed3824430 .part v0x7f8ed3822900_0, 7, 1;
L_0x7f8ed3824530 .part v0x7f8ed3822990_0, 7, 1;
L_0x7f8ed3824650 .part v0x7f8ed3822900_0, 8, 1;
L_0x7f8ed3824820 .part v0x7f8ed3822990_0, 8, 1;
L_0x7f8ed3824960 .part v0x7f8ed3822900_0, 9, 1;
L_0x7f8ed3824b40 .part v0x7f8ed3822990_0, 9, 1;
L_0x7f8ed3824c60 .part v0x7f8ed3822900_0, 10, 1;
L_0x7f8ed3824aa0 .part v0x7f8ed3822990_0, 10, 1;
L_0x7f8ed3824f60 .part v0x7f8ed3822900_0, 11, 1;
L_0x7f8ed3825160 .part v0x7f8ed3822990_0, 11, 1;
L_0x7f8ed3825280 .part v0x7f8ed3822900_0, 12, 1;
L_0x7f8ed3825490 .part v0x7f8ed3822990_0, 12, 1;
L_0x7f8ed3825570 .part v0x7f8ed3822900_0, 13, 1;
L_0x7f8ed3825790 .part v0x7f8ed3822990_0, 13, 1;
L_0x7f8ed3825870 .part v0x7f8ed3822900_0, 14, 1;
L_0x7f8ed3825bb0 .part v0x7f8ed3822990_0, 14, 1;
L_0x7f8ed38242c0 .part v0x7f8ed3822900_0, 15, 1;
L_0x7f8ed3825ed0 .part v0x7f8ed3822990_0, 15, 1;
L_0x7f8ed3826080 .part v0x7f8ed3822900_0, 16, 1;
L_0x7f8ed38240b0 .part v0x7f8ed3822990_0, 16, 1;
L_0x7f8ed3826380 .part v0x7f8ed3822900_0, 17, 1;
L_0x7f8ed38261c0 .part v0x7f8ed3822990_0, 17, 1;
L_0x7f8ed3826690 .part v0x7f8ed3822900_0, 18, 1;
L_0x7f8ed38264c0 .part v0x7f8ed3822990_0, 18, 1;
L_0x7f8ed38269b0 .part v0x7f8ed3822900_0, 19, 1;
L_0x7f8ed38267d0 .part v0x7f8ed3822990_0, 19, 1;
L_0x7f8ed3826ca0 .part v0x7f8ed3822900_0, 20, 1;
L_0x7f8ed3826af0 .part v0x7f8ed3822990_0, 20, 1;
L_0x7f8ed3826fa0 .part v0x7f8ed3822900_0, 21, 1;
L_0x7f8ed3826de0 .part v0x7f8ed3822990_0, 21, 1;
L_0x7f8ed38272a0 .part v0x7f8ed3822900_0, 22, 1;
L_0x7f8ed38270e0 .part v0x7f8ed3822990_0, 22, 1;
L_0x7f8ed38275b0 .part v0x7f8ed3822900_0, 23, 1;
L_0x7f8ed38273e0 .part v0x7f8ed3822990_0, 23, 1;
L_0x7f8ed38278b0 .part v0x7f8ed3822900_0, 24, 1;
L_0x7f8ed38276f0 .part v0x7f8ed3822990_0, 24, 1;
L_0x7f8ed3827bc0 .part v0x7f8ed3822900_0, 25, 1;
L_0x7f8ed38279f0 .part v0x7f8ed3822990_0, 25, 1;
L_0x7f8ed3827ee0 .part v0x7f8ed3822900_0, 26, 1;
L_0x7f8ed3827d00 .part v0x7f8ed3822990_0, 26, 1;
L_0x7f8ed38281d0 .part v0x7f8ed3822900_0, 27, 1;
L_0x7f8ed3828020 .part v0x7f8ed3822990_0, 27, 1;
L_0x7f8ed38284d0 .part v0x7f8ed3822900_0, 28, 1;
L_0x7f8ed3828310 .part v0x7f8ed3822990_0, 28, 1;
L_0x7f8ed38287e0 .part v0x7f8ed3822900_0, 29, 1;
L_0x7f8ed3828610 .part v0x7f8ed3822990_0, 29, 1;
L_0x7f8ed3828b00 .part v0x7f8ed3822900_0, 30, 1;
L_0x7f8ed3828920 .part v0x7f8ed3822990_0, 30, 1;
L_0x7f8ed3825c90 .part v0x7f8ed3822900_0, 31, 1;
L_0x7f8ed3825d70 .part v0x7f8ed3822990_0, 31, 1;
L_0x7f8ed3828cf0 .part v0x7f8ed3822900_0, 32, 1;
L_0x7f8ed38259b0 .part v0x7f8ed3822990_0, 32, 1;
L_0x7f8ed3829040 .part v0x7f8ed3822900_0, 33, 1;
L_0x7f8ed3828e30 .part v0x7f8ed3822990_0, 33, 1;
L_0x7f8ed3829360 .part v0x7f8ed3822900_0, 34, 1;
L_0x7f8ed3829140 .part v0x7f8ed3822990_0, 34, 1;
L_0x7f8ed3829690 .part v0x7f8ed3822900_0, 35, 1;
L_0x7f8ed3829460 .part v0x7f8ed3822990_0, 35, 1;
L_0x7f8ed38299d0 .part v0x7f8ed3822900_0, 36, 1;
L_0x7f8ed3829790 .part v0x7f8ed3822990_0, 36, 1;
L_0x7f8ed3829920 .part v0x7f8ed3822900_0, 37, 1;
L_0x7f8ed3829d60 .part v0x7f8ed3822990_0, 37, 1;
L_0x7f8ed3829bc0 .part v0x7f8ed3822900_0, 38, 1;
L_0x7f8ed382a090 .part v0x7f8ed3822990_0, 38, 1;
L_0x7f8ed382a220 .part v0x7f8ed3822900_0, 39, 1;
L_0x7f8ed3829e20 .part v0x7f8ed3822990_0, 39, 1;
L_0x7f8ed382a5e0 .part v0x7f8ed3822900_0, 40, 1;
L_0x7f8ed382a360 .part v0x7f8ed3822990_0, 40, 1;
L_0x7f8ed382a4b0 .part v0x7f8ed3822900_0, 41, 1;
L_0x7f8ed382a6e0 .part v0x7f8ed3822990_0, 41, 1;
L_0x7f8ed382a850 .part v0x7f8ed3822900_0, 42, 1;
L_0x7f8ed382a9b0 .part v0x7f8ed3822990_0, 42, 1;
L_0x7f8ed382ab40 .part v0x7f8ed3822900_0, 43, 1;
L_0x7f8ed382ac90 .part v0x7f8ed3822990_0, 43, 1;
L_0x7f8ed382ae40 .part v0x7f8ed3822900_0, 44, 1;
L_0x7f8ed382af80 .part v0x7f8ed3822990_0, 44, 1;
L_0x7f8ed382b130 .part v0x7f8ed3822900_0, 45, 1;
L_0x7f8ed382b280 .part v0x7f8ed3822990_0, 45, 1;
L_0x7f8ed382b430 .part v0x7f8ed3822900_0, 46, 1;
L_0x7f8ed382b590 .part v0x7f8ed3822990_0, 46, 1;
L_0x7f8ed382b720 .part v0x7f8ed3822900_0, 47, 1;
L_0x7f8ed382bbb0 .part v0x7f8ed3822990_0, 47, 1;
L_0x7f8ed382bd60 .part v0x7f8ed3822900_0, 48, 1;
L_0x7f8ed382b8b0 .part v0x7f8ed3822990_0, 48, 1;
L_0x7f8ed382ba60 .part v0x7f8ed3822900_0, 49, 1;
L_0x7f8ed382c1c0 .part v0x7f8ed3822990_0, 49, 1;
L_0x7f8ed382c370 .part v0x7f8ed3822900_0, 50, 1;
L_0x7f8ed382bea0 .part v0x7f8ed3822990_0, 50, 1;
L_0x7f8ed382c050 .part v0x7f8ed3822900_0, 51, 1;
L_0x7f8ed382c7f0 .part v0x7f8ed3822990_0, 51, 1;
L_0x7f8ed382c980 .part v0x7f8ed3822900_0, 52, 1;
L_0x7f8ed382c4b0 .part v0x7f8ed3822990_0, 52, 1;
L_0x7f8ed382c660 .part v0x7f8ed3822900_0, 53, 1;
L_0x7f8ed382ce20 .part v0x7f8ed3822990_0, 53, 1;
L_0x7f8ed382cf90 .part v0x7f8ed3822900_0, 54, 1;
L_0x7f8ed382cac0 .part v0x7f8ed3822990_0, 54, 1;
L_0x7f8ed382cc70 .part v0x7f8ed3822900_0, 55, 1;
L_0x7f8ed382d450 .part v0x7f8ed3822990_0, 55, 1;
L_0x7f8ed382d5a0 .part v0x7f8ed3822900_0, 56, 1;
L_0x7f8ed382d0d0 .part v0x7f8ed3822990_0, 56, 1;
L_0x7f8ed382d280 .part v0x7f8ed3822900_0, 57, 1;
L_0x7f8ed382da80 .part v0x7f8ed3822990_0, 57, 1;
L_0x7f8ed382dbd0 .part v0x7f8ed3822900_0, 58, 1;
L_0x7f8ed382d6e0 .part v0x7f8ed3822990_0, 58, 1;
L_0x7f8ed382d9b0 .part v0x7f8ed3822900_0, 59, 1;
L_0x7f8ed382d8b0 .part v0x7f8ed3822990_0, 59, 1;
L_0x7f8ed382e1c0 .part v0x7f8ed3822900_0, 60, 1;
L_0x7f8ed382dd10 .part v0x7f8ed3822990_0, 60, 1;
L_0x7f8ed382e000 .part v0x7f8ed3822900_0, 61, 1;
L_0x7f8ed382df00 .part v0x7f8ed3822990_0, 61, 1;
L_0x7f8ed382e7d0 .part v0x7f8ed3822900_0, 62, 1;
L_0x7f8ed382e300 .part v0x7f8ed3822990_0, 62, 1;
LS_0x7f8ed382e3e0_0_0 .concat8 [ 1 1 1 1], L_0x7f8ed3822b40, L_0x7f8ed3822f10, L_0x7f8ed38231e0, L_0x7f8ed38235c0;
LS_0x7f8ed382e3e0_0_4 .concat8 [ 1 1 1 1], L_0x7f8ed3823890, L_0x7f8ed3823b70, L_0x7f8ed3823ec0, L_0x7f8ed38243c0;
LS_0x7f8ed382e3e0_0_8 .concat8 [ 1 1 1 1], L_0x7f8ed38241b0, L_0x7f8ed3823540, L_0x7f8ed3824790, L_0x7f8ed3824e90;
LS_0x7f8ed382e3e0_0_12 .concat8 [ 1 1 1 1], L_0x7f8ed3824da0, L_0x7f8ed38250a0, L_0x7f8ed38253c0, L_0x7f8ed38256b0;
LS_0x7f8ed382e3e0_0_16 .concat8 [ 1 1 1 1], L_0x7f8ed3825fb0, L_0x7f8ed38262d0, L_0x7f8ed38265e0, L_0x7f8ed3826900;
LS_0x7f8ed382e3e0_0_20 .concat8 [ 1 1 1 1], L_0x7f8ed3826c30, L_0x7f8ed3826f30, L_0x7f8ed3826ec0, L_0x7f8ed38271c0;
LS_0x7f8ed382e3e0_0_24 .concat8 [ 1 1 1 1], L_0x7f8ed38274c0, L_0x7f8ed38277d0, L_0x7f8ed3827ad0, L_0x7f8ed3827de0;
LS_0x7f8ed382e3e0_0_28 .concat8 [ 1 1 1 1], L_0x7f8ed3828100, L_0x7f8ed38283f0, L_0x7f8ed38286f0, L_0x7f8ed3828a00;
LS_0x7f8ed382e3e0_0_32 .concat8 [ 1 1 1 1], L_0x7f8ed3828c40, L_0x7f8ed3825a90, L_0x7f8ed3828f10, L_0x7f8ed3829220;
LS_0x7f8ed382e3e0_0_36 .concat8 [ 1 1 1 1], L_0x7f8ed3829500, L_0x7f8ed3829830, L_0x7f8ed3829b10, L_0x7f8ed382a170;
LS_0x7f8ed382e3e0_0_40 .concat8 [ 1 1 1 1], L_0x7f8ed3829f00, L_0x7f8ed382a400, L_0x7f8ed382a780, L_0x7f8ed382aa50;
LS_0x7f8ed382e3e0_0_44 .concat8 [ 1 1 1 1], L_0x7f8ed382ad70, L_0x7f8ed382b060, L_0x7f8ed382b360, L_0x7f8ed382b630;
LS_0x7f8ed382e3e0_0_48 .concat8 [ 1 1 1 1], L_0x7f8ed382bc90, L_0x7f8ed382b990, L_0x7f8ed382c2a0, L_0x7f8ed382bf80;
LS_0x7f8ed382e3e0_0_52 .concat8 [ 1 1 1 1], L_0x7f8ed382c8d0, L_0x7f8ed382c590, L_0x7f8ed382cec0, L_0x7f8ed382cba0;
LS_0x7f8ed382e3e0_0_56 .concat8 [ 1 1 1 1], L_0x7f8ed382d4f0, L_0x7f8ed382d1b0, L_0x7f8ed382db20, L_0x7f8ed382d7c0;
LS_0x7f8ed382e3e0_0_60 .concat8 [ 1 1 1 1], L_0x7f8ed382e110, L_0x7f8ed382ddf0, L_0x7f8ed382e720, L_0x7f8ed382e910;
LS_0x7f8ed382e3e0_1_0 .concat8 [ 4 4 4 4], LS_0x7f8ed382e3e0_0_0, LS_0x7f8ed382e3e0_0_4, LS_0x7f8ed382e3e0_0_8, LS_0x7f8ed382e3e0_0_12;
LS_0x7f8ed382e3e0_1_4 .concat8 [ 4 4 4 4], LS_0x7f8ed382e3e0_0_16, LS_0x7f8ed382e3e0_0_20, LS_0x7f8ed382e3e0_0_24, LS_0x7f8ed382e3e0_0_28;
LS_0x7f8ed382e3e0_1_8 .concat8 [ 4 4 4 4], LS_0x7f8ed382e3e0_0_32, LS_0x7f8ed382e3e0_0_36, LS_0x7f8ed382e3e0_0_40, LS_0x7f8ed382e3e0_0_44;
LS_0x7f8ed382e3e0_1_12 .concat8 [ 4 4 4 4], LS_0x7f8ed382e3e0_0_48, LS_0x7f8ed382e3e0_0_52, LS_0x7f8ed382e3e0_0_56, LS_0x7f8ed382e3e0_0_60;
L_0x7f8ed382e3e0 .concat8 [ 16 16 16 16], LS_0x7f8ed382e3e0_1_0, LS_0x7f8ed382e3e0_1_4, LS_0x7f8ed382e3e0_1_8, LS_0x7f8ed382e3e0_1_12;
L_0x7f8ed382ea00 .part v0x7f8ed3822900_0, 63, 1;
L_0x7f8ed382eb40 .part v0x7f8ed3822990_0, 63, 1;
L_0x7f8ed382fcc0 .part L_0x7f8ed382e3e0, 0, 1;
S_0x7f8ed3800740 .scope generate, "for_loop[0]" "for_loop[0]" 3 12, 3 12 0, S_0x7f8ed3800590;
 .timescale 0 0;
P_0x7f8ed38001e0 .param/l "i" 0 3 12, +C4<00>;
L_0x7f8ed3822b40/d .functor XNOR 1, L_0x7f8ed3822c70, L_0x7f8ed3822df0, C4<0>, C4<0>;
L_0x7f8ed3822b40 .delay 1 (7,7,7) L_0x7f8ed3822b40/d;
v0x7f8ed3800940_0 .net *"_s1", 0 0, L_0x7f8ed3822c70;  1 drivers
v0x7f8ed38109f0_0 .net *"_s2", 0 0, L_0x7f8ed3822df0;  1 drivers
S_0x7f8ed3810aa0 .scope generate, "for_loop[1]" "for_loop[1]" 3 12, 3 12 0, S_0x7f8ed3800590;
 .timescale 0 0;
P_0x7f8ed3810c70 .param/l "i" 0 3 12, +C4<01>;
L_0x7f8ed3822f10/d .functor XNOR 1, L_0x7f8ed3822fc0, L_0x7f8ed3823100, C4<0>, C4<0>;
L_0x7f8ed3822f10 .delay 1 (7,7,7) L_0x7f8ed3822f10/d;
v0x7f8ed3810d00_0 .net *"_s1", 0 0, L_0x7f8ed3822fc0;  1 drivers
v0x7f8ed3810db0_0 .net *"_s2", 0 0, L_0x7f8ed3823100;  1 drivers
S_0x7f8ed3810e60 .scope generate, "for_loop[2]" "for_loop[2]" 3 12, 3 12 0, S_0x7f8ed3800590;
 .timescale 0 0;
P_0x7f8ed3811040 .param/l "i" 0 3 12, +C4<010>;
L_0x7f8ed38231e0/d .functor XNOR 1, L_0x7f8ed38232b0, L_0x7f8ed38234a0, C4<0>, C4<0>;
L_0x7f8ed38231e0 .delay 1 (7,7,7) L_0x7f8ed38231e0/d;
v0x7f8ed38110d0_0 .net *"_s1", 0 0, L_0x7f8ed38232b0;  1 drivers
v0x7f8ed3811180_0 .net *"_s2", 0 0, L_0x7f8ed38234a0;  1 drivers
S_0x7f8ed3811230 .scope generate, "for_loop[3]" "for_loop[3]" 3 12, 3 12 0, S_0x7f8ed3800590;
 .timescale 0 0;
P_0x7f8ed38113f0 .param/l "i" 0 3 12, +C4<011>;
L_0x7f8ed38235c0/d .functor XNOR 1, L_0x7f8ed3823630, L_0x7f8ed38237b0, C4<0>, C4<0>;
L_0x7f8ed38235c0 .delay 1 (7,7,7) L_0x7f8ed38235c0/d;
v0x7f8ed3811490_0 .net *"_s1", 0 0, L_0x7f8ed3823630;  1 drivers
v0x7f8ed3811540_0 .net *"_s2", 0 0, L_0x7f8ed38237b0;  1 drivers
S_0x7f8ed38115f0 .scope generate, "for_loop[4]" "for_loop[4]" 3 12, 3 12 0, S_0x7f8ed3800590;
 .timescale 0 0;
P_0x7f8ed38117f0 .param/l "i" 0 3 12, +C4<0100>;
L_0x7f8ed3823890/d .functor XNOR 1, L_0x7f8ed3823940, L_0x7f8ed3823ad0, C4<0>, C4<0>;
L_0x7f8ed3823890 .delay 1 (7,7,7) L_0x7f8ed3823890/d;
v0x7f8ed3811890_0 .net *"_s1", 0 0, L_0x7f8ed3823940;  1 drivers
v0x7f8ed3811920_0 .net *"_s2", 0 0, L_0x7f8ed3823ad0;  1 drivers
S_0x7f8ed38119d0 .scope generate, "for_loop[5]" "for_loop[5]" 3 12, 3 12 0, S_0x7f8ed3800590;
 .timescale 0 0;
P_0x7f8ed3811b90 .param/l "i" 0 3 12, +C4<0101>;
L_0x7f8ed3823b70/d .functor XNOR 1, L_0x7f8ed3823c40, L_0x7f8ed3823de0, C4<0>, C4<0>;
L_0x7f8ed3823b70 .delay 1 (7,7,7) L_0x7f8ed3823b70/d;
v0x7f8ed3811c30_0 .net *"_s1", 0 0, L_0x7f8ed3823c40;  1 drivers
v0x7f8ed3811ce0_0 .net *"_s2", 0 0, L_0x7f8ed3823de0;  1 drivers
S_0x7f8ed3811d90 .scope generate, "for_loop[6]" "for_loop[6]" 3 12, 3 12 0, S_0x7f8ed3800590;
 .timescale 0 0;
P_0x7f8ed3811f50 .param/l "i" 0 3 12, +C4<0110>;
L_0x7f8ed3823ec0/d .functor XNOR 1, L_0x7f8ed3823f70, L_0x7f8ed3824220, C4<0>, C4<0>;
L_0x7f8ed3823ec0 .delay 1 (7,7,7) L_0x7f8ed3823ec0/d;
v0x7f8ed3811ff0_0 .net *"_s1", 0 0, L_0x7f8ed3823f70;  1 drivers
v0x7f8ed38120a0_0 .net *"_s2", 0 0, L_0x7f8ed3824220;  1 drivers
S_0x7f8ed3812150 .scope generate, "for_loop[7]" "for_loop[7]" 3 12, 3 12 0, S_0x7f8ed3800590;
 .timescale 0 0;
P_0x7f8ed3812310 .param/l "i" 0 3 12, +C4<0111>;
L_0x7f8ed38243c0/d .functor XNOR 1, L_0x7f8ed3824430, L_0x7f8ed3824530, C4<0>, C4<0>;
L_0x7f8ed38243c0 .delay 1 (7,7,7) L_0x7f8ed38243c0/d;
v0x7f8ed38123b0_0 .net *"_s1", 0 0, L_0x7f8ed3824430;  1 drivers
v0x7f8ed3812460_0 .net *"_s2", 0 0, L_0x7f8ed3824530;  1 drivers
S_0x7f8ed3812510 .scope generate, "for_loop[8]" "for_loop[8]" 3 12, 3 12 0, S_0x7f8ed3800590;
 .timescale 0 0;
P_0x7f8ed38117b0 .param/l "i" 0 3 12, +C4<01000>;
L_0x7f8ed38241b0/d .functor XNOR 1, L_0x7f8ed3824650, L_0x7f8ed3824820, C4<0>, C4<0>;
L_0x7f8ed38241b0 .delay 1 (7,7,7) L_0x7f8ed38241b0/d;
v0x7f8ed38127c0_0 .net *"_s1", 0 0, L_0x7f8ed3824650;  1 drivers
v0x7f8ed3812880_0 .net *"_s2", 0 0, L_0x7f8ed3824820;  1 drivers
S_0x7f8ed3812920 .scope generate, "for_loop[9]" "for_loop[9]" 3 12, 3 12 0, S_0x7f8ed3800590;
 .timescale 0 0;
P_0x7f8ed3812ad0 .param/l "i" 0 3 12, +C4<01001>;
L_0x7f8ed3823540/d .functor XNOR 1, L_0x7f8ed3824960, L_0x7f8ed3824b40, C4<0>, C4<0>;
L_0x7f8ed3823540 .delay 1 (7,7,7) L_0x7f8ed3823540/d;
v0x7f8ed3812b80_0 .net *"_s1", 0 0, L_0x7f8ed3824960;  1 drivers
v0x7f8ed3812c40_0 .net *"_s2", 0 0, L_0x7f8ed3824b40;  1 drivers
S_0x7f8ed3812ce0 .scope generate, "for_loop[10]" "for_loop[10]" 3 12, 3 12 0, S_0x7f8ed3800590;
 .timescale 0 0;
P_0x7f8ed3812e90 .param/l "i" 0 3 12, +C4<01010>;
L_0x7f8ed3824790/d .functor XNOR 1, L_0x7f8ed3824c60, L_0x7f8ed3824aa0, C4<0>, C4<0>;
L_0x7f8ed3824790 .delay 1 (7,7,7) L_0x7f8ed3824790/d;
v0x7f8ed3812f40_0 .net *"_s1", 0 0, L_0x7f8ed3824c60;  1 drivers
v0x7f8ed3813000_0 .net *"_s2", 0 0, L_0x7f8ed3824aa0;  1 drivers
S_0x7f8ed38130a0 .scope generate, "for_loop[11]" "for_loop[11]" 3 12, 3 12 0, S_0x7f8ed3800590;
 .timescale 0 0;
P_0x7f8ed3813250 .param/l "i" 0 3 12, +C4<01011>;
L_0x7f8ed3824e90/d .functor XNOR 1, L_0x7f8ed3824f60, L_0x7f8ed3825160, C4<0>, C4<0>;
L_0x7f8ed3824e90 .delay 1 (7,7,7) L_0x7f8ed3824e90/d;
v0x7f8ed3813300_0 .net *"_s1", 0 0, L_0x7f8ed3824f60;  1 drivers
v0x7f8ed38133c0_0 .net *"_s2", 0 0, L_0x7f8ed3825160;  1 drivers
S_0x7f8ed3813460 .scope generate, "for_loop[12]" "for_loop[12]" 3 12, 3 12 0, S_0x7f8ed3800590;
 .timescale 0 0;
P_0x7f8ed3813610 .param/l "i" 0 3 12, +C4<01100>;
L_0x7f8ed3824da0/d .functor XNOR 1, L_0x7f8ed3825280, L_0x7f8ed3825490, C4<0>, C4<0>;
L_0x7f8ed3824da0 .delay 1 (7,7,7) L_0x7f8ed3824da0/d;
v0x7f8ed38136c0_0 .net *"_s1", 0 0, L_0x7f8ed3825280;  1 drivers
v0x7f8ed3813780_0 .net *"_s2", 0 0, L_0x7f8ed3825490;  1 drivers
S_0x7f8ed3813820 .scope generate, "for_loop[13]" "for_loop[13]" 3 12, 3 12 0, S_0x7f8ed3800590;
 .timescale 0 0;
P_0x7f8ed38139d0 .param/l "i" 0 3 12, +C4<01101>;
L_0x7f8ed38250a0/d .functor XNOR 1, L_0x7f8ed3825570, L_0x7f8ed3825790, C4<0>, C4<0>;
L_0x7f8ed38250a0 .delay 1 (7,7,7) L_0x7f8ed38250a0/d;
v0x7f8ed3813a80_0 .net *"_s1", 0 0, L_0x7f8ed3825570;  1 drivers
v0x7f8ed3813b40_0 .net *"_s2", 0 0, L_0x7f8ed3825790;  1 drivers
S_0x7f8ed3813be0 .scope generate, "for_loop[14]" "for_loop[14]" 3 12, 3 12 0, S_0x7f8ed3800590;
 .timescale 0 0;
P_0x7f8ed3813d90 .param/l "i" 0 3 12, +C4<01110>;
L_0x7f8ed38253c0/d .functor XNOR 1, L_0x7f8ed3825870, L_0x7f8ed3825bb0, C4<0>, C4<0>;
L_0x7f8ed38253c0 .delay 1 (7,7,7) L_0x7f8ed38253c0/d;
v0x7f8ed3813e40_0 .net *"_s1", 0 0, L_0x7f8ed3825870;  1 drivers
v0x7f8ed3813f00_0 .net *"_s2", 0 0, L_0x7f8ed3825bb0;  1 drivers
S_0x7f8ed3813fa0 .scope generate, "for_loop[15]" "for_loop[15]" 3 12, 3 12 0, S_0x7f8ed3800590;
 .timescale 0 0;
P_0x7f8ed3814150 .param/l "i" 0 3 12, +C4<01111>;
L_0x7f8ed38256b0/d .functor XNOR 1, L_0x7f8ed38242c0, L_0x7f8ed3825ed0, C4<0>, C4<0>;
L_0x7f8ed38256b0 .delay 1 (7,7,7) L_0x7f8ed38256b0/d;
v0x7f8ed3814200_0 .net *"_s1", 0 0, L_0x7f8ed38242c0;  1 drivers
v0x7f8ed38142c0_0 .net *"_s2", 0 0, L_0x7f8ed3825ed0;  1 drivers
S_0x7f8ed3814360 .scope generate, "for_loop[16]" "for_loop[16]" 3 12, 3 12 0, S_0x7f8ed3800590;
 .timescale 0 0;
P_0x7f8ed3814610 .param/l "i" 0 3 12, +C4<010000>;
L_0x7f8ed3825fb0/d .functor XNOR 1, L_0x7f8ed3826080, L_0x7f8ed38240b0, C4<0>, C4<0>;
L_0x7f8ed3825fb0 .delay 1 (7,7,7) L_0x7f8ed3825fb0/d;
v0x7f8ed38146c0_0 .net *"_s1", 0 0, L_0x7f8ed3826080;  1 drivers
v0x7f8ed3814750_0 .net *"_s2", 0 0, L_0x7f8ed38240b0;  1 drivers
S_0x7f8ed38147e0 .scope generate, "for_loop[17]" "for_loop[17]" 3 12, 3 12 0, S_0x7f8ed3800590;
 .timescale 0 0;
P_0x7f8ed3812710 .param/l "i" 0 3 12, +C4<010001>;
L_0x7f8ed38262d0/d .functor XNOR 1, L_0x7f8ed3826380, L_0x7f8ed38261c0, C4<0>, C4<0>;
L_0x7f8ed38262d0 .delay 1 (7,7,7) L_0x7f8ed38262d0/d;
v0x7f8ed3814a00_0 .net *"_s1", 0 0, L_0x7f8ed3826380;  1 drivers
v0x7f8ed3814ac0_0 .net *"_s2", 0 0, L_0x7f8ed38261c0;  1 drivers
S_0x7f8ed3814b60 .scope generate, "for_loop[18]" "for_loop[18]" 3 12, 3 12 0, S_0x7f8ed3800590;
 .timescale 0 0;
P_0x7f8ed3814d10 .param/l "i" 0 3 12, +C4<010010>;
L_0x7f8ed38265e0/d .functor XNOR 1, L_0x7f8ed3826690, L_0x7f8ed38264c0, C4<0>, C4<0>;
L_0x7f8ed38265e0 .delay 1 (7,7,7) L_0x7f8ed38265e0/d;
v0x7f8ed3814dc0_0 .net *"_s1", 0 0, L_0x7f8ed3826690;  1 drivers
v0x7f8ed3814e80_0 .net *"_s2", 0 0, L_0x7f8ed38264c0;  1 drivers
S_0x7f8ed3814f20 .scope generate, "for_loop[19]" "for_loop[19]" 3 12, 3 12 0, S_0x7f8ed3800590;
 .timescale 0 0;
P_0x7f8ed38150d0 .param/l "i" 0 3 12, +C4<010011>;
L_0x7f8ed3826900/d .functor XNOR 1, L_0x7f8ed38269b0, L_0x7f8ed38267d0, C4<0>, C4<0>;
L_0x7f8ed3826900 .delay 1 (7,7,7) L_0x7f8ed3826900/d;
v0x7f8ed3815180_0 .net *"_s1", 0 0, L_0x7f8ed38269b0;  1 drivers
v0x7f8ed3815240_0 .net *"_s2", 0 0, L_0x7f8ed38267d0;  1 drivers
S_0x7f8ed38152e0 .scope generate, "for_loop[20]" "for_loop[20]" 3 12, 3 12 0, S_0x7f8ed3800590;
 .timescale 0 0;
P_0x7f8ed3815490 .param/l "i" 0 3 12, +C4<010100>;
L_0x7f8ed3826c30/d .functor XNOR 1, L_0x7f8ed3826ca0, L_0x7f8ed3826af0, C4<0>, C4<0>;
L_0x7f8ed3826c30 .delay 1 (7,7,7) L_0x7f8ed3826c30/d;
v0x7f8ed3815540_0 .net *"_s1", 0 0, L_0x7f8ed3826ca0;  1 drivers
v0x7f8ed3815600_0 .net *"_s2", 0 0, L_0x7f8ed3826af0;  1 drivers
S_0x7f8ed38156a0 .scope generate, "for_loop[21]" "for_loop[21]" 3 12, 3 12 0, S_0x7f8ed3800590;
 .timescale 0 0;
P_0x7f8ed3815850 .param/l "i" 0 3 12, +C4<010101>;
L_0x7f8ed3826f30/d .functor XNOR 1, L_0x7f8ed3826fa0, L_0x7f8ed3826de0, C4<0>, C4<0>;
L_0x7f8ed3826f30 .delay 1 (7,7,7) L_0x7f8ed3826f30/d;
v0x7f8ed3815900_0 .net *"_s1", 0 0, L_0x7f8ed3826fa0;  1 drivers
v0x7f8ed38159c0_0 .net *"_s2", 0 0, L_0x7f8ed3826de0;  1 drivers
S_0x7f8ed3815a60 .scope generate, "for_loop[22]" "for_loop[22]" 3 12, 3 12 0, S_0x7f8ed3800590;
 .timescale 0 0;
P_0x7f8ed3815c10 .param/l "i" 0 3 12, +C4<010110>;
L_0x7f8ed3826ec0/d .functor XNOR 1, L_0x7f8ed38272a0, L_0x7f8ed38270e0, C4<0>, C4<0>;
L_0x7f8ed3826ec0 .delay 1 (7,7,7) L_0x7f8ed3826ec0/d;
v0x7f8ed3815cc0_0 .net *"_s1", 0 0, L_0x7f8ed38272a0;  1 drivers
v0x7f8ed3815d80_0 .net *"_s2", 0 0, L_0x7f8ed38270e0;  1 drivers
S_0x7f8ed3815e20 .scope generate, "for_loop[23]" "for_loop[23]" 3 12, 3 12 0, S_0x7f8ed3800590;
 .timescale 0 0;
P_0x7f8ed3815fd0 .param/l "i" 0 3 12, +C4<010111>;
L_0x7f8ed38271c0/d .functor XNOR 1, L_0x7f8ed38275b0, L_0x7f8ed38273e0, C4<0>, C4<0>;
L_0x7f8ed38271c0 .delay 1 (7,7,7) L_0x7f8ed38271c0/d;
v0x7f8ed3816080_0 .net *"_s1", 0 0, L_0x7f8ed38275b0;  1 drivers
v0x7f8ed3816140_0 .net *"_s2", 0 0, L_0x7f8ed38273e0;  1 drivers
S_0x7f8ed38161e0 .scope generate, "for_loop[24]" "for_loop[24]" 3 12, 3 12 0, S_0x7f8ed3800590;
 .timescale 0 0;
P_0x7f8ed3816390 .param/l "i" 0 3 12, +C4<011000>;
L_0x7f8ed38274c0/d .functor XNOR 1, L_0x7f8ed38278b0, L_0x7f8ed38276f0, C4<0>, C4<0>;
L_0x7f8ed38274c0 .delay 1 (7,7,7) L_0x7f8ed38274c0/d;
v0x7f8ed3816440_0 .net *"_s1", 0 0, L_0x7f8ed38278b0;  1 drivers
v0x7f8ed3816500_0 .net *"_s2", 0 0, L_0x7f8ed38276f0;  1 drivers
S_0x7f8ed38165a0 .scope generate, "for_loop[25]" "for_loop[25]" 3 12, 3 12 0, S_0x7f8ed3800590;
 .timescale 0 0;
P_0x7f8ed3816750 .param/l "i" 0 3 12, +C4<011001>;
L_0x7f8ed38277d0/d .functor XNOR 1, L_0x7f8ed3827bc0, L_0x7f8ed38279f0, C4<0>, C4<0>;
L_0x7f8ed38277d0 .delay 1 (7,7,7) L_0x7f8ed38277d0/d;
v0x7f8ed3816800_0 .net *"_s1", 0 0, L_0x7f8ed3827bc0;  1 drivers
v0x7f8ed38168c0_0 .net *"_s2", 0 0, L_0x7f8ed38279f0;  1 drivers
S_0x7f8ed3816960 .scope generate, "for_loop[26]" "for_loop[26]" 3 12, 3 12 0, S_0x7f8ed3800590;
 .timescale 0 0;
P_0x7f8ed3816b10 .param/l "i" 0 3 12, +C4<011010>;
L_0x7f8ed3827ad0/d .functor XNOR 1, L_0x7f8ed3827ee0, L_0x7f8ed3827d00, C4<0>, C4<0>;
L_0x7f8ed3827ad0 .delay 1 (7,7,7) L_0x7f8ed3827ad0/d;
v0x7f8ed3816bc0_0 .net *"_s1", 0 0, L_0x7f8ed3827ee0;  1 drivers
v0x7f8ed3816c80_0 .net *"_s2", 0 0, L_0x7f8ed3827d00;  1 drivers
S_0x7f8ed3816d20 .scope generate, "for_loop[27]" "for_loop[27]" 3 12, 3 12 0, S_0x7f8ed3800590;
 .timescale 0 0;
P_0x7f8ed3816ed0 .param/l "i" 0 3 12, +C4<011011>;
L_0x7f8ed3827de0/d .functor XNOR 1, L_0x7f8ed38281d0, L_0x7f8ed3828020, C4<0>, C4<0>;
L_0x7f8ed3827de0 .delay 1 (7,7,7) L_0x7f8ed3827de0/d;
v0x7f8ed3816f80_0 .net *"_s1", 0 0, L_0x7f8ed38281d0;  1 drivers
v0x7f8ed3817040_0 .net *"_s2", 0 0, L_0x7f8ed3828020;  1 drivers
S_0x7f8ed38170e0 .scope generate, "for_loop[28]" "for_loop[28]" 3 12, 3 12 0, S_0x7f8ed3800590;
 .timescale 0 0;
P_0x7f8ed3817290 .param/l "i" 0 3 12, +C4<011100>;
L_0x7f8ed3828100/d .functor XNOR 1, L_0x7f8ed38284d0, L_0x7f8ed3828310, C4<0>, C4<0>;
L_0x7f8ed3828100 .delay 1 (7,7,7) L_0x7f8ed3828100/d;
v0x7f8ed3817340_0 .net *"_s1", 0 0, L_0x7f8ed38284d0;  1 drivers
v0x7f8ed3817400_0 .net *"_s2", 0 0, L_0x7f8ed3828310;  1 drivers
S_0x7f8ed38174a0 .scope generate, "for_loop[29]" "for_loop[29]" 3 12, 3 12 0, S_0x7f8ed3800590;
 .timescale 0 0;
P_0x7f8ed3817650 .param/l "i" 0 3 12, +C4<011101>;
L_0x7f8ed38283f0/d .functor XNOR 1, L_0x7f8ed38287e0, L_0x7f8ed3828610, C4<0>, C4<0>;
L_0x7f8ed38283f0 .delay 1 (7,7,7) L_0x7f8ed38283f0/d;
v0x7f8ed3817700_0 .net *"_s1", 0 0, L_0x7f8ed38287e0;  1 drivers
v0x7f8ed38177c0_0 .net *"_s2", 0 0, L_0x7f8ed3828610;  1 drivers
S_0x7f8ed3817860 .scope generate, "for_loop[30]" "for_loop[30]" 3 12, 3 12 0, S_0x7f8ed3800590;
 .timescale 0 0;
P_0x7f8ed3817a10 .param/l "i" 0 3 12, +C4<011110>;
L_0x7f8ed38286f0/d .functor XNOR 1, L_0x7f8ed3828b00, L_0x7f8ed3828920, C4<0>, C4<0>;
L_0x7f8ed38286f0 .delay 1 (7,7,7) L_0x7f8ed38286f0/d;
v0x7f8ed3817ac0_0 .net *"_s1", 0 0, L_0x7f8ed3828b00;  1 drivers
v0x7f8ed3817b80_0 .net *"_s2", 0 0, L_0x7f8ed3828920;  1 drivers
S_0x7f8ed3817c20 .scope generate, "for_loop[31]" "for_loop[31]" 3 12, 3 12 0, S_0x7f8ed3800590;
 .timescale 0 0;
P_0x7f8ed3817dd0 .param/l "i" 0 3 12, +C4<011111>;
L_0x7f8ed3828a00/d .functor XNOR 1, L_0x7f8ed3825c90, L_0x7f8ed3825d70, C4<0>, C4<0>;
L_0x7f8ed3828a00 .delay 1 (7,7,7) L_0x7f8ed3828a00/d;
v0x7f8ed3817e80_0 .net *"_s1", 0 0, L_0x7f8ed3825c90;  1 drivers
v0x7f8ed3817f40_0 .net *"_s2", 0 0, L_0x7f8ed3825d70;  1 drivers
S_0x7f8ed3817fe0 .scope generate, "for_loop[32]" "for_loop[32]" 3 12, 3 12 0, S_0x7f8ed3800590;
 .timescale 0 0;
P_0x7f8ed3814510 .param/l "i" 0 3 12, +C4<0100000>;
L_0x7f8ed3828c40/d .functor XNOR 1, L_0x7f8ed3828cf0, L_0x7f8ed38259b0, C4<0>, C4<0>;
L_0x7f8ed3828c40 .delay 1 (7,7,7) L_0x7f8ed3828c40/d;
v0x7f8ed3818390_0 .net *"_s1", 0 0, L_0x7f8ed3828cf0;  1 drivers
v0x7f8ed3818420_0 .net *"_s2", 0 0, L_0x7f8ed38259b0;  1 drivers
S_0x7f8ed38184b0 .scope generate, "for_loop[33]" "for_loop[33]" 3 12, 3 12 0, S_0x7f8ed3800590;
 .timescale 0 0;
P_0x7f8ed3818660 .param/l "i" 0 3 12, +C4<0100001>;
L_0x7f8ed3825a90/d .functor XNOR 1, L_0x7f8ed3829040, L_0x7f8ed3828e30, C4<0>, C4<0>;
L_0x7f8ed3825a90 .delay 1 (7,7,7) L_0x7f8ed3825a90/d;
v0x7f8ed3818700_0 .net *"_s1", 0 0, L_0x7f8ed3829040;  1 drivers
v0x7f8ed38187c0_0 .net *"_s2", 0 0, L_0x7f8ed3828e30;  1 drivers
S_0x7f8ed3818860 .scope generate, "for_loop[34]" "for_loop[34]" 3 12, 3 12 0, S_0x7f8ed3800590;
 .timescale 0 0;
P_0x7f8ed3818a10 .param/l "i" 0 3 12, +C4<0100010>;
L_0x7f8ed3828f10/d .functor XNOR 1, L_0x7f8ed3829360, L_0x7f8ed3829140, C4<0>, C4<0>;
L_0x7f8ed3828f10 .delay 1 (7,7,7) L_0x7f8ed3828f10/d;
v0x7f8ed3818ac0_0 .net *"_s1", 0 0, L_0x7f8ed3829360;  1 drivers
v0x7f8ed3818b80_0 .net *"_s2", 0 0, L_0x7f8ed3829140;  1 drivers
S_0x7f8ed3818c20 .scope generate, "for_loop[35]" "for_loop[35]" 3 12, 3 12 0, S_0x7f8ed3800590;
 .timescale 0 0;
P_0x7f8ed3818dd0 .param/l "i" 0 3 12, +C4<0100011>;
L_0x7f8ed3829220/d .functor XNOR 1, L_0x7f8ed3829690, L_0x7f8ed3829460, C4<0>, C4<0>;
L_0x7f8ed3829220 .delay 1 (7,7,7) L_0x7f8ed3829220/d;
v0x7f8ed3818e80_0 .net *"_s1", 0 0, L_0x7f8ed3829690;  1 drivers
v0x7f8ed3818f40_0 .net *"_s2", 0 0, L_0x7f8ed3829460;  1 drivers
S_0x7f8ed3818fe0 .scope generate, "for_loop[36]" "for_loop[36]" 3 12, 3 12 0, S_0x7f8ed3800590;
 .timescale 0 0;
P_0x7f8ed3819190 .param/l "i" 0 3 12, +C4<0100100>;
L_0x7f8ed3829500/d .functor XNOR 1, L_0x7f8ed38299d0, L_0x7f8ed3829790, C4<0>, C4<0>;
L_0x7f8ed3829500 .delay 1 (7,7,7) L_0x7f8ed3829500/d;
v0x7f8ed3819240_0 .net *"_s1", 0 0, L_0x7f8ed38299d0;  1 drivers
v0x7f8ed3819300_0 .net *"_s2", 0 0, L_0x7f8ed3829790;  1 drivers
S_0x7f8ed38193a0 .scope generate, "for_loop[37]" "for_loop[37]" 3 12, 3 12 0, S_0x7f8ed3800590;
 .timescale 0 0;
P_0x7f8ed3819550 .param/l "i" 0 3 12, +C4<0100101>;
L_0x7f8ed3829830/d .functor XNOR 1, L_0x7f8ed3829920, L_0x7f8ed3829d60, C4<0>, C4<0>;
L_0x7f8ed3829830 .delay 1 (7,7,7) L_0x7f8ed3829830/d;
v0x7f8ed3819600_0 .net *"_s1", 0 0, L_0x7f8ed3829920;  1 drivers
v0x7f8ed38196c0_0 .net *"_s2", 0 0, L_0x7f8ed3829d60;  1 drivers
S_0x7f8ed3819760 .scope generate, "for_loop[38]" "for_loop[38]" 3 12, 3 12 0, S_0x7f8ed3800590;
 .timescale 0 0;
P_0x7f8ed3819910 .param/l "i" 0 3 12, +C4<0100110>;
L_0x7f8ed3829b10/d .functor XNOR 1, L_0x7f8ed3829bc0, L_0x7f8ed382a090, C4<0>, C4<0>;
L_0x7f8ed3829b10 .delay 1 (7,7,7) L_0x7f8ed3829b10/d;
v0x7f8ed38199c0_0 .net *"_s1", 0 0, L_0x7f8ed3829bc0;  1 drivers
v0x7f8ed3819a80_0 .net *"_s2", 0 0, L_0x7f8ed382a090;  1 drivers
S_0x7f8ed3819b20 .scope generate, "for_loop[39]" "for_loop[39]" 3 12, 3 12 0, S_0x7f8ed3800590;
 .timescale 0 0;
P_0x7f8ed3819cd0 .param/l "i" 0 3 12, +C4<0100111>;
L_0x7f8ed382a170/d .functor XNOR 1, L_0x7f8ed382a220, L_0x7f8ed3829e20, C4<0>, C4<0>;
L_0x7f8ed382a170 .delay 1 (7,7,7) L_0x7f8ed382a170/d;
v0x7f8ed3819d80_0 .net *"_s1", 0 0, L_0x7f8ed382a220;  1 drivers
v0x7f8ed3819e40_0 .net *"_s2", 0 0, L_0x7f8ed3829e20;  1 drivers
S_0x7f8ed3819ee0 .scope generate, "for_loop[40]" "for_loop[40]" 3 12, 3 12 0, S_0x7f8ed3800590;
 .timescale 0 0;
P_0x7f8ed381a090 .param/l "i" 0 3 12, +C4<0101000>;
L_0x7f8ed3829f00/d .functor XNOR 1, L_0x7f8ed382a5e0, L_0x7f8ed382a360, C4<0>, C4<0>;
L_0x7f8ed3829f00 .delay 1 (7,7,7) L_0x7f8ed3829f00/d;
v0x7f8ed381a140_0 .net *"_s1", 0 0, L_0x7f8ed382a5e0;  1 drivers
v0x7f8ed381a200_0 .net *"_s2", 0 0, L_0x7f8ed382a360;  1 drivers
S_0x7f8ed381a2a0 .scope generate, "for_loop[41]" "for_loop[41]" 3 12, 3 12 0, S_0x7f8ed3800590;
 .timescale 0 0;
P_0x7f8ed381a450 .param/l "i" 0 3 12, +C4<0101001>;
L_0x7f8ed382a400/d .functor XNOR 1, L_0x7f8ed382a4b0, L_0x7f8ed382a6e0, C4<0>, C4<0>;
L_0x7f8ed382a400 .delay 1 (7,7,7) L_0x7f8ed382a400/d;
v0x7f8ed381a500_0 .net *"_s1", 0 0, L_0x7f8ed382a4b0;  1 drivers
v0x7f8ed381a5c0_0 .net *"_s2", 0 0, L_0x7f8ed382a6e0;  1 drivers
S_0x7f8ed381a660 .scope generate, "for_loop[42]" "for_loop[42]" 3 12, 3 12 0, S_0x7f8ed3800590;
 .timescale 0 0;
P_0x7f8ed381a810 .param/l "i" 0 3 12, +C4<0101010>;
L_0x7f8ed382a780/d .functor XNOR 1, L_0x7f8ed382a850, L_0x7f8ed382a9b0, C4<0>, C4<0>;
L_0x7f8ed382a780 .delay 1 (7,7,7) L_0x7f8ed382a780/d;
v0x7f8ed381a8c0_0 .net *"_s1", 0 0, L_0x7f8ed382a850;  1 drivers
v0x7f8ed381a980_0 .net *"_s2", 0 0, L_0x7f8ed382a9b0;  1 drivers
S_0x7f8ed381aa20 .scope generate, "for_loop[43]" "for_loop[43]" 3 12, 3 12 0, S_0x7f8ed3800590;
 .timescale 0 0;
P_0x7f8ed381abd0 .param/l "i" 0 3 12, +C4<0101011>;
L_0x7f8ed382aa50/d .functor XNOR 1, L_0x7f8ed382ab40, L_0x7f8ed382ac90, C4<0>, C4<0>;
L_0x7f8ed382aa50 .delay 1 (7,7,7) L_0x7f8ed382aa50/d;
v0x7f8ed381ac80_0 .net *"_s1", 0 0, L_0x7f8ed382ab40;  1 drivers
v0x7f8ed381ad40_0 .net *"_s2", 0 0, L_0x7f8ed382ac90;  1 drivers
S_0x7f8ed381ade0 .scope generate, "for_loop[44]" "for_loop[44]" 3 12, 3 12 0, S_0x7f8ed3800590;
 .timescale 0 0;
P_0x7f8ed381af90 .param/l "i" 0 3 12, +C4<0101100>;
L_0x7f8ed382ad70/d .functor XNOR 1, L_0x7f8ed382ae40, L_0x7f8ed382af80, C4<0>, C4<0>;
L_0x7f8ed382ad70 .delay 1 (7,7,7) L_0x7f8ed382ad70/d;
v0x7f8ed381b040_0 .net *"_s1", 0 0, L_0x7f8ed382ae40;  1 drivers
v0x7f8ed381b100_0 .net *"_s2", 0 0, L_0x7f8ed382af80;  1 drivers
S_0x7f8ed381b1a0 .scope generate, "for_loop[45]" "for_loop[45]" 3 12, 3 12 0, S_0x7f8ed3800590;
 .timescale 0 0;
P_0x7f8ed381b350 .param/l "i" 0 3 12, +C4<0101101>;
L_0x7f8ed382b060/d .functor XNOR 1, L_0x7f8ed382b130, L_0x7f8ed382b280, C4<0>, C4<0>;
L_0x7f8ed382b060 .delay 1 (7,7,7) L_0x7f8ed382b060/d;
v0x7f8ed381b400_0 .net *"_s1", 0 0, L_0x7f8ed382b130;  1 drivers
v0x7f8ed381b4c0_0 .net *"_s2", 0 0, L_0x7f8ed382b280;  1 drivers
S_0x7f8ed381b560 .scope generate, "for_loop[46]" "for_loop[46]" 3 12, 3 12 0, S_0x7f8ed3800590;
 .timescale 0 0;
P_0x7f8ed381b710 .param/l "i" 0 3 12, +C4<0101110>;
L_0x7f8ed382b360/d .functor XNOR 1, L_0x7f8ed382b430, L_0x7f8ed382b590, C4<0>, C4<0>;
L_0x7f8ed382b360 .delay 1 (7,7,7) L_0x7f8ed382b360/d;
v0x7f8ed381b7c0_0 .net *"_s1", 0 0, L_0x7f8ed382b430;  1 drivers
v0x7f8ed381b880_0 .net *"_s2", 0 0, L_0x7f8ed382b590;  1 drivers
S_0x7f8ed381b920 .scope generate, "for_loop[47]" "for_loop[47]" 3 12, 3 12 0, S_0x7f8ed3800590;
 .timescale 0 0;
P_0x7f8ed381bad0 .param/l "i" 0 3 12, +C4<0101111>;
L_0x7f8ed382b630/d .functor XNOR 1, L_0x7f8ed382b720, L_0x7f8ed382bbb0, C4<0>, C4<0>;
L_0x7f8ed382b630 .delay 1 (7,7,7) L_0x7f8ed382b630/d;
v0x7f8ed381bb80_0 .net *"_s1", 0 0, L_0x7f8ed382b720;  1 drivers
v0x7f8ed381bc40_0 .net *"_s2", 0 0, L_0x7f8ed382bbb0;  1 drivers
S_0x7f8ed381bce0 .scope generate, "for_loop[48]" "for_loop[48]" 3 12, 3 12 0, S_0x7f8ed3800590;
 .timescale 0 0;
P_0x7f8ed381be90 .param/l "i" 0 3 12, +C4<0110000>;
L_0x7f8ed382bc90/d .functor XNOR 1, L_0x7f8ed382bd60, L_0x7f8ed382b8b0, C4<0>, C4<0>;
L_0x7f8ed382bc90 .delay 1 (7,7,7) L_0x7f8ed382bc90/d;
v0x7f8ed381bf40_0 .net *"_s1", 0 0, L_0x7f8ed382bd60;  1 drivers
v0x7f8ed381c000_0 .net *"_s2", 0 0, L_0x7f8ed382b8b0;  1 drivers
S_0x7f8ed381c0a0 .scope generate, "for_loop[49]" "for_loop[49]" 3 12, 3 12 0, S_0x7f8ed3800590;
 .timescale 0 0;
P_0x7f8ed381c250 .param/l "i" 0 3 12, +C4<0110001>;
L_0x7f8ed382b990/d .functor XNOR 1, L_0x7f8ed382ba60, L_0x7f8ed382c1c0, C4<0>, C4<0>;
L_0x7f8ed382b990 .delay 1 (7,7,7) L_0x7f8ed382b990/d;
v0x7f8ed381c300_0 .net *"_s1", 0 0, L_0x7f8ed382ba60;  1 drivers
v0x7f8ed381c3c0_0 .net *"_s2", 0 0, L_0x7f8ed382c1c0;  1 drivers
S_0x7f8ed381c460 .scope generate, "for_loop[50]" "for_loop[50]" 3 12, 3 12 0, S_0x7f8ed3800590;
 .timescale 0 0;
P_0x7f8ed381c610 .param/l "i" 0 3 12, +C4<0110010>;
L_0x7f8ed382c2a0/d .functor XNOR 1, L_0x7f8ed382c370, L_0x7f8ed382bea0, C4<0>, C4<0>;
L_0x7f8ed382c2a0 .delay 1 (7,7,7) L_0x7f8ed382c2a0/d;
v0x7f8ed381c6c0_0 .net *"_s1", 0 0, L_0x7f8ed382c370;  1 drivers
v0x7f8ed381c780_0 .net *"_s2", 0 0, L_0x7f8ed382bea0;  1 drivers
S_0x7f8ed381c820 .scope generate, "for_loop[51]" "for_loop[51]" 3 12, 3 12 0, S_0x7f8ed3800590;
 .timescale 0 0;
P_0x7f8ed381c9d0 .param/l "i" 0 3 12, +C4<0110011>;
L_0x7f8ed382bf80/d .functor XNOR 1, L_0x7f8ed382c050, L_0x7f8ed382c7f0, C4<0>, C4<0>;
L_0x7f8ed382bf80 .delay 1 (7,7,7) L_0x7f8ed382bf80/d;
v0x7f8ed381ca80_0 .net *"_s1", 0 0, L_0x7f8ed382c050;  1 drivers
v0x7f8ed381cb40_0 .net *"_s2", 0 0, L_0x7f8ed382c7f0;  1 drivers
S_0x7f8ed381cbe0 .scope generate, "for_loop[52]" "for_loop[52]" 3 12, 3 12 0, S_0x7f8ed3800590;
 .timescale 0 0;
P_0x7f8ed381cd90 .param/l "i" 0 3 12, +C4<0110100>;
L_0x7f8ed382c8d0/d .functor XNOR 1, L_0x7f8ed382c980, L_0x7f8ed382c4b0, C4<0>, C4<0>;
L_0x7f8ed382c8d0 .delay 1 (7,7,7) L_0x7f8ed382c8d0/d;
v0x7f8ed381ce40_0 .net *"_s1", 0 0, L_0x7f8ed382c980;  1 drivers
v0x7f8ed381cf00_0 .net *"_s2", 0 0, L_0x7f8ed382c4b0;  1 drivers
S_0x7f8ed381cfa0 .scope generate, "for_loop[53]" "for_loop[53]" 3 12, 3 12 0, S_0x7f8ed3800590;
 .timescale 0 0;
P_0x7f8ed381d150 .param/l "i" 0 3 12, +C4<0110101>;
L_0x7f8ed382c590/d .functor XNOR 1, L_0x7f8ed382c660, L_0x7f8ed382ce20, C4<0>, C4<0>;
L_0x7f8ed382c590 .delay 1 (7,7,7) L_0x7f8ed382c590/d;
v0x7f8ed381d200_0 .net *"_s1", 0 0, L_0x7f8ed382c660;  1 drivers
v0x7f8ed381d2c0_0 .net *"_s2", 0 0, L_0x7f8ed382ce20;  1 drivers
S_0x7f8ed381d360 .scope generate, "for_loop[54]" "for_loop[54]" 3 12, 3 12 0, S_0x7f8ed3800590;
 .timescale 0 0;
P_0x7f8ed381d510 .param/l "i" 0 3 12, +C4<0110110>;
L_0x7f8ed382cec0/d .functor XNOR 1, L_0x7f8ed382cf90, L_0x7f8ed382cac0, C4<0>, C4<0>;
L_0x7f8ed382cec0 .delay 1 (7,7,7) L_0x7f8ed382cec0/d;
v0x7f8ed381d5c0_0 .net *"_s1", 0 0, L_0x7f8ed382cf90;  1 drivers
v0x7f8ed381d680_0 .net *"_s2", 0 0, L_0x7f8ed382cac0;  1 drivers
S_0x7f8ed381d720 .scope generate, "for_loop[55]" "for_loop[55]" 3 12, 3 12 0, S_0x7f8ed3800590;
 .timescale 0 0;
P_0x7f8ed381d8d0 .param/l "i" 0 3 12, +C4<0110111>;
L_0x7f8ed382cba0/d .functor XNOR 1, L_0x7f8ed382cc70, L_0x7f8ed382d450, C4<0>, C4<0>;
L_0x7f8ed382cba0 .delay 1 (7,7,7) L_0x7f8ed382cba0/d;
v0x7f8ed381d980_0 .net *"_s1", 0 0, L_0x7f8ed382cc70;  1 drivers
v0x7f8ed381da40_0 .net *"_s2", 0 0, L_0x7f8ed382d450;  1 drivers
S_0x7f8ed381dae0 .scope generate, "for_loop[56]" "for_loop[56]" 3 12, 3 12 0, S_0x7f8ed3800590;
 .timescale 0 0;
P_0x7f8ed381dc90 .param/l "i" 0 3 12, +C4<0111000>;
L_0x7f8ed382d4f0/d .functor XNOR 1, L_0x7f8ed382d5a0, L_0x7f8ed382d0d0, C4<0>, C4<0>;
L_0x7f8ed382d4f0 .delay 1 (7,7,7) L_0x7f8ed382d4f0/d;
v0x7f8ed381dd40_0 .net *"_s1", 0 0, L_0x7f8ed382d5a0;  1 drivers
v0x7f8ed381de00_0 .net *"_s2", 0 0, L_0x7f8ed382d0d0;  1 drivers
S_0x7f8ed381dea0 .scope generate, "for_loop[57]" "for_loop[57]" 3 12, 3 12 0, S_0x7f8ed3800590;
 .timescale 0 0;
P_0x7f8ed381e050 .param/l "i" 0 3 12, +C4<0111001>;
L_0x7f8ed382d1b0/d .functor XNOR 1, L_0x7f8ed382d280, L_0x7f8ed382da80, C4<0>, C4<0>;
L_0x7f8ed382d1b0 .delay 1 (7,7,7) L_0x7f8ed382d1b0/d;
v0x7f8ed381e100_0 .net *"_s1", 0 0, L_0x7f8ed382d280;  1 drivers
v0x7f8ed381e1c0_0 .net *"_s2", 0 0, L_0x7f8ed382da80;  1 drivers
S_0x7f8ed381e260 .scope generate, "for_loop[58]" "for_loop[58]" 3 12, 3 12 0, S_0x7f8ed3800590;
 .timescale 0 0;
P_0x7f8ed381e410 .param/l "i" 0 3 12, +C4<0111010>;
L_0x7f8ed382db20/d .functor XNOR 1, L_0x7f8ed382dbd0, L_0x7f8ed382d6e0, C4<0>, C4<0>;
L_0x7f8ed382db20 .delay 1 (7,7,7) L_0x7f8ed382db20/d;
v0x7f8ed381e4c0_0 .net *"_s1", 0 0, L_0x7f8ed382dbd0;  1 drivers
v0x7f8ed381e580_0 .net *"_s2", 0 0, L_0x7f8ed382d6e0;  1 drivers
S_0x7f8ed381e620 .scope generate, "for_loop[59]" "for_loop[59]" 3 12, 3 12 0, S_0x7f8ed3800590;
 .timescale 0 0;
P_0x7f8ed381e7d0 .param/l "i" 0 3 12, +C4<0111011>;
L_0x7f8ed382d7c0/d .functor XNOR 1, L_0x7f8ed382d9b0, L_0x7f8ed382d8b0, C4<0>, C4<0>;
L_0x7f8ed382d7c0 .delay 1 (7,7,7) L_0x7f8ed382d7c0/d;
v0x7f8ed381e880_0 .net *"_s1", 0 0, L_0x7f8ed382d9b0;  1 drivers
v0x7f8ed381e940_0 .net *"_s2", 0 0, L_0x7f8ed382d8b0;  1 drivers
S_0x7f8ed381e9e0 .scope generate, "for_loop[60]" "for_loop[60]" 3 12, 3 12 0, S_0x7f8ed3800590;
 .timescale 0 0;
P_0x7f8ed381eb90 .param/l "i" 0 3 12, +C4<0111100>;
L_0x7f8ed382e110/d .functor XNOR 1, L_0x7f8ed382e1c0, L_0x7f8ed382dd10, C4<0>, C4<0>;
L_0x7f8ed382e110 .delay 1 (7,7,7) L_0x7f8ed382e110/d;
v0x7f8ed381ec40_0 .net *"_s1", 0 0, L_0x7f8ed382e1c0;  1 drivers
v0x7f8ed381ed00_0 .net *"_s2", 0 0, L_0x7f8ed382dd10;  1 drivers
S_0x7f8ed381eda0 .scope generate, "for_loop[61]" "for_loop[61]" 3 12, 3 12 0, S_0x7f8ed3800590;
 .timescale 0 0;
P_0x7f8ed381ef50 .param/l "i" 0 3 12, +C4<0111101>;
L_0x7f8ed382ddf0/d .functor XNOR 1, L_0x7f8ed382e000, L_0x7f8ed382df00, C4<0>, C4<0>;
L_0x7f8ed382ddf0 .delay 1 (7,7,7) L_0x7f8ed382ddf0/d;
v0x7f8ed381f000_0 .net *"_s1", 0 0, L_0x7f8ed382e000;  1 drivers
v0x7f8ed381f0c0_0 .net *"_s2", 0 0, L_0x7f8ed382df00;  1 drivers
S_0x7f8ed381f160 .scope generate, "for_loop[62]" "for_loop[62]" 3 12, 3 12 0, S_0x7f8ed3800590;
 .timescale 0 0;
P_0x7f8ed381f310 .param/l "i" 0 3 12, +C4<0111110>;
L_0x7f8ed382e720/d .functor XNOR 1, L_0x7f8ed382e7d0, L_0x7f8ed382e300, C4<0>, C4<0>;
L_0x7f8ed382e720 .delay 1 (7,7,7) L_0x7f8ed382e720/d;
v0x7f8ed381f3c0_0 .net *"_s1", 0 0, L_0x7f8ed382e7d0;  1 drivers
v0x7f8ed381f480_0 .net *"_s2", 0 0, L_0x7f8ed382e300;  1 drivers
S_0x7f8ed381f520 .scope generate, "for_loop[63]" "for_loop[63]" 3 12, 3 12 0, S_0x7f8ed3800590;
 .timescale 0 0;
P_0x7f8ed381f6d0 .param/l "i" 0 3 12, +C4<0111111>;
L_0x7f8ed382e910/d .functor XNOR 1, L_0x7f8ed382ea00, L_0x7f8ed382eb40, C4<0>, C4<0>;
L_0x7f8ed382e910 .delay 1 (7,7,7) L_0x7f8ed382e910/d;
v0x7f8ed381f780_0 .net *"_s1", 0 0, L_0x7f8ed382ea00;  1 drivers
v0x7f8ed381f840_0 .net *"_s2", 0 0, L_0x7f8ed382eb40;  1 drivers
    .scope S_0x7f8ed3800430;
T_0 ;
    %vpi_call 2 13 "$display", "Equals" {0 0 0};
    %vpi_call 2 14 "$display", " " {0 0 0};
    %vpi_call 2 15 "$display", "Test 1" {0 0 0};
    %pushi/vec4 0, 0, 32;
    %store/vec4 v0x7f8ed3822ab0_0, 0, 32;
T_0.0 ;
    %load/vec4 v0x7f8ed3822ab0_0;
    %cmpi/s 7, 0, 32;
    %flag_or 5, 4;
    %jmp/0xz T_0.1, 5;
    %pushi/vec4 1, 0, 1;
    %ix/getv/s 4, v0x7f8ed3822ab0_0;
    %store/vec4 v0x7f8ed3822900_0, 4, 1;
    %pushi/vec4 0, 0, 1;
    %ix/getv/s 4, v0x7f8ed3822ab0_0;
    %store/vec4 v0x7f8ed3822990_0, 4, 1;
    %load/vec4 v0x7f8ed3822ab0_0;
    %addi 1, 0, 32;
    %store/vec4 v0x7f8ed3822ab0_0, 0, 32;
    %jmp T_0.0;
T_0.1 ;
    %pushi/vec4 8, 0, 32;
    %store/vec4 v0x7f8ed3822ab0_0, 0, 32;
T_0.2 ;
    %load/vec4 v0x7f8ed3822ab0_0;
    %cmpi/s 15, 0, 32;
    %flag_or 5, 4;
    %jmp/0xz T_0.3, 5;
    %pushi/vec4 0, 0, 1;
    %ix/getv/s 4, v0x7f8ed3822ab0_0;
    %store/vec4 v0x7f8ed3822900_0, 4, 1;
    %pushi/vec4 1, 0, 1;
    %ix/getv/s 4, v0x7f8ed3822ab0_0;
    %store/vec4 v0x7f8ed3822990_0, 4, 1;
    %load/vec4 v0x7f8ed3822ab0_0;
    %addi 1, 0, 32;
    %store/vec4 v0x7f8ed3822ab0_0, 0, 32;
    %jmp T_0.2;
T_0.3 ;
    %pushi/vec4 16, 0, 32;
    %store/vec4 v0x7f8ed3822ab0_0, 0, 32;
T_0.4 ;
    %load/vec4 v0x7f8ed3822ab0_0;
    %cmpi/s 47, 0, 32;
    %flag_or 5, 4;
    %jmp/0xz T_0.5, 5;
    %pushi/vec4 1, 0, 1;
    %ix/getv/s 4, v0x7f8ed3822ab0_0;
    %store/vec4 v0x7f8ed3822900_0, 4, 1;
    %pushi/vec4 1, 0, 1;
    %ix/getv/s 4, v0x7f8ed3822ab0_0;
    %store/vec4 v0x7f8ed3822990_0, 4, 1;
    %load/vec4 v0x7f8ed3822ab0_0;
    %addi 1, 0, 32;
    %store/vec4 v0x7f8ed3822ab0_0, 0, 32;
    %jmp T_0.4;
T_0.5 ;
    %pushi/vec4 48, 0, 32;
    %store/vec4 v0x7f8ed3822ab0_0, 0, 32;
T_0.6 ;
    %load/vec4 v0x7f8ed3822ab0_0;
    %cmpi/s 63, 0, 32;
    %flag_or 5, 4;
    %jmp/0xz T_0.7, 5;
    %pushi/vec4 0, 0, 1;
    %ix/getv/s 4, v0x7f8ed3822ab0_0;
    %store/vec4 v0x7f8ed3822900_0, 4, 1;
    %pushi/vec4 0, 0, 1;
    %ix/getv/s 4, v0x7f8ed3822ab0_0;
    %store/vec4 v0x7f8ed3822990_0, 4, 1;
    %load/vec4 v0x7f8ed3822ab0_0;
    %addi 1, 0, 32;
    %store/vec4 v0x7f8ed3822ab0_0, 0, 32;
    %jmp T_0.6;
T_0.7 ;
    %delay 100, 0;
    %vpi_call 2 39 "$display", "A = %b", v0x7f8ed3822900_0 {0 0 0};
    %vpi_call 2 40 "$display", "B = %b", v0x7f8ed3822990_0 {0 0 0};
    %vpi_call 2 41 "$display", "O = %b", v0x7f8ed3822a20_0 {0 0 0};
    %vpi_call 2 44 "$display", " " {0 0 0};
    %vpi_call 2 45 "$display", "Test 2" {0 0 0};
    %pushi/vec4 0, 0, 32;
    %store/vec4 v0x7f8ed3822ab0_0, 0, 32;
T_0.8 ;
    %load/vec4 v0x7f8ed3822ab0_0;
    %cmpi/s 7, 0, 32;
    %flag_or 5, 4;
    %jmp/0xz T_0.9, 5;
    %pushi/vec4 1, 0, 1;
    %ix/getv/s 4, v0x7f8ed3822ab0_0;
    %store/vec4 v0x7f8ed3822900_0, 4, 1;
    %pushi/vec4 0, 0, 1;
    %ix/getv/s 4, v0x7f8ed3822ab0_0;
    %store/vec4 v0x7f8ed3822990_0, 4, 1;
    %load/vec4 v0x7f8ed3822ab0_0;
    %addi 1, 0, 32;
    %store/vec4 v0x7f8ed3822ab0_0, 0, 32;
    %jmp T_0.8;
T_0.9 ;
    %pushi/vec4 8, 0, 32;
    %store/vec4 v0x7f8ed3822ab0_0, 0, 32;
T_0.10 ;
    %load/vec4 v0x7f8ed3822ab0_0;
    %cmpi/s 15, 0, 32;
    %flag_or 5, 4;
    %jmp/0xz T_0.11, 5;
    %pushi/vec4 0, 0, 1;
    %ix/getv/s 4, v0x7f8ed3822ab0_0;
    %store/vec4 v0x7f8ed3822900_0, 4, 1;
    %pushi/vec4 1, 0, 1;
    %ix/getv/s 4, v0x7f8ed3822ab0_0;
    %store/vec4 v0x7f8ed3822990_0, 4, 1;
    %load/vec4 v0x7f8ed3822ab0_0;
    %addi 1, 0, 32;
    %store/vec4 v0x7f8ed3822ab0_0, 0, 32;
    %jmp T_0.10;
T_0.11 ;
    %pushi/vec4 16, 0, 32;
    %store/vec4 v0x7f8ed3822ab0_0, 0, 32;
T_0.12 ;
    %load/vec4 v0x7f8ed3822ab0_0;
    %cmpi/s 47, 0, 32;
    %flag_or 5, 4;
    %jmp/0xz T_0.13, 5;
    %pushi/vec4 1, 0, 1;
    %ix/getv/s 4, v0x7f8ed3822ab0_0;
    %store/vec4 v0x7f8ed3822900_0, 4, 1;
    %pushi/vec4 1, 0, 1;
    %ix/getv/s 4, v0x7f8ed3822ab0_0;
    %store/vec4 v0x7f8ed3822990_0, 4, 1;
    %load/vec4 v0x7f8ed3822ab0_0;
    %addi 1, 0, 32;
    %store/vec4 v0x7f8ed3822ab0_0, 0, 32;
    %jmp T_0.12;
T_0.13 ;
    %pushi/vec4 48, 0, 32;
    %store/vec4 v0x7f8ed3822ab0_0, 0, 32;
T_0.14 ;
    %load/vec4 v0x7f8ed3822ab0_0;
    %cmpi/s 63, 0, 32;
    %flag_or 5, 4;
    %jmp/0xz T_0.15, 5;
    %pushi/vec4 0, 0, 1;
    %ix/getv/s 4, v0x7f8ed3822ab0_0;
    %store/vec4 v0x7f8ed3822900_0, 4, 1;
    %pushi/vec4 0, 0, 1;
    %ix/getv/s 4, v0x7f8ed3822ab0_0;
    %store/vec4 v0x7f8ed3822990_0, 4, 1;
    %load/vec4 v0x7f8ed3822ab0_0;
    %addi 1, 0, 32;
    %store/vec4 v0x7f8ed3822ab0_0, 0, 32;
    %jmp T_0.14;
T_0.15 ;
    %delay 100, 0;
    %vpi_call 2 70 "$display", "A = %b", v0x7f8ed3822900_0 {0 0 0};
    %vpi_call 2 71 "$display", "B = %b", v0x7f8ed3822990_0 {0 0 0};
    %vpi_call 2 72 "$display", "O = %b", v0x7f8ed3822a20_0 {0 0 0};
    %vpi_call 2 74 "$display", " " {0 0 0};
    %vpi_call 2 75 "$display", "Test 3" {0 0 0};
    %pushi/vec4 0, 0, 32;
    %store/vec4 v0x7f8ed3822ab0_0, 0, 32;
T_0.16 ;
    %load/vec4 v0x7f8ed3822ab0_0;
    %cmpi/s 63, 0, 32;
    %flag_or 5, 4;
    %jmp/0xz T_0.17, 5;
    %pushi/vec4 0, 0, 1;
    %ix/getv/s 4, v0x7f8ed3822ab0_0;
    %store/vec4 v0x7f8ed3822900_0, 4, 1;
    %pushi/vec4 0, 0, 1;
    %ix/getv/s 4, v0x7f8ed3822ab0_0;
    %store/vec4 v0x7f8ed3822990_0, 4, 1;
    %load/vec4 v0x7f8ed3822ab0_0;
    %addi 1, 0, 32;
    %store/vec4 v0x7f8ed3822ab0_0, 0, 32;
    %jmp T_0.16;
T_0.17 ;
    %delay 100, 0;
    %vpi_call 2 85 "$display", "A = %b", v0x7f8ed3822900_0 {0 0 0};
    %vpi_call 2 86 "$display", "B = %b", v0x7f8ed3822990_0 {0 0 0};
    %vpi_call 2 87 "$display", "O = %b", v0x7f8ed3822a20_0 {0 0 0};
    %vpi_call 2 90 "$display", " " {0 0 0};
    %vpi_call 2 91 "$display", "Test 4" {0 0 0};
    %pushi/vec4 0, 0, 32;
    %store/vec4 v0x7f8ed3822ab0_0, 0, 32;
T_0.18 ;
    %load/vec4 v0x7f8ed3822ab0_0;
    %cmpi/s 7, 0, 32;
    %flag_or 5, 4;
    %jmp/0xz T_0.19, 5;
    %pushi/vec4 1, 0, 1;
    %ix/getv/s 4, v0x7f8ed3822ab0_0;
    %store/vec4 v0x7f8ed3822900_0, 4, 1;
    %pushi/vec4 1, 0, 1;
    %ix/getv/s 4, v0x7f8ed3822ab0_0;
    %store/vec4 v0x7f8ed3822990_0, 4, 1;
    %load/vec4 v0x7f8ed3822ab0_0;
    %addi 1, 0, 32;
    %store/vec4 v0x7f8ed3822ab0_0, 0, 32;
    %jmp T_0.18;
T_0.19 ;
    %pushi/vec4 8, 0, 32;
    %store/vec4 v0x7f8ed3822ab0_0, 0, 32;
T_0.20 ;
    %load/vec4 v0x7f8ed3822ab0_0;
    %cmpi/s 15, 0, 32;
    %flag_or 5, 4;
    %jmp/0xz T_0.21, 5;
    %pushi/vec4 0, 0, 1;
    %ix/getv/s 4, v0x7f8ed3822ab0_0;
    %store/vec4 v0x7f8ed3822900_0, 4, 1;
    %pushi/vec4 0, 0, 1;
    %ix/getv/s 4, v0x7f8ed3822ab0_0;
    %store/vec4 v0x7f8ed3822990_0, 4, 1;
    %load/vec4 v0x7f8ed3822ab0_0;
    %addi 1, 0, 32;
    %store/vec4 v0x7f8ed3822ab0_0, 0, 32;
    %jmp T_0.20;
T_0.21 ;
    %pushi/vec4 16, 0, 32;
    %store/vec4 v0x7f8ed3822ab0_0, 0, 32;
T_0.22 ;
    %load/vec4 v0x7f8ed3822ab0_0;
    %cmpi/s 47, 0, 32;
    %flag_or 5, 4;
    %jmp/0xz T_0.23, 5;
    %pushi/vec4 1, 0, 1;
    %ix/getv/s 4, v0x7f8ed3822ab0_0;
    %store/vec4 v0x7f8ed3822900_0, 4, 1;
    %pushi/vec4 1, 0, 1;
    %ix/getv/s 4, v0x7f8ed3822ab0_0;
    %store/vec4 v0x7f8ed3822990_0, 4, 1;
    %load/vec4 v0x7f8ed3822ab0_0;
    %addi 1, 0, 32;
    %store/vec4 v0x7f8ed3822ab0_0, 0, 32;
    %jmp T_0.22;
T_0.23 ;
    %pushi/vec4 48, 0, 32;
    %store/vec4 v0x7f8ed3822ab0_0, 0, 32;
T_0.24 ;
    %load/vec4 v0x7f8ed3822ab0_0;
    %cmpi/s 63, 0, 32;
    %flag_or 5, 4;
    %jmp/0xz T_0.25, 5;
    %pushi/vec4 0, 0, 1;
    %ix/getv/s 4, v0x7f8ed3822ab0_0;
    %store/vec4 v0x7f8ed3822900_0, 4, 1;
    %pushi/vec4 0, 0, 1;
    %ix/getv/s 4, v0x7f8ed3822ab0_0;
    %store/vec4 v0x7f8ed3822990_0, 4, 1;
    %load/vec4 v0x7f8ed3822ab0_0;
    %addi 1, 0, 32;
    %store/vec4 v0x7f8ed3822ab0_0, 0, 32;
    %jmp T_0.24;
T_0.25 ;
    %delay 100, 0;
    %vpi_call 2 116 "$display", "A = %b", v0x7f8ed3822900_0 {0 0 0};
    %vpi_call 2 117 "$display", "B = %b", v0x7f8ed3822990_0 {0 0 0};
    %vpi_call 2 118 "$display", "O = %b", v0x7f8ed3822a20_0 {0 0 0};
    %end;
    .thread T_0;
# The file index is used to find the file name in the following table.
:file_names 4;
    "N/A";
    "<interactive>";
    "equals_test.v";
    "equals.v";
