#! /usr/local/Cellar/icarus-verilog/10.3/bin/vvp
:ivl_version "10.3 (stable)" "(v10_3)";
:ivl_delay_selection "TYPICAL";
:vpi_time_precision + 0;
:vpi_module "system";
:vpi_module "vhdl_sys";
:vpi_module "v2005_math";
:vpi_module "va_math";
S_0x7fa176406e20 .scope module, "C9_4_long_test" "C9_4_long_test" 2 1;
 .timescale 0 0;
v0x7fa176421410_0 .net "F", 0 0, L_0x7fa1764225e0;  1 drivers
v0x7fa1764214a0_0 .var "in1", 0 0;
v0x7fa176421530_0 .var "in2", 0 0;
v0x7fa176421600_0 .var "in3", 0 0;
S_0x7fa176410df0 .scope module, "DUT" "C9_4_long" 2 6, 3 1 0, S_0x7fa176406e20;
 .timescale 0 0;
    .port_info 0 /INPUT 1 "A"
    .port_info 1 /INPUT 1 "B"
    .port_info 2 /INPUT 1 "C"
    .port_info 3 /OUTPUT 1 "F"
L_0x7fa1764216b0/d .functor NOT 1, v0x7fa1764214a0_0, C4<0>, C4<0>, C4<0>;
L_0x7fa1764216b0 .delay 1 (1,1,1) L_0x7fa1764216b0/d;
L_0x7fa1764217c0/d .functor NOT 1, v0x7fa176421530_0, C4<0>, C4<0>, C4<0>;
L_0x7fa1764217c0 .delay 1 (1,1,1) L_0x7fa1764217c0/d;
L_0x7fa176421900/d .functor NOT 1, v0x7fa176421530_0, C4<0>, C4<0>, C4<0>;
L_0x7fa176421900 .delay 1 (1,1,1) L_0x7fa176421900/d;
L_0x7fa176421a60/d .functor NOT 1, v0x7fa176421600_0, C4<0>, C4<0>, C4<0>;
L_0x7fa176421a60 .delay 1 (1,1,1) L_0x7fa176421a60/d;
L_0x7fa176421b80/d .functor NOT 1, v0x7fa176421530_0, C4<0>, C4<0>, C4<0>;
L_0x7fa176421b80 .delay 1 (1,1,1) L_0x7fa176421b80/d;
L_0x7fa176421cf0/d .functor NOT 1, v0x7fa176421600_0, C4<0>, C4<0>, C4<0>;
L_0x7fa176421cf0 .delay 1 (1,1,1) L_0x7fa176421cf0/d;
L_0x7fa176421e00/d .functor AND 1, L_0x7fa1764216b0, L_0x7fa1764217c0, v0x7fa176421600_0, C4<1>;
L_0x7fa176421e00 .delay 1 (3,3,3) L_0x7fa176421e00/d;
L_0x7fa176422040/d .functor AND 1, v0x7fa1764214a0_0, L_0x7fa176421900, L_0x7fa176421a60, C4<1>;
L_0x7fa176422040 .delay 1 (3,3,3) L_0x7fa176422040/d;
L_0x7fa176422180/d .functor AND 1, v0x7fa1764214a0_0, L_0x7fa176421b80, v0x7fa176421600_0, C4<1>;
L_0x7fa176422180 .delay 1 (3,3,3) L_0x7fa176422180/d;
L_0x7fa176422350/d .functor AND 1, v0x7fa1764214a0_0, v0x7fa176421530_0, L_0x7fa176421cf0, C4<1>;
L_0x7fa176422350 .delay 1 (3,3,3) L_0x7fa176422350/d;
L_0x7fa176422440/d .functor AND 1, v0x7fa1764214a0_0, v0x7fa176421530_0, v0x7fa176421600_0, C4<1>;
L_0x7fa176422440 .delay 1 (3,3,3) L_0x7fa176422440/d;
L_0x7fa1764225e0/0/0 .functor OR 1, L_0x7fa176421e00, L_0x7fa176422040, L_0x7fa176422180, L_0x7fa176422350;
L_0x7fa1764225e0/0/4 .functor OR 1, L_0x7fa176422440, C4<0>, C4<0>, C4<0>;
L_0x7fa1764225e0/d .functor OR 1, L_0x7fa1764225e0/0/0, L_0x7fa1764225e0/0/4, C4<0>, C4<0>;
L_0x7fa1764225e0 .delay 1 (5,5,5) L_0x7fa1764225e0/d;
v0x7fa176406f80_0 .net "A", 0 0, v0x7fa1764214a0_0;  1 drivers
v0x7fa176420a40_0 .net "AandBandC", 0 0, L_0x7fa176422440;  1 drivers
v0x7fa176420ae0_0 .net "AandBnotC", 0 0, L_0x7fa176422350;  1 drivers
v0x7fa176420b90_0 .net "AandnotBnotC", 0 0, L_0x7fa176422040;  1 drivers
v0x7fa176420c30_0 .net "AnotBandC", 0 0, L_0x7fa176422180;  1 drivers
v0x7fa176420d10_0 .net "B", 0 0, v0x7fa176421530_0;  1 drivers
v0x7fa176420db0_0 .net "C", 0 0, v0x7fa176421600_0;  1 drivers
v0x7fa176420e50_0 .net "F", 0 0, L_0x7fa1764225e0;  alias, 1 drivers
v0x7fa176420ef0_0 .net "notA_1", 0 0, L_0x7fa1764216b0;  1 drivers
v0x7fa176421000_0 .net "notAnotBandC", 0 0, L_0x7fa176421e00;  1 drivers
v0x7fa176421090_0 .net "notB_1", 0 0, L_0x7fa1764217c0;  1 drivers
v0x7fa176421130_0 .net "notB_2", 0 0, L_0x7fa176421900;  1 drivers
v0x7fa1764211d0_0 .net "notB_3", 0 0, L_0x7fa176421b80;  1 drivers
v0x7fa176421270_0 .net "notC_2", 0 0, L_0x7fa176421a60;  1 drivers
v0x7fa176421310_0 .net "notC_4", 0 0, L_0x7fa176421cf0;  1 drivers
    .scope S_0x7fa176406e20;
T_0 ;
    %vpi_call 2 10 "$display", "circuit-long" {0 0 0};
    %pushi/vec4 0, 0, 1;
    %assign/vec4 v0x7fa1764214a0_0, 0;
    %pushi/vec4 0, 0, 1;
    %assign/vec4 v0x7fa176421530_0, 0;
    %pushi/vec4 0, 0, 1;
    %assign/vec4 v0x7fa176421600_0, 0;
    %delay 10, 0;
    %vpi_call 2 16 "$display", "in1 = %d, in2 = %d, in3 = %d, F = %d", v0x7fa1764214a0_0, v0x7fa176421530_0, v0x7fa176421600_0, v0x7fa176421410_0 {0 0 0};
    %pushi/vec4 0, 0, 1;
    %assign/vec4 v0x7fa1764214a0_0, 0;
    %pushi/vec4 0, 0, 1;
    %assign/vec4 v0x7fa176421530_0, 0;
    %pushi/vec4 1, 0, 1;
    %assign/vec4 v0x7fa176421600_0, 0;
    %delay 10, 0;
    %vpi_call 2 22 "$display", "in1 = %d, in2 = %d, in3 = %d, F = %d", v0x7fa1764214a0_0, v0x7fa176421530_0, v0x7fa176421600_0, v0x7fa176421410_0 {0 0 0};
    %pushi/vec4 0, 0, 1;
    %assign/vec4 v0x7fa1764214a0_0, 0;
    %pushi/vec4 1, 0, 1;
    %assign/vec4 v0x7fa176421530_0, 0;
    %pushi/vec4 0, 0, 1;
    %assign/vec4 v0x7fa176421600_0, 0;
    %delay 10, 0;
    %vpi_call 2 28 "$display", "in1 = %d, in2 = %d, in3 = %d, F = %d", v0x7fa1764214a0_0, v0x7fa176421530_0, v0x7fa176421600_0, v0x7fa176421410_0 {0 0 0};
    %pushi/vec4 0, 0, 1;
    %assign/vec4 v0x7fa1764214a0_0, 0;
    %pushi/vec4 1, 0, 1;
    %assign/vec4 v0x7fa176421530_0, 0;
    %pushi/vec4 1, 0, 1;
    %assign/vec4 v0x7fa176421600_0, 0;
    %delay 10, 0;
    %vpi_call 2 34 "$display", "in1 = %d, in2 = %d, in3 = %d, F = %d", v0x7fa1764214a0_0, v0x7fa176421530_0, v0x7fa176421600_0, v0x7fa176421410_0 {0 0 0};
    %pushi/vec4 1, 0, 1;
    %assign/vec4 v0x7fa1764214a0_0, 0;
    %pushi/vec4 0, 0, 1;
    %assign/vec4 v0x7fa176421530_0, 0;
    %pushi/vec4 0, 0, 1;
    %assign/vec4 v0x7fa176421600_0, 0;
    %delay 10, 0;
    %vpi_call 2 40 "$display", "in1 = %d, in2 = %d, in3 = %d, F = %d", v0x7fa1764214a0_0, v0x7fa176421530_0, v0x7fa176421600_0, v0x7fa176421410_0 {0 0 0};
    %pushi/vec4 1, 0, 1;
    %assign/vec4 v0x7fa1764214a0_0, 0;
    %pushi/vec4 0, 0, 1;
    %assign/vec4 v0x7fa176421530_0, 0;
    %pushi/vec4 1, 0, 1;
    %assign/vec4 v0x7fa176421600_0, 0;
    %delay 10, 0;
    %vpi_call 2 46 "$display", "in1 = %d, in2 = %d, in3 = %d, F = %d", v0x7fa1764214a0_0, v0x7fa176421530_0, v0x7fa176421600_0, v0x7fa176421410_0 {0 0 0};
    %pushi/vec4 1, 0, 1;
    %assign/vec4 v0x7fa1764214a0_0, 0;
    %pushi/vec4 1, 0, 1;
    %assign/vec4 v0x7fa176421530_0, 0;
    %pushi/vec4 0, 0, 1;
    %assign/vec4 v0x7fa176421600_0, 0;
    %delay 10, 0;
    %vpi_call 2 52 "$display", "in1 = %d, in2 = %d, in3 = %d, F = %d", v0x7fa1764214a0_0, v0x7fa176421530_0, v0x7fa176421600_0, v0x7fa176421410_0 {0 0 0};
    %pushi/vec4 1, 0, 1;
    %assign/vec4 v0x7fa1764214a0_0, 0;
    %pushi/vec4 1, 0, 1;
    %assign/vec4 v0x7fa176421530_0, 0;
    %pushi/vec4 1, 0, 1;
    %assign/vec4 v0x7fa176421600_0, 0;
    %delay 10, 0;
    %vpi_call 2 58 "$display", "in1 = %d, in2 = %d, in3 = %d, F = %d", v0x7fa1764214a0_0, v0x7fa176421530_0, v0x7fa176421600_0, v0x7fa176421410_0 {0 0 0};
    %end;
    .thread T_0;
# The file index is used to find the file name in the following table.
:file_names 4;
    "N/A";
    "<interactive>";
    "C9-4-long-test.v";
    "C9-4-long.v";
