#! /usr/local/Cellar/icarus-verilog/10.3/bin/vvp
:ivl_version "10.3 (stable)" "(v10_3)";
:ivl_delay_selection "TYPICAL";
:vpi_time_precision + 0;
:vpi_module "system";
:vpi_module "vhdl_sys";
:vpi_module "v2005_math";
:vpi_module "va_math";
S_0x7fed2ef001a0 .scope module, "SR_latch_test" "SR_latch_test" 2 1;
 .timescale 0 0;
v0x7fed2ef10810_0 .net "Q", 0 0, L_0x7fed2ef10ae0;  1 drivers
v0x7fed2ef108b0_0 .var "R", 0 0;
v0x7fed2ef10960_0 .var "S", 0 0;
v0x7fed2ef10a30_0 .net "notQ", 0 0, L_0x7fed2ef10c70;  1 drivers
S_0x7fed2ef00310 .scope module, "DUT" "SR_latch" 2 6, 3 1 0, S_0x7fed2ef001a0;
 .timescale 0 0;
    .port_info 0 /INPUT 1 "S"
    .port_info 1 /INPUT 1 "R"
    .port_info 2 /OUTPUT 1 "Q"
    .port_info 3 /OUTPUT 1 "notQ"
L_0x7fed2ef10ae0/d .functor NOR 1, L_0x7fed2ef10c70, v0x7fed2ef108b0_0, C4<0>, C4<0>;
L_0x7fed2ef10ae0 .delay 1 (1,1,1) L_0x7fed2ef10ae0/d;
L_0x7fed2ef10c70/d .functor NOR 1, L_0x7fed2ef10ae0, v0x7fed2ef10960_0, C4<0>, C4<0>;
L_0x7fed2ef10c70 .delay 1 (1,1,1) L_0x7fed2ef10c70/d;
v0x7fed2ef00520_0 .net "Q", 0 0, L_0x7fed2ef10ae0;  alias, 1 drivers
v0x7fed2ef105c0_0 .net "R", 0 0, v0x7fed2ef108b0_0;  1 drivers
v0x7fed2ef10660_0 .net "S", 0 0, v0x7fed2ef10960_0;  1 drivers
v0x7fed2ef10710_0 .net "notQ", 0 0, L_0x7fed2ef10c70;  alias, 1 drivers
    .scope S_0x7fed2ef001a0;
T_0 ;
    %vpi_call 2 10 "$display", "SR-latch" {0 0 0};
    %pushi/vec4 0, 0, 1;
    %assign/vec4 v0x7fed2ef10960_0, 0;
    %pushi/vec4 0, 0, 1;
    %assign/vec4 v0x7fed2ef108b0_0, 0;
    %delay 7, 0;
    %vpi_call 2 15 "$display", "S = %d, R = %d, Q = %d, notQ = %d", v0x7fed2ef10960_0, v0x7fed2ef108b0_0, v0x7fed2ef10810_0, v0x7fed2ef10a30_0 {0 0 0};
    %pushi/vec4 0, 0, 1;
    %assign/vec4 v0x7fed2ef10960_0, 0;
    %pushi/vec4 1, 0, 1;
    %assign/vec4 v0x7fed2ef108b0_0, 0;
    %delay 7, 0;
    %vpi_call 2 20 "$display", "S = %d, R = %d, Q = %d, notQ = %d", v0x7fed2ef10960_0, v0x7fed2ef108b0_0, v0x7fed2ef10810_0, v0x7fed2ef10a30_0 {0 0 0};
    %pushi/vec4 1, 0, 1;
    %assign/vec4 v0x7fed2ef10960_0, 0;
    %pushi/vec4 0, 0, 1;
    %assign/vec4 v0x7fed2ef108b0_0, 0;
    %delay 7, 0;
    %vpi_call 2 25 "$display", "S = %d, R = %d, Q = %d, notQ = %d", v0x7fed2ef10960_0, v0x7fed2ef108b0_0, v0x7fed2ef10810_0, v0x7fed2ef10a30_0 {0 0 0};
    %end;
    .thread T_0;
# The file index is used to find the file name in the following table.
:file_names 4;
    "N/A";
    "<interactive>";
    "C9-6-test.v";
    "C9-6.v";
