#! /usr/local/Cellar/icarus-verilog/10.3/bin/vvp
:ivl_version "10.3 (stable)" "(v10_3)";
:ivl_delay_selection "TYPICAL";
:vpi_time_precision + 0;
:vpi_module "system";
:vpi_module "vhdl_sys";
:vpi_module "v2005_math";
:vpi_module "va_math";
S_0x7ff6264023a0 .scope module, "D_FlipFlop_test" "D_FlipFlop_test" 2 1;
 .timescale 0 0;
v0x7ff62641e520_0 .var "C", 0 0;
v0x7ff62641e5b0_0 .var "D", 0 0;
v0x7ff62641e640_0 .net "Q", 0 0, L_0x7ff62641f7d0;  1 drivers
v0x7ff62641e710_0 .net "notQ", 0 0, L_0x7ff62641fa00;  1 drivers
S_0x7ff62640def0 .scope module, "DUT" "D_FlipFlop" 2 6, 3 1 0, S_0x7ff6264023a0;
 .timescale 0 0;
    .port_info 0 /INPUT 1 "C"
    .port_info 1 /INPUT 1 "D"
    .port_info 2 /OUTPUT 1 "Q"
    .port_info 3 /OUTPUT 1 "notQ"
L_0x7ff62641e7c0/d .functor NOT 1, v0x7ff62641e520_0, C4<0>, C4<0>, C4<0>;
L_0x7ff62641e7c0 .delay 1 (1,1,1) L_0x7ff62641e7c0/d;
L_0x7ff62641e8d0/d .functor NAND 1, L_0x7ff62641e7c0, v0x7ff62641e5b0_0, C4<1>, C4<1>;
L_0x7ff62641e8d0 .delay 1 (2,2,2) L_0x7ff62641e8d0/d;
L_0x7ff62641ea90/d .functor NOT 1, v0x7ff62641e5b0_0, C4<0>, C4<0>, C4<0>;
L_0x7ff62641ea90 .delay 1 (1,1,1) L_0x7ff62641ea90/d;
L_0x7ff62641ebd0/d .functor NAND 1, L_0x7ff62641e7c0, L_0x7ff62641ea90, C4<1>, C4<1>;
L_0x7ff62641ebd0 .delay 1 (2,2,2) L_0x7ff62641ebd0/d;
L_0x7ff62641ed10/d .functor NOT 1, L_0x7ff62641e8d0, C4<0>, C4<0>, C4<0>;
L_0x7ff62641ed10 .delay 1 (1,1,1) L_0x7ff62641ed10/d;
L_0x7ff62641ee50/d .functor NOT 1, L_0x7ff62641ebd0, C4<0>, C4<0>, C4<0>;
L_0x7ff62641ee50 .delay 1 (1,1,1) L_0x7ff62641ee50/d;
L_0x7ff62641ef90/d .functor NAND 1, L_0x7ff62641f150, L_0x7ff62641ee50, C4<1>, C4<1>;
L_0x7ff62641ef90 .delay 1 (2,2,2) L_0x7ff62641ef90/d;
L_0x7ff62641f150/d .functor NAND 1, L_0x7ff62641ef90, L_0x7ff62641ed10, C4<1>, C4<1>;
L_0x7ff62641f150 .delay 1 (2,2,2) L_0x7ff62641f150/d;
L_0x7ff62641f310/d .functor NAND 1, v0x7ff62641e520_0, L_0x7ff62641ef90, C4<1>, C4<1>;
L_0x7ff62641f310 .delay 1 (2,2,2) L_0x7ff62641f310/d;
L_0x7ff62641f4a0/d .functor NAND 1, v0x7ff62641e520_0, L_0x7ff62641f150, C4<1>, C4<1>;
L_0x7ff62641f4a0 .delay 1 (2,2,2) L_0x7ff62641f4a0/d;
L_0x7ff62641f5d0/d .functor NOT 1, L_0x7ff62641f310, C4<0>, C4<0>, C4<0>;
L_0x7ff62641f5d0 .delay 1 (1,1,1) L_0x7ff62641f5d0/d;
L_0x7ff62641f720/d .functor NOT 1, L_0x7ff62641f4a0, C4<0>, C4<0>, C4<0>;
L_0x7ff62641f720 .delay 1 (1,1,1) L_0x7ff62641f720/d;
L_0x7ff62641f7d0/d .functor NAND 1, L_0x7ff62641fa00, L_0x7ff62641f720, C4<1>, C4<1>;
L_0x7ff62641f7d0 .delay 1 (2,2,2) L_0x7ff62641f7d0/d;
L_0x7ff62641fa00/d .functor NAND 1, L_0x7ff62641f7d0, L_0x7ff62641f5d0, C4<1>, C4<1>;
L_0x7ff62641fa00 .delay 1 (2,2,2) L_0x7ff62641fa00/d;
v0x7ff626402500_0 .net "C", 0 0, v0x7ff62641e520_0;  1 drivers
v0x7ff62641dab0_0 .net "D", 0 0, v0x7ff62641e5b0_0;  1 drivers
v0x7ff62641db50_0 .net "Q", 0 0, L_0x7ff62641f7d0;  alias, 1 drivers
v0x7ff62641dc00_0 .net "SR_CnandR", 0 0, L_0x7ff62641f4a0;  1 drivers
v0x7ff62641dca0_0 .net "SR_CnandS", 0 0, L_0x7ff62641f310;  1 drivers
v0x7ff62641dd80_0 .net "SR_notR", 0 0, L_0x7ff62641f720;  1 drivers
v0x7ff62641de20_0 .net "SR_notS", 0 0, L_0x7ff62641f5d0;  1 drivers
v0x7ff62641dec0_0 .net "latch_CnandD", 0 0, L_0x7ff62641e8d0;  1 drivers
v0x7ff62641df60_0 .net "latch_CnandnotD", 0 0, L_0x7ff62641ebd0;  1 drivers
v0x7ff62641e070_0 .net "latch_Q", 0 0, L_0x7ff62641ef90;  1 drivers
v0x7ff62641e100_0 .net "latch_notD", 0 0, L_0x7ff62641ea90;  1 drivers
v0x7ff62641e1a0_0 .net "latch_notQ", 0 0, L_0x7ff62641f150;  1 drivers
v0x7ff62641e240_0 .net "latch_notR", 0 0, L_0x7ff62641ee50;  1 drivers
v0x7ff62641e2e0_0 .net "latch_notS", 0 0, L_0x7ff62641ed10;  1 drivers
v0x7ff62641e380_0 .net "notC", 0 0, L_0x7ff62641e7c0;  1 drivers
v0x7ff62641e420_0 .net "notQ", 0 0, L_0x7ff62641fa00;  alias, 1 drivers
    .scope S_0x7ff6264023a0;
T_0 ;
    %vpi_call 2 10 "$display", "D-Flip-Flop" {0 0 0};
    %pushi/vec4 0, 0, 1;
    %assign/vec4 v0x7ff62641e520_0, 0;
    %pushi/vec4 0, 0, 1;
    %assign/vec4 v0x7ff62641e5b0_0, 0;
    %delay 7, 0;
    %vpi_call 2 15 "$display", "C = %d, D = %d, Q = %d, notQ = %d", v0x7ff62641e520_0, v0x7ff62641e5b0_0, v0x7ff62641e640_0, v0x7ff62641e710_0 {0 0 0};
    %pushi/vec4 0, 0, 1;
    %assign/vec4 v0x7ff62641e520_0, 0;
    %pushi/vec4 1, 0, 1;
    %assign/vec4 v0x7ff62641e5b0_0, 0;
    %delay 7, 0;
    %vpi_call 2 20 "$display", "C = %d, D = %d, Q = %d, notQ = %d", v0x7ff62641e520_0, v0x7ff62641e5b0_0, v0x7ff62641e640_0, v0x7ff62641e710_0 {0 0 0};
    %pushi/vec4 1, 0, 1;
    %assign/vec4 v0x7ff62641e520_0, 0;
    %pushi/vec4 0, 0, 1;
    %assign/vec4 v0x7ff62641e5b0_0, 0;
    %delay 7, 0;
    %vpi_call 2 25 "$display", "C = %d, D = %d, Q = %d, notQ = %d", v0x7ff62641e520_0, v0x7ff62641e5b0_0, v0x7ff62641e640_0, v0x7ff62641e710_0 {0 0 0};
    %pushi/vec4 1, 0, 1;
    %assign/vec4 v0x7ff62641e520_0, 0;
    %pushi/vec4 1, 0, 1;
    %assign/vec4 v0x7ff62641e5b0_0, 0;
    %delay 7, 0;
    %vpi_call 2 30 "$display", "C = %d, D = %d, Q = %d, notQ = %d", v0x7ff62641e520_0, v0x7ff62641e5b0_0, v0x7ff62641e640_0, v0x7ff62641e710_0 {0 0 0};
    %end;
    .thread T_0;
# The file index is used to find the file name in the following table.
:file_names 4;
    "N/A";
    "<interactive>";
    "C9-8-test.v";
    "C9-8.v";
