#! /usr/local/Cellar/icarus-verilog/10.3/bin/vvp
:ivl_version "10.3 (stable)" "(v10_3)";
:ivl_delay_selection "TYPICAL";
:vpi_time_precision + 0;
:vpi_module "system";
:vpi_module "vhdl_sys";
:vpi_module "v2005_math";
:vpi_module "va_math";
S_0x7fcebec04110 .scope module, "instruction_test" "instruction_test" 2 1;
 .timescale 0 0;
v0x7fcebec1b2d0_0 .var "addr", 31 0;
v0x7fcebec1b380_0 .var "clk", 0 0;
v0x7fcebec1b430_0 .net "instruct", 31 0, v0x7fcebec1b050_0;  1 drivers
v0x7fcebec1b500_0 .var "rst", 0 0;
S_0x7fcebec02340 .scope module, "DUT" "instruction" 2 8, 3 1 0, S_0x7fcebec04110;
 .timescale 0 0;
    .port_info 0 /INPUT 1 "clk"
    .port_info 1 /INPUT 1 "rst"
    .port_info 2 /INPUT 32 "addr"
    .port_info 3 /OUTPUT 32 "instruct"
v0x7fcebec024a0_0 .net "addr", 31 0, v0x7fcebec1b2d0_0;  1 drivers
v0x7fcebec1afb0_0 .net "clk", 0 0, v0x7fcebec1b380_0;  1 drivers
v0x7fcebec1b050_0 .var "instruct", 31 0;
v0x7fcebec1b110 .array "mem", 65535 0, 31 0;
v0x7fcebec1b1b0_0 .net "rst", 0 0, v0x7fcebec1b500_0;  1 drivers
E_0x7fcebec04270 .event posedge, v0x7fcebec1b1b0_0, v0x7fcebec1afb0_0;
    .scope S_0x7fcebec02340;
T_0 ;
    %vpi_call 3 8 "$readmemh", "prg.bin", v0x7fcebec1b110 {0 0 0};
    %end;
    .thread T_0;
    .scope S_0x7fcebec02340;
T_1 ;
    %wait E_0x7fcebec04270;
    %load/vec4 v0x7fcebec1b1b0_0;
    %pad/u 32;
    %cmpi/e 0, 0, 32;
    %jmp/0xz  T_1.0, 4;
    %ix/getv 4, v0x7fcebec024a0_0;
    %load/vec4a v0x7fcebec1b110, 4;
    %assign/vec4 v0x7fcebec1b050_0, 0;
    %jmp T_1.1;
T_1.0 ;
    %pushi/vec4 0, 0, 32;
    %assign/vec4 v0x7fcebec1b050_0, 0;
T_1.1 ;
    %jmp T_1;
    .thread T_1;
    .scope S_0x7fcebec04110;
T_2 ;
    %vpi_call 2 12 "$display", "Instruction Memory" {0 0 0};
    %vpi_call 2 13 "$display", " " {0 0 0};
    %vpi_call 2 14 "$display", "Test 1" {0 0 0};
    %pushi/vec4 0, 0, 1;
    %assign/vec4 v0x7fcebec1b380_0, 0;
    %pushi/vec4 1, 0, 1;
    %assign/vec4 v0x7fcebec1b380_0, 0;
    %pushi/vec4 0, 0, 1;
    %assign/vec4 v0x7fcebec1b500_0, 0;
    %pushi/vec4 1, 0, 32;
    %store/vec4 v0x7fcebec1b2d0_0, 0, 32;
    %delay 21, 0;
    %vpi_call 2 21 "$display", "instruction = %b", v0x7fcebec1b430_0 {0 0 0};
    %vpi_call 2 24 "$display", " " {0 0 0};
    %vpi_call 2 25 "$display", "Test 3" {0 0 0};
    %pushi/vec4 0, 0, 1;
    %assign/vec4 v0x7fcebec1b380_0, 0;
    %pushi/vec4 1, 0, 1;
    %assign/vec4 v0x7fcebec1b380_0, 0;
    %pushi/vec4 0, 0, 1;
    %assign/vec4 v0x7fcebec1b500_0, 0;
    %pushi/vec4 3, 0, 32;
    %store/vec4 v0x7fcebec1b2d0_0, 0, 32;
    %delay 21, 0;
    %vpi_call 2 32 "$display", "instruction = %b", v0x7fcebec1b430_0 {0 0 0};
    %vpi_call 2 35 "$display", " " {0 0 0};
    %vpi_call 2 36 "$display", "Test 4" {0 0 0};
    %pushi/vec4 0, 0, 1;
    %assign/vec4 v0x7fcebec1b380_0, 0;
    %pushi/vec4 1, 0, 1;
    %assign/vec4 v0x7fcebec1b380_0, 0;
    %pushi/vec4 1, 0, 1;
    %assign/vec4 v0x7fcebec1b500_0, 0;
    %pushi/vec4 144, 0, 32;
    %store/vec4 v0x7fcebec1b2d0_0, 0, 32;
    %delay 21, 0;
    %vpi_call 2 43 "$display", "instruction = %b", v0x7fcebec1b430_0 {0 0 0};
    %end;
    .thread T_2;
# The file index is used to find the file name in the following table.
:file_names 4;
    "N/A";
    "<interactive>";
    "instructionMEM_test.v";
    "instructionMEM.v";
