#! /usr/local/Cellar/icarus-verilog/10.3/bin/vvp
:ivl_version "10.3 (stable)" "(v10_3)";
:ivl_delay_selection "TYPICAL";
:vpi_time_precision + 0;
:vpi_module "system";
:vpi_module "vhdl_sys";
:vpi_module "v2005_math";
:vpi_module "va_math";
S_0x7f99b6c02340 .scope module, "dataMEM_test" "dataMEM_test" 2 1;
 .timescale 0 0;
v0x7f99b6c1f990_0 .var "A", 63 0;
v0x7f99b6c1fa40_0 .var "B", 63 0;
v0x7f99b6c1fad0_0 .var "E", 0 0;
v0x7f99b6c1fb80_0 .net "O", 31 0, v0x7f99b6c1f580_0;  1 drivers
v0x7f99b6c1fc30_0 .var "RW", 0 0;
v0x7f99b6c1fd00_0 .var "clk", 0 0;
v0x7f99b6c1fdb0_0 .var "rst", 0 0;
S_0x7f99b6c0f850 .scope module, "DUT" "dataMEM" 2 9, 3 1 0, S_0x7f99b6c02340;
 .timescale 0 0;
    .port_info 0 /INPUT 1 "clk"
    .port_info 1 /INPUT 1 "rst"
    .port_info 2 /INPUT 64 "A"
    .port_info 3 /INPUT 64 "B"
    .port_info 4 /INPUT 1 "E"
    .port_info 5 /INPUT 1 "RW"
    .port_info 6 /OUTPUT 32 "O"
v0x7f99b6c0a660_0 .net "A", 63 0, v0x7f99b6c1f990_0;  1 drivers
v0x7f99b6c1f430_0 .net "B", 63 0, v0x7f99b6c1fa40_0;  1 drivers
v0x7f99b6c1f4d0_0 .net "E", 0 0, v0x7f99b6c1fad0_0;  1 drivers
v0x7f99b6c1f580_0 .var "O", 31 0;
v0x7f99b6c1f620_0 .net "RW", 0 0, v0x7f99b6c1fc30_0;  1 drivers
v0x7f99b6c1f700_0 .net "clk", 0 0, v0x7f99b6c1fd00_0;  1 drivers
v0x7f99b6c1f7a0 .array "mem", 65535 0, 31 0;
v0x7f99b6c1f840_0 .net "rst", 0 0, v0x7f99b6c1fdb0_0;  1 drivers
E_0x7f99b6c055c0 .event posedge, v0x7f99b6c1f840_0, v0x7f99b6c1f700_0;
    .scope S_0x7f99b6c0f850;
T_0 ;
    %wait E_0x7f99b6c055c0;
    %load/vec4 v0x7f99b6c1f840_0;
    %pad/u 32;
    %cmpi/e 1, 0, 32;
    %jmp/0xz  T_0.0, 4;
    %vpi_call 3 14 "$readmemh", "prg.bin", v0x7f99b6c1f7a0 {0 0 0};
    %pushi/vec4 0, 0, 32;
    %assign/vec4 v0x7f99b6c1f580_0, 0;
T_0.0 ;
    %load/vec4 v0x7f99b6c1f4d0_0;
    %pad/u 32;
    %cmpi/e 1, 0, 32;
    %jmp/0xz  T_0.2, 4;
    %load/vec4 v0x7f99b6c1f620_0;
    %pad/u 32;
    %cmpi/e 1, 0, 32;
    %jmp/0xz  T_0.4, 4;
    %load/vec4 v0x7f99b6c1f430_0;
    %parti/s 32, 0, 2;
    %ix/getv 4, v0x7f99b6c0a660_0;
    %store/vec4a v0x7f99b6c1f7a0, 4, 0;
    %pushi/vec4 0, 0, 32;
    %assign/vec4 v0x7f99b6c1f580_0, 0;
    %jmp T_0.5;
T_0.4 ;
    %load/vec4 v0x7f99b6c0a660_0;
    %parti/s 32, 0, 2;
    %ix/vec4 4;
    %load/vec4a v0x7f99b6c1f7a0, 4;
    %assign/vec4 v0x7f99b6c1f580_0, 0;
T_0.5 ;
    %jmp T_0.3;
T_0.2 ;
    %pushi/vec4 0, 0, 32;
    %assign/vec4 v0x7f99b6c1f580_0, 0;
T_0.3 ;
    %jmp T_0;
    .thread T_0;
    .scope S_0x7f99b6c02340;
T_1 ;
    %vpi_call 2 13 "$display", "Data Memory" {0 0 0};
    %vpi_call 2 14 "$display", " " {0 0 0};
    %vpi_call 2 15 "$display", "Test 1" {0 0 0};
    %pushi/vec4 0, 0, 1;
    %assign/vec4 v0x7f99b6c1fd00_0, 0;
    %pushi/vec4 1, 0, 1;
    %assign/vec4 v0x7f99b6c1fd00_0, 0;
    %pushi/vec4 1, 0, 1;
    %assign/vec4 v0x7f99b6c1fdb0_0, 0;
    %pushi/vec4 1, 0, 1;
    %assign/vec4 v0x7f99b6c1fad0_0, 0;
    %pushi/vec4 0, 0, 1;
    %assign/vec4 v0x7f99b6c1fc30_0, 0;
    %pushi/vec4 3, 0, 64;
    %store/vec4 v0x7f99b6c1f990_0, 0, 64;
    %pushi/vec4 402866048, 0, 64;
    %store/vec4 v0x7f99b6c1fa40_0, 0, 64;
    %delay 100, 0;
    %vpi_call 2 25 "$display", "Output = %b", v0x7f99b6c1fb80_0 {0 0 0};
    %vpi_call 2 28 "$display", " " {0 0 0};
    %vpi_call 2 29 "$display", "Test 2" {0 0 0};
    %pushi/vec4 0, 0, 1;
    %assign/vec4 v0x7f99b6c1fd00_0, 0;
    %pushi/vec4 1, 0, 1;
    %assign/vec4 v0x7f99b6c1fd00_0, 0;
    %pushi/vec4 0, 0, 1;
    %assign/vec4 v0x7f99b6c1fdb0_0, 0;
    %pushi/vec4 0, 0, 1;
    %assign/vec4 v0x7f99b6c1fad0_0, 0;
    %pushi/vec4 1, 0, 1;
    %assign/vec4 v0x7f99b6c1fc30_0, 0;
    %pushi/vec4 2, 0, 64;
    %store/vec4 v0x7f99b6c1f990_0, 0, 64;
    %pushi/vec4 3229614591, 0, 55;
    %concati/vec4 384, 0, 9;
    %store/vec4 v0x7f99b6c1fa40_0, 0, 64;
    %delay 100, 0;
    %vpi_call 2 39 "$display", "Output = %b", v0x7f99b6c1fb80_0 {0 0 0};
    %vpi_call 2 42 "$display", " " {0 0 0};
    %vpi_call 2 43 "$display", "Test 3" {0 0 0};
    %pushi/vec4 0, 0, 1;
    %assign/vec4 v0x7f99b6c1fd00_0, 0;
    %pushi/vec4 1, 0, 1;
    %assign/vec4 v0x7f99b6c1fd00_0, 0;
    %pushi/vec4 1, 0, 1;
    %assign/vec4 v0x7f99b6c1fdb0_0, 0;
    %pushi/vec4 1, 0, 1;
    %assign/vec4 v0x7f99b6c1fad0_0, 0;
    %pushi/vec4 0, 0, 1;
    %assign/vec4 v0x7f99b6c1fc30_0, 0;
    %pushi/vec4 1, 0, 64;
    %store/vec4 v0x7f99b6c1f990_0, 0, 64;
    %pushi/vec4 1, 0, 64;
    %store/vec4 v0x7f99b6c1fa40_0, 0, 64;
    %delay 100, 0;
    %vpi_call 2 53 "$display", "Output = %b", v0x7f99b6c1fb80_0 {0 0 0};
    %end;
    .thread T_1;
# The file index is used to find the file name in the following table.
:file_names 4;
    "N/A";
    "<interactive>";
    "dataMEM_test.v";
    "dataMEM.v";
