#! /usr/local/Cellar/icarus-verilog/10.3/bin/vvp
:ivl_version "10.3 (stable)" "(v10_3)";
:ivl_delay_selection "TYPICAL";
:vpi_time_precision + 0;
:vpi_module "system";
:vpi_module "vhdl_sys";
:vpi_module "v2005_math";
:vpi_module "va_math";
S_0x7fd03f500160 .scope module, "ProCount_test" "ProCount_test" 2 1;
 .timescale 0 0;
v0x7fd03f516070_0 .var "clk", 0 0;
v0x7fd03f516110_0 .net "count", 7 0, v0x7fd03f515ec0_0;  1 drivers
v0x7fd03f5161c0_0 .var "rst", 0 0;
S_0x7fd03f505e90 .scope module, "DUT" "ProCount" 2 6, 3 1 0, S_0x7fd03f500160;
 .timescale 0 0;
    .port_info 0 /INPUT 1 "clk"
    .port_info 1 /INPUT 1 "rst"
    .port_info 2 /OUTPUT 8 "count"
v0x7fd03f505ff0_0 .net "clk", 0 0, v0x7fd03f516070_0;  1 drivers
v0x7fd03f515ec0_0 .var "count", 7 0;
v0x7fd03f515f70_0 .net "rst", 0 0, v0x7fd03f5161c0_0;  1 drivers
E_0x7fd03f5002c0 .event posedge, v0x7fd03f515f70_0, v0x7fd03f505ff0_0;
    .scope S_0x7fd03f505e90;
T_0 ;
    %wait E_0x7fd03f5002c0;
    %load/vec4 v0x7fd03f515f70_0;
    %pad/u 32;
    %cmpi/e 0, 0, 32;
    %jmp/0xz  T_0.0, 4;
    %load/vec4 v0x7fd03f515ec0_0;
    %addi 1, 0, 8;
    %store/vec4 v0x7fd03f515ec0_0, 0, 8;
    %vpi_call 3 10 "$display", "count = %b", v0x7fd03f515ec0_0 {0 0 0};
    %jmp T_0.1;
T_0.0 ;
    %load/vec4 v0x7fd03f515f70_0;
    %pad/u 32;
    %cmpi/e 1, 0, 32;
    %jmp/0xz  T_0.2, 4;
    %pushi/vec4 0, 0, 8;
    %store/vec4 v0x7fd03f515ec0_0, 0, 8;
    %vpi_call 3 15 "$display", "count reset count = %b", v0x7fd03f515ec0_0 {0 0 0};
T_0.2 ;
T_0.1 ;
    %jmp T_0;
    .thread T_0;
    .scope S_0x7fd03f500160;
T_1 ;
    %pushi/vec4 0, 0, 1;
    %assign/vec4 v0x7fd03f516070_0, 0;
    %end;
    .thread T_1;
    .scope S_0x7fd03f500160;
T_2 ;
    %delay 1000, 0;
    %load/vec4 v0x7fd03f516070_0;
    %inv;
    %assign/vec4 v0x7fd03f516070_0, 0;
    %jmp T_2;
    .thread T_2;
    .scope S_0x7fd03f500160;
T_3 ;
    %vpi_call 2 17 "$display", "count test" {0 0 0};
    %vpi_call 2 18 "$display", " " {0 0 0};
    %pushi/vec4 1, 0, 1;
    %assign/vec4 v0x7fd03f5161c0_0, 0;
    %delay 1000, 0;
    %pushi/vec4 0, 0, 1;
    %assign/vec4 v0x7fd03f5161c0_0, 0;
    %delay 30000, 0;
    %vpi_call 2 25 "$display", "Halt? this should not be happening!!!" {0 0 0};
    %vpi_call 2 26 "$finish" {0 0 0};
    %end;
    .thread T_3;
# The file index is used to find the file name in the following table.
:file_names 4;
    "N/A";
    "<interactive>";
    "ProCount_test.v";
    "ProCount.v";
