#! /usr/local/Cellar/icarus-verilog/10.3/bin/vvp
:ivl_version "10.3 (stable)" "(v10_3)";
:ivl_delay_selection "TYPICAL";
:vpi_time_precision + 0;
:vpi_module "system";
:vpi_module "vhdl_sys";
:vpi_module "v2005_math";
:vpi_module "va_math";
S_0x7f90bf5021f0 .scope module, "sixfour_two_one_multi_test" "sixfour_two_one_multi_test" 2 1;
 .timescale 0 0;
v0x7f90bf5a8070_0 .var "A", 63 0;
v0x7f90bf5a8100_0 .var "B", 63 0;
v0x7f90bf5a8190_0 .net "C", 63 0, L_0x7f90bf5c6b20;  1 drivers
v0x7f90bf5a8220_0 .var "S", 0 0;
S_0x7f90bf500050 .scope module, "DUT" "sixfour_two_one_multi" 2 8, 3 1 0, S_0x7f90bf5021f0;
 .timescale 0 0;
    .port_info 0 /INPUT 1 "S"
    .port_info 1 /INPUT 64 "A"
    .port_info 2 /INPUT 64 "B"
    .port_info 3 /OUTPUT 64 "C"
L_0x7f90bf5c7fe0/d .functor NOT 1, v0x7f90bf5a8220_0, C4<0>, C4<0>, C4<0>;
L_0x7f90bf5c7fe0 .delay 1 (1,1,1) L_0x7f90bf5c7fe0/d;
v0x7f90bf59f6e0_0 .net "A", 63 0, v0x7f90bf5a8070_0;  1 drivers
v0x7f90bf59f7a0_0 .net "B", 63 0, v0x7f90bf5a8100_0;  1 drivers
v0x7f90bf59f850_0 .net "C", 63 0, L_0x7f90bf5c6b20;  alias, 1 drivers
v0x7f90bf59f910_0 .net "S", 0 0, v0x7f90bf5a8220_0;  1 drivers
v0x7f90bf59f9b0_0 .net "SandB", 63 0, L_0x7f90bf5c5700;  1 drivers
v0x7f90bf59faa0_0 .net *"_s0", 0 0, L_0x7f90bf5a82d0;  1 drivers
v0x7f90bf59fb50_0 .net *"_s10", 0 0, L_0x7f90bf5a8ae0;  1 drivers
v0x7f90bf59fc00_0 .net *"_s100", 0 0, L_0x7f90bf5ad290;  1 drivers
v0x7f90bf59fcb0_0 .net *"_s103", 0 0, L_0x7f90bf5ad150;  1 drivers
v0x7f90bf59fdc0_0 .net *"_s106", 0 0, L_0x7f90bf5ad690;  1 drivers
v0x7f90bf59fe70_0 .net *"_s110", 0 0, L_0x7f90bf5ad520;  1 drivers
v0x7f90bf59ff20_0 .net *"_s113", 0 0, L_0x7f90bf5ad880;  1 drivers
v0x7f90bf59ffd0_0 .net *"_s116", 0 0, L_0x7f90bf5addd0;  1 drivers
v0x7f90bf5a0080_0 .net *"_s120", 0 0, L_0x7f90bf5adc40;  1 drivers
v0x7f90bf5a0130_0 .net *"_s123", 0 0, L_0x7f90bf5adfc0;  1 drivers
v0x7f90bf5a01e0_0 .net *"_s126", 0 0, L_0x7f90bf5ae0b0;  1 drivers
v0x7f90bf5a0290_0 .net *"_s13", 0 0, L_0x7f90bf5a8da0;  1 drivers
v0x7f90bf5a0420_0 .net *"_s130", 0 0, L_0x7f90bf5ae3a0;  1 drivers
v0x7f90bf5a04b0_0 .net *"_s133", 0 0, L_0x7f90bf5ae6f0;  1 drivers
v0x7f90bf5a0560_0 .net *"_s136", 0 0, L_0x7f90bf5ae800;  1 drivers
v0x7f90bf5a0610_0 .net *"_s140", 0 0, L_0x7f90bf5aeab0;  1 drivers
v0x7f90bf5a06c0_0 .net *"_s143", 0 0, L_0x7f90bf5ab3e0;  1 drivers
v0x7f90bf5a0770_0 .net *"_s146", 0 0, L_0x7f90bf5ab7b0;  1 drivers
v0x7f90bf5a0820_0 .net *"_s150", 0 0, L_0x7f90bf5af3c0;  1 drivers
v0x7f90bf5a08d0_0 .net *"_s153", 0 0, L_0x7f90bf5af470;  1 drivers
v0x7f90bf5a0980_0 .net *"_s156", 0 0, L_0x7f90bf5afec0;  1 drivers
v0x7f90bf5a0a30_0 .net *"_s16", 0 0, L_0x7f90bf5a8f90;  1 drivers
v0x7f90bf5a0ae0_0 .net *"_s160", 0 0, L_0x7f90bf5ac430;  1 drivers
v0x7f90bf5a0b90_0 .net *"_s163", 0 0, L_0x7f90bf5afdb0;  1 drivers
v0x7f90bf5a0c40_0 .net *"_s166", 0 0, L_0x7f90bf5b0390;  1 drivers
v0x7f90bf5a0cf0_0 .net *"_s170", 0 0, L_0x7f90bf5b0790;  1 drivers
v0x7f90bf5a0da0_0 .net *"_s173", 0 0, L_0x7f90bf5b0a00;  1 drivers
v0x7f90bf5a0e50_0 .net *"_s176", 0 0, L_0x7f90bf5b0f50;  1 drivers
v0x7f90bf5a0340_0 .net *"_s180", 0 0, L_0x7f90bf5b0e00;  1 drivers
v0x7f90bf5a10e0_0 .net *"_s183", 0 0, L_0x7f90bf5b1140;  1 drivers
v0x7f90bf5a1170_0 .net *"_s186", 0 0, L_0x7f90bf5b12f0;  1 drivers
v0x7f90bf5a1210_0 .net *"_s190", 0 0, L_0x7f90bf5b1560;  1 drivers
v0x7f90bf5a12c0_0 .net *"_s193", 0 0, L_0x7f90bf5b1650;  1 drivers
v0x7f90bf5a1370_0 .net *"_s196", 0 0, L_0x7f90bf5b1910;  1 drivers
v0x7f90bf5a1420_0 .net *"_s20", 0 0, L_0x7f90bf5a9340;  1 drivers
v0x7f90bf5a14d0_0 .net *"_s200", 0 0, L_0x7f90bf5b1cb0;  1 drivers
v0x7f90bf5a1580_0 .net *"_s203", 0 0, L_0x7f90bf5b2280;  1 drivers
v0x7f90bf5a1630_0 .net *"_s206", 0 0, L_0x7f90bf5b2140;  1 drivers
v0x7f90bf5a16e0_0 .net *"_s210", 0 0, L_0x7f90bf5b2410;  1 drivers
v0x7f90bf5a1790_0 .net *"_s213", 0 0, L_0x7f90bf5b2710;  1 drivers
v0x7f90bf5a1840_0 .net *"_s216", 0 0, L_0x7f90bf5b2920;  1 drivers
v0x7f90bf5a18f0_0 .net *"_s220", 0 0, L_0x7f90bf5b2ad0;  1 drivers
v0x7f90bf5a19a0_0 .net *"_s223", 0 0, L_0x7f90bf5b2e40;  1 drivers
v0x7f90bf5a1a50_0 .net *"_s226", 0 0, L_0x7f90bf5b2f30;  1 drivers
v0x7f90bf5a1b00_0 .net *"_s23", 0 0, L_0x7f90bf5a9600;  1 drivers
v0x7f90bf5a1bb0_0 .net *"_s230", 0 0, L_0x7f90bf5b3220;  1 drivers
v0x7f90bf5a1c60_0 .net *"_s233", 0 0, L_0x7f90bf5b3880;  1 drivers
v0x7f90bf5a1d10_0 .net *"_s236", 0 0, L_0x7f90bf5b3a90;  1 drivers
v0x7f90bf5a1dc0_0 .net *"_s240", 0 0, L_0x7f90bf5b3670;  1 drivers
v0x7f90bf5a1e70_0 .net *"_s243", 0 0, L_0x7f90bf5b3fd0;  1 drivers
v0x7f90bf5a1f20_0 .net *"_s246", 0 0, L_0x7f90bf5b41c0;  1 drivers
v0x7f90bf5a1fd0_0 .net *"_s250", 0 0, L_0x7f90bf5b3da0;  1 drivers
v0x7f90bf5a2080_0 .net *"_s253", 0 0, L_0x7f90bf5b4720;  1 drivers
v0x7f90bf5a2130_0 .net *"_s256", 0 0, L_0x7f90bf5b4910;  1 drivers
v0x7f90bf5a21e0_0 .net *"_s26", 0 0, L_0x7f90bf5a9870;  1 drivers
v0x7f90bf5a2290_0 .net *"_s260", 0 0, L_0x7f90bf5b44d0;  1 drivers
v0x7f90bf5a2340_0 .net *"_s263", 0 0, L_0x7f90bf5b4e70;  1 drivers
v0x7f90bf5a23f0_0 .net *"_s266", 0 0, L_0x7f90bf5b5020;  1 drivers
v0x7f90bf5a24a0_0 .net *"_s270", 0 0, L_0x7f90bf5b4c00;  1 drivers
v0x7f90bf5a2550_0 .net *"_s273", 0 0, L_0x7f90bf5b4df0;  1 drivers
v0x7f90bf5a0f00_0 .net *"_s276", 0 0, L_0x7f90bf5b5760;  1 drivers
v0x7f90bf5a0fb0_0 .net *"_s280", 0 0, L_0x7f90bf5b5330;  1 drivers
v0x7f90bf5a25e0_0 .net *"_s283", 0 0, L_0x7f90bf5b5420;  1 drivers
v0x7f90bf5a2670_0 .net *"_s286", 0 0, L_0x7f90bf5b5ea0;  1 drivers
v0x7f90bf5a2700_0 .net *"_s290", 0 0, L_0x7f90bf5b5a70;  1 drivers
v0x7f90bf5a2790_0 .net *"_s293", 0 0, L_0x7f90bf5b5b60;  1 drivers
v0x7f90bf5a2820_0 .net *"_s296", 0 0, L_0x7f90bf5b6600;  1 drivers
v0x7f90bf5a28d0_0 .net *"_s3", 0 0, L_0x7f90bf5a8580;  1 drivers
v0x7f90bf5a2980_0 .net *"_s30", 0 0, L_0x7f90bf5a9b60;  1 drivers
v0x7f90bf5a2a30_0 .net *"_s300", 0 0, L_0x7f90bf5b61b0;  1 drivers
v0x7f90bf5a2ae0_0 .net *"_s303", 0 0, L_0x7f90bf5b6260;  1 drivers
v0x7f90bf5a2b90_0 .net *"_s306", 0 0, L_0x7f90bf5af160;  1 drivers
v0x7f90bf5a2c40_0 .net *"_s310", 0 0, L_0x7f90bf5af740;  1 drivers
v0x7f90bf5a2cf0_0 .net *"_s313", 0 0, L_0x7f90bf5afb10;  1 drivers
v0x7f90bf5a2da0_0 .net *"_s316", 0 0, L_0x7f90bf5b6c40;  1 drivers
v0x7f90bf5a2e50_0 .net *"_s320", 0 0, L_0x7f90bf5b0190;  1 drivers
v0x7f90bf5a2f00_0 .net *"_s323", 0 0, L_0x7f90bf5b0580;  1 drivers
v0x7f90bf5a2fb0_0 .net *"_s326", 0 0, L_0x7f90bf5b68f0;  1 drivers
v0x7f90bf5a3060_0 .net *"_s33", 0 0, L_0x7f90bf5a9dc0;  1 drivers
v0x7f90bf5a3110_0 .net *"_s330", 0 0, L_0x7f90bf5b6ee0;  1 drivers
v0x7f90bf5a31c0_0 .net *"_s333", 0 0, L_0x7f90bf5b70d0;  1 drivers
v0x7f90bf5a3270_0 .net *"_s336", 0 0, L_0x7f90bf5b72c0;  1 drivers
v0x7f90bf5a3320_0 .net *"_s340", 0 0, L_0x7f90bf5b75d0;  1 drivers
v0x7f90bf5a33d0_0 .net *"_s343", 0 0, L_0x7f90bf5b77c0;  1 drivers
v0x7f90bf5a3480_0 .net *"_s346", 0 0, L_0x7f90bf5b79d0;  1 drivers
v0x7f90bf5a3530_0 .net *"_s350", 0 0, L_0x7f90bf5b7ce0;  1 drivers
v0x7f90bf5a35e0_0 .net *"_s353", 0 0, L_0x7f90bf5b7ed0;  1 drivers
v0x7f90bf5a3690_0 .net *"_s356", 0 0, L_0x7f90bf5b80e0;  1 drivers
v0x7f90bf5a3740_0 .net *"_s36", 0 0, L_0x7f90bf5a9f70;  1 drivers
v0x7f90bf5a37f0_0 .net *"_s360", 0 0, L_0x7f90bf5b83f0;  1 drivers
v0x7f90bf5a38a0_0 .net *"_s363", 0 0, L_0x7f90bf5b85e0;  1 drivers
v0x7f90bf5a3950_0 .net *"_s366", 0 0, L_0x7f90bf5b87f0;  1 drivers
v0x7f90bf5a3a00_0 .net *"_s370", 0 0, L_0x7f90bf5b8b00;  1 drivers
v0x7f90bf5a3ab0_0 .net *"_s373", 0 0, L_0x7f90bf5b8cf0;  1 drivers
v0x7f90bf5a3b60_0 .net *"_s376", 0 0, L_0x7f90bf5b8f00;  1 drivers
v0x7f90bf5a3c10_0 .net *"_s380", 0 0, L_0x7f90bf5b9210;  1 drivers
v0x7f90bf5a3cc0_0 .net *"_s383", 0 0, L_0x7f90bf5b9400;  1 drivers
v0x7f90bf5a3d70_0 .net *"_s386", 0 0, L_0x7f90bf5b9610;  1 drivers
v0x7f90bf5a3e20_0 .net *"_s390", 0 0, L_0x7f90bf5b9920;  1 drivers
v0x7f90bf5a3ed0_0 .net *"_s393", 0 0, L_0x7f90bf5b9b10;  1 drivers
v0x7f90bf5a3f80_0 .net *"_s396", 0 0, L_0x7f90bf5b9d20;  1 drivers
v0x7f90bf5a4030_0 .net *"_s40", 0 0, L_0x7f90bf5a9d50;  1 drivers
v0x7f90bf5a40e0_0 .net *"_s400", 0 0, L_0x7f90bf5ba030;  1 drivers
v0x7f90bf5a4190_0 .net *"_s403", 0 0, L_0x7f90bf5ba220;  1 drivers
v0x7f90bf5a4240_0 .net *"_s406", 0 0, L_0x7f90bf5ba430;  1 drivers
v0x7f90bf5a42f0_0 .net *"_s410", 0 0, L_0x7f90bf5ba740;  1 drivers
v0x7f90bf5a43a0_0 .net *"_s413", 0 0, L_0x7f90bf5ba930;  1 drivers
v0x7f90bf5a4450_0 .net *"_s416", 0 0, L_0x7f90bf5bab40;  1 drivers
v0x7f90bf5a4500_0 .net *"_s420", 0 0, L_0x7f90bf5bae50;  1 drivers
v0x7f90bf5a45b0_0 .net *"_s423", 0 0, L_0x7f90bf5bb040;  1 drivers
v0x7f90bf5a4660_0 .net *"_s426", 0 0, L_0x7f90bf5bb250;  1 drivers
v0x7f90bf5a4710_0 .net *"_s43", 0 0, L_0x7f90bf5aa5d0;  1 drivers
v0x7f90bf5a47c0_0 .net *"_s430", 0 0, L_0x7f90bf5bb560;  1 drivers
v0x7f90bf5a4870_0 .net *"_s433", 0 0, L_0x7f90bf5bb750;  1 drivers
v0x7f90bf5a4920_0 .net *"_s436", 0 0, L_0x7f90bf5bb960;  1 drivers
v0x7f90bf5a49d0_0 .net *"_s440", 0 0, L_0x7f90bf5bbc70;  1 drivers
v0x7f90bf5a4a80_0 .net *"_s443", 0 0, L_0x7f90bf5bbe60;  1 drivers
v0x7f90bf5a4b30_0 .net *"_s446", 0 0, L_0x7f90bf5bc070;  1 drivers
v0x7f90bf5a4be0_0 .net *"_s450", 0 0, L_0x7f90bf5bc380;  1 drivers
v0x7f90bf5a4c90_0 .net *"_s453", 0 0, L_0x7f90bf5bc570;  1 drivers
v0x7f90bf5a4d40_0 .net *"_s456", 0 0, L_0x7f90bf5bc780;  1 drivers
v0x7f90bf5a4df0_0 .net *"_s46", 0 0, L_0x7f90bf5aa740;  1 drivers
v0x7f90bf5a4ea0_0 .net *"_s460", 0 0, L_0x7f90bf5bca90;  1 drivers
v0x7f90bf5a4f50_0 .net *"_s463", 0 0, L_0x7f90bf5bcc80;  1 drivers
v0x7f90bf5a5000_0 .net *"_s466", 0 0, L_0x7f90bf5bce90;  1 drivers
v0x7f90bf5a50b0_0 .net *"_s470", 0 0, L_0x7f90bf5bd1a0;  1 drivers
v0x7f90bf5a5160_0 .net *"_s473", 0 0, L_0x7f90bf5bd390;  1 drivers
v0x7f90bf5a5210_0 .net *"_s476", 0 0, L_0x7f90bf5bd5a0;  1 drivers
v0x7f90bf5a52c0_0 .net *"_s480", 0 0, L_0x7f90bf5bd8b0;  1 drivers
v0x7f90bf5a5370_0 .net *"_s483", 0 0, L_0x7f90bf5bdaa0;  1 drivers
v0x7f90bf5a5420_0 .net *"_s486", 0 0, L_0x7f90bf5bdcb0;  1 drivers
v0x7f90bf5a54d0_0 .net *"_s490", 0 0, L_0x7f90bf5bdfc0;  1 drivers
v0x7f90bf5a5580_0 .net *"_s493", 0 0, L_0x7f90bf5be1b0;  1 drivers
v0x7f90bf5a5630_0 .net *"_s496", 0 0, L_0x7f90bf5be3c0;  1 drivers
v0x7f90bf5a56e0_0 .net *"_s50", 0 0, L_0x7f90bf5aa540;  1 drivers
v0x7f90bf5a5790_0 .net *"_s500", 0 0, L_0x7f90bf5be6d0;  1 drivers
v0x7f90bf5a5840_0 .net *"_s503", 0 0, L_0x7f90bf5be8c0;  1 drivers
v0x7f90bf5a58f0_0 .net *"_s506", 0 0, L_0x7f90bf5bead0;  1 drivers
v0x7f90bf5a59a0_0 .net *"_s510", 0 0, L_0x7f90bf5bede0;  1 drivers
v0x7f90bf5a5a50_0 .net *"_s513", 0 0, L_0x7f90bf5befd0;  1 drivers
v0x7f90bf5a5b00_0 .net *"_s516", 0 0, L_0x7f90bf5bf1e0;  1 drivers
v0x7f90bf5a5bb0_0 .net *"_s520", 0 0, L_0x7f90bf5bf4f0;  1 drivers
v0x7f90bf5a5c60_0 .net *"_s523", 0 0, L_0x7f90bf5bf6e0;  1 drivers
v0x7f90bf5a5d10_0 .net *"_s526", 0 0, L_0x7f90bf5bf8f0;  1 drivers
v0x7f90bf5a5dc0_0 .net *"_s53", 0 0, L_0x7f90bf5aad20;  1 drivers
v0x7f90bf5a5e70_0 .net *"_s530", 0 0, L_0x7f90bf5bfc00;  1 drivers
v0x7f90bf5a5f20_0 .net *"_s533", 0 0, L_0x7f90bf5bfdf0;  1 drivers
v0x7f90bf5a5fd0_0 .net *"_s536", 0 0, L_0x7f90bf5c0000;  1 drivers
v0x7f90bf5a6080_0 .net *"_s540", 0 0, L_0x7f90bf5c0310;  1 drivers
v0x7f90bf5a6130_0 .net *"_s543", 0 0, L_0x7f90bf5c0500;  1 drivers
v0x7f90bf5a61e0_0 .net *"_s546", 0 0, L_0x7f90bf5c0710;  1 drivers
v0x7f90bf5a6290_0 .net *"_s550", 0 0, L_0x7f90bf5c0a20;  1 drivers
v0x7f90bf5a6340_0 .net *"_s553", 0 0, L_0x7f90bf5c0c10;  1 drivers
v0x7f90bf5a63f0_0 .net *"_s556", 0 0, L_0x7f90bf5c0e20;  1 drivers
v0x7f90bf5a64a0_0 .net *"_s56", 0 0, L_0x7f90bf5aae90;  1 drivers
v0x7f90bf5a6550_0 .net *"_s560", 0 0, L_0x7f90bf5c1130;  1 drivers
v0x7f90bf5a6600_0 .net *"_s563", 0 0, L_0x7f90bf5c1320;  1 drivers
v0x7f90bf5a66b0_0 .net *"_s566", 0 0, L_0x7f90bf5c1530;  1 drivers
v0x7f90bf5a6760_0 .net *"_s570", 0 0, L_0x7f90bf5c1840;  1 drivers
v0x7f90bf5a6810_0 .net *"_s573", 0 0, L_0x7f90bf5c1a30;  1 drivers
v0x7f90bf5a68c0_0 .net *"_s576", 0 0, L_0x7f90bf5c1c40;  1 drivers
v0x7f90bf5a6970_0 .net *"_s580", 0 0, L_0x7f90bf5c1f50;  1 drivers
v0x7f90bf5a6a20_0 .net *"_s583", 0 0, L_0x7f90bf5c2140;  1 drivers
v0x7f90bf5a6ad0_0 .net *"_s586", 0 0, L_0x7f90bf5c2350;  1 drivers
v0x7f90bf5a6b80_0 .net *"_s590", 0 0, L_0x7f90bf5c2660;  1 drivers
v0x7f90bf5a6c30_0 .net *"_s593", 0 0, L_0x7f90bf5c2850;  1 drivers
v0x7f90bf5a6ce0_0 .net *"_s596", 0 0, L_0x7f90bf5c2a60;  1 drivers
v0x7f90bf5a6d90_0 .net *"_s6", 0 0, L_0x7f90bf5a87f0;  1 drivers
v0x7f90bf5a6e40_0 .net *"_s60", 0 0, L_0x7f90bf5aac70;  1 drivers
v0x7f90bf5a6ef0_0 .net *"_s600", 0 0, L_0x7f90bf5c2d70;  1 drivers
v0x7f90bf5a6fa0_0 .net *"_s603", 0 0, L_0x7f90bf5c2f60;  1 drivers
v0x7f90bf5a7050_0 .net *"_s606", 0 0, L_0x7f90bf5c3170;  1 drivers
v0x7f90bf5a7100_0 .net *"_s610", 0 0, L_0x7f90bf5c3480;  1 drivers
v0x7f90bf5a71b0_0 .net *"_s613", 0 0, L_0x7f90bf5c3670;  1 drivers
v0x7f90bf5a7260_0 .net *"_s616", 0 0, L_0x7f90bf5c3880;  1 drivers
v0x7f90bf5a7310_0 .net *"_s620", 0 0, L_0x7f90bf5c3b90;  1 drivers
v0x7f90bf5a73c0_0 .net *"_s623", 0 0, L_0x7f90bf5c3d80;  1 drivers
v0x7f90bf5a7470_0 .net *"_s626", 0 0, L_0x7f90bf5c3f90;  1 drivers
v0x7f90bf5a7520_0 .net *"_s63", 0 0, L_0x7f90bf5a9530;  1 drivers
v0x7f90bf5a75d0_0 .net *"_s630", 0 0, L_0x7f90bf5c54d0;  1 drivers
v0x7f90bf5a7680_0 .net *"_s634", 0 0, L_0x7f90bf5c68f0;  1 drivers
v0x7f90bf5a7730_0 .net *"_s638", 0 0, L_0x7f90bf5c7cd0;  1 drivers
v0x7f90bf5a77e0_0 .net *"_s66", 0 0, L_0x7f90bf5a9670;  1 drivers
v0x7f90bf5a7890_0 .net *"_s70", 0 0, L_0x7f90bf5ab4e0;  1 drivers
v0x7f90bf5a7940_0 .net *"_s73", 0 0, L_0x7f90bf5a9bd0;  1 drivers
v0x7f90bf5a79f0_0 .net *"_s76", 0 0, L_0x7f90bf5abfa0;  1 drivers
v0x7f90bf5a7aa0_0 .net *"_s80", 0 0, L_0x7f90bf5abdb0;  1 drivers
v0x7f90bf5a7b50_0 .net *"_s83", 0 0, L_0x7f90bf5abe20;  1 drivers
v0x7f90bf5a7c00_0 .net *"_s86", 0 0, L_0x7f90bf5ac310;  1 drivers
v0x7f90bf5a7cb0_0 .net *"_s90", 0 0, L_0x7f90bf5acb20;  1 drivers
v0x7f90bf5a7d60_0 .net *"_s93", 0 0, L_0x7f90bf5aca00;  1 drivers
v0x7f90bf5a7e10_0 .net *"_s96", 0 0, L_0x7f90bf5acf40;  1 drivers
v0x7f90bf5a7ec0_0 .net "notS", 0 0, L_0x7f90bf5c7fe0;  1 drivers
v0x7f90bf5a7f60_0 .net "notSandA", 63 0, L_0x7f90bf5c42a0;  1 drivers
L_0x7f90bf5a8400 .part v0x7f90bf5a8070_0, 0, 1;
L_0x7f90bf5a8670 .part v0x7f90bf5a8100_0, 0, 1;
L_0x7f90bf5a88c0 .part L_0x7f90bf5c42a0, 0, 1;
L_0x7f90bf5a8a00 .part L_0x7f90bf5c5700, 0, 1;
L_0x7f90bf5a8c30 .part v0x7f90bf5a8070_0, 1, 1;
L_0x7f90bf5a8e50 .part v0x7f90bf5a8100_0, 1, 1;
L_0x7f90bf5a9080 .part L_0x7f90bf5c42a0, 1, 1;
L_0x7f90bf5a9220 .part L_0x7f90bf5c5700, 1, 1;
L_0x7f90bf5a93f0 .part v0x7f90bf5a8070_0, 2, 1;
L_0x7f90bf5a96f0 .part v0x7f90bf5a8100_0, 2, 1;
L_0x7f90bf5a98e0 .part L_0x7f90bf5c42a0, 2, 1;
L_0x7f90bf5a9a80 .part L_0x7f90bf5c5700, 2, 1;
L_0x7f90bf5a9c50 .part v0x7f90bf5a8070_0, 3, 1;
L_0x7f90bf5a9e30 .part v0x7f90bf5a8100_0, 3, 1;
L_0x7f90bf5aa080 .part L_0x7f90bf5c42a0, 3, 1;
L_0x7f90bf5aa2a0 .part L_0x7f90bf5c5700, 3, 1;
L_0x7f90bf5aa400 .part v0x7f90bf5a8070_0, 4, 1;
L_0x7f90bf5aa640 .part v0x7f90bf5a8100_0, 4, 1;
L_0x7f90bf5aa850 .part L_0x7f90bf5c42a0, 4, 1;
L_0x7f90bf5aaa10 .part L_0x7f90bf5c5700, 4, 1;
L_0x7f90bf5aab30 .part v0x7f90bf5a8070_0, 5, 1;
L_0x7f90bf5aad90 .part v0x7f90bf5a8100_0, 5, 1;
L_0x7f90bf5aafa0 .part L_0x7f90bf5c42a0, 5, 1;
L_0x7f90bf5ab180 .part L_0x7f90bf5c5700, 5, 1;
L_0x7f90bf5ab2a0 .part v0x7f90bf5a8070_0, 6, 1;
L_0x7f90bf5ab6b0 .part v0x7f90bf5a8100_0, 6, 1;
L_0x7f90bf5ab8d0 .part L_0x7f90bf5c42a0, 6, 1;
L_0x7f90bf5aba90 .part L_0x7f90bf5c5700, 6, 1;
L_0x7f90bf5abc70 .part v0x7f90bf5a8070_0, 7, 1;
L_0x7f90bf5abea0 .part v0x7f90bf5a8100_0, 7, 1;
L_0x7f90bf5ac070 .part L_0x7f90bf5c42a0, 7, 1;
L_0x7f90bf5ac390 .part L_0x7f90bf5c5700, 7, 1;
L_0x7f90bf5ac530 .part v0x7f90bf5a8070_0, 8, 1;
L_0x7f90bf5ac740 .part v0x7f90bf5a8100_0, 8, 1;
L_0x7f90bf5ac8c0 .part L_0x7f90bf5c42a0, 8, 1;
L_0x7f90bf5ac630 .part L_0x7f90bf5c5700, 8, 1;
L_0x7f90bf5acbd0 .part v0x7f90bf5a8070_0, 9, 1;
L_0x7f90bf5ace40 .part v0x7f90bf5a8100_0, 9, 1;
L_0x7f90bf5ad010 .part L_0x7f90bf5c42a0, 9, 1;
L_0x7f90bf5acd10 .part L_0x7f90bf5c5700, 9, 1;
L_0x7f90bf5ad300 .part v0x7f90bf5a8070_0, 10, 1;
L_0x7f90bf5ad590 .part v0x7f90bf5a8100_0, 10, 1;
L_0x7f90bf5ad740 .part L_0x7f90bf5c42a0, 10, 1;
L_0x7f90bf5ad440 .part L_0x7f90bf5c5700, 10, 1;
L_0x7f90bf5ada20 .part v0x7f90bf5a8070_0, 11, 1;
L_0x7f90bf5adcd0 .part v0x7f90bf5a8100_0, 11, 1;
L_0x7f90bf5ade80 .part L_0x7f90bf5c42a0, 11, 1;
L_0x7f90bf5adb60 .part L_0x7f90bf5c5700, 11, 1;
L_0x7f90bf5ae180 .part v0x7f90bf5a8070_0, 12, 1;
L_0x7f90bf5ae450 .part v0x7f90bf5a8100_0, 12, 1;
L_0x7f90bf5ae5b0 .part L_0x7f90bf5c42a0, 12, 1;
L_0x7f90bf5ae2c0 .part L_0x7f90bf5c5700, 12, 1;
L_0x7f90bf5ae890 .part v0x7f90bf5a8070_0, 13, 1;
L_0x7f90bf5aeb80 .part v0x7f90bf5a8100_0, 13, 1;
L_0x7f90bf5aece0 .part L_0x7f90bf5c42a0, 13, 1;
L_0x7f90bf5ae9d0 .part L_0x7f90bf5c5700, 13, 1;
L_0x7f90bf5aefe0 .part v0x7f90bf5a8070_0, 14, 1;
L_0x7f90bf5ab5b0 .part v0x7f90bf5a8100_0, 14, 1;
L_0x7f90bf5aee20 .part L_0x7f90bf5c42a0, 14, 1;
L_0x7f90bf5af320 .part L_0x7f90bf5c5700, 14, 1;
L_0x7f90bf5abb70 .part v0x7f90bf5a8070_0, 15, 1;
L_0x7f90bf5af950 .part v0x7f90bf5a8100_0, 15, 1;
L_0x7f90bf5aff70 .part L_0x7f90bf5c42a0, 15, 1;
L_0x7f90bf5ac190 .part L_0x7f90bf5c5700, 15, 1;
L_0x7f90bf5afcd0 .part v0x7f90bf5a8070_0, 16, 1;
L_0x7f90bf5b02b0 .part v0x7f90bf5a8100_0, 16, 1;
L_0x7f90bf5b08c0 .part L_0x7f90bf5c42a0, 16, 1;
L_0x7f90bf5b06b0 .part L_0x7f90bf5c5700, 16, 1;
L_0x7f90bf5b0c20 .part v0x7f90bf5a8070_0, 17, 1;
L_0x7f90bf5b0ab0 .part v0x7f90bf5a8100_0, 17, 1;
L_0x7f90bf5b1000 .part L_0x7f90bf5c42a0, 17, 1;
L_0x7f90bf5b0d20 .part L_0x7f90bf5c5700, 17, 1;
L_0x7f90bf5b1380 .part v0x7f90bf5a8070_0, 18, 1;
L_0x7f90bf5b11b0 .part v0x7f90bf5a8100_0, 18, 1;
L_0x7f90bf5b1730 .part L_0x7f90bf5c42a0, 18, 1;
L_0x7f90bf5b1480 .part L_0x7f90bf5c5700, 18, 1;
L_0x7f90bf5b1ad0 .part v0x7f90bf5a8070_0, 19, 1;
L_0x7f90bf5b1a10 .part v0x7f90bf5a8100_0, 19, 1;
L_0x7f90bf5b1e80 .part L_0x7f90bf5c42a0, 19, 1;
L_0x7f90bf5b1bd0 .part L_0x7f90bf5c5700, 19, 1;
L_0x7f90bf5b1da0 .part v0x7f90bf5a8070_0, 20, 1;
L_0x7f90bf5b2000 .part v0x7f90bf5a8100_0, 20, 1;
L_0x7f90bf5b25d0 .part L_0x7f90bf5c42a0, 20, 1;
L_0x7f90bf5b2330 .part L_0x7f90bf5c5700, 20, 1;
L_0x7f90bf5b24c0 .part v0x7f90bf5a8070_0, 21, 1;
L_0x7f90bf5b27e0 .part v0x7f90bf5a8100_0, 21, 1;
L_0x7f90bf5b2d00 .part L_0x7f90bf5c42a0, 21, 1;
L_0x7f90bf5b29f0 .part L_0x7f90bf5c5700, 21, 1;
L_0x7f90bf5b2b80 .part v0x7f90bf5a8070_0, 22, 1;
L_0x7f90bf5b3030 .part v0x7f90bf5a8100_0, 22, 1;
L_0x7f90bf5b3450 .part L_0x7f90bf5c42a0, 22, 1;
L_0x7f90bf5b3140 .part L_0x7f90bf5c5700, 22, 1;
L_0x7f90bf5b32d0 .part v0x7f90bf5a8070_0, 23, 1;
L_0x7f90bf5b3950 .part v0x7f90bf5a8100_0, 23, 1;
L_0x7f90bf5b3b80 .part L_0x7f90bf5c42a0, 23, 1;
L_0x7f90bf5b3590 .part L_0x7f90bf5c5700, 23, 1;
L_0x7f90bf5b3720 .part v0x7f90bf5a8070_0, 24, 1;
L_0x7f90bf5b4080 .part v0x7f90bf5a8100_0, 24, 1;
L_0x7f90bf5b42b0 .part L_0x7f90bf5c42a0, 24, 1;
L_0x7f90bf5b3cc0 .part L_0x7f90bf5c5700, 24, 1;
L_0x7f90bf5b3e50 .part v0x7f90bf5a8070_0, 25, 1;
L_0x7f90bf5b47d0 .part v0x7f90bf5a8100_0, 25, 1;
L_0x7f90bf5b49e0 .part L_0x7f90bf5c42a0, 25, 1;
L_0x7f90bf5b43f0 .part L_0x7f90bf5c5700, 25, 1;
L_0x7f90bf5b4580 .part v0x7f90bf5a8070_0, 26, 1;
L_0x7f90bf5b4ee0 .part v0x7f90bf5a8100_0, 26, 1;
L_0x7f90bf5b5110 .part L_0x7f90bf5c42a0, 26, 1;
L_0x7f90bf5b4b20 .part L_0x7f90bf5c5700, 26, 1;
L_0x7f90bf5b4cb0 .part v0x7f90bf5a8070_0, 27, 1;
L_0x7f90bf5b5620 .part v0x7f90bf5a8100_0, 27, 1;
L_0x7f90bf5b5850 .part L_0x7f90bf5c42a0, 27, 1;
L_0x7f90bf5b5250 .part L_0x7f90bf5c5700, 27, 1;
L_0x7f90bf5b5520 .part v0x7f90bf5a8070_0, 28, 1;
L_0x7f90bf5b5d60 .part v0x7f90bf5a8100_0, 28, 1;
L_0x7f90bf5b5f90 .part L_0x7f90bf5c42a0, 28, 1;
L_0x7f90bf5b5990 .part L_0x7f90bf5c5700, 28, 1;
L_0x7f90bf5b5c60 .part v0x7f90bf5a8070_0, 29, 1;
L_0x7f90bf5b64c0 .part v0x7f90bf5a8100_0, 29, 1;
L_0x7f90bf5b66d0 .part L_0x7f90bf5c42a0, 29, 1;
L_0x7f90bf5b60d0 .part L_0x7f90bf5c5700, 29, 1;
L_0x7f90bf5b63a0 .part v0x7f90bf5a8070_0, 30, 1;
L_0x7f90bf5af260 .part v0x7f90bf5a8100_0, 30, 1;
L_0x7f90bf5af520 .part L_0x7f90bf5c42a0, 30, 1;
L_0x7f90bf5af660 .part L_0x7f90bf5c5700, 30, 1;
L_0x7f90bf5af7f0 .part v0x7f90bf5a8070_0, 31, 1;
L_0x7f90bf5afc20 .part v0x7f90bf5a8100_0, 31, 1;
L_0x7f90bf5b6d60 .part L_0x7f90bf5c42a0, 31, 1;
L_0x7f90bf5b00b0 .part L_0x7f90bf5c5700, 31, 1;
L_0x7f90bf5b04a0 .part v0x7f90bf5a8070_0, 32, 1;
L_0x7f90bf5b6810 .part v0x7f90bf5a8100_0, 32, 1;
L_0x7f90bf5b6b40 .part L_0x7f90bf5c42a0, 32, 1;
L_0x7f90bf5b6a20 .part L_0x7f90bf5c5700, 32, 1;
L_0x7f90bf5b6f90 .part v0x7f90bf5a8070_0, 33, 1;
L_0x7f90bf5b7180 .part v0x7f90bf5a8100_0, 33, 1;
L_0x7f90bf5b73b0 .part L_0x7f90bf5c42a0, 33, 1;
L_0x7f90bf5b74f0 .part L_0x7f90bf5c5700, 33, 1;
L_0x7f90bf5b7680 .part v0x7f90bf5a8070_0, 34, 1;
L_0x7f90bf5b7890 .part v0x7f90bf5a8100_0, 34, 1;
L_0x7f90bf5b7ac0 .part L_0x7f90bf5c42a0, 34, 1;
L_0x7f90bf5b7c00 .part L_0x7f90bf5c5700, 34, 1;
L_0x7f90bf5b7d90 .part v0x7f90bf5a8070_0, 35, 1;
L_0x7f90bf5b7fa0 .part v0x7f90bf5a8100_0, 35, 1;
L_0x7f90bf5b81d0 .part L_0x7f90bf5c42a0, 35, 1;
L_0x7f90bf5b8310 .part L_0x7f90bf5c5700, 35, 1;
L_0x7f90bf5b84a0 .part v0x7f90bf5a8070_0, 36, 1;
L_0x7f90bf5b86b0 .part v0x7f90bf5a8100_0, 36, 1;
L_0x7f90bf5b88e0 .part L_0x7f90bf5c42a0, 36, 1;
L_0x7f90bf5b8a20 .part L_0x7f90bf5c5700, 36, 1;
L_0x7f90bf5b8bb0 .part v0x7f90bf5a8070_0, 37, 1;
L_0x7f90bf5b8dc0 .part v0x7f90bf5a8100_0, 37, 1;
L_0x7f90bf5b8ff0 .part L_0x7f90bf5c42a0, 37, 1;
L_0x7f90bf5b9130 .part L_0x7f90bf5c5700, 37, 1;
L_0x7f90bf5b92c0 .part v0x7f90bf5a8070_0, 38, 1;
L_0x7f90bf5b94d0 .part v0x7f90bf5a8100_0, 38, 1;
L_0x7f90bf5b9700 .part L_0x7f90bf5c42a0, 38, 1;
L_0x7f90bf5b9840 .part L_0x7f90bf5c5700, 38, 1;
L_0x7f90bf5b99d0 .part v0x7f90bf5a8070_0, 39, 1;
L_0x7f90bf5b9be0 .part v0x7f90bf5a8100_0, 39, 1;
L_0x7f90bf5b9e10 .part L_0x7f90bf5c42a0, 39, 1;
L_0x7f90bf5b9f50 .part L_0x7f90bf5c5700, 39, 1;
L_0x7f90bf5ba0e0 .part v0x7f90bf5a8070_0, 40, 1;
L_0x7f90bf5ba2f0 .part v0x7f90bf5a8100_0, 40, 1;
L_0x7f90bf5ba520 .part L_0x7f90bf5c42a0, 40, 1;
L_0x7f90bf5ba660 .part L_0x7f90bf5c5700, 40, 1;
L_0x7f90bf5ba7f0 .part v0x7f90bf5a8070_0, 41, 1;
L_0x7f90bf5baa00 .part v0x7f90bf5a8100_0, 41, 1;
L_0x7f90bf5bac30 .part L_0x7f90bf5c42a0, 41, 1;
L_0x7f90bf5bad70 .part L_0x7f90bf5c5700, 41, 1;
L_0x7f90bf5baf00 .part v0x7f90bf5a8070_0, 42, 1;
L_0x7f90bf5bb110 .part v0x7f90bf5a8100_0, 42, 1;
L_0x7f90bf5bb340 .part L_0x7f90bf5c42a0, 42, 1;
L_0x7f90bf5bb480 .part L_0x7f90bf5c5700, 42, 1;
L_0x7f90bf5bb610 .part v0x7f90bf5a8070_0, 43, 1;
L_0x7f90bf5bb820 .part v0x7f90bf5a8100_0, 43, 1;
L_0x7f90bf5bba50 .part L_0x7f90bf5c42a0, 43, 1;
L_0x7f90bf5bbb90 .part L_0x7f90bf5c5700, 43, 1;
L_0x7f90bf5bbd20 .part v0x7f90bf5a8070_0, 44, 1;
L_0x7f90bf5bbf30 .part v0x7f90bf5a8100_0, 44, 1;
L_0x7f90bf5bc160 .part L_0x7f90bf5c42a0, 44, 1;
L_0x7f90bf5bc2a0 .part L_0x7f90bf5c5700, 44, 1;
L_0x7f90bf5bc430 .part v0x7f90bf5a8070_0, 45, 1;
L_0x7f90bf5bc640 .part v0x7f90bf5a8100_0, 45, 1;
L_0x7f90bf5bc870 .part L_0x7f90bf5c42a0, 45, 1;
L_0x7f90bf5bc9b0 .part L_0x7f90bf5c5700, 45, 1;
L_0x7f90bf5bcb40 .part v0x7f90bf5a8070_0, 46, 1;
L_0x7f90bf5bcd50 .part v0x7f90bf5a8100_0, 46, 1;
L_0x7f90bf5bcf80 .part L_0x7f90bf5c42a0, 46, 1;
L_0x7f90bf5bd0c0 .part L_0x7f90bf5c5700, 46, 1;
L_0x7f90bf5bd250 .part v0x7f90bf5a8070_0, 47, 1;
L_0x7f90bf5bd460 .part v0x7f90bf5a8100_0, 47, 1;
L_0x7f90bf5bd690 .part L_0x7f90bf5c42a0, 47, 1;
L_0x7f90bf5bd7d0 .part L_0x7f90bf5c5700, 47, 1;
L_0x7f90bf5bd960 .part v0x7f90bf5a8070_0, 48, 1;
L_0x7f90bf5bdb70 .part v0x7f90bf5a8100_0, 48, 1;
L_0x7f90bf5bdda0 .part L_0x7f90bf5c42a0, 48, 1;
L_0x7f90bf5bdee0 .part L_0x7f90bf5c5700, 48, 1;
L_0x7f90bf5be070 .part v0x7f90bf5a8070_0, 49, 1;
L_0x7f90bf5be280 .part v0x7f90bf5a8100_0, 49, 1;
L_0x7f90bf5be4b0 .part L_0x7f90bf5c42a0, 49, 1;
L_0x7f90bf5be5f0 .part L_0x7f90bf5c5700, 49, 1;
L_0x7f90bf5be780 .part v0x7f90bf5a8070_0, 50, 1;
L_0x7f90bf5be990 .part v0x7f90bf5a8100_0, 50, 1;
L_0x7f90bf5bebc0 .part L_0x7f90bf5c42a0, 50, 1;
L_0x7f90bf5bed00 .part L_0x7f90bf5c5700, 50, 1;
L_0x7f90bf5bee90 .part v0x7f90bf5a8070_0, 51, 1;
L_0x7f90bf5bf0a0 .part v0x7f90bf5a8100_0, 51, 1;
L_0x7f90bf5bf2d0 .part L_0x7f90bf5c42a0, 51, 1;
L_0x7f90bf5bf410 .part L_0x7f90bf5c5700, 51, 1;
L_0x7f90bf5bf5a0 .part v0x7f90bf5a8070_0, 52, 1;
L_0x7f90bf5bf7b0 .part v0x7f90bf5a8100_0, 52, 1;
L_0x7f90bf5bf9e0 .part L_0x7f90bf5c42a0, 52, 1;
L_0x7f90bf5bfb20 .part L_0x7f90bf5c5700, 52, 1;
L_0x7f90bf5bfcb0 .part v0x7f90bf5a8070_0, 53, 1;
L_0x7f90bf5bfec0 .part v0x7f90bf5a8100_0, 53, 1;
L_0x7f90bf5c00f0 .part L_0x7f90bf5c42a0, 53, 1;
L_0x7f90bf5c0230 .part L_0x7f90bf5c5700, 53, 1;
L_0x7f90bf5c03c0 .part v0x7f90bf5a8070_0, 54, 1;
L_0x7f90bf5c05d0 .part v0x7f90bf5a8100_0, 54, 1;
L_0x7f90bf5c0800 .part L_0x7f90bf5c42a0, 54, 1;
L_0x7f90bf5c0940 .part L_0x7f90bf5c5700, 54, 1;
L_0x7f90bf5c0ad0 .part v0x7f90bf5a8070_0, 55, 1;
L_0x7f90bf5c0ce0 .part v0x7f90bf5a8100_0, 55, 1;
L_0x7f90bf5c0f10 .part L_0x7f90bf5c42a0, 55, 1;
L_0x7f90bf5c1050 .part L_0x7f90bf5c5700, 55, 1;
L_0x7f90bf5c11e0 .part v0x7f90bf5a8070_0, 56, 1;
L_0x7f90bf5c13f0 .part v0x7f90bf5a8100_0, 56, 1;
L_0x7f90bf5c1620 .part L_0x7f90bf5c42a0, 56, 1;
L_0x7f90bf5c1760 .part L_0x7f90bf5c5700, 56, 1;
L_0x7f90bf5c18f0 .part v0x7f90bf5a8070_0, 57, 1;
L_0x7f90bf5c1b00 .part v0x7f90bf5a8100_0, 57, 1;
L_0x7f90bf5c1d30 .part L_0x7f90bf5c42a0, 57, 1;
L_0x7f90bf5c1e70 .part L_0x7f90bf5c5700, 57, 1;
L_0x7f90bf5c2000 .part v0x7f90bf5a8070_0, 58, 1;
L_0x7f90bf5c2210 .part v0x7f90bf5a8100_0, 58, 1;
L_0x7f90bf5c2440 .part L_0x7f90bf5c42a0, 58, 1;
L_0x7f90bf5c2580 .part L_0x7f90bf5c5700, 58, 1;
L_0x7f90bf5c2710 .part v0x7f90bf5a8070_0, 59, 1;
L_0x7f90bf5c2920 .part v0x7f90bf5a8100_0, 59, 1;
L_0x7f90bf5c2b50 .part L_0x7f90bf5c42a0, 59, 1;
L_0x7f90bf5c2c90 .part L_0x7f90bf5c5700, 59, 1;
L_0x7f90bf5c2e20 .part v0x7f90bf5a8070_0, 60, 1;
L_0x7f90bf5c3030 .part v0x7f90bf5a8100_0, 60, 1;
L_0x7f90bf5c3260 .part L_0x7f90bf5c42a0, 60, 1;
L_0x7f90bf5c33a0 .part L_0x7f90bf5c5700, 60, 1;
L_0x7f90bf5c3530 .part v0x7f90bf5a8070_0, 61, 1;
L_0x7f90bf5c3740 .part v0x7f90bf5a8100_0, 61, 1;
L_0x7f90bf5c3970 .part L_0x7f90bf5c42a0, 61, 1;
L_0x7f90bf5c3ab0 .part L_0x7f90bf5c5700, 61, 1;
L_0x7f90bf5c3c40 .part v0x7f90bf5a8070_0, 62, 1;
L_0x7f90bf5c3e50 .part v0x7f90bf5a8100_0, 62, 1;
L_0x7f90bf5c4080 .part L_0x7f90bf5c42a0, 62, 1;
L_0x7f90bf5c41c0 .part L_0x7f90bf5c5700, 62, 1;
LS_0x7f90bf5c42a0_0_0 .concat8 [ 1 1 1 1], L_0x7f90bf5a82d0, L_0x7f90bf5a8ae0, L_0x7f90bf5a9340, L_0x7f90bf5a9b60;
LS_0x7f90bf5c42a0_0_4 .concat8 [ 1 1 1 1], L_0x7f90bf5a9d50, L_0x7f90bf5aa540, L_0x7f90bf5aac70, L_0x7f90bf5ab4e0;
LS_0x7f90bf5c42a0_0_8 .concat8 [ 1 1 1 1], L_0x7f90bf5abdb0, L_0x7f90bf5acb20, L_0x7f90bf5ad290, L_0x7f90bf5ad520;
LS_0x7f90bf5c42a0_0_12 .concat8 [ 1 1 1 1], L_0x7f90bf5adc40, L_0x7f90bf5ae3a0, L_0x7f90bf5aeab0, L_0x7f90bf5af3c0;
LS_0x7f90bf5c42a0_0_16 .concat8 [ 1 1 1 1], L_0x7f90bf5ac430, L_0x7f90bf5b0790, L_0x7f90bf5b0e00, L_0x7f90bf5b1560;
LS_0x7f90bf5c42a0_0_20 .concat8 [ 1 1 1 1], L_0x7f90bf5b1cb0, L_0x7f90bf5b2410, L_0x7f90bf5b2ad0, L_0x7f90bf5b3220;
LS_0x7f90bf5c42a0_0_24 .concat8 [ 1 1 1 1], L_0x7f90bf5b3670, L_0x7f90bf5b3da0, L_0x7f90bf5b44d0, L_0x7f90bf5b4c00;
LS_0x7f90bf5c42a0_0_28 .concat8 [ 1 1 1 1], L_0x7f90bf5b5330, L_0x7f90bf5b5a70, L_0x7f90bf5b61b0, L_0x7f90bf5af740;
LS_0x7f90bf5c42a0_0_32 .concat8 [ 1 1 1 1], L_0x7f90bf5b0190, L_0x7f90bf5b6ee0, L_0x7f90bf5b75d0, L_0x7f90bf5b7ce0;
LS_0x7f90bf5c42a0_0_36 .concat8 [ 1 1 1 1], L_0x7f90bf5b83f0, L_0x7f90bf5b8b00, L_0x7f90bf5b9210, L_0x7f90bf5b9920;
LS_0x7f90bf5c42a0_0_40 .concat8 [ 1 1 1 1], L_0x7f90bf5ba030, L_0x7f90bf5ba740, L_0x7f90bf5bae50, L_0x7f90bf5bb560;
LS_0x7f90bf5c42a0_0_44 .concat8 [ 1 1 1 1], L_0x7f90bf5bbc70, L_0x7f90bf5bc380, L_0x7f90bf5bca90, L_0x7f90bf5bd1a0;
LS_0x7f90bf5c42a0_0_48 .concat8 [ 1 1 1 1], L_0x7f90bf5bd8b0, L_0x7f90bf5bdfc0, L_0x7f90bf5be6d0, L_0x7f90bf5bede0;
LS_0x7f90bf5c42a0_0_52 .concat8 [ 1 1 1 1], L_0x7f90bf5bf4f0, L_0x7f90bf5bfc00, L_0x7f90bf5c0310, L_0x7f90bf5c0a20;
LS_0x7f90bf5c42a0_0_56 .concat8 [ 1 1 1 1], L_0x7f90bf5c1130, L_0x7f90bf5c1840, L_0x7f90bf5c1f50, L_0x7f90bf5c2660;
LS_0x7f90bf5c42a0_0_60 .concat8 [ 1 1 1 1], L_0x7f90bf5c2d70, L_0x7f90bf5c3480, L_0x7f90bf5c3b90, L_0x7f90bf5c54d0;
LS_0x7f90bf5c42a0_1_0 .concat8 [ 4 4 4 4], LS_0x7f90bf5c42a0_0_0, LS_0x7f90bf5c42a0_0_4, LS_0x7f90bf5c42a0_0_8, LS_0x7f90bf5c42a0_0_12;
LS_0x7f90bf5c42a0_1_4 .concat8 [ 4 4 4 4], LS_0x7f90bf5c42a0_0_16, LS_0x7f90bf5c42a0_0_20, LS_0x7f90bf5c42a0_0_24, LS_0x7f90bf5c42a0_0_28;
LS_0x7f90bf5c42a0_1_8 .concat8 [ 4 4 4 4], LS_0x7f90bf5c42a0_0_32, LS_0x7f90bf5c42a0_0_36, LS_0x7f90bf5c42a0_0_40, LS_0x7f90bf5c42a0_0_44;
LS_0x7f90bf5c42a0_1_12 .concat8 [ 4 4 4 4], LS_0x7f90bf5c42a0_0_48, LS_0x7f90bf5c42a0_0_52, LS_0x7f90bf5c42a0_0_56, LS_0x7f90bf5c42a0_0_60;
L_0x7f90bf5c42a0 .concat8 [ 16 16 16 16], LS_0x7f90bf5c42a0_1_0, LS_0x7f90bf5c42a0_1_4, LS_0x7f90bf5c42a0_1_8, LS_0x7f90bf5c42a0_1_12;
L_0x7f90bf5c55c0 .part v0x7f90bf5a8070_0, 63, 1;
LS_0x7f90bf5c5700_0_0 .concat8 [ 1 1 1 1], L_0x7f90bf5a8580, L_0x7f90bf5a8da0, L_0x7f90bf5a9600, L_0x7f90bf5a9dc0;
LS_0x7f90bf5c5700_0_4 .concat8 [ 1 1 1 1], L_0x7f90bf5aa5d0, L_0x7f90bf5aad20, L_0x7f90bf5a9530, L_0x7f90bf5a9bd0;
LS_0x7f90bf5c5700_0_8 .concat8 [ 1 1 1 1], L_0x7f90bf5abe20, L_0x7f90bf5aca00, L_0x7f90bf5ad150, L_0x7f90bf5ad880;
LS_0x7f90bf5c5700_0_12 .concat8 [ 1 1 1 1], L_0x7f90bf5adfc0, L_0x7f90bf5ae6f0, L_0x7f90bf5ab3e0, L_0x7f90bf5af470;
LS_0x7f90bf5c5700_0_16 .concat8 [ 1 1 1 1], L_0x7f90bf5afdb0, L_0x7f90bf5b0a00, L_0x7f90bf5b1140, L_0x7f90bf5b1650;
LS_0x7f90bf5c5700_0_20 .concat8 [ 1 1 1 1], L_0x7f90bf5b2280, L_0x7f90bf5b2710, L_0x7f90bf5b2e40, L_0x7f90bf5b3880;
LS_0x7f90bf5c5700_0_24 .concat8 [ 1 1 1 1], L_0x7f90bf5b3fd0, L_0x7f90bf5b4720, L_0x7f90bf5b4e70, L_0x7f90bf5b4df0;
LS_0x7f90bf5c5700_0_28 .concat8 [ 1 1 1 1], L_0x7f90bf5b5420, L_0x7f90bf5b5b60, L_0x7f90bf5b6260, L_0x7f90bf5afb10;
LS_0x7f90bf5c5700_0_32 .concat8 [ 1 1 1 1], L_0x7f90bf5b0580, L_0x7f90bf5b70d0, L_0x7f90bf5b77c0, L_0x7f90bf5b7ed0;
LS_0x7f90bf5c5700_0_36 .concat8 [ 1 1 1 1], L_0x7f90bf5b85e0, L_0x7f90bf5b8cf0, L_0x7f90bf5b9400, L_0x7f90bf5b9b10;
LS_0x7f90bf5c5700_0_40 .concat8 [ 1 1 1 1], L_0x7f90bf5ba220, L_0x7f90bf5ba930, L_0x7f90bf5bb040, L_0x7f90bf5bb750;
LS_0x7f90bf5c5700_0_44 .concat8 [ 1 1 1 1], L_0x7f90bf5bbe60, L_0x7f90bf5bc570, L_0x7f90bf5bcc80, L_0x7f90bf5bd390;
LS_0x7f90bf5c5700_0_48 .concat8 [ 1 1 1 1], L_0x7f90bf5bdaa0, L_0x7f90bf5be1b0, L_0x7f90bf5be8c0, L_0x7f90bf5befd0;
LS_0x7f90bf5c5700_0_52 .concat8 [ 1 1 1 1], L_0x7f90bf5bf6e0, L_0x7f90bf5bfdf0, L_0x7f90bf5c0500, L_0x7f90bf5c0c10;
LS_0x7f90bf5c5700_0_56 .concat8 [ 1 1 1 1], L_0x7f90bf5c1320, L_0x7f90bf5c1a30, L_0x7f90bf5c2140, L_0x7f90bf5c2850;
LS_0x7f90bf5c5700_0_60 .concat8 [ 1 1 1 1], L_0x7f90bf5c2f60, L_0x7f90bf5c3670, L_0x7f90bf5c3d80, L_0x7f90bf5c68f0;
LS_0x7f90bf5c5700_1_0 .concat8 [ 4 4 4 4], LS_0x7f90bf5c5700_0_0, LS_0x7f90bf5c5700_0_4, LS_0x7f90bf5c5700_0_8, LS_0x7f90bf5c5700_0_12;
LS_0x7f90bf5c5700_1_4 .concat8 [ 4 4 4 4], LS_0x7f90bf5c5700_0_16, LS_0x7f90bf5c5700_0_20, LS_0x7f90bf5c5700_0_24, LS_0x7f90bf5c5700_0_28;
LS_0x7f90bf5c5700_1_8 .concat8 [ 4 4 4 4], LS_0x7f90bf5c5700_0_32, LS_0x7f90bf5c5700_0_36, LS_0x7f90bf5c5700_0_40, LS_0x7f90bf5c5700_0_44;
LS_0x7f90bf5c5700_1_12 .concat8 [ 4 4 4 4], LS_0x7f90bf5c5700_0_48, LS_0x7f90bf5c5700_0_52, LS_0x7f90bf5c5700_0_56, LS_0x7f90bf5c5700_0_60;
L_0x7f90bf5c5700 .concat8 [ 16 16 16 16], LS_0x7f90bf5c5700_1_0, LS_0x7f90bf5c5700_1_4, LS_0x7f90bf5c5700_1_8, LS_0x7f90bf5c5700_1_12;
L_0x7f90bf5c69e0 .part v0x7f90bf5a8100_0, 63, 1;
LS_0x7f90bf5c6b20_0_0 .concat8 [ 1 1 1 1], L_0x7f90bf5a87f0, L_0x7f90bf5a8f90, L_0x7f90bf5a9870, L_0x7f90bf5a9f70;
LS_0x7f90bf5c6b20_0_4 .concat8 [ 1 1 1 1], L_0x7f90bf5aa740, L_0x7f90bf5aae90, L_0x7f90bf5a9670, L_0x7f90bf5abfa0;
LS_0x7f90bf5c6b20_0_8 .concat8 [ 1 1 1 1], L_0x7f90bf5ac310, L_0x7f90bf5acf40, L_0x7f90bf5ad690, L_0x7f90bf5addd0;
LS_0x7f90bf5c6b20_0_12 .concat8 [ 1 1 1 1], L_0x7f90bf5ae0b0, L_0x7f90bf5ae800, L_0x7f90bf5ab7b0, L_0x7f90bf5afec0;
LS_0x7f90bf5c6b20_0_16 .concat8 [ 1 1 1 1], L_0x7f90bf5b0390, L_0x7f90bf5b0f50, L_0x7f90bf5b12f0, L_0x7f90bf5b1910;
LS_0x7f90bf5c6b20_0_20 .concat8 [ 1 1 1 1], L_0x7f90bf5b2140, L_0x7f90bf5b2920, L_0x7f90bf5b2f30, L_0x7f90bf5b3a90;
LS_0x7f90bf5c6b20_0_24 .concat8 [ 1 1 1 1], L_0x7f90bf5b41c0, L_0x7f90bf5b4910, L_0x7f90bf5b5020, L_0x7f90bf5b5760;
LS_0x7f90bf5c6b20_0_28 .concat8 [ 1 1 1 1], L_0x7f90bf5b5ea0, L_0x7f90bf5b6600, L_0x7f90bf5af160, L_0x7f90bf5b6c40;
LS_0x7f90bf5c6b20_0_32 .concat8 [ 1 1 1 1], L_0x7f90bf5b68f0, L_0x7f90bf5b72c0, L_0x7f90bf5b79d0, L_0x7f90bf5b80e0;
LS_0x7f90bf5c6b20_0_36 .concat8 [ 1 1 1 1], L_0x7f90bf5b87f0, L_0x7f90bf5b8f00, L_0x7f90bf5b9610, L_0x7f90bf5b9d20;
LS_0x7f90bf5c6b20_0_40 .concat8 [ 1 1 1 1], L_0x7f90bf5ba430, L_0x7f90bf5bab40, L_0x7f90bf5bb250, L_0x7f90bf5bb960;
LS_0x7f90bf5c6b20_0_44 .concat8 [ 1 1 1 1], L_0x7f90bf5bc070, L_0x7f90bf5bc780, L_0x7f90bf5bce90, L_0x7f90bf5bd5a0;
LS_0x7f90bf5c6b20_0_48 .concat8 [ 1 1 1 1], L_0x7f90bf5bdcb0, L_0x7f90bf5be3c0, L_0x7f90bf5bead0, L_0x7f90bf5bf1e0;
LS_0x7f90bf5c6b20_0_52 .concat8 [ 1 1 1 1], L_0x7f90bf5bf8f0, L_0x7f90bf5c0000, L_0x7f90bf5c0710, L_0x7f90bf5c0e20;
LS_0x7f90bf5c6b20_0_56 .concat8 [ 1 1 1 1], L_0x7f90bf5c1530, L_0x7f90bf5c1c40, L_0x7f90bf5c2350, L_0x7f90bf5c2a60;
LS_0x7f90bf5c6b20_0_60 .concat8 [ 1 1 1 1], L_0x7f90bf5c3170, L_0x7f90bf5c3880, L_0x7f90bf5c3f90, L_0x7f90bf5c7cd0;
LS_0x7f90bf5c6b20_1_0 .concat8 [ 4 4 4 4], LS_0x7f90bf5c6b20_0_0, LS_0x7f90bf5c6b20_0_4, LS_0x7f90bf5c6b20_0_8, LS_0x7f90bf5c6b20_0_12;
LS_0x7f90bf5c6b20_1_4 .concat8 [ 4 4 4 4], LS_0x7f90bf5c6b20_0_16, LS_0x7f90bf5c6b20_0_20, LS_0x7f90bf5c6b20_0_24, LS_0x7f90bf5c6b20_0_28;
LS_0x7f90bf5c6b20_1_8 .concat8 [ 4 4 4 4], LS_0x7f90bf5c6b20_0_32, LS_0x7f90bf5c6b20_0_36, LS_0x7f90bf5c6b20_0_40, LS_0x7f90bf5c6b20_0_44;
LS_0x7f90bf5c6b20_1_12 .concat8 [ 4 4 4 4], LS_0x7f90bf5c6b20_0_48, LS_0x7f90bf5c6b20_0_52, LS_0x7f90bf5c6b20_0_56, LS_0x7f90bf5c6b20_0_60;
L_0x7f90bf5c6b20 .concat8 [ 16 16 16 16], LS_0x7f90bf5c6b20_1_0, LS_0x7f90bf5c6b20_1_4, LS_0x7f90bf5c6b20_1_8, LS_0x7f90bf5c6b20_1_12;
L_0x7f90bf5c7dc0 .part L_0x7f90bf5c42a0, 63, 1;
L_0x7f90bf5c7f00 .part L_0x7f90bf5c5700, 63, 1;
S_0x7f90bf583a80 .scope generate, "for_loop[0]" "for_loop[0]" 3 15, 3 15 0, S_0x7f90bf500050;
 .timescale 0 0;
P_0x7f90bf502350 .param/l "i" 0 3 15, +C4<00>;
L_0x7f90bf5a82d0/d .functor AND 1, L_0x7f90bf5a8400, L_0x7f90bf5c7fe0, C4<1>, C4<1>;
L_0x7f90bf5a82d0 .delay 1 (2,2,2) L_0x7f90bf5a82d0/d;
L_0x7f90bf5a8580/d .functor AND 1, L_0x7f90bf5a8670, v0x7f90bf5a8220_0, C4<1>, C4<1>;
L_0x7f90bf5a8580 .delay 1 (2,2,2) L_0x7f90bf5a8580/d;
L_0x7f90bf5a87f0/d .functor OR 1, L_0x7f90bf5a88c0, L_0x7f90bf5a8a00, C4<0>, C4<0>;
L_0x7f90bf5a87f0 .delay 1 (3,3,3) L_0x7f90bf5a87f0/d;
v0x7f90bf571d20_0 .net *"_s0", 0 0, L_0x7f90bf5a8400;  1 drivers
v0x7f90bf58ac00_0 .net *"_s1", 0 0, L_0x7f90bf5a8670;  1 drivers
v0x7f90bf58acb0_0 .net *"_s2", 0 0, L_0x7f90bf5a88c0;  1 drivers
v0x7f90bf58ad70_0 .net *"_s3", 0 0, L_0x7f90bf5a8a00;  1 drivers
S_0x7f90bf58ae20 .scope generate, "for_loop[1]" "for_loop[1]" 3 15, 3 15 0, S_0x7f90bf500050;
 .timescale 0 0;
P_0x7f90bf58aff0 .param/l "i" 0 3 15, +C4<01>;
L_0x7f90bf5a8ae0/d .functor AND 1, L_0x7f90bf5a8c30, L_0x7f90bf5c7fe0, C4<1>, C4<1>;
L_0x7f90bf5a8ae0 .delay 1 (2,2,2) L_0x7f90bf5a8ae0/d;
L_0x7f90bf5a8da0/d .functor AND 1, L_0x7f90bf5a8e50, v0x7f90bf5a8220_0, C4<1>, C4<1>;
L_0x7f90bf5a8da0 .delay 1 (2,2,2) L_0x7f90bf5a8da0/d;
L_0x7f90bf5a8f90/d .functor OR 1, L_0x7f90bf5a9080, L_0x7f90bf5a9220, C4<0>, C4<0>;
L_0x7f90bf5a8f90 .delay 1 (3,3,3) L_0x7f90bf5a8f90/d;
v0x7f90bf58b080_0 .net *"_s0", 0 0, L_0x7f90bf5a8c30;  1 drivers
v0x7f90bf58b130_0 .net *"_s1", 0 0, L_0x7f90bf5a8e50;  1 drivers
v0x7f90bf58b1e0_0 .net *"_s2", 0 0, L_0x7f90bf5a9080;  1 drivers
v0x7f90bf58b2a0_0 .net *"_s3", 0 0, L_0x7f90bf5a9220;  1 drivers
S_0x7f90bf58b350 .scope generate, "for_loop[2]" "for_loop[2]" 3 15, 3 15 0, S_0x7f90bf500050;
 .timescale 0 0;
P_0x7f90bf58b530 .param/l "i" 0 3 15, +C4<010>;
L_0x7f90bf5a9340/d .functor AND 1, L_0x7f90bf5a93f0, L_0x7f90bf5c7fe0, C4<1>, C4<1>;
L_0x7f90bf5a9340 .delay 1 (2,2,2) L_0x7f90bf5a9340/d;
L_0x7f90bf5a9600/d .functor AND 1, L_0x7f90bf5a96f0, v0x7f90bf5a8220_0, C4<1>, C4<1>;
L_0x7f90bf5a9600 .delay 1 (2,2,2) L_0x7f90bf5a9600/d;
L_0x7f90bf5a9870/d .functor OR 1, L_0x7f90bf5a98e0, L_0x7f90bf5a9a80, C4<0>, C4<0>;
L_0x7f90bf5a9870 .delay 1 (3,3,3) L_0x7f90bf5a9870/d;
v0x7f90bf58b5c0_0 .net *"_s0", 0 0, L_0x7f90bf5a93f0;  1 drivers
v0x7f90bf58b670_0 .net *"_s1", 0 0, L_0x7f90bf5a96f0;  1 drivers
v0x7f90bf58b720_0 .net *"_s2", 0 0, L_0x7f90bf5a98e0;  1 drivers
v0x7f90bf58b7e0_0 .net *"_s3", 0 0, L_0x7f90bf5a9a80;  1 drivers
S_0x7f90bf58b890 .scope generate, "for_loop[3]" "for_loop[3]" 3 15, 3 15 0, S_0x7f90bf500050;
 .timescale 0 0;
P_0x7f90bf58ba50 .param/l "i" 0 3 15, +C4<011>;
L_0x7f90bf5a9b60/d .functor AND 1, L_0x7f90bf5a9c50, L_0x7f90bf5c7fe0, C4<1>, C4<1>;
L_0x7f90bf5a9b60 .delay 1 (2,2,2) L_0x7f90bf5a9b60/d;
L_0x7f90bf5a9dc0/d .functor AND 1, L_0x7f90bf5a9e30, v0x7f90bf5a8220_0, C4<1>, C4<1>;
L_0x7f90bf5a9dc0 .delay 1 (2,2,2) L_0x7f90bf5a9dc0/d;
L_0x7f90bf5a9f70/d .functor OR 1, L_0x7f90bf5aa080, L_0x7f90bf5aa2a0, C4<0>, C4<0>;
L_0x7f90bf5a9f70 .delay 1 (3,3,3) L_0x7f90bf5a9f70/d;
v0x7f90bf58baf0_0 .net *"_s0", 0 0, L_0x7f90bf5a9c50;  1 drivers
v0x7f90bf58bba0_0 .net *"_s1", 0 0, L_0x7f90bf5a9e30;  1 drivers
v0x7f90bf58bc50_0 .net *"_s2", 0 0, L_0x7f90bf5aa080;  1 drivers
v0x7f90bf58bd10_0 .net *"_s3", 0 0, L_0x7f90bf5aa2a0;  1 drivers
S_0x7f90bf58bdc0 .scope generate, "for_loop[4]" "for_loop[4]" 3 15, 3 15 0, S_0x7f90bf500050;
 .timescale 0 0;
P_0x7f90bf58bfc0 .param/l "i" 0 3 15, +C4<0100>;
L_0x7f90bf5a9d50/d .functor AND 1, L_0x7f90bf5aa400, L_0x7f90bf5c7fe0, C4<1>, C4<1>;
L_0x7f90bf5a9d50 .delay 1 (2,2,2) L_0x7f90bf5a9d50/d;
L_0x7f90bf5aa5d0/d .functor AND 1, L_0x7f90bf5aa640, v0x7f90bf5a8220_0, C4<1>, C4<1>;
L_0x7f90bf5aa5d0 .delay 1 (2,2,2) L_0x7f90bf5aa5d0/d;
L_0x7f90bf5aa740/d .functor OR 1, L_0x7f90bf5aa850, L_0x7f90bf5aaa10, C4<0>, C4<0>;
L_0x7f90bf5aa740 .delay 1 (3,3,3) L_0x7f90bf5aa740/d;
v0x7f90bf58c060_0 .net *"_s0", 0 0, L_0x7f90bf5aa400;  1 drivers
v0x7f90bf58c0f0_0 .net *"_s1", 0 0, L_0x7f90bf5aa640;  1 drivers
v0x7f90bf58c1a0_0 .net *"_s2", 0 0, L_0x7f90bf5aa850;  1 drivers
v0x7f90bf58c260_0 .net *"_s3", 0 0, L_0x7f90bf5aaa10;  1 drivers
S_0x7f90bf58c310 .scope generate, "for_loop[5]" "for_loop[5]" 3 15, 3 15 0, S_0x7f90bf500050;
 .timescale 0 0;
P_0x7f90bf58c4d0 .param/l "i" 0 3 15, +C4<0101>;
L_0x7f90bf5aa540/d .functor AND 1, L_0x7f90bf5aab30, L_0x7f90bf5c7fe0, C4<1>, C4<1>;
L_0x7f90bf5aa540 .delay 1 (2,2,2) L_0x7f90bf5aa540/d;
L_0x7f90bf5aad20/d .functor AND 1, L_0x7f90bf5aad90, v0x7f90bf5a8220_0, C4<1>, C4<1>;
L_0x7f90bf5aad20 .delay 1 (2,2,2) L_0x7f90bf5aad20/d;
L_0x7f90bf5aae90/d .functor OR 1, L_0x7f90bf5aafa0, L_0x7f90bf5ab180, C4<0>, C4<0>;
L_0x7f90bf5aae90 .delay 1 (3,3,3) L_0x7f90bf5aae90/d;
v0x7f90bf58c570_0 .net *"_s0", 0 0, L_0x7f90bf5aab30;  1 drivers
v0x7f90bf58c620_0 .net *"_s1", 0 0, L_0x7f90bf5aad90;  1 drivers
v0x7f90bf58c6d0_0 .net *"_s2", 0 0, L_0x7f90bf5aafa0;  1 drivers
v0x7f90bf58c790_0 .net *"_s3", 0 0, L_0x7f90bf5ab180;  1 drivers
S_0x7f90bf58c840 .scope generate, "for_loop[6]" "for_loop[6]" 3 15, 3 15 0, S_0x7f90bf500050;
 .timescale 0 0;
P_0x7f90bf58ca00 .param/l "i" 0 3 15, +C4<0110>;
L_0x7f90bf5aac70/d .functor AND 1, L_0x7f90bf5ab2a0, L_0x7f90bf5c7fe0, C4<1>, C4<1>;
L_0x7f90bf5aac70 .delay 1 (2,2,2) L_0x7f90bf5aac70/d;
L_0x7f90bf5a9530/d .functor AND 1, L_0x7f90bf5ab6b0, v0x7f90bf5a8220_0, C4<1>, C4<1>;
L_0x7f90bf5a9530 .delay 1 (2,2,2) L_0x7f90bf5a9530/d;
L_0x7f90bf5a9670/d .functor OR 1, L_0x7f90bf5ab8d0, L_0x7f90bf5aba90, C4<0>, C4<0>;
L_0x7f90bf5a9670 .delay 1 (3,3,3) L_0x7f90bf5a9670/d;
v0x7f90bf58caa0_0 .net *"_s0", 0 0, L_0x7f90bf5ab2a0;  1 drivers
v0x7f90bf58cb50_0 .net *"_s1", 0 0, L_0x7f90bf5ab6b0;  1 drivers
v0x7f90bf58cc00_0 .net *"_s2", 0 0, L_0x7f90bf5ab8d0;  1 drivers
v0x7f90bf58ccc0_0 .net *"_s3", 0 0, L_0x7f90bf5aba90;  1 drivers
S_0x7f90bf58cd70 .scope generate, "for_loop[7]" "for_loop[7]" 3 15, 3 15 0, S_0x7f90bf500050;
 .timescale 0 0;
P_0x7f90bf58cf30 .param/l "i" 0 3 15, +C4<0111>;
L_0x7f90bf5ab4e0/d .functor AND 1, L_0x7f90bf5abc70, L_0x7f90bf5c7fe0, C4<1>, C4<1>;
L_0x7f90bf5ab4e0 .delay 1 (2,2,2) L_0x7f90bf5ab4e0/d;
L_0x7f90bf5a9bd0/d .functor AND 1, L_0x7f90bf5abea0, v0x7f90bf5a8220_0, C4<1>, C4<1>;
L_0x7f90bf5a9bd0 .delay 1 (2,2,2) L_0x7f90bf5a9bd0/d;
L_0x7f90bf5abfa0/d .functor OR 1, L_0x7f90bf5ac070, L_0x7f90bf5ac390, C4<0>, C4<0>;
L_0x7f90bf5abfa0 .delay 1 (3,3,3) L_0x7f90bf5abfa0/d;
v0x7f90bf58cfd0_0 .net *"_s0", 0 0, L_0x7f90bf5abc70;  1 drivers
v0x7f90bf58d080_0 .net *"_s1", 0 0, L_0x7f90bf5abea0;  1 drivers
v0x7f90bf58d130_0 .net *"_s2", 0 0, L_0x7f90bf5ac070;  1 drivers
v0x7f90bf58d1f0_0 .net *"_s3", 0 0, L_0x7f90bf5ac390;  1 drivers
S_0x7f90bf58d2a0 .scope generate, "for_loop[8]" "for_loop[8]" 3 15, 3 15 0, S_0x7f90bf500050;
 .timescale 0 0;
P_0x7f90bf58bf80 .param/l "i" 0 3 15, +C4<01000>;
L_0x7f90bf5abdb0/d .functor AND 1, L_0x7f90bf5ac530, L_0x7f90bf5c7fe0, C4<1>, C4<1>;
L_0x7f90bf5abdb0 .delay 1 (2,2,2) L_0x7f90bf5abdb0/d;
L_0x7f90bf5abe20/d .functor AND 1, L_0x7f90bf5ac740, v0x7f90bf5a8220_0, C4<1>, C4<1>;
L_0x7f90bf5abe20 .delay 1 (2,2,2) L_0x7f90bf5abe20/d;
L_0x7f90bf5ac310/d .functor OR 1, L_0x7f90bf5ac8c0, L_0x7f90bf5ac630, C4<0>, C4<0>;
L_0x7f90bf5ac310 .delay 1 (3,3,3) L_0x7f90bf5ac310/d;
v0x7f90bf58d550_0 .net *"_s0", 0 0, L_0x7f90bf5ac530;  1 drivers
v0x7f90bf58d610_0 .net *"_s1", 0 0, L_0x7f90bf5ac740;  1 drivers
v0x7f90bf58d6b0_0 .net *"_s2", 0 0, L_0x7f90bf5ac8c0;  1 drivers
v0x7f90bf58d760_0 .net *"_s3", 0 0, L_0x7f90bf5ac630;  1 drivers
S_0x7f90bf58d810 .scope generate, "for_loop[9]" "for_loop[9]" 3 15, 3 15 0, S_0x7f90bf500050;
 .timescale 0 0;
P_0x7f90bf58d9d0 .param/l "i" 0 3 15, +C4<01001>;
L_0x7f90bf5acb20/d .functor AND 1, L_0x7f90bf5acbd0, L_0x7f90bf5c7fe0, C4<1>, C4<1>;
L_0x7f90bf5acb20 .delay 1 (2,2,2) L_0x7f90bf5acb20/d;
L_0x7f90bf5aca00/d .functor AND 1, L_0x7f90bf5ace40, v0x7f90bf5a8220_0, C4<1>, C4<1>;
L_0x7f90bf5aca00 .delay 1 (2,2,2) L_0x7f90bf5aca00/d;
L_0x7f90bf5acf40/d .functor OR 1, L_0x7f90bf5ad010, L_0x7f90bf5acd10, C4<0>, C4<0>;
L_0x7f90bf5acf40 .delay 1 (3,3,3) L_0x7f90bf5acf40/d;
v0x7f90bf58da80_0 .net *"_s0", 0 0, L_0x7f90bf5acbd0;  1 drivers
v0x7f90bf58db40_0 .net *"_s1", 0 0, L_0x7f90bf5ace40;  1 drivers
v0x7f90bf58dbe0_0 .net *"_s2", 0 0, L_0x7f90bf5ad010;  1 drivers
v0x7f90bf58dc90_0 .net *"_s3", 0 0, L_0x7f90bf5acd10;  1 drivers
S_0x7f90bf58dd40 .scope generate, "for_loop[10]" "for_loop[10]" 3 15, 3 15 0, S_0x7f90bf500050;
 .timescale 0 0;
P_0x7f90bf58df00 .param/l "i" 0 3 15, +C4<01010>;
L_0x7f90bf5ad290/d .functor AND 1, L_0x7f90bf5ad300, L_0x7f90bf5c7fe0, C4<1>, C4<1>;
L_0x7f90bf5ad290 .delay 1 (2,2,2) L_0x7f90bf5ad290/d;
L_0x7f90bf5ad150/d .functor AND 1, L_0x7f90bf5ad590, v0x7f90bf5a8220_0, C4<1>, C4<1>;
L_0x7f90bf5ad150 .delay 1 (2,2,2) L_0x7f90bf5ad150/d;
L_0x7f90bf5ad690/d .functor OR 1, L_0x7f90bf5ad740, L_0x7f90bf5ad440, C4<0>, C4<0>;
L_0x7f90bf5ad690 .delay 1 (3,3,3) L_0x7f90bf5ad690/d;
v0x7f90bf58dfb0_0 .net *"_s0", 0 0, L_0x7f90bf5ad300;  1 drivers
v0x7f90bf58e070_0 .net *"_s1", 0 0, L_0x7f90bf5ad590;  1 drivers
v0x7f90bf58e110_0 .net *"_s2", 0 0, L_0x7f90bf5ad740;  1 drivers
v0x7f90bf58e1c0_0 .net *"_s3", 0 0, L_0x7f90bf5ad440;  1 drivers
S_0x7f90bf58e270 .scope generate, "for_loop[11]" "for_loop[11]" 3 15, 3 15 0, S_0x7f90bf500050;
 .timescale 0 0;
P_0x7f90bf58e430 .param/l "i" 0 3 15, +C4<01011>;
L_0x7f90bf5ad520/d .functor AND 1, L_0x7f90bf5ada20, L_0x7f90bf5c7fe0, C4<1>, C4<1>;
L_0x7f90bf5ad520 .delay 1 (2,2,2) L_0x7f90bf5ad520/d;
L_0x7f90bf5ad880/d .functor AND 1, L_0x7f90bf5adcd0, v0x7f90bf5a8220_0, C4<1>, C4<1>;
L_0x7f90bf5ad880 .delay 1 (2,2,2) L_0x7f90bf5ad880/d;
L_0x7f90bf5addd0/d .functor OR 1, L_0x7f90bf5ade80, L_0x7f90bf5adb60, C4<0>, C4<0>;
L_0x7f90bf5addd0 .delay 1 (3,3,3) L_0x7f90bf5addd0/d;
v0x7f90bf58e4e0_0 .net *"_s0", 0 0, L_0x7f90bf5ada20;  1 drivers
v0x7f90bf58e5a0_0 .net *"_s1", 0 0, L_0x7f90bf5adcd0;  1 drivers
v0x7f90bf58e640_0 .net *"_s2", 0 0, L_0x7f90bf5ade80;  1 drivers
v0x7f90bf58e6f0_0 .net *"_s3", 0 0, L_0x7f90bf5adb60;  1 drivers
S_0x7f90bf58e7a0 .scope generate, "for_loop[12]" "for_loop[12]" 3 15, 3 15 0, S_0x7f90bf500050;
 .timescale 0 0;
P_0x7f90bf58e960 .param/l "i" 0 3 15, +C4<01100>;
L_0x7f90bf5adc40/d .functor AND 1, L_0x7f90bf5ae180, L_0x7f90bf5c7fe0, C4<1>, C4<1>;
L_0x7f90bf5adc40 .delay 1 (2,2,2) L_0x7f90bf5adc40/d;
L_0x7f90bf5adfc0/d .functor AND 1, L_0x7f90bf5ae450, v0x7f90bf5a8220_0, C4<1>, C4<1>;
L_0x7f90bf5adfc0 .delay 1 (2,2,2) L_0x7f90bf5adfc0/d;
L_0x7f90bf5ae0b0/d .functor OR 1, L_0x7f90bf5ae5b0, L_0x7f90bf5ae2c0, C4<0>, C4<0>;
L_0x7f90bf5ae0b0 .delay 1 (3,3,3) L_0x7f90bf5ae0b0/d;
v0x7f90bf58ea10_0 .net *"_s0", 0 0, L_0x7f90bf5ae180;  1 drivers
v0x7f90bf58ead0_0 .net *"_s1", 0 0, L_0x7f90bf5ae450;  1 drivers
v0x7f90bf58eb70_0 .net *"_s2", 0 0, L_0x7f90bf5ae5b0;  1 drivers
v0x7f90bf58ec20_0 .net *"_s3", 0 0, L_0x7f90bf5ae2c0;  1 drivers
S_0x7f90bf58ecd0 .scope generate, "for_loop[13]" "for_loop[13]" 3 15, 3 15 0, S_0x7f90bf500050;
 .timescale 0 0;
P_0x7f90bf58ee90 .param/l "i" 0 3 15, +C4<01101>;
L_0x7f90bf5ae3a0/d .functor AND 1, L_0x7f90bf5ae890, L_0x7f90bf5c7fe0, C4<1>, C4<1>;
L_0x7f90bf5ae3a0 .delay 1 (2,2,2) L_0x7f90bf5ae3a0/d;
L_0x7f90bf5ae6f0/d .functor AND 1, L_0x7f90bf5aeb80, v0x7f90bf5a8220_0, C4<1>, C4<1>;
L_0x7f90bf5ae6f0 .delay 1 (2,2,2) L_0x7f90bf5ae6f0/d;
L_0x7f90bf5ae800/d .functor OR 1, L_0x7f90bf5aece0, L_0x7f90bf5ae9d0, C4<0>, C4<0>;
L_0x7f90bf5ae800 .delay 1 (3,3,3) L_0x7f90bf5ae800/d;
v0x7f90bf58ef40_0 .net *"_s0", 0 0, L_0x7f90bf5ae890;  1 drivers
v0x7f90bf58f000_0 .net *"_s1", 0 0, L_0x7f90bf5aeb80;  1 drivers
v0x7f90bf58f0a0_0 .net *"_s2", 0 0, L_0x7f90bf5aece0;  1 drivers
v0x7f90bf58f150_0 .net *"_s3", 0 0, L_0x7f90bf5ae9d0;  1 drivers
S_0x7f90bf58f200 .scope generate, "for_loop[14]" "for_loop[14]" 3 15, 3 15 0, S_0x7f90bf500050;
 .timescale 0 0;
P_0x7f90bf58f3c0 .param/l "i" 0 3 15, +C4<01110>;
L_0x7f90bf5aeab0/d .functor AND 1, L_0x7f90bf5aefe0, L_0x7f90bf5c7fe0, C4<1>, C4<1>;
L_0x7f90bf5aeab0 .delay 1 (2,2,2) L_0x7f90bf5aeab0/d;
L_0x7f90bf5ab3e0/d .functor AND 1, L_0x7f90bf5ab5b0, v0x7f90bf5a8220_0, C4<1>, C4<1>;
L_0x7f90bf5ab3e0 .delay 1 (2,2,2) L_0x7f90bf5ab3e0/d;
L_0x7f90bf5ab7b0/d .functor OR 1, L_0x7f90bf5aee20, L_0x7f90bf5af320, C4<0>, C4<0>;
L_0x7f90bf5ab7b0 .delay 1 (3,3,3) L_0x7f90bf5ab7b0/d;
v0x7f90bf58f470_0 .net *"_s0", 0 0, L_0x7f90bf5aefe0;  1 drivers
v0x7f90bf58f530_0 .net *"_s1", 0 0, L_0x7f90bf5ab5b0;  1 drivers
v0x7f90bf58f5d0_0 .net *"_s2", 0 0, L_0x7f90bf5aee20;  1 drivers
v0x7f90bf58f680_0 .net *"_s3", 0 0, L_0x7f90bf5af320;  1 drivers
S_0x7f90bf58f730 .scope generate, "for_loop[15]" "for_loop[15]" 3 15, 3 15 0, S_0x7f90bf500050;
 .timescale 0 0;
P_0x7f90bf58f8f0 .param/l "i" 0 3 15, +C4<01111>;
L_0x7f90bf5af3c0/d .functor AND 1, L_0x7f90bf5abb70, L_0x7f90bf5c7fe0, C4<1>, C4<1>;
L_0x7f90bf5af3c0 .delay 1 (2,2,2) L_0x7f90bf5af3c0/d;
L_0x7f90bf5af470/d .functor AND 1, L_0x7f90bf5af950, v0x7f90bf5a8220_0, C4<1>, C4<1>;
L_0x7f90bf5af470 .delay 1 (2,2,2) L_0x7f90bf5af470/d;
L_0x7f90bf5afec0/d .functor OR 1, L_0x7f90bf5aff70, L_0x7f90bf5ac190, C4<0>, C4<0>;
L_0x7f90bf5afec0 .delay 1 (3,3,3) L_0x7f90bf5afec0/d;
v0x7f90bf58f9a0_0 .net *"_s0", 0 0, L_0x7f90bf5abb70;  1 drivers
v0x7f90bf58fa60_0 .net *"_s1", 0 0, L_0x7f90bf5af950;  1 drivers
v0x7f90bf58fb00_0 .net *"_s2", 0 0, L_0x7f90bf5aff70;  1 drivers
v0x7f90bf58fbb0_0 .net *"_s3", 0 0, L_0x7f90bf5ac190;  1 drivers
S_0x7f90bf58fc60 .scope generate, "for_loop[16]" "for_loop[16]" 3 15, 3 15 0, S_0x7f90bf500050;
 .timescale 0 0;
P_0x7f90bf58ff20 .param/l "i" 0 3 15, +C4<010000>;
L_0x7f90bf5ac430/d .functor AND 1, L_0x7f90bf5afcd0, L_0x7f90bf5c7fe0, C4<1>, C4<1>;
L_0x7f90bf5ac430 .delay 1 (2,2,2) L_0x7f90bf5ac430/d;
L_0x7f90bf5afdb0/d .functor AND 1, L_0x7f90bf5b02b0, v0x7f90bf5a8220_0, C4<1>, C4<1>;
L_0x7f90bf5afdb0 .delay 1 (2,2,2) L_0x7f90bf5afdb0/d;
L_0x7f90bf5b0390/d .functor OR 1, L_0x7f90bf5b08c0, L_0x7f90bf5b06b0, C4<0>, C4<0>;
L_0x7f90bf5b0390 .delay 1 (3,3,3) L_0x7f90bf5b0390/d;
v0x7f90bf58ffd0_0 .net *"_s0", 0 0, L_0x7f90bf5afcd0;  1 drivers
v0x7f90bf590060_0 .net *"_s1", 0 0, L_0x7f90bf5b02b0;  1 drivers
v0x7f90bf5900f0_0 .net *"_s2", 0 0, L_0x7f90bf5b08c0;  1 drivers
v0x7f90bf590180_0 .net *"_s3", 0 0, L_0x7f90bf5b06b0;  1 drivers
S_0x7f90bf590210 .scope generate, "for_loop[17]" "for_loop[17]" 3 15, 3 15 0, S_0x7f90bf500050;
 .timescale 0 0;
P_0x7f90bf5903d0 .param/l "i" 0 3 15, +C4<010001>;
L_0x7f90bf5b0790/d .functor AND 1, L_0x7f90bf5b0c20, L_0x7f90bf5c7fe0, C4<1>, C4<1>;
L_0x7f90bf5b0790 .delay 1 (2,2,2) L_0x7f90bf5b0790/d;
L_0x7f90bf5b0a00/d .functor AND 1, L_0x7f90bf5b0ab0, v0x7f90bf5a8220_0, C4<1>, C4<1>;
L_0x7f90bf5b0a00 .delay 1 (2,2,2) L_0x7f90bf5b0a00/d;
L_0x7f90bf5b0f50/d .functor OR 1, L_0x7f90bf5b1000, L_0x7f90bf5b0d20, C4<0>, C4<0>;
L_0x7f90bf5b0f50 .delay 1 (3,3,3) L_0x7f90bf5b0f50/d;
v0x7f90bf590480_0 .net *"_s0", 0 0, L_0x7f90bf5b0c20;  1 drivers
v0x7f90bf590540_0 .net *"_s1", 0 0, L_0x7f90bf5b0ab0;  1 drivers
v0x7f90bf5905e0_0 .net *"_s2", 0 0, L_0x7f90bf5b1000;  1 drivers
v0x7f90bf590690_0 .net *"_s3", 0 0, L_0x7f90bf5b0d20;  1 drivers
S_0x7f90bf590740 .scope generate, "for_loop[18]" "for_loop[18]" 3 15, 3 15 0, S_0x7f90bf500050;
 .timescale 0 0;
P_0x7f90bf590900 .param/l "i" 0 3 15, +C4<010010>;
L_0x7f90bf5b0e00/d .functor AND 1, L_0x7f90bf5b1380, L_0x7f90bf5c7fe0, C4<1>, C4<1>;
L_0x7f90bf5b0e00 .delay 1 (2,2,2) L_0x7f90bf5b0e00/d;
L_0x7f90bf5b1140/d .functor AND 1, L_0x7f90bf5b11b0, v0x7f90bf5a8220_0, C4<1>, C4<1>;
L_0x7f90bf5b1140 .delay 1 (2,2,2) L_0x7f90bf5b1140/d;
L_0x7f90bf5b12f0/d .functor OR 1, L_0x7f90bf5b1730, L_0x7f90bf5b1480, C4<0>, C4<0>;
L_0x7f90bf5b12f0 .delay 1 (3,3,3) L_0x7f90bf5b12f0/d;
v0x7f90bf5909b0_0 .net *"_s0", 0 0, L_0x7f90bf5b1380;  1 drivers
v0x7f90bf590a70_0 .net *"_s1", 0 0, L_0x7f90bf5b11b0;  1 drivers
v0x7f90bf590b10_0 .net *"_s2", 0 0, L_0x7f90bf5b1730;  1 drivers
v0x7f90bf590bc0_0 .net *"_s3", 0 0, L_0x7f90bf5b1480;  1 drivers
S_0x7f90bf590c70 .scope generate, "for_loop[19]" "for_loop[19]" 3 15, 3 15 0, S_0x7f90bf500050;
 .timescale 0 0;
P_0x7f90bf590e30 .param/l "i" 0 3 15, +C4<010011>;
L_0x7f90bf5b1560/d .functor AND 1, L_0x7f90bf5b1ad0, L_0x7f90bf5c7fe0, C4<1>, C4<1>;
L_0x7f90bf5b1560 .delay 1 (2,2,2) L_0x7f90bf5b1560/d;
L_0x7f90bf5b1650/d .functor AND 1, L_0x7f90bf5b1a10, v0x7f90bf5a8220_0, C4<1>, C4<1>;
L_0x7f90bf5b1650 .delay 1 (2,2,2) L_0x7f90bf5b1650/d;
L_0x7f90bf5b1910/d .functor OR 1, L_0x7f90bf5b1e80, L_0x7f90bf5b1bd0, C4<0>, C4<0>;
L_0x7f90bf5b1910 .delay 1 (3,3,3) L_0x7f90bf5b1910/d;
v0x7f90bf590ee0_0 .net *"_s0", 0 0, L_0x7f90bf5b1ad0;  1 drivers
v0x7f90bf590fa0_0 .net *"_s1", 0 0, L_0x7f90bf5b1a10;  1 drivers
v0x7f90bf591040_0 .net *"_s2", 0 0, L_0x7f90bf5b1e80;  1 drivers
v0x7f90bf5910f0_0 .net *"_s3", 0 0, L_0x7f90bf5b1bd0;  1 drivers
S_0x7f90bf5911a0 .scope generate, "for_loop[20]" "for_loop[20]" 3 15, 3 15 0, S_0x7f90bf500050;
 .timescale 0 0;
P_0x7f90bf591360 .param/l "i" 0 3 15, +C4<010100>;
L_0x7f90bf5b1cb0/d .functor AND 1, L_0x7f90bf5b1da0, L_0x7f90bf5c7fe0, C4<1>, C4<1>;
L_0x7f90bf5b1cb0 .delay 1 (2,2,2) L_0x7f90bf5b1cb0/d;
L_0x7f90bf5b2280/d .functor AND 1, L_0x7f90bf5b2000, v0x7f90bf5a8220_0, C4<1>, C4<1>;
L_0x7f90bf5b2280 .delay 1 (2,2,2) L_0x7f90bf5b2280/d;
L_0x7f90bf5b2140/d .functor OR 1, L_0x7f90bf5b25d0, L_0x7f90bf5b2330, C4<0>, C4<0>;
L_0x7f90bf5b2140 .delay 1 (3,3,3) L_0x7f90bf5b2140/d;
v0x7f90bf591410_0 .net *"_s0", 0 0, L_0x7f90bf5b1da0;  1 drivers
v0x7f90bf5914d0_0 .net *"_s1", 0 0, L_0x7f90bf5b2000;  1 drivers
v0x7f90bf591570_0 .net *"_s2", 0 0, L_0x7f90bf5b25d0;  1 drivers
v0x7f90bf591620_0 .net *"_s3", 0 0, L_0x7f90bf5b2330;  1 drivers
S_0x7f90bf5916d0 .scope generate, "for_loop[21]" "for_loop[21]" 3 15, 3 15 0, S_0x7f90bf500050;
 .timescale 0 0;
P_0x7f90bf591890 .param/l "i" 0 3 15, +C4<010101>;
L_0x7f90bf5b2410/d .functor AND 1, L_0x7f90bf5b24c0, L_0x7f90bf5c7fe0, C4<1>, C4<1>;
L_0x7f90bf5b2410 .delay 1 (2,2,2) L_0x7f90bf5b2410/d;
L_0x7f90bf5b2710/d .functor AND 1, L_0x7f90bf5b27e0, v0x7f90bf5a8220_0, C4<1>, C4<1>;
L_0x7f90bf5b2710 .delay 1 (2,2,2) L_0x7f90bf5b2710/d;
L_0x7f90bf5b2920/d .functor OR 1, L_0x7f90bf5b2d00, L_0x7f90bf5b29f0, C4<0>, C4<0>;
L_0x7f90bf5b2920 .delay 1 (3,3,3) L_0x7f90bf5b2920/d;
v0x7f90bf591940_0 .net *"_s0", 0 0, L_0x7f90bf5b24c0;  1 drivers
v0x7f90bf591a00_0 .net *"_s1", 0 0, L_0x7f90bf5b27e0;  1 drivers
v0x7f90bf591aa0_0 .net *"_s2", 0 0, L_0x7f90bf5b2d00;  1 drivers
v0x7f90bf591b50_0 .net *"_s3", 0 0, L_0x7f90bf5b29f0;  1 drivers
S_0x7f90bf591c00 .scope generate, "for_loop[22]" "for_loop[22]" 3 15, 3 15 0, S_0x7f90bf500050;
 .timescale 0 0;
P_0x7f90bf591dc0 .param/l "i" 0 3 15, +C4<010110>;
L_0x7f90bf5b2ad0/d .functor AND 1, L_0x7f90bf5b2b80, L_0x7f90bf5c7fe0, C4<1>, C4<1>;
L_0x7f90bf5b2ad0 .delay 1 (2,2,2) L_0x7f90bf5b2ad0/d;
L_0x7f90bf5b2e40/d .functor AND 1, L_0x7f90bf5b3030, v0x7f90bf5a8220_0, C4<1>, C4<1>;
L_0x7f90bf5b2e40 .delay 1 (2,2,2) L_0x7f90bf5b2e40/d;
L_0x7f90bf5b2f30/d .functor OR 1, L_0x7f90bf5b3450, L_0x7f90bf5b3140, C4<0>, C4<0>;
L_0x7f90bf5b2f30 .delay 1 (3,3,3) L_0x7f90bf5b2f30/d;
v0x7f90bf591e70_0 .net *"_s0", 0 0, L_0x7f90bf5b2b80;  1 drivers
v0x7f90bf591f30_0 .net *"_s1", 0 0, L_0x7f90bf5b3030;  1 drivers
v0x7f90bf591fd0_0 .net *"_s2", 0 0, L_0x7f90bf5b3450;  1 drivers
v0x7f90bf592080_0 .net *"_s3", 0 0, L_0x7f90bf5b3140;  1 drivers
S_0x7f90bf592130 .scope generate, "for_loop[23]" "for_loop[23]" 3 15, 3 15 0, S_0x7f90bf500050;
 .timescale 0 0;
P_0x7f90bf5922f0 .param/l "i" 0 3 15, +C4<010111>;
L_0x7f90bf5b3220/d .functor AND 1, L_0x7f90bf5b32d0, L_0x7f90bf5c7fe0, C4<1>, C4<1>;
L_0x7f90bf5b3220 .delay 1 (2,2,2) L_0x7f90bf5b3220/d;
L_0x7f90bf5b3880/d .functor AND 1, L_0x7f90bf5b3950, v0x7f90bf5a8220_0, C4<1>, C4<1>;
L_0x7f90bf5b3880 .delay 1 (2,2,2) L_0x7f90bf5b3880/d;
L_0x7f90bf5b3a90/d .functor OR 1, L_0x7f90bf5b3b80, L_0x7f90bf5b3590, C4<0>, C4<0>;
L_0x7f90bf5b3a90 .delay 1 (3,3,3) L_0x7f90bf5b3a90/d;
v0x7f90bf5923a0_0 .net *"_s0", 0 0, L_0x7f90bf5b32d0;  1 drivers
v0x7f90bf592460_0 .net *"_s1", 0 0, L_0x7f90bf5b3950;  1 drivers
v0x7f90bf592500_0 .net *"_s2", 0 0, L_0x7f90bf5b3b80;  1 drivers
v0x7f90bf5925b0_0 .net *"_s3", 0 0, L_0x7f90bf5b3590;  1 drivers
S_0x7f90bf592660 .scope generate, "for_loop[24]" "for_loop[24]" 3 15, 3 15 0, S_0x7f90bf500050;
 .timescale 0 0;
P_0x7f90bf592820 .param/l "i" 0 3 15, +C4<011000>;
L_0x7f90bf5b3670/d .functor AND 1, L_0x7f90bf5b3720, L_0x7f90bf5c7fe0, C4<1>, C4<1>;
L_0x7f90bf5b3670 .delay 1 (2,2,2) L_0x7f90bf5b3670/d;
L_0x7f90bf5b3fd0/d .functor AND 1, L_0x7f90bf5b4080, v0x7f90bf5a8220_0, C4<1>, C4<1>;
L_0x7f90bf5b3fd0 .delay 1 (2,2,2) L_0x7f90bf5b3fd0/d;
L_0x7f90bf5b41c0/d .functor OR 1, L_0x7f90bf5b42b0, L_0x7f90bf5b3cc0, C4<0>, C4<0>;
L_0x7f90bf5b41c0 .delay 1 (3,3,3) L_0x7f90bf5b41c0/d;
v0x7f90bf5928d0_0 .net *"_s0", 0 0, L_0x7f90bf5b3720;  1 drivers
v0x7f90bf592990_0 .net *"_s1", 0 0, L_0x7f90bf5b4080;  1 drivers
v0x7f90bf592a30_0 .net *"_s2", 0 0, L_0x7f90bf5b42b0;  1 drivers
v0x7f90bf592ae0_0 .net *"_s3", 0 0, L_0x7f90bf5b3cc0;  1 drivers
S_0x7f90bf592b90 .scope generate, "for_loop[25]" "for_loop[25]" 3 15, 3 15 0, S_0x7f90bf500050;
 .timescale 0 0;
P_0x7f90bf592d50 .param/l "i" 0 3 15, +C4<011001>;
L_0x7f90bf5b3da0/d .functor AND 1, L_0x7f90bf5b3e50, L_0x7f90bf5c7fe0, C4<1>, C4<1>;
L_0x7f90bf5b3da0 .delay 1 (2,2,2) L_0x7f90bf5b3da0/d;
L_0x7f90bf5b4720/d .functor AND 1, L_0x7f90bf5b47d0, v0x7f90bf5a8220_0, C4<1>, C4<1>;
L_0x7f90bf5b4720 .delay 1 (2,2,2) L_0x7f90bf5b4720/d;
L_0x7f90bf5b4910/d .functor OR 1, L_0x7f90bf5b49e0, L_0x7f90bf5b43f0, C4<0>, C4<0>;
L_0x7f90bf5b4910 .delay 1 (3,3,3) L_0x7f90bf5b4910/d;
v0x7f90bf592e00_0 .net *"_s0", 0 0, L_0x7f90bf5b3e50;  1 drivers
v0x7f90bf592ec0_0 .net *"_s1", 0 0, L_0x7f90bf5b47d0;  1 drivers
v0x7f90bf592f60_0 .net *"_s2", 0 0, L_0x7f90bf5b49e0;  1 drivers
v0x7f90bf593010_0 .net *"_s3", 0 0, L_0x7f90bf5b43f0;  1 drivers
S_0x7f90bf5930c0 .scope generate, "for_loop[26]" "for_loop[26]" 3 15, 3 15 0, S_0x7f90bf500050;
 .timescale 0 0;
P_0x7f90bf593280 .param/l "i" 0 3 15, +C4<011010>;
L_0x7f90bf5b44d0/d .functor AND 1, L_0x7f90bf5b4580, L_0x7f90bf5c7fe0, C4<1>, C4<1>;
L_0x7f90bf5b44d0 .delay 1 (2,2,2) L_0x7f90bf5b44d0/d;
L_0x7f90bf5b4e70/d .functor AND 1, L_0x7f90bf5b4ee0, v0x7f90bf5a8220_0, C4<1>, C4<1>;
L_0x7f90bf5b4e70 .delay 1 (2,2,2) L_0x7f90bf5b4e70/d;
L_0x7f90bf5b5020/d .functor OR 1, L_0x7f90bf5b5110, L_0x7f90bf5b4b20, C4<0>, C4<0>;
L_0x7f90bf5b5020 .delay 1 (3,3,3) L_0x7f90bf5b5020/d;
v0x7f90bf593330_0 .net *"_s0", 0 0, L_0x7f90bf5b4580;  1 drivers
v0x7f90bf5933f0_0 .net *"_s1", 0 0, L_0x7f90bf5b4ee0;  1 drivers
v0x7f90bf593490_0 .net *"_s2", 0 0, L_0x7f90bf5b5110;  1 drivers
v0x7f90bf593540_0 .net *"_s3", 0 0, L_0x7f90bf5b4b20;  1 drivers
S_0x7f90bf5935f0 .scope generate, "for_loop[27]" "for_loop[27]" 3 15, 3 15 0, S_0x7f90bf500050;
 .timescale 0 0;
P_0x7f90bf5937b0 .param/l "i" 0 3 15, +C4<011011>;
L_0x7f90bf5b4c00/d .functor AND 1, L_0x7f90bf5b4cb0, L_0x7f90bf5c7fe0, C4<1>, C4<1>;
L_0x7f90bf5b4c00 .delay 1 (2,2,2) L_0x7f90bf5b4c00/d;
L_0x7f90bf5b4df0/d .functor AND 1, L_0x7f90bf5b5620, v0x7f90bf5a8220_0, C4<1>, C4<1>;
L_0x7f90bf5b4df0 .delay 1 (2,2,2) L_0x7f90bf5b4df0/d;
L_0x7f90bf5b5760/d .functor OR 1, L_0x7f90bf5b5850, L_0x7f90bf5b5250, C4<0>, C4<0>;
L_0x7f90bf5b5760 .delay 1 (3,3,3) L_0x7f90bf5b5760/d;
v0x7f90bf593860_0 .net *"_s0", 0 0, L_0x7f90bf5b4cb0;  1 drivers
v0x7f90bf593920_0 .net *"_s1", 0 0, L_0x7f90bf5b5620;  1 drivers
v0x7f90bf5939c0_0 .net *"_s2", 0 0, L_0x7f90bf5b5850;  1 drivers
v0x7f90bf593a70_0 .net *"_s3", 0 0, L_0x7f90bf5b5250;  1 drivers
S_0x7f90bf593b20 .scope generate, "for_loop[28]" "for_loop[28]" 3 15, 3 15 0, S_0x7f90bf500050;
 .timescale 0 0;
P_0x7f90bf593ce0 .param/l "i" 0 3 15, +C4<011100>;
L_0x7f90bf5b5330/d .functor AND 1, L_0x7f90bf5b5520, L_0x7f90bf5c7fe0, C4<1>, C4<1>;
L_0x7f90bf5b5330 .delay 1 (2,2,2) L_0x7f90bf5b5330/d;
L_0x7f90bf5b5420/d .functor AND 1, L_0x7f90bf5b5d60, v0x7f90bf5a8220_0, C4<1>, C4<1>;
L_0x7f90bf5b5420 .delay 1 (2,2,2) L_0x7f90bf5b5420/d;
L_0x7f90bf5b5ea0/d .functor OR 1, L_0x7f90bf5b5f90, L_0x7f90bf5b5990, C4<0>, C4<0>;
L_0x7f90bf5b5ea0 .delay 1 (3,3,3) L_0x7f90bf5b5ea0/d;
v0x7f90bf593d90_0 .net *"_s0", 0 0, L_0x7f90bf5b5520;  1 drivers
v0x7f90bf593e50_0 .net *"_s1", 0 0, L_0x7f90bf5b5d60;  1 drivers
v0x7f90bf593ef0_0 .net *"_s2", 0 0, L_0x7f90bf5b5f90;  1 drivers
v0x7f90bf593fa0_0 .net *"_s3", 0 0, L_0x7f90bf5b5990;  1 drivers
S_0x7f90bf594050 .scope generate, "for_loop[29]" "for_loop[29]" 3 15, 3 15 0, S_0x7f90bf500050;
 .timescale 0 0;
P_0x7f90bf594210 .param/l "i" 0 3 15, +C4<011101>;
L_0x7f90bf5b5a70/d .functor AND 1, L_0x7f90bf5b5c60, L_0x7f90bf5c7fe0, C4<1>, C4<1>;
L_0x7f90bf5b5a70 .delay 1 (2,2,2) L_0x7f90bf5b5a70/d;
L_0x7f90bf5b5b60/d .functor AND 1, L_0x7f90bf5b64c0, v0x7f90bf5a8220_0, C4<1>, C4<1>;
L_0x7f90bf5b5b60 .delay 1 (2,2,2) L_0x7f90bf5b5b60/d;
L_0x7f90bf5b6600/d .functor OR 1, L_0x7f90bf5b66d0, L_0x7f90bf5b60d0, C4<0>, C4<0>;
L_0x7f90bf5b6600 .delay 1 (3,3,3) L_0x7f90bf5b6600/d;
v0x7f90bf5942c0_0 .net *"_s0", 0 0, L_0x7f90bf5b5c60;  1 drivers
v0x7f90bf594380_0 .net *"_s1", 0 0, L_0x7f90bf5b64c0;  1 drivers
v0x7f90bf594420_0 .net *"_s2", 0 0, L_0x7f90bf5b66d0;  1 drivers
v0x7f90bf5944d0_0 .net *"_s3", 0 0, L_0x7f90bf5b60d0;  1 drivers
S_0x7f90bf594580 .scope generate, "for_loop[30]" "for_loop[30]" 3 15, 3 15 0, S_0x7f90bf500050;
 .timescale 0 0;
P_0x7f90bf594740 .param/l "i" 0 3 15, +C4<011110>;
L_0x7f90bf5b61b0/d .functor AND 1, L_0x7f90bf5b63a0, L_0x7f90bf5c7fe0, C4<1>, C4<1>;
L_0x7f90bf5b61b0 .delay 1 (2,2,2) L_0x7f90bf5b61b0/d;
L_0x7f90bf5b6260/d .functor AND 1, L_0x7f90bf5af260, v0x7f90bf5a8220_0, C4<1>, C4<1>;
L_0x7f90bf5b6260 .delay 1 (2,2,2) L_0x7f90bf5b6260/d;
L_0x7f90bf5af160/d .functor OR 1, L_0x7f90bf5af520, L_0x7f90bf5af660, C4<0>, C4<0>;
L_0x7f90bf5af160 .delay 1 (3,3,3) L_0x7f90bf5af160/d;
v0x7f90bf5947f0_0 .net *"_s0", 0 0, L_0x7f90bf5b63a0;  1 drivers
v0x7f90bf5948b0_0 .net *"_s1", 0 0, L_0x7f90bf5af260;  1 drivers
v0x7f90bf594950_0 .net *"_s2", 0 0, L_0x7f90bf5af520;  1 drivers
v0x7f90bf594a00_0 .net *"_s3", 0 0, L_0x7f90bf5af660;  1 drivers
S_0x7f90bf594ab0 .scope generate, "for_loop[31]" "for_loop[31]" 3 15, 3 15 0, S_0x7f90bf500050;
 .timescale 0 0;
P_0x7f90bf594c70 .param/l "i" 0 3 15, +C4<011111>;
L_0x7f90bf5af740/d .functor AND 1, L_0x7f90bf5af7f0, L_0x7f90bf5c7fe0, C4<1>, C4<1>;
L_0x7f90bf5af740 .delay 1 (2,2,2) L_0x7f90bf5af740/d;
L_0x7f90bf5afb10/d .functor AND 1, L_0x7f90bf5afc20, v0x7f90bf5a8220_0, C4<1>, C4<1>;
L_0x7f90bf5afb10 .delay 1 (2,2,2) L_0x7f90bf5afb10/d;
L_0x7f90bf5b6c40/d .functor OR 1, L_0x7f90bf5b6d60, L_0x7f90bf5b00b0, C4<0>, C4<0>;
L_0x7f90bf5b6c40 .delay 1 (3,3,3) L_0x7f90bf5b6c40/d;
v0x7f90bf594d20_0 .net *"_s0", 0 0, L_0x7f90bf5af7f0;  1 drivers
v0x7f90bf594de0_0 .net *"_s1", 0 0, L_0x7f90bf5afc20;  1 drivers
v0x7f90bf594e80_0 .net *"_s2", 0 0, L_0x7f90bf5b6d60;  1 drivers
v0x7f90bf594f30_0 .net *"_s3", 0 0, L_0x7f90bf5b00b0;  1 drivers
S_0x7f90bf594fe0 .scope generate, "for_loop[32]" "for_loop[32]" 3 15, 3 15 0, S_0x7f90bf500050;
 .timescale 0 0;
P_0x7f90bf58fe20 .param/l "i" 0 3 15, +C4<0100000>;
L_0x7f90bf5b0190/d .functor AND 1, L_0x7f90bf5b04a0, L_0x7f90bf5c7fe0, C4<1>, C4<1>;
L_0x7f90bf5b0190 .delay 1 (2,2,2) L_0x7f90bf5b0190/d;
L_0x7f90bf5b0580/d .functor AND 1, L_0x7f90bf5b6810, v0x7f90bf5a8220_0, C4<1>, C4<1>;
L_0x7f90bf5b0580 .delay 1 (2,2,2) L_0x7f90bf5b0580/d;
L_0x7f90bf5b68f0/d .functor OR 1, L_0x7f90bf5b6b40, L_0x7f90bf5b6a20, C4<0>, C4<0>;
L_0x7f90bf5b68f0 .delay 1 (3,3,3) L_0x7f90bf5b68f0/d;
v0x7f90bf5953a0_0 .net *"_s0", 0 0, L_0x7f90bf5b04a0;  1 drivers
v0x7f90bf595430_0 .net *"_s1", 0 0, L_0x7f90bf5b6810;  1 drivers
v0x7f90bf5954c0_0 .net *"_s2", 0 0, L_0x7f90bf5b6b40;  1 drivers
v0x7f90bf595560_0 .net *"_s3", 0 0, L_0x7f90bf5b6a20;  1 drivers
S_0x7f90bf595610 .scope generate, "for_loop[33]" "for_loop[33]" 3 15, 3 15 0, S_0x7f90bf500050;
 .timescale 0 0;
P_0x7f90bf5957d0 .param/l "i" 0 3 15, +C4<0100001>;
L_0x7f90bf5b6ee0/d .functor AND 1, L_0x7f90bf5b6f90, L_0x7f90bf5c7fe0, C4<1>, C4<1>;
L_0x7f90bf5b6ee0 .delay 1 (2,2,2) L_0x7f90bf5b6ee0/d;
L_0x7f90bf5b70d0/d .functor AND 1, L_0x7f90bf5b7180, v0x7f90bf5a8220_0, C4<1>, C4<1>;
L_0x7f90bf5b70d0 .delay 1 (2,2,2) L_0x7f90bf5b70d0/d;
L_0x7f90bf5b72c0/d .functor OR 1, L_0x7f90bf5b73b0, L_0x7f90bf5b74f0, C4<0>, C4<0>;
L_0x7f90bf5b72c0 .delay 1 (3,3,3) L_0x7f90bf5b72c0/d;
v0x7f90bf595880_0 .net *"_s0", 0 0, L_0x7f90bf5b6f90;  1 drivers
v0x7f90bf595940_0 .net *"_s1", 0 0, L_0x7f90bf5b7180;  1 drivers
v0x7f90bf5959e0_0 .net *"_s2", 0 0, L_0x7f90bf5b73b0;  1 drivers
v0x7f90bf595a90_0 .net *"_s3", 0 0, L_0x7f90bf5b74f0;  1 drivers
S_0x7f90bf595b40 .scope generate, "for_loop[34]" "for_loop[34]" 3 15, 3 15 0, S_0x7f90bf500050;
 .timescale 0 0;
P_0x7f90bf595d00 .param/l "i" 0 3 15, +C4<0100010>;
L_0x7f90bf5b75d0/d .functor AND 1, L_0x7f90bf5b7680, L_0x7f90bf5c7fe0, C4<1>, C4<1>;
L_0x7f90bf5b75d0 .delay 1 (2,2,2) L_0x7f90bf5b75d0/d;
L_0x7f90bf5b77c0/d .functor AND 1, L_0x7f90bf5b7890, v0x7f90bf5a8220_0, C4<1>, C4<1>;
L_0x7f90bf5b77c0 .delay 1 (2,2,2) L_0x7f90bf5b77c0/d;
L_0x7f90bf5b79d0/d .functor OR 1, L_0x7f90bf5b7ac0, L_0x7f90bf5b7c00, C4<0>, C4<0>;
L_0x7f90bf5b79d0 .delay 1 (3,3,3) L_0x7f90bf5b79d0/d;
v0x7f90bf595db0_0 .net *"_s0", 0 0, L_0x7f90bf5b7680;  1 drivers
v0x7f90bf595e70_0 .net *"_s1", 0 0, L_0x7f90bf5b7890;  1 drivers
v0x7f90bf595f10_0 .net *"_s2", 0 0, L_0x7f90bf5b7ac0;  1 drivers
v0x7f90bf595fc0_0 .net *"_s3", 0 0, L_0x7f90bf5b7c00;  1 drivers
S_0x7f90bf596070 .scope generate, "for_loop[35]" "for_loop[35]" 3 15, 3 15 0, S_0x7f90bf500050;
 .timescale 0 0;
P_0x7f90bf596230 .param/l "i" 0 3 15, +C4<0100011>;
L_0x7f90bf5b7ce0/d .functor AND 1, L_0x7f90bf5b7d90, L_0x7f90bf5c7fe0, C4<1>, C4<1>;
L_0x7f90bf5b7ce0 .delay 1 (2,2,2) L_0x7f90bf5b7ce0/d;
L_0x7f90bf5b7ed0/d .functor AND 1, L_0x7f90bf5b7fa0, v0x7f90bf5a8220_0, C4<1>, C4<1>;
L_0x7f90bf5b7ed0 .delay 1 (2,2,2) L_0x7f90bf5b7ed0/d;
L_0x7f90bf5b80e0/d .functor OR 1, L_0x7f90bf5b81d0, L_0x7f90bf5b8310, C4<0>, C4<0>;
L_0x7f90bf5b80e0 .delay 1 (3,3,3) L_0x7f90bf5b80e0/d;
v0x7f90bf5962e0_0 .net *"_s0", 0 0, L_0x7f90bf5b7d90;  1 drivers
v0x7f90bf5963a0_0 .net *"_s1", 0 0, L_0x7f90bf5b7fa0;  1 drivers
v0x7f90bf596440_0 .net *"_s2", 0 0, L_0x7f90bf5b81d0;  1 drivers
v0x7f90bf5964f0_0 .net *"_s3", 0 0, L_0x7f90bf5b8310;  1 drivers
S_0x7f90bf5965a0 .scope generate, "for_loop[36]" "for_loop[36]" 3 15, 3 15 0, S_0x7f90bf500050;
 .timescale 0 0;
P_0x7f90bf596760 .param/l "i" 0 3 15, +C4<0100100>;
L_0x7f90bf5b83f0/d .functor AND 1, L_0x7f90bf5b84a0, L_0x7f90bf5c7fe0, C4<1>, C4<1>;
L_0x7f90bf5b83f0 .delay 1 (2,2,2) L_0x7f90bf5b83f0/d;
L_0x7f90bf5b85e0/d .functor AND 1, L_0x7f90bf5b86b0, v0x7f90bf5a8220_0, C4<1>, C4<1>;
L_0x7f90bf5b85e0 .delay 1 (2,2,2) L_0x7f90bf5b85e0/d;
L_0x7f90bf5b87f0/d .functor OR 1, L_0x7f90bf5b88e0, L_0x7f90bf5b8a20, C4<0>, C4<0>;
L_0x7f90bf5b87f0 .delay 1 (3,3,3) L_0x7f90bf5b87f0/d;
v0x7f90bf596810_0 .net *"_s0", 0 0, L_0x7f90bf5b84a0;  1 drivers
v0x7f90bf5968d0_0 .net *"_s1", 0 0, L_0x7f90bf5b86b0;  1 drivers
v0x7f90bf596970_0 .net *"_s2", 0 0, L_0x7f90bf5b88e0;  1 drivers
v0x7f90bf596a20_0 .net *"_s3", 0 0, L_0x7f90bf5b8a20;  1 drivers
S_0x7f90bf596ad0 .scope generate, "for_loop[37]" "for_loop[37]" 3 15, 3 15 0, S_0x7f90bf500050;
 .timescale 0 0;
P_0x7f90bf596c90 .param/l "i" 0 3 15, +C4<0100101>;
L_0x7f90bf5b8b00/d .functor AND 1, L_0x7f90bf5b8bb0, L_0x7f90bf5c7fe0, C4<1>, C4<1>;
L_0x7f90bf5b8b00 .delay 1 (2,2,2) L_0x7f90bf5b8b00/d;
L_0x7f90bf5b8cf0/d .functor AND 1, L_0x7f90bf5b8dc0, v0x7f90bf5a8220_0, C4<1>, C4<1>;
L_0x7f90bf5b8cf0 .delay 1 (2,2,2) L_0x7f90bf5b8cf0/d;
L_0x7f90bf5b8f00/d .functor OR 1, L_0x7f90bf5b8ff0, L_0x7f90bf5b9130, C4<0>, C4<0>;
L_0x7f90bf5b8f00 .delay 1 (3,3,3) L_0x7f90bf5b8f00/d;
v0x7f90bf596d40_0 .net *"_s0", 0 0, L_0x7f90bf5b8bb0;  1 drivers
v0x7f90bf596e00_0 .net *"_s1", 0 0, L_0x7f90bf5b8dc0;  1 drivers
v0x7f90bf596ea0_0 .net *"_s2", 0 0, L_0x7f90bf5b8ff0;  1 drivers
v0x7f90bf596f50_0 .net *"_s3", 0 0, L_0x7f90bf5b9130;  1 drivers
S_0x7f90bf597000 .scope generate, "for_loop[38]" "for_loop[38]" 3 15, 3 15 0, S_0x7f90bf500050;
 .timescale 0 0;
P_0x7f90bf5971c0 .param/l "i" 0 3 15, +C4<0100110>;
L_0x7f90bf5b9210/d .functor AND 1, L_0x7f90bf5b92c0, L_0x7f90bf5c7fe0, C4<1>, C4<1>;
L_0x7f90bf5b9210 .delay 1 (2,2,2) L_0x7f90bf5b9210/d;
L_0x7f90bf5b9400/d .functor AND 1, L_0x7f90bf5b94d0, v0x7f90bf5a8220_0, C4<1>, C4<1>;
L_0x7f90bf5b9400 .delay 1 (2,2,2) L_0x7f90bf5b9400/d;
L_0x7f90bf5b9610/d .functor OR 1, L_0x7f90bf5b9700, L_0x7f90bf5b9840, C4<0>, C4<0>;
L_0x7f90bf5b9610 .delay 1 (3,3,3) L_0x7f90bf5b9610/d;
v0x7f90bf597270_0 .net *"_s0", 0 0, L_0x7f90bf5b92c0;  1 drivers
v0x7f90bf597330_0 .net *"_s1", 0 0, L_0x7f90bf5b94d0;  1 drivers
v0x7f90bf5973d0_0 .net *"_s2", 0 0, L_0x7f90bf5b9700;  1 drivers
v0x7f90bf597480_0 .net *"_s3", 0 0, L_0x7f90bf5b9840;  1 drivers
S_0x7f90bf597530 .scope generate, "for_loop[39]" "for_loop[39]" 3 15, 3 15 0, S_0x7f90bf500050;
 .timescale 0 0;
P_0x7f90bf5976f0 .param/l "i" 0 3 15, +C4<0100111>;
L_0x7f90bf5b9920/d .functor AND 1, L_0x7f90bf5b99d0, L_0x7f90bf5c7fe0, C4<1>, C4<1>;
L_0x7f90bf5b9920 .delay 1 (2,2,2) L_0x7f90bf5b9920/d;
L_0x7f90bf5b9b10/d .functor AND 1, L_0x7f90bf5b9be0, v0x7f90bf5a8220_0, C4<1>, C4<1>;
L_0x7f90bf5b9b10 .delay 1 (2,2,2) L_0x7f90bf5b9b10/d;
L_0x7f90bf5b9d20/d .functor OR 1, L_0x7f90bf5b9e10, L_0x7f90bf5b9f50, C4<0>, C4<0>;
L_0x7f90bf5b9d20 .delay 1 (3,3,3) L_0x7f90bf5b9d20/d;
v0x7f90bf5977a0_0 .net *"_s0", 0 0, L_0x7f90bf5b99d0;  1 drivers
v0x7f90bf597860_0 .net *"_s1", 0 0, L_0x7f90bf5b9be0;  1 drivers
v0x7f90bf597900_0 .net *"_s2", 0 0, L_0x7f90bf5b9e10;  1 drivers
v0x7f90bf5979b0_0 .net *"_s3", 0 0, L_0x7f90bf5b9f50;  1 drivers
S_0x7f90bf597a60 .scope generate, "for_loop[40]" "for_loop[40]" 3 15, 3 15 0, S_0x7f90bf500050;
 .timescale 0 0;
P_0x7f90bf597c20 .param/l "i" 0 3 15, +C4<0101000>;
L_0x7f90bf5ba030/d .functor AND 1, L_0x7f90bf5ba0e0, L_0x7f90bf5c7fe0, C4<1>, C4<1>;
L_0x7f90bf5ba030 .delay 1 (2,2,2) L_0x7f90bf5ba030/d;
L_0x7f90bf5ba220/d .functor AND 1, L_0x7f90bf5ba2f0, v0x7f90bf5a8220_0, C4<1>, C4<1>;
L_0x7f90bf5ba220 .delay 1 (2,2,2) L_0x7f90bf5ba220/d;
L_0x7f90bf5ba430/d .functor OR 1, L_0x7f90bf5ba520, L_0x7f90bf5ba660, C4<0>, C4<0>;
L_0x7f90bf5ba430 .delay 1 (3,3,3) L_0x7f90bf5ba430/d;
v0x7f90bf597cd0_0 .net *"_s0", 0 0, L_0x7f90bf5ba0e0;  1 drivers
v0x7f90bf597d90_0 .net *"_s1", 0 0, L_0x7f90bf5ba2f0;  1 drivers
v0x7f90bf597e30_0 .net *"_s2", 0 0, L_0x7f90bf5ba520;  1 drivers
v0x7f90bf597ee0_0 .net *"_s3", 0 0, L_0x7f90bf5ba660;  1 drivers
S_0x7f90bf597f90 .scope generate, "for_loop[41]" "for_loop[41]" 3 15, 3 15 0, S_0x7f90bf500050;
 .timescale 0 0;
P_0x7f90bf598150 .param/l "i" 0 3 15, +C4<0101001>;
L_0x7f90bf5ba740/d .functor AND 1, L_0x7f90bf5ba7f0, L_0x7f90bf5c7fe0, C4<1>, C4<1>;
L_0x7f90bf5ba740 .delay 1 (2,2,2) L_0x7f90bf5ba740/d;
L_0x7f90bf5ba930/d .functor AND 1, L_0x7f90bf5baa00, v0x7f90bf5a8220_0, C4<1>, C4<1>;
L_0x7f90bf5ba930 .delay 1 (2,2,2) L_0x7f90bf5ba930/d;
L_0x7f90bf5bab40/d .functor OR 1, L_0x7f90bf5bac30, L_0x7f90bf5bad70, C4<0>, C4<0>;
L_0x7f90bf5bab40 .delay 1 (3,3,3) L_0x7f90bf5bab40/d;
v0x7f90bf598200_0 .net *"_s0", 0 0, L_0x7f90bf5ba7f0;  1 drivers
v0x7f90bf5982c0_0 .net *"_s1", 0 0, L_0x7f90bf5baa00;  1 drivers
v0x7f90bf598360_0 .net *"_s2", 0 0, L_0x7f90bf5bac30;  1 drivers
v0x7f90bf598410_0 .net *"_s3", 0 0, L_0x7f90bf5bad70;  1 drivers
S_0x7f90bf5984c0 .scope generate, "for_loop[42]" "for_loop[42]" 3 15, 3 15 0, S_0x7f90bf500050;
 .timescale 0 0;
P_0x7f90bf598680 .param/l "i" 0 3 15, +C4<0101010>;
L_0x7f90bf5bae50/d .functor AND 1, L_0x7f90bf5baf00, L_0x7f90bf5c7fe0, C4<1>, C4<1>;
L_0x7f90bf5bae50 .delay 1 (2,2,2) L_0x7f90bf5bae50/d;
L_0x7f90bf5bb040/d .functor AND 1, L_0x7f90bf5bb110, v0x7f90bf5a8220_0, C4<1>, C4<1>;
L_0x7f90bf5bb040 .delay 1 (2,2,2) L_0x7f90bf5bb040/d;
L_0x7f90bf5bb250/d .functor OR 1, L_0x7f90bf5bb340, L_0x7f90bf5bb480, C4<0>, C4<0>;
L_0x7f90bf5bb250 .delay 1 (3,3,3) L_0x7f90bf5bb250/d;
v0x7f90bf598730_0 .net *"_s0", 0 0, L_0x7f90bf5baf00;  1 drivers
v0x7f90bf5987f0_0 .net *"_s1", 0 0, L_0x7f90bf5bb110;  1 drivers
v0x7f90bf598890_0 .net *"_s2", 0 0, L_0x7f90bf5bb340;  1 drivers
v0x7f90bf598940_0 .net *"_s3", 0 0, L_0x7f90bf5bb480;  1 drivers
S_0x7f90bf5989f0 .scope generate, "for_loop[43]" "for_loop[43]" 3 15, 3 15 0, S_0x7f90bf500050;
 .timescale 0 0;
P_0x7f90bf598bb0 .param/l "i" 0 3 15, +C4<0101011>;
L_0x7f90bf5bb560/d .functor AND 1, L_0x7f90bf5bb610, L_0x7f90bf5c7fe0, C4<1>, C4<1>;
L_0x7f90bf5bb560 .delay 1 (2,2,2) L_0x7f90bf5bb560/d;
L_0x7f90bf5bb750/d .functor AND 1, L_0x7f90bf5bb820, v0x7f90bf5a8220_0, C4<1>, C4<1>;
L_0x7f90bf5bb750 .delay 1 (2,2,2) L_0x7f90bf5bb750/d;
L_0x7f90bf5bb960/d .functor OR 1, L_0x7f90bf5bba50, L_0x7f90bf5bbb90, C4<0>, C4<0>;
L_0x7f90bf5bb960 .delay 1 (3,3,3) L_0x7f90bf5bb960/d;
v0x7f90bf598c60_0 .net *"_s0", 0 0, L_0x7f90bf5bb610;  1 drivers
v0x7f90bf598d20_0 .net *"_s1", 0 0, L_0x7f90bf5bb820;  1 drivers
v0x7f90bf598dc0_0 .net *"_s2", 0 0, L_0x7f90bf5bba50;  1 drivers
v0x7f90bf598e70_0 .net *"_s3", 0 0, L_0x7f90bf5bbb90;  1 drivers
S_0x7f90bf598f20 .scope generate, "for_loop[44]" "for_loop[44]" 3 15, 3 15 0, S_0x7f90bf500050;
 .timescale 0 0;
P_0x7f90bf5990e0 .param/l "i" 0 3 15, +C4<0101100>;
L_0x7f90bf5bbc70/d .functor AND 1, L_0x7f90bf5bbd20, L_0x7f90bf5c7fe0, C4<1>, C4<1>;
L_0x7f90bf5bbc70 .delay 1 (2,2,2) L_0x7f90bf5bbc70/d;
L_0x7f90bf5bbe60/d .functor AND 1, L_0x7f90bf5bbf30, v0x7f90bf5a8220_0, C4<1>, C4<1>;
L_0x7f90bf5bbe60 .delay 1 (2,2,2) L_0x7f90bf5bbe60/d;
L_0x7f90bf5bc070/d .functor OR 1, L_0x7f90bf5bc160, L_0x7f90bf5bc2a0, C4<0>, C4<0>;
L_0x7f90bf5bc070 .delay 1 (3,3,3) L_0x7f90bf5bc070/d;
v0x7f90bf599190_0 .net *"_s0", 0 0, L_0x7f90bf5bbd20;  1 drivers
v0x7f90bf599250_0 .net *"_s1", 0 0, L_0x7f90bf5bbf30;  1 drivers
v0x7f90bf5992f0_0 .net *"_s2", 0 0, L_0x7f90bf5bc160;  1 drivers
v0x7f90bf5993a0_0 .net *"_s3", 0 0, L_0x7f90bf5bc2a0;  1 drivers
S_0x7f90bf599450 .scope generate, "for_loop[45]" "for_loop[45]" 3 15, 3 15 0, S_0x7f90bf500050;
 .timescale 0 0;
P_0x7f90bf599610 .param/l "i" 0 3 15, +C4<0101101>;
L_0x7f90bf5bc380/d .functor AND 1, L_0x7f90bf5bc430, L_0x7f90bf5c7fe0, C4<1>, C4<1>;
L_0x7f90bf5bc380 .delay 1 (2,2,2) L_0x7f90bf5bc380/d;
L_0x7f90bf5bc570/d .functor AND 1, L_0x7f90bf5bc640, v0x7f90bf5a8220_0, C4<1>, C4<1>;
L_0x7f90bf5bc570 .delay 1 (2,2,2) L_0x7f90bf5bc570/d;
L_0x7f90bf5bc780/d .functor OR 1, L_0x7f90bf5bc870, L_0x7f90bf5bc9b0, C4<0>, C4<0>;
L_0x7f90bf5bc780 .delay 1 (3,3,3) L_0x7f90bf5bc780/d;
v0x7f90bf5996c0_0 .net *"_s0", 0 0, L_0x7f90bf5bc430;  1 drivers
v0x7f90bf599780_0 .net *"_s1", 0 0, L_0x7f90bf5bc640;  1 drivers
v0x7f90bf599820_0 .net *"_s2", 0 0, L_0x7f90bf5bc870;  1 drivers
v0x7f90bf5998d0_0 .net *"_s3", 0 0, L_0x7f90bf5bc9b0;  1 drivers
S_0x7f90bf599980 .scope generate, "for_loop[46]" "for_loop[46]" 3 15, 3 15 0, S_0x7f90bf500050;
 .timescale 0 0;
P_0x7f90bf599b40 .param/l "i" 0 3 15, +C4<0101110>;
L_0x7f90bf5bca90/d .functor AND 1, L_0x7f90bf5bcb40, L_0x7f90bf5c7fe0, C4<1>, C4<1>;
L_0x7f90bf5bca90 .delay 1 (2,2,2) L_0x7f90bf5bca90/d;
L_0x7f90bf5bcc80/d .functor AND 1, L_0x7f90bf5bcd50, v0x7f90bf5a8220_0, C4<1>, C4<1>;
L_0x7f90bf5bcc80 .delay 1 (2,2,2) L_0x7f90bf5bcc80/d;
L_0x7f90bf5bce90/d .functor OR 1, L_0x7f90bf5bcf80, L_0x7f90bf5bd0c0, C4<0>, C4<0>;
L_0x7f90bf5bce90 .delay 1 (3,3,3) L_0x7f90bf5bce90/d;
v0x7f90bf599bf0_0 .net *"_s0", 0 0, L_0x7f90bf5bcb40;  1 drivers
v0x7f90bf599cb0_0 .net *"_s1", 0 0, L_0x7f90bf5bcd50;  1 drivers
v0x7f90bf599d50_0 .net *"_s2", 0 0, L_0x7f90bf5bcf80;  1 drivers
v0x7f90bf599e00_0 .net *"_s3", 0 0, L_0x7f90bf5bd0c0;  1 drivers
S_0x7f90bf599eb0 .scope generate, "for_loop[47]" "for_loop[47]" 3 15, 3 15 0, S_0x7f90bf500050;
 .timescale 0 0;
P_0x7f90bf59a070 .param/l "i" 0 3 15, +C4<0101111>;
L_0x7f90bf5bd1a0/d .functor AND 1, L_0x7f90bf5bd250, L_0x7f90bf5c7fe0, C4<1>, C4<1>;
L_0x7f90bf5bd1a0 .delay 1 (2,2,2) L_0x7f90bf5bd1a0/d;
L_0x7f90bf5bd390/d .functor AND 1, L_0x7f90bf5bd460, v0x7f90bf5a8220_0, C4<1>, C4<1>;
L_0x7f90bf5bd390 .delay 1 (2,2,2) L_0x7f90bf5bd390/d;
L_0x7f90bf5bd5a0/d .functor OR 1, L_0x7f90bf5bd690, L_0x7f90bf5bd7d0, C4<0>, C4<0>;
L_0x7f90bf5bd5a0 .delay 1 (3,3,3) L_0x7f90bf5bd5a0/d;
v0x7f90bf59a120_0 .net *"_s0", 0 0, L_0x7f90bf5bd250;  1 drivers
v0x7f90bf59a1e0_0 .net *"_s1", 0 0, L_0x7f90bf5bd460;  1 drivers
v0x7f90bf59a280_0 .net *"_s2", 0 0, L_0x7f90bf5bd690;  1 drivers
v0x7f90bf59a330_0 .net *"_s3", 0 0, L_0x7f90bf5bd7d0;  1 drivers
S_0x7f90bf59a3e0 .scope generate, "for_loop[48]" "for_loop[48]" 3 15, 3 15 0, S_0x7f90bf500050;
 .timescale 0 0;
P_0x7f90bf59a5a0 .param/l "i" 0 3 15, +C4<0110000>;
L_0x7f90bf5bd8b0/d .functor AND 1, L_0x7f90bf5bd960, L_0x7f90bf5c7fe0, C4<1>, C4<1>;
L_0x7f90bf5bd8b0 .delay 1 (2,2,2) L_0x7f90bf5bd8b0/d;
L_0x7f90bf5bdaa0/d .functor AND 1, L_0x7f90bf5bdb70, v0x7f90bf5a8220_0, C4<1>, C4<1>;
L_0x7f90bf5bdaa0 .delay 1 (2,2,2) L_0x7f90bf5bdaa0/d;
L_0x7f90bf5bdcb0/d .functor OR 1, L_0x7f90bf5bdda0, L_0x7f90bf5bdee0, C4<0>, C4<0>;
L_0x7f90bf5bdcb0 .delay 1 (3,3,3) L_0x7f90bf5bdcb0/d;
v0x7f90bf59a650_0 .net *"_s0", 0 0, L_0x7f90bf5bd960;  1 drivers
v0x7f90bf59a710_0 .net *"_s1", 0 0, L_0x7f90bf5bdb70;  1 drivers
v0x7f90bf59a7b0_0 .net *"_s2", 0 0, L_0x7f90bf5bdda0;  1 drivers
v0x7f90bf59a860_0 .net *"_s3", 0 0, L_0x7f90bf5bdee0;  1 drivers
S_0x7f90bf59a910 .scope generate, "for_loop[49]" "for_loop[49]" 3 15, 3 15 0, S_0x7f90bf500050;
 .timescale 0 0;
P_0x7f90bf59aad0 .param/l "i" 0 3 15, +C4<0110001>;
L_0x7f90bf5bdfc0/d .functor AND 1, L_0x7f90bf5be070, L_0x7f90bf5c7fe0, C4<1>, C4<1>;
L_0x7f90bf5bdfc0 .delay 1 (2,2,2) L_0x7f90bf5bdfc0/d;
L_0x7f90bf5be1b0/d .functor AND 1, L_0x7f90bf5be280, v0x7f90bf5a8220_0, C4<1>, C4<1>;
L_0x7f90bf5be1b0 .delay 1 (2,2,2) L_0x7f90bf5be1b0/d;
L_0x7f90bf5be3c0/d .functor OR 1, L_0x7f90bf5be4b0, L_0x7f90bf5be5f0, C4<0>, C4<0>;
L_0x7f90bf5be3c0 .delay 1 (3,3,3) L_0x7f90bf5be3c0/d;
v0x7f90bf59ab80_0 .net *"_s0", 0 0, L_0x7f90bf5be070;  1 drivers
v0x7f90bf59ac40_0 .net *"_s1", 0 0, L_0x7f90bf5be280;  1 drivers
v0x7f90bf59ace0_0 .net *"_s2", 0 0, L_0x7f90bf5be4b0;  1 drivers
v0x7f90bf59ad90_0 .net *"_s3", 0 0, L_0x7f90bf5be5f0;  1 drivers
S_0x7f90bf59ae40 .scope generate, "for_loop[50]" "for_loop[50]" 3 15, 3 15 0, S_0x7f90bf500050;
 .timescale 0 0;
P_0x7f90bf59b000 .param/l "i" 0 3 15, +C4<0110010>;
L_0x7f90bf5be6d0/d .functor AND 1, L_0x7f90bf5be780, L_0x7f90bf5c7fe0, C4<1>, C4<1>;
L_0x7f90bf5be6d0 .delay 1 (2,2,2) L_0x7f90bf5be6d0/d;
L_0x7f90bf5be8c0/d .functor AND 1, L_0x7f90bf5be990, v0x7f90bf5a8220_0, C4<1>, C4<1>;
L_0x7f90bf5be8c0 .delay 1 (2,2,2) L_0x7f90bf5be8c0/d;
L_0x7f90bf5bead0/d .functor OR 1, L_0x7f90bf5bebc0, L_0x7f90bf5bed00, C4<0>, C4<0>;
L_0x7f90bf5bead0 .delay 1 (3,3,3) L_0x7f90bf5bead0/d;
v0x7f90bf59b0b0_0 .net *"_s0", 0 0, L_0x7f90bf5be780;  1 drivers
v0x7f90bf59b170_0 .net *"_s1", 0 0, L_0x7f90bf5be990;  1 drivers
v0x7f90bf59b210_0 .net *"_s2", 0 0, L_0x7f90bf5bebc0;  1 drivers
v0x7f90bf59b2c0_0 .net *"_s3", 0 0, L_0x7f90bf5bed00;  1 drivers
S_0x7f90bf59b370 .scope generate, "for_loop[51]" "for_loop[51]" 3 15, 3 15 0, S_0x7f90bf500050;
 .timescale 0 0;
P_0x7f90bf59b530 .param/l "i" 0 3 15, +C4<0110011>;
L_0x7f90bf5bede0/d .functor AND 1, L_0x7f90bf5bee90, L_0x7f90bf5c7fe0, C4<1>, C4<1>;
L_0x7f90bf5bede0 .delay 1 (2,2,2) L_0x7f90bf5bede0/d;
L_0x7f90bf5befd0/d .functor AND 1, L_0x7f90bf5bf0a0, v0x7f90bf5a8220_0, C4<1>, C4<1>;
L_0x7f90bf5befd0 .delay 1 (2,2,2) L_0x7f90bf5befd0/d;
L_0x7f90bf5bf1e0/d .functor OR 1, L_0x7f90bf5bf2d0, L_0x7f90bf5bf410, C4<0>, C4<0>;
L_0x7f90bf5bf1e0 .delay 1 (3,3,3) L_0x7f90bf5bf1e0/d;
v0x7f90bf59b5e0_0 .net *"_s0", 0 0, L_0x7f90bf5bee90;  1 drivers
v0x7f90bf59b6a0_0 .net *"_s1", 0 0, L_0x7f90bf5bf0a0;  1 drivers
v0x7f90bf59b740_0 .net *"_s2", 0 0, L_0x7f90bf5bf2d0;  1 drivers
v0x7f90bf59b7f0_0 .net *"_s3", 0 0, L_0x7f90bf5bf410;  1 drivers
S_0x7f90bf59b8a0 .scope generate, "for_loop[52]" "for_loop[52]" 3 15, 3 15 0, S_0x7f90bf500050;
 .timescale 0 0;
P_0x7f90bf59ba60 .param/l "i" 0 3 15, +C4<0110100>;
L_0x7f90bf5bf4f0/d .functor AND 1, L_0x7f90bf5bf5a0, L_0x7f90bf5c7fe0, C4<1>, C4<1>;
L_0x7f90bf5bf4f0 .delay 1 (2,2,2) L_0x7f90bf5bf4f0/d;
L_0x7f90bf5bf6e0/d .functor AND 1, L_0x7f90bf5bf7b0, v0x7f90bf5a8220_0, C4<1>, C4<1>;
L_0x7f90bf5bf6e0 .delay 1 (2,2,2) L_0x7f90bf5bf6e0/d;
L_0x7f90bf5bf8f0/d .functor OR 1, L_0x7f90bf5bf9e0, L_0x7f90bf5bfb20, C4<0>, C4<0>;
L_0x7f90bf5bf8f0 .delay 1 (3,3,3) L_0x7f90bf5bf8f0/d;
v0x7f90bf59bb10_0 .net *"_s0", 0 0, L_0x7f90bf5bf5a0;  1 drivers
v0x7f90bf59bbd0_0 .net *"_s1", 0 0, L_0x7f90bf5bf7b0;  1 drivers
v0x7f90bf59bc70_0 .net *"_s2", 0 0, L_0x7f90bf5bf9e0;  1 drivers
v0x7f90bf59bd20_0 .net *"_s3", 0 0, L_0x7f90bf5bfb20;  1 drivers
S_0x7f90bf59bdd0 .scope generate, "for_loop[53]" "for_loop[53]" 3 15, 3 15 0, S_0x7f90bf500050;
 .timescale 0 0;
P_0x7f90bf59bf90 .param/l "i" 0 3 15, +C4<0110101>;
L_0x7f90bf5bfc00/d .functor AND 1, L_0x7f90bf5bfcb0, L_0x7f90bf5c7fe0, C4<1>, C4<1>;
L_0x7f90bf5bfc00 .delay 1 (2,2,2) L_0x7f90bf5bfc00/d;
L_0x7f90bf5bfdf0/d .functor AND 1, L_0x7f90bf5bfec0, v0x7f90bf5a8220_0, C4<1>, C4<1>;
L_0x7f90bf5bfdf0 .delay 1 (2,2,2) L_0x7f90bf5bfdf0/d;
L_0x7f90bf5c0000/d .functor OR 1, L_0x7f90bf5c00f0, L_0x7f90bf5c0230, C4<0>, C4<0>;
L_0x7f90bf5c0000 .delay 1 (3,3,3) L_0x7f90bf5c0000/d;
v0x7f90bf59c040_0 .net *"_s0", 0 0, L_0x7f90bf5bfcb0;  1 drivers
v0x7f90bf59c100_0 .net *"_s1", 0 0, L_0x7f90bf5bfec0;  1 drivers
v0x7f90bf59c1a0_0 .net *"_s2", 0 0, L_0x7f90bf5c00f0;  1 drivers
v0x7f90bf59c250_0 .net *"_s3", 0 0, L_0x7f90bf5c0230;  1 drivers
S_0x7f90bf59c300 .scope generate, "for_loop[54]" "for_loop[54]" 3 15, 3 15 0, S_0x7f90bf500050;
 .timescale 0 0;
P_0x7f90bf59c4c0 .param/l "i" 0 3 15, +C4<0110110>;
L_0x7f90bf5c0310/d .functor AND 1, L_0x7f90bf5c03c0, L_0x7f90bf5c7fe0, C4<1>, C4<1>;
L_0x7f90bf5c0310 .delay 1 (2,2,2) L_0x7f90bf5c0310/d;
L_0x7f90bf5c0500/d .functor AND 1, L_0x7f90bf5c05d0, v0x7f90bf5a8220_0, C4<1>, C4<1>;
L_0x7f90bf5c0500 .delay 1 (2,2,2) L_0x7f90bf5c0500/d;
L_0x7f90bf5c0710/d .functor OR 1, L_0x7f90bf5c0800, L_0x7f90bf5c0940, C4<0>, C4<0>;
L_0x7f90bf5c0710 .delay 1 (3,3,3) L_0x7f90bf5c0710/d;
v0x7f90bf59c570_0 .net *"_s0", 0 0, L_0x7f90bf5c03c0;  1 drivers
v0x7f90bf59c630_0 .net *"_s1", 0 0, L_0x7f90bf5c05d0;  1 drivers
v0x7f90bf59c6d0_0 .net *"_s2", 0 0, L_0x7f90bf5c0800;  1 drivers
v0x7f90bf59c780_0 .net *"_s3", 0 0, L_0x7f90bf5c0940;  1 drivers
S_0x7f90bf59c830 .scope generate, "for_loop[55]" "for_loop[55]" 3 15, 3 15 0, S_0x7f90bf500050;
 .timescale 0 0;
P_0x7f90bf59c9f0 .param/l "i" 0 3 15, +C4<0110111>;
L_0x7f90bf5c0a20/d .functor AND 1, L_0x7f90bf5c0ad0, L_0x7f90bf5c7fe0, C4<1>, C4<1>;
L_0x7f90bf5c0a20 .delay 1 (2,2,2) L_0x7f90bf5c0a20/d;
L_0x7f90bf5c0c10/d .functor AND 1, L_0x7f90bf5c0ce0, v0x7f90bf5a8220_0, C4<1>, C4<1>;
L_0x7f90bf5c0c10 .delay 1 (2,2,2) L_0x7f90bf5c0c10/d;
L_0x7f90bf5c0e20/d .functor OR 1, L_0x7f90bf5c0f10, L_0x7f90bf5c1050, C4<0>, C4<0>;
L_0x7f90bf5c0e20 .delay 1 (3,3,3) L_0x7f90bf5c0e20/d;
v0x7f90bf59caa0_0 .net *"_s0", 0 0, L_0x7f90bf5c0ad0;  1 drivers
v0x7f90bf59cb60_0 .net *"_s1", 0 0, L_0x7f90bf5c0ce0;  1 drivers
v0x7f90bf59cc00_0 .net *"_s2", 0 0, L_0x7f90bf5c0f10;  1 drivers
v0x7f90bf59ccb0_0 .net *"_s3", 0 0, L_0x7f90bf5c1050;  1 drivers
S_0x7f90bf59cd60 .scope generate, "for_loop[56]" "for_loop[56]" 3 15, 3 15 0, S_0x7f90bf500050;
 .timescale 0 0;
P_0x7f90bf59cf20 .param/l "i" 0 3 15, +C4<0111000>;
L_0x7f90bf5c1130/d .functor AND 1, L_0x7f90bf5c11e0, L_0x7f90bf5c7fe0, C4<1>, C4<1>;
L_0x7f90bf5c1130 .delay 1 (2,2,2) L_0x7f90bf5c1130/d;
L_0x7f90bf5c1320/d .functor AND 1, L_0x7f90bf5c13f0, v0x7f90bf5a8220_0, C4<1>, C4<1>;
L_0x7f90bf5c1320 .delay 1 (2,2,2) L_0x7f90bf5c1320/d;
L_0x7f90bf5c1530/d .functor OR 1, L_0x7f90bf5c1620, L_0x7f90bf5c1760, C4<0>, C4<0>;
L_0x7f90bf5c1530 .delay 1 (3,3,3) L_0x7f90bf5c1530/d;
v0x7f90bf59cfd0_0 .net *"_s0", 0 0, L_0x7f90bf5c11e0;  1 drivers
v0x7f90bf59d090_0 .net *"_s1", 0 0, L_0x7f90bf5c13f0;  1 drivers
v0x7f90bf59d130_0 .net *"_s2", 0 0, L_0x7f90bf5c1620;  1 drivers
v0x7f90bf59d1e0_0 .net *"_s3", 0 0, L_0x7f90bf5c1760;  1 drivers
S_0x7f90bf59d290 .scope generate, "for_loop[57]" "for_loop[57]" 3 15, 3 15 0, S_0x7f90bf500050;
 .timescale 0 0;
P_0x7f90bf59d450 .param/l "i" 0 3 15, +C4<0111001>;
L_0x7f90bf5c1840/d .functor AND 1, L_0x7f90bf5c18f0, L_0x7f90bf5c7fe0, C4<1>, C4<1>;
L_0x7f90bf5c1840 .delay 1 (2,2,2) L_0x7f90bf5c1840/d;
L_0x7f90bf5c1a30/d .functor AND 1, L_0x7f90bf5c1b00, v0x7f90bf5a8220_0, C4<1>, C4<1>;
L_0x7f90bf5c1a30 .delay 1 (2,2,2) L_0x7f90bf5c1a30/d;
L_0x7f90bf5c1c40/d .functor OR 1, L_0x7f90bf5c1d30, L_0x7f90bf5c1e70, C4<0>, C4<0>;
L_0x7f90bf5c1c40 .delay 1 (3,3,3) L_0x7f90bf5c1c40/d;
v0x7f90bf59d500_0 .net *"_s0", 0 0, L_0x7f90bf5c18f0;  1 drivers
v0x7f90bf59d5c0_0 .net *"_s1", 0 0, L_0x7f90bf5c1b00;  1 drivers
v0x7f90bf59d660_0 .net *"_s2", 0 0, L_0x7f90bf5c1d30;  1 drivers
v0x7f90bf59d710_0 .net *"_s3", 0 0, L_0x7f90bf5c1e70;  1 drivers
S_0x7f90bf59d7c0 .scope generate, "for_loop[58]" "for_loop[58]" 3 15, 3 15 0, S_0x7f90bf500050;
 .timescale 0 0;
P_0x7f90bf59d980 .param/l "i" 0 3 15, +C4<0111010>;
L_0x7f90bf5c1f50/d .functor AND 1, L_0x7f90bf5c2000, L_0x7f90bf5c7fe0, C4<1>, C4<1>;
L_0x7f90bf5c1f50 .delay 1 (2,2,2) L_0x7f90bf5c1f50/d;
L_0x7f90bf5c2140/d .functor AND 1, L_0x7f90bf5c2210, v0x7f90bf5a8220_0, C4<1>, C4<1>;
L_0x7f90bf5c2140 .delay 1 (2,2,2) L_0x7f90bf5c2140/d;
L_0x7f90bf5c2350/d .functor OR 1, L_0x7f90bf5c2440, L_0x7f90bf5c2580, C4<0>, C4<0>;
L_0x7f90bf5c2350 .delay 1 (3,3,3) L_0x7f90bf5c2350/d;
v0x7f90bf59da30_0 .net *"_s0", 0 0, L_0x7f90bf5c2000;  1 drivers
v0x7f90bf59daf0_0 .net *"_s1", 0 0, L_0x7f90bf5c2210;  1 drivers
v0x7f90bf59db90_0 .net *"_s2", 0 0, L_0x7f90bf5c2440;  1 drivers
v0x7f90bf59dc40_0 .net *"_s3", 0 0, L_0x7f90bf5c2580;  1 drivers
S_0x7f90bf59dcf0 .scope generate, "for_loop[59]" "for_loop[59]" 3 15, 3 15 0, S_0x7f90bf500050;
 .timescale 0 0;
P_0x7f90bf59deb0 .param/l "i" 0 3 15, +C4<0111011>;
L_0x7f90bf5c2660/d .functor AND 1, L_0x7f90bf5c2710, L_0x7f90bf5c7fe0, C4<1>, C4<1>;
L_0x7f90bf5c2660 .delay 1 (2,2,2) L_0x7f90bf5c2660/d;
L_0x7f90bf5c2850/d .functor AND 1, L_0x7f90bf5c2920, v0x7f90bf5a8220_0, C4<1>, C4<1>;
L_0x7f90bf5c2850 .delay 1 (2,2,2) L_0x7f90bf5c2850/d;
L_0x7f90bf5c2a60/d .functor OR 1, L_0x7f90bf5c2b50, L_0x7f90bf5c2c90, C4<0>, C4<0>;
L_0x7f90bf5c2a60 .delay 1 (3,3,3) L_0x7f90bf5c2a60/d;
v0x7f90bf59df60_0 .net *"_s0", 0 0, L_0x7f90bf5c2710;  1 drivers
v0x7f90bf59e020_0 .net *"_s1", 0 0, L_0x7f90bf5c2920;  1 drivers
v0x7f90bf59e0c0_0 .net *"_s2", 0 0, L_0x7f90bf5c2b50;  1 drivers
v0x7f90bf59e170_0 .net *"_s3", 0 0, L_0x7f90bf5c2c90;  1 drivers
S_0x7f90bf59e220 .scope generate, "for_loop[60]" "for_loop[60]" 3 15, 3 15 0, S_0x7f90bf500050;
 .timescale 0 0;
P_0x7f90bf59e3e0 .param/l "i" 0 3 15, +C4<0111100>;
L_0x7f90bf5c2d70/d .functor AND 1, L_0x7f90bf5c2e20, L_0x7f90bf5c7fe0, C4<1>, C4<1>;
L_0x7f90bf5c2d70 .delay 1 (2,2,2) L_0x7f90bf5c2d70/d;
L_0x7f90bf5c2f60/d .functor AND 1, L_0x7f90bf5c3030, v0x7f90bf5a8220_0, C4<1>, C4<1>;
L_0x7f90bf5c2f60 .delay 1 (2,2,2) L_0x7f90bf5c2f60/d;
L_0x7f90bf5c3170/d .functor OR 1, L_0x7f90bf5c3260, L_0x7f90bf5c33a0, C4<0>, C4<0>;
L_0x7f90bf5c3170 .delay 1 (3,3,3) L_0x7f90bf5c3170/d;
v0x7f90bf59e490_0 .net *"_s0", 0 0, L_0x7f90bf5c2e20;  1 drivers
v0x7f90bf59e550_0 .net *"_s1", 0 0, L_0x7f90bf5c3030;  1 drivers
v0x7f90bf59e5f0_0 .net *"_s2", 0 0, L_0x7f90bf5c3260;  1 drivers
v0x7f90bf59e6a0_0 .net *"_s3", 0 0, L_0x7f90bf5c33a0;  1 drivers
S_0x7f90bf59e750 .scope generate, "for_loop[61]" "for_loop[61]" 3 15, 3 15 0, S_0x7f90bf500050;
 .timescale 0 0;
P_0x7f90bf59e910 .param/l "i" 0 3 15, +C4<0111101>;
L_0x7f90bf5c3480/d .functor AND 1, L_0x7f90bf5c3530, L_0x7f90bf5c7fe0, C4<1>, C4<1>;
L_0x7f90bf5c3480 .delay 1 (2,2,2) L_0x7f90bf5c3480/d;
L_0x7f90bf5c3670/d .functor AND 1, L_0x7f90bf5c3740, v0x7f90bf5a8220_0, C4<1>, C4<1>;
L_0x7f90bf5c3670 .delay 1 (2,2,2) L_0x7f90bf5c3670/d;
L_0x7f90bf5c3880/d .functor OR 1, L_0x7f90bf5c3970, L_0x7f90bf5c3ab0, C4<0>, C4<0>;
L_0x7f90bf5c3880 .delay 1 (3,3,3) L_0x7f90bf5c3880/d;
v0x7f90bf59e9c0_0 .net *"_s0", 0 0, L_0x7f90bf5c3530;  1 drivers
v0x7f90bf59ea80_0 .net *"_s1", 0 0, L_0x7f90bf5c3740;  1 drivers
v0x7f90bf59eb20_0 .net *"_s2", 0 0, L_0x7f90bf5c3970;  1 drivers
v0x7f90bf59ebd0_0 .net *"_s3", 0 0, L_0x7f90bf5c3ab0;  1 drivers
S_0x7f90bf59ec80 .scope generate, "for_loop[62]" "for_loop[62]" 3 15, 3 15 0, S_0x7f90bf500050;
 .timescale 0 0;
P_0x7f90bf59ee40 .param/l "i" 0 3 15, +C4<0111110>;
L_0x7f90bf5c3b90/d .functor AND 1, L_0x7f90bf5c3c40, L_0x7f90bf5c7fe0, C4<1>, C4<1>;
L_0x7f90bf5c3b90 .delay 1 (2,2,2) L_0x7f90bf5c3b90/d;
L_0x7f90bf5c3d80/d .functor AND 1, L_0x7f90bf5c3e50, v0x7f90bf5a8220_0, C4<1>, C4<1>;
L_0x7f90bf5c3d80 .delay 1 (2,2,2) L_0x7f90bf5c3d80/d;
L_0x7f90bf5c3f90/d .functor OR 1, L_0x7f90bf5c4080, L_0x7f90bf5c41c0, C4<0>, C4<0>;
L_0x7f90bf5c3f90 .delay 1 (3,3,3) L_0x7f90bf5c3f90/d;
v0x7f90bf59eef0_0 .net *"_s0", 0 0, L_0x7f90bf5c3c40;  1 drivers
v0x7f90bf59efb0_0 .net *"_s1", 0 0, L_0x7f90bf5c3e50;  1 drivers
v0x7f90bf59f050_0 .net *"_s2", 0 0, L_0x7f90bf5c4080;  1 drivers
v0x7f90bf59f100_0 .net *"_s3", 0 0, L_0x7f90bf5c41c0;  1 drivers
S_0x7f90bf59f1b0 .scope generate, "for_loop[63]" "for_loop[63]" 3 15, 3 15 0, S_0x7f90bf500050;
 .timescale 0 0;
P_0x7f90bf59f370 .param/l "i" 0 3 15, +C4<0111111>;
L_0x7f90bf5c54d0/d .functor AND 1, L_0x7f90bf5c55c0, L_0x7f90bf5c7fe0, C4<1>, C4<1>;
L_0x7f90bf5c54d0 .delay 1 (2,2,2) L_0x7f90bf5c54d0/d;
L_0x7f90bf5c68f0/d .functor AND 1, L_0x7f90bf5c69e0, v0x7f90bf5a8220_0, C4<1>, C4<1>;
L_0x7f90bf5c68f0 .delay 1 (2,2,2) L_0x7f90bf5c68f0/d;
L_0x7f90bf5c7cd0/d .functor OR 1, L_0x7f90bf5c7dc0, L_0x7f90bf5c7f00, C4<0>, C4<0>;
L_0x7f90bf5c7cd0 .delay 1 (3,3,3) L_0x7f90bf5c7cd0/d;
v0x7f90bf59f420_0 .net *"_s0", 0 0, L_0x7f90bf5c55c0;  1 drivers
v0x7f90bf59f4e0_0 .net *"_s1", 0 0, L_0x7f90bf5c69e0;  1 drivers
v0x7f90bf59f580_0 .net *"_s2", 0 0, L_0x7f90bf5c7dc0;  1 drivers
v0x7f90bf59f630_0 .net *"_s3", 0 0, L_0x7f90bf5c7f00;  1 drivers
    .scope S_0x7f90bf5021f0;
T_0 ;
    %vpi_call 2 13 "$display", "64-bit 2x1 Multiplexer" {0 0 0};
    %pushi/vec4 0, 0, 1;
    %assign/vec4 v0x7f90bf5a8220_0, 0;
    %pushi/vec4 6, 0, 64;
    %assign/vec4 v0x7f90bf5a8070_0, 0;
    %pushi/vec4 0, 0, 64;
    %assign/vec4 v0x7f90bf5a8100_0, 0;
    %delay 7, 0;
    %vpi_call 2 18 "$display", "C = %b", v0x7f90bf5a8190_0 {0 0 0};
    %end;
    .thread T_0;
# The file index is used to find the file name in the following table.
:file_names 4;
    "N/A";
    "<interactive>";
    "64_bit_2x1multiplexer_test.v";
    "64_bit_2x1multiplexer.v";
