#! /usr/local/Cellar/icarus-verilog/10.3/bin/vvp
:ivl_version "10.3 (stable)" "(v10_3)";
:ivl_delay_selection "TYPICAL";
:vpi_time_precision + 0;
:vpi_module "system";
:vpi_module "vhdl_sys";
:vpi_module "v2005_math";
:vpi_module "va_math";
S_0x7ff12ec08bb0 .scope module, "sign_extender16to64_test" "sign_extender16to64_test" 2 1;
 .timescale 0 0;
v0x7ff12ec18f50_0 .var "IN", 15 0;
v0x7ff12ec19000_0 .net "OUT", 63 0, L_0x7ff12ec193d0;  1 drivers
v0x7ff12ec190b0_0 .var/i "i", 31 0;
S_0x7ff12ec08d10 .scope module, "DUT" "sign_extender16to64" 2 6, 3 1 0, S_0x7ff12ec08bb0;
 .timescale 0 0;
    .port_info 0 /INPUT 16 "IN"
    .port_info 1 /OUTPUT 64 "OUT"
L_0x7ff12ec194f0 .functor BUFZ 16, v0x7ff12ec18f50_0, C4<0000000000000000>, C4<0000000000000000>, C4<0000000000000000>;
v0x7ff12ec047c0_0 .net "IN", 15 0, v0x7ff12ec18f50_0;  1 drivers
v0x7ff12ec18b80_0 .net "OUT", 63 0, L_0x7ff12ec193d0;  alias, 1 drivers
v0x7ff12ec18c20_0 .net *"_s12", 15 0, L_0x7ff12ec194f0;  1 drivers
v0x7ff12ec18cd0_0 .net *"_s3", 0 0, L_0x7ff12ec19160;  1 drivers
v0x7ff12ec18d80_0 .net *"_s4", 47 0, L_0x7ff12ec19260;  1 drivers
L_0x10a1cf008 .functor BUFT 1, C4<00000000000000000000000000000000000000000000000>, C4<0>, C4<0>, C4<0>;
v0x7ff12ec18e70_0 .net *"_s7", 46 0, L_0x10a1cf008;  1 drivers
L_0x7ff12ec19160 .part v0x7ff12ec18f50_0, 15, 1;
L_0x7ff12ec19260 .concat [ 1 47 0 0], L_0x7ff12ec19160, L_0x10a1cf008;
L_0x7ff12ec193d0 .concat8 [ 16 48 0 0], L_0x7ff12ec194f0, L_0x7ff12ec19260;
    .scope S_0x7ff12ec08bb0;
T_0 ;
    %vpi_call 2 11 "$display", "16 to 64bit sign extender" {0 0 0};
    %pushi/vec4 0, 0, 32;
    %store/vec4 v0x7ff12ec190b0_0, 0, 32;
T_0.0 ;
    %load/vec4 v0x7ff12ec190b0_0;
    %cmpi/s 7, 0, 32;
    %flag_or 5, 4;
    %jmp/0xz T_0.1, 5;
    %pushi/vec4 1, 0, 1;
    %ix/getv/s 4, v0x7ff12ec190b0_0;
    %store/vec4 v0x7ff12ec18f50_0, 4, 1;
    %load/vec4 v0x7ff12ec190b0_0;
    %addi 1, 0, 32;
    %store/vec4 v0x7ff12ec190b0_0, 0, 32;
    %jmp T_0.0;
T_0.1 ;
    %pushi/vec4 8, 0, 32;
    %store/vec4 v0x7ff12ec190b0_0, 0, 32;
T_0.2 ;
    %load/vec4 v0x7ff12ec190b0_0;
    %cmpi/s 15, 0, 32;
    %flag_or 5, 4;
    %jmp/0xz T_0.3, 5;
    %pushi/vec4 0, 0, 1;
    %ix/getv/s 4, v0x7ff12ec190b0_0;
    %store/vec4 v0x7ff12ec18f50_0, 4, 1;
    %load/vec4 v0x7ff12ec190b0_0;
    %addi 1, 0, 32;
    %store/vec4 v0x7ff12ec190b0_0, 0, 32;
    %jmp T_0.2;
T_0.3 ;
    %delay 7, 0;
    %vpi_call 2 21 "$display", "16 = %b", v0x7ff12ec18f50_0 {0 0 0};
    %vpi_call 2 22 "$display", "64 = %b", v0x7ff12ec19000_0 {0 0 0};
    %end;
    .thread T_0;
# The file index is used to find the file name in the following table.
:file_names 4;
    "N/A";
    "<interactive>";
    "16to64_test.v";
    "16to64bit.v";
