#! /usr/local/Cellar/icarus-verilog/10.3/bin/vvp
:ivl_version "10.3 (stable)" "(v10_3)";
:ivl_delay_selection "TYPICAL";
:vpi_time_precision + 0;
:vpi_module "system";
:vpi_module "vhdl_sys";
:vpi_module "v2005_math";
:vpi_module "va_math";
S_0x7f8442d00160 .scope module, "ANDcircuit_test" "ANDcircuit_test" 2 1;
 .timescale 0 0;
v0x7f8442d70db0_0 .var "A", 63 0;
v0x7f8442d70e40_0 .var "B", 63 0;
v0x7f8442d70ed0_0 .net "O", 63 0, L_0x7f8442d7c870;  1 drivers
v0x7f8442d70f60_0 .var/i "i", 31 0;
S_0x7f8442d4f220 .scope module, "DUT" "ANDcircuit" 2 9, 3 1 0, S_0x7f8442d00160;
 .timescale 0 0;
    .port_info 0 /INPUT 64 "A"
    .port_info 1 /INPUT 64 "B"
    .port_info 2 /OUTPUT 64 "O"
v0x7f8442d6deb0_0 .net "A", 63 0, v0x7f8442d70db0_0;  1 drivers
v0x7f8442d6df60_0 .net "B", 63 0, v0x7f8442d70e40_0;  1 drivers
v0x7f8442d6e010_0 .net "O", 63 0, L_0x7f8442d7c870;  alias, 1 drivers
v0x7f8442d6e0d0_0 .net *"_s0", 0 0, L_0x7f8442d70ff0;  1 drivers
v0x7f8442d6e180_0 .net *"_s100", 0 0, L_0x7f8442d75c60;  1 drivers
v0x7f8442d6e270_0 .net *"_s104", 0 0, L_0x7f8442d75f60;  1 drivers
v0x7f8442d6e320_0 .net *"_s108", 0 0, L_0x7f8442d76270;  1 drivers
v0x7f8442d6e3d0_0 .net *"_s112", 0 0, L_0x7f8442d76590;  1 drivers
v0x7f8442d6e480_0 .net *"_s116", 0 0, L_0x7f8442d76880;  1 drivers
v0x7f8442d6e590_0 .net *"_s12", 0 0, L_0x7f8442d71a50;  1 drivers
v0x7f8442d6e640_0 .net *"_s120", 0 0, L_0x7f8442d76b80;  1 drivers
v0x7f8442d6e6f0_0 .net *"_s124", 0 0, L_0x7f8442d76e90;  1 drivers
v0x7f8442d6e7a0_0 .net *"_s128", 0 0, L_0x7f8442d770d0;  1 drivers
v0x7f8442d6e850_0 .net *"_s132", 0 0, L_0x7f8442d73f20;  1 drivers
v0x7f8442d6e900_0 .net *"_s136", 0 0, L_0x7f8442d773a0;  1 drivers
v0x7f8442d6e9b0_0 .net *"_s140", 0 0, L_0x7f8442d776b0;  1 drivers
v0x7f8442d6ea60_0 .net *"_s144", 0 0, L_0x7f8442d77990;  1 drivers
v0x7f8442d6ebf0_0 .net *"_s148", 0 0, L_0x7f8442d77cc0;  1 drivers
v0x7f8442d6ec80_0 .net *"_s152", 0 0, L_0x7f8442d77fa0;  1 drivers
v0x7f8442d6ed30_0 .net *"_s156", 0 0, L_0x7f8442d78600;  1 drivers
v0x7f8442d6ede0_0 .net *"_s16", 0 0, L_0x7f8442d71d20;  1 drivers
v0x7f8442d6ee90_0 .net *"_s160", 0 0, L_0x7f8442d78390;  1 drivers
v0x7f8442d6ef40_0 .net *"_s164", 0 0, L_0x7f8442d78890;  1 drivers
v0x7f8442d6eff0_0 .net *"_s168", 0 0, L_0x7f8442d78c10;  1 drivers
v0x7f8442d6f0a0_0 .net *"_s172", 0 0, L_0x7f8442d78ee0;  1 drivers
v0x7f8442d6f150_0 .net *"_s176", 0 0, L_0x7f8442d79200;  1 drivers
v0x7f8442d6f200_0 .net *"_s180", 0 0, L_0x7f8442d794f0;  1 drivers
v0x7f8442d6f2b0_0 .net *"_s184", 0 0, L_0x7f8442d797f0;  1 drivers
v0x7f8442d6f360_0 .net *"_s188", 0 0, L_0x7f8442d79ac0;  1 drivers
v0x7f8442d6f410_0 .net *"_s192", 0 0, L_0x7f8442d7a120;  1 drivers
v0x7f8442d6f4c0_0 .net *"_s196", 0 0, L_0x7f8442d79e20;  1 drivers
v0x7f8442d6f570_0 .net *"_s20", 0 0, L_0x7f8442d72000;  1 drivers
v0x7f8442d6f620_0 .net *"_s200", 0 0, L_0x7f8442d7a730;  1 drivers
v0x7f8442d6eb10_0 .net *"_s204", 0 0, L_0x7f8442d7a410;  1 drivers
v0x7f8442d6f8b0_0 .net *"_s208", 0 0, L_0x7f8442d7ad60;  1 drivers
v0x7f8442d6f940_0 .net *"_s212", 0 0, L_0x7f8442d7aa20;  1 drivers
v0x7f8442d6f9e0_0 .net *"_s216", 0 0, L_0x7f8442d7b350;  1 drivers
v0x7f8442d6fa90_0 .net *"_s220", 0 0, L_0x7f8442d7b030;  1 drivers
v0x7f8442d6fb40_0 .net *"_s224", 0 0, L_0x7f8442d7b980;  1 drivers
v0x7f8442d6fbf0_0 .net *"_s228", 0 0, L_0x7f8442d7b640;  1 drivers
v0x7f8442d6fca0_0 .net *"_s232", 0 0, L_0x7f8442d7bfb0;  1 drivers
v0x7f8442d6fd50_0 .net *"_s236", 0 0, L_0x7f8442d7bc50;  1 drivers
v0x7f8442d6fe00_0 .net *"_s24", 0 0, L_0x7f8442d72350;  1 drivers
v0x7f8442d6feb0_0 .net *"_s240", 0 0, L_0x7f8442d7c5a0;  1 drivers
v0x7f8442d6ff60_0 .net *"_s244", 0 0, L_0x7f8442d7c280;  1 drivers
v0x7f8442d70010_0 .net *"_s248", 0 0, L_0x7f8442d7cbb0;  1 drivers
v0x7f8442d700c0_0 .net *"_s252", 0 0, L_0x7f8442d7cda0;  1 drivers
v0x7f8442d70170_0 .net *"_s28", 0 0, L_0x7f8442d72850;  1 drivers
v0x7f8442d70220_0 .net *"_s32", 0 0, L_0x7f8442d72640;  1 drivers
v0x7f8442d702d0_0 .net *"_s36", 0 0, L_0x7f8442d719d0;  1 drivers
v0x7f8442d70380_0 .net *"_s4", 0 0, L_0x7f8442d713a0;  1 drivers
v0x7f8442d70430_0 .net *"_s40", 0 0, L_0x7f8442d72c20;  1 drivers
v0x7f8442d704e0_0 .net *"_s44", 0 0, L_0x7f8442d73320;  1 drivers
v0x7f8442d70590_0 .net *"_s48", 0 0, L_0x7f8442d73230;  1 drivers
v0x7f8442d70640_0 .net *"_s52", 0 0, L_0x7f8442d73530;  1 drivers
v0x7f8442d706f0_0 .net *"_s56", 0 0, L_0x7f8442d73850;  1 drivers
v0x7f8442d707a0_0 .net *"_s60", 0 0, L_0x7f8442d73b40;  1 drivers
v0x7f8442d70850_0 .net *"_s64", 0 0, L_0x7f8442d74440;  1 drivers
v0x7f8442d70900_0 .net *"_s68", 0 0, L_0x7f8442d74760;  1 drivers
v0x7f8442d709b0_0 .net *"_s72", 0 0, L_0x7f8442d74a70;  1 drivers
v0x7f8442d70a60_0 .net *"_s76", 0 0, L_0x7f8442d74d90;  1 drivers
v0x7f8442d70b10_0 .net *"_s8", 0 0, L_0x7f8442d71670;  1 drivers
v0x7f8442d70bc0_0 .net *"_s80", 0 0, L_0x7f8442d750c0;  1 drivers
v0x7f8442d70c70_0 .net *"_s84", 0 0, L_0x7f8442d753c0;  1 drivers
v0x7f8442d70d20_0 .net *"_s88", 0 0, L_0x7f8442d75350;  1 drivers
v0x7f8442d6f6d0_0 .net *"_s92", 0 0, L_0x7f8442d75650;  1 drivers
v0x7f8442d6f780_0 .net *"_s96", 0 0, L_0x7f8442d75950;  1 drivers
L_0x7f8442d71100 .part v0x7f8442d70db0_0, 0, 1;
L_0x7f8442d71280 .part v0x7f8442d70e40_0, 0, 1;
L_0x7f8442d71450 .part v0x7f8442d70db0_0, 1, 1;
L_0x7f8442d71590 .part v0x7f8442d70e40_0, 1, 1;
L_0x7f8442d71740 .part v0x7f8442d70db0_0, 2, 1;
L_0x7f8442d71930 .part v0x7f8442d70e40_0, 2, 1;
L_0x7f8442d71ac0 .part v0x7f8442d70db0_0, 3, 1;
L_0x7f8442d71c40 .part v0x7f8442d70e40_0, 3, 1;
L_0x7f8442d71dd0 .part v0x7f8442d70db0_0, 4, 1;
L_0x7f8442d71f60 .part v0x7f8442d70e40_0, 4, 1;
L_0x7f8442d720d0 .part v0x7f8442d70db0_0, 5, 1;
L_0x7f8442d72270 .part v0x7f8442d70e40_0, 5, 1;
L_0x7f8442d72400 .part v0x7f8442d70db0_0, 6, 1;
L_0x7f8442d726b0 .part v0x7f8442d70e40_0, 6, 1;
L_0x7f8442d728c0 .part v0x7f8442d70db0_0, 7, 1;
L_0x7f8442d729c0 .part v0x7f8442d70e40_0, 7, 1;
L_0x7f8442d72ae0 .part v0x7f8442d70db0_0, 8, 1;
L_0x7f8442d72cb0 .part v0x7f8442d70e40_0, 8, 1;
L_0x7f8442d72df0 .part v0x7f8442d70db0_0, 9, 1;
L_0x7f8442d72fd0 .part v0x7f8442d70e40_0, 9, 1;
L_0x7f8442d730f0 .part v0x7f8442d70db0_0, 10, 1;
L_0x7f8442d72f30 .part v0x7f8442d70e40_0, 10, 1;
L_0x7f8442d733f0 .part v0x7f8442d70db0_0, 11, 1;
L_0x7f8442d735f0 .part v0x7f8442d70e40_0, 11, 1;
L_0x7f8442d73710 .part v0x7f8442d70db0_0, 12, 1;
L_0x7f8442d73920 .part v0x7f8442d70e40_0, 12, 1;
L_0x7f8442d73a00 .part v0x7f8442d70db0_0, 13, 1;
L_0x7f8442d73c20 .part v0x7f8442d70e40_0, 13, 1;
L_0x7f8442d73d00 .part v0x7f8442d70db0_0, 14, 1;
L_0x7f8442d74040 .part v0x7f8442d70e40_0, 14, 1;
L_0x7f8442d72750 .part v0x7f8442d70db0_0, 15, 1;
L_0x7f8442d74360 .part v0x7f8442d70e40_0, 15, 1;
L_0x7f8442d74510 .part v0x7f8442d70db0_0, 16, 1;
L_0x7f8442d72540 .part v0x7f8442d70e40_0, 16, 1;
L_0x7f8442d74810 .part v0x7f8442d70db0_0, 17, 1;
L_0x7f8442d74650 .part v0x7f8442d70e40_0, 17, 1;
L_0x7f8442d74b20 .part v0x7f8442d70db0_0, 18, 1;
L_0x7f8442d74950 .part v0x7f8442d70e40_0, 18, 1;
L_0x7f8442d74e40 .part v0x7f8442d70db0_0, 19, 1;
L_0x7f8442d74c60 .part v0x7f8442d70e40_0, 19, 1;
L_0x7f8442d75130 .part v0x7f8442d70db0_0, 20, 1;
L_0x7f8442d74f80 .part v0x7f8442d70e40_0, 20, 1;
L_0x7f8442d75430 .part v0x7f8442d70db0_0, 21, 1;
L_0x7f8442d75270 .part v0x7f8442d70e40_0, 21, 1;
L_0x7f8442d75730 .part v0x7f8442d70db0_0, 22, 1;
L_0x7f8442d75570 .part v0x7f8442d70e40_0, 22, 1;
L_0x7f8442d75a40 .part v0x7f8442d70db0_0, 23, 1;
L_0x7f8442d75870 .part v0x7f8442d70e40_0, 23, 1;
L_0x7f8442d75d40 .part v0x7f8442d70db0_0, 24, 1;
L_0x7f8442d75b80 .part v0x7f8442d70e40_0, 24, 1;
L_0x7f8442d76050 .part v0x7f8442d70db0_0, 25, 1;
L_0x7f8442d75e80 .part v0x7f8442d70e40_0, 25, 1;
L_0x7f8442d76370 .part v0x7f8442d70db0_0, 26, 1;
L_0x7f8442d76190 .part v0x7f8442d70e40_0, 26, 1;
L_0x7f8442d76660 .part v0x7f8442d70db0_0, 27, 1;
L_0x7f8442d764b0 .part v0x7f8442d70e40_0, 27, 1;
L_0x7f8442d76960 .part v0x7f8442d70db0_0, 28, 1;
L_0x7f8442d767a0 .part v0x7f8442d70e40_0, 28, 1;
L_0x7f8442d76c70 .part v0x7f8442d70db0_0, 29, 1;
L_0x7f8442d76aa0 .part v0x7f8442d70e40_0, 29, 1;
L_0x7f8442d76f90 .part v0x7f8442d70db0_0, 30, 1;
L_0x7f8442d76db0 .part v0x7f8442d70e40_0, 30, 1;
L_0x7f8442d74120 .part v0x7f8442d70db0_0, 31, 1;
L_0x7f8442d74200 .part v0x7f8442d70e40_0, 31, 1;
L_0x7f8442d77180 .part v0x7f8442d70db0_0, 32, 1;
L_0x7f8442d73e40 .part v0x7f8442d70e40_0, 32, 1;
L_0x7f8442d774d0 .part v0x7f8442d70db0_0, 33, 1;
L_0x7f8442d772c0 .part v0x7f8442d70e40_0, 33, 1;
L_0x7f8442d777f0 .part v0x7f8442d70db0_0, 34, 1;
L_0x7f8442d775d0 .part v0x7f8442d70e40_0, 34, 1;
L_0x7f8442d77b20 .part v0x7f8442d70db0_0, 35, 1;
L_0x7f8442d778f0 .part v0x7f8442d70e40_0, 35, 1;
L_0x7f8442d77e60 .part v0x7f8442d70db0_0, 36, 1;
L_0x7f8442d77c20 .part v0x7f8442d70e40_0, 36, 1;
L_0x7f8442d77db0 .part v0x7f8442d70db0_0, 37, 1;
L_0x7f8442d781f0 .part v0x7f8442d70e40_0, 37, 1;
L_0x7f8442d78050 .part v0x7f8442d70db0_0, 38, 1;
L_0x7f8442d78520 .part v0x7f8442d70e40_0, 38, 1;
L_0x7f8442d786b0 .part v0x7f8442d70db0_0, 39, 1;
L_0x7f8442d782b0 .part v0x7f8442d70e40_0, 39, 1;
L_0x7f8442d78a70 .part v0x7f8442d70db0_0, 40, 1;
L_0x7f8442d787f0 .part v0x7f8442d70e40_0, 40, 1;
L_0x7f8442d78940 .part v0x7f8442d70db0_0, 41, 1;
L_0x7f8442d78b70 .part v0x7f8442d70e40_0, 41, 1;
L_0x7f8442d78ce0 .part v0x7f8442d70db0_0, 42, 1;
L_0x7f8442d78e40 .part v0x7f8442d70e40_0, 42, 1;
L_0x7f8442d78fd0 .part v0x7f8442d70db0_0, 43, 1;
L_0x7f8442d79120 .part v0x7f8442d70e40_0, 43, 1;
L_0x7f8442d792d0 .part v0x7f8442d70db0_0, 44, 1;
L_0x7f8442d79410 .part v0x7f8442d70e40_0, 44, 1;
L_0x7f8442d795c0 .part v0x7f8442d70db0_0, 45, 1;
L_0x7f8442d79710 .part v0x7f8442d70e40_0, 45, 1;
L_0x7f8442d798c0 .part v0x7f8442d70db0_0, 46, 1;
L_0x7f8442d79a20 .part v0x7f8442d70e40_0, 46, 1;
L_0x7f8442d79bb0 .part v0x7f8442d70db0_0, 47, 1;
L_0x7f8442d7a040 .part v0x7f8442d70e40_0, 47, 1;
L_0x7f8442d7a1f0 .part v0x7f8442d70db0_0, 48, 1;
L_0x7f8442d79d40 .part v0x7f8442d70e40_0, 48, 1;
L_0x7f8442d79ef0 .part v0x7f8442d70db0_0, 49, 1;
L_0x7f8442d7a650 .part v0x7f8442d70e40_0, 49, 1;
L_0x7f8442d7a800 .part v0x7f8442d70db0_0, 50, 1;
L_0x7f8442d7a330 .part v0x7f8442d70e40_0, 50, 1;
L_0x7f8442d7a4e0 .part v0x7f8442d70db0_0, 51, 1;
L_0x7f8442d7ac80 .part v0x7f8442d70e40_0, 51, 1;
L_0x7f8442d7ae10 .part v0x7f8442d70db0_0, 52, 1;
L_0x7f8442d7a940 .part v0x7f8442d70e40_0, 52, 1;
L_0x7f8442d7aaf0 .part v0x7f8442d70db0_0, 53, 1;
L_0x7f8442d7b2b0 .part v0x7f8442d70e40_0, 53, 1;
L_0x7f8442d7b420 .part v0x7f8442d70db0_0, 54, 1;
L_0x7f8442d7af50 .part v0x7f8442d70e40_0, 54, 1;
L_0x7f8442d7b100 .part v0x7f8442d70db0_0, 55, 1;
L_0x7f8442d7b8e0 .part v0x7f8442d70e40_0, 55, 1;
L_0x7f8442d7ba30 .part v0x7f8442d70db0_0, 56, 1;
L_0x7f8442d7b560 .part v0x7f8442d70e40_0, 56, 1;
L_0x7f8442d7b710 .part v0x7f8442d70db0_0, 57, 1;
L_0x7f8442d7bf10 .part v0x7f8442d70e40_0, 57, 1;
L_0x7f8442d7c060 .part v0x7f8442d70db0_0, 58, 1;
L_0x7f8442d7bb70 .part v0x7f8442d70e40_0, 58, 1;
L_0x7f8442d7be40 .part v0x7f8442d70db0_0, 59, 1;
L_0x7f8442d7bd40 .part v0x7f8442d70e40_0, 59, 1;
L_0x7f8442d7c650 .part v0x7f8442d70db0_0, 60, 1;
L_0x7f8442d7c1a0 .part v0x7f8442d70e40_0, 60, 1;
L_0x7f8442d7c490 .part v0x7f8442d70db0_0, 61, 1;
L_0x7f8442d7c390 .part v0x7f8442d70e40_0, 61, 1;
L_0x7f8442d7cc60 .part v0x7f8442d70db0_0, 62, 1;
L_0x7f8442d7c790 .part v0x7f8442d70e40_0, 62, 1;
LS_0x7f8442d7c870_0_0 .concat8 [ 1 1 1 1], L_0x7f8442d70ff0, L_0x7f8442d713a0, L_0x7f8442d71670, L_0x7f8442d71a50;
LS_0x7f8442d7c870_0_4 .concat8 [ 1 1 1 1], L_0x7f8442d71d20, L_0x7f8442d72000, L_0x7f8442d72350, L_0x7f8442d72850;
LS_0x7f8442d7c870_0_8 .concat8 [ 1 1 1 1], L_0x7f8442d72640, L_0x7f8442d719d0, L_0x7f8442d72c20, L_0x7f8442d73320;
LS_0x7f8442d7c870_0_12 .concat8 [ 1 1 1 1], L_0x7f8442d73230, L_0x7f8442d73530, L_0x7f8442d73850, L_0x7f8442d73b40;
LS_0x7f8442d7c870_0_16 .concat8 [ 1 1 1 1], L_0x7f8442d74440, L_0x7f8442d74760, L_0x7f8442d74a70, L_0x7f8442d74d90;
LS_0x7f8442d7c870_0_20 .concat8 [ 1 1 1 1], L_0x7f8442d750c0, L_0x7f8442d753c0, L_0x7f8442d75350, L_0x7f8442d75650;
LS_0x7f8442d7c870_0_24 .concat8 [ 1 1 1 1], L_0x7f8442d75950, L_0x7f8442d75c60, L_0x7f8442d75f60, L_0x7f8442d76270;
LS_0x7f8442d7c870_0_28 .concat8 [ 1 1 1 1], L_0x7f8442d76590, L_0x7f8442d76880, L_0x7f8442d76b80, L_0x7f8442d76e90;
LS_0x7f8442d7c870_0_32 .concat8 [ 1 1 1 1], L_0x7f8442d770d0, L_0x7f8442d73f20, L_0x7f8442d773a0, L_0x7f8442d776b0;
LS_0x7f8442d7c870_0_36 .concat8 [ 1 1 1 1], L_0x7f8442d77990, L_0x7f8442d77cc0, L_0x7f8442d77fa0, L_0x7f8442d78600;
LS_0x7f8442d7c870_0_40 .concat8 [ 1 1 1 1], L_0x7f8442d78390, L_0x7f8442d78890, L_0x7f8442d78c10, L_0x7f8442d78ee0;
LS_0x7f8442d7c870_0_44 .concat8 [ 1 1 1 1], L_0x7f8442d79200, L_0x7f8442d794f0, L_0x7f8442d797f0, L_0x7f8442d79ac0;
LS_0x7f8442d7c870_0_48 .concat8 [ 1 1 1 1], L_0x7f8442d7a120, L_0x7f8442d79e20, L_0x7f8442d7a730, L_0x7f8442d7a410;
LS_0x7f8442d7c870_0_52 .concat8 [ 1 1 1 1], L_0x7f8442d7ad60, L_0x7f8442d7aa20, L_0x7f8442d7b350, L_0x7f8442d7b030;
LS_0x7f8442d7c870_0_56 .concat8 [ 1 1 1 1], L_0x7f8442d7b980, L_0x7f8442d7b640, L_0x7f8442d7bfb0, L_0x7f8442d7bc50;
LS_0x7f8442d7c870_0_60 .concat8 [ 1 1 1 1], L_0x7f8442d7c5a0, L_0x7f8442d7c280, L_0x7f8442d7cbb0, L_0x7f8442d7cda0;
LS_0x7f8442d7c870_1_0 .concat8 [ 4 4 4 4], LS_0x7f8442d7c870_0_0, LS_0x7f8442d7c870_0_4, LS_0x7f8442d7c870_0_8, LS_0x7f8442d7c870_0_12;
LS_0x7f8442d7c870_1_4 .concat8 [ 4 4 4 4], LS_0x7f8442d7c870_0_16, LS_0x7f8442d7c870_0_20, LS_0x7f8442d7c870_0_24, LS_0x7f8442d7c870_0_28;
LS_0x7f8442d7c870_1_8 .concat8 [ 4 4 4 4], LS_0x7f8442d7c870_0_32, LS_0x7f8442d7c870_0_36, LS_0x7f8442d7c870_0_40, LS_0x7f8442d7c870_0_44;
LS_0x7f8442d7c870_1_12 .concat8 [ 4 4 4 4], LS_0x7f8442d7c870_0_48, LS_0x7f8442d7c870_0_52, LS_0x7f8442d7c870_0_56, LS_0x7f8442d7c870_0_60;
L_0x7f8442d7c870 .concat8 [ 16 16 16 16], LS_0x7f8442d7c870_1_0, LS_0x7f8442d7c870_1_4, LS_0x7f8442d7c870_1_8, LS_0x7f8442d7c870_1_12;
L_0x7f8442d7ce90 .part v0x7f8442d70db0_0, 63, 1;
L_0x7f8442d7cfd0 .part v0x7f8442d70e40_0, 63, 1;
S_0x7f8442d4f380 .scope generate, "for_loop[0]" "for_loop[0]" 3 10, 3 10 0, S_0x7f8442d4f220;
 .timescale 0 0;
P_0x7f8442d015e0 .param/l "i" 0 3 10, +C4<00>;
L_0x7f8442d70ff0/d .functor AND 1, L_0x7f8442d71100, L_0x7f8442d71280, C4<1>, C4<1>;
L_0x7f8442d70ff0 .delay 1 (2,2,2) L_0x7f8442d70ff0/d;
v0x7f8442d4f570_0 .net *"_s0", 0 0, L_0x7f8442d71100;  1 drivers
v0x7f8442d5efc0_0 .net *"_s1", 0 0, L_0x7f8442d71280;  1 drivers
S_0x7f8442d5f070 .scope generate, "for_loop[1]" "for_loop[1]" 3 10, 3 10 0, S_0x7f8442d4f220;
 .timescale 0 0;
P_0x7f8442d5f240 .param/l "i" 0 3 10, +C4<01>;
L_0x7f8442d713a0/d .functor AND 1, L_0x7f8442d71450, L_0x7f8442d71590, C4<1>, C4<1>;
L_0x7f8442d713a0 .delay 1 (2,2,2) L_0x7f8442d713a0/d;
v0x7f8442d5f2d0_0 .net *"_s0", 0 0, L_0x7f8442d71450;  1 drivers
v0x7f8442d5f380_0 .net *"_s1", 0 0, L_0x7f8442d71590;  1 drivers
S_0x7f8442d5f430 .scope generate, "for_loop[2]" "for_loop[2]" 3 10, 3 10 0, S_0x7f8442d4f220;
 .timescale 0 0;
P_0x7f8442d5f610 .param/l "i" 0 3 10, +C4<010>;
L_0x7f8442d71670/d .functor AND 1, L_0x7f8442d71740, L_0x7f8442d71930, C4<1>, C4<1>;
L_0x7f8442d71670 .delay 1 (2,2,2) L_0x7f8442d71670/d;
v0x7f8442d5f6a0_0 .net *"_s0", 0 0, L_0x7f8442d71740;  1 drivers
v0x7f8442d5f750_0 .net *"_s1", 0 0, L_0x7f8442d71930;  1 drivers
S_0x7f8442d5f800 .scope generate, "for_loop[3]" "for_loop[3]" 3 10, 3 10 0, S_0x7f8442d4f220;
 .timescale 0 0;
P_0x7f8442d5f9c0 .param/l "i" 0 3 10, +C4<011>;
L_0x7f8442d71a50/d .functor AND 1, L_0x7f8442d71ac0, L_0x7f8442d71c40, C4<1>, C4<1>;
L_0x7f8442d71a50 .delay 1 (2,2,2) L_0x7f8442d71a50/d;
v0x7f8442d5fa60_0 .net *"_s0", 0 0, L_0x7f8442d71ac0;  1 drivers
v0x7f8442d5fb10_0 .net *"_s1", 0 0, L_0x7f8442d71c40;  1 drivers
S_0x7f8442d5fbc0 .scope generate, "for_loop[4]" "for_loop[4]" 3 10, 3 10 0, S_0x7f8442d4f220;
 .timescale 0 0;
P_0x7f8442d5fdc0 .param/l "i" 0 3 10, +C4<0100>;
L_0x7f8442d71d20/d .functor AND 1, L_0x7f8442d71dd0, L_0x7f8442d71f60, C4<1>, C4<1>;
L_0x7f8442d71d20 .delay 1 (2,2,2) L_0x7f8442d71d20/d;
v0x7f8442d5fe60_0 .net *"_s0", 0 0, L_0x7f8442d71dd0;  1 drivers
v0x7f8442d5fef0_0 .net *"_s1", 0 0, L_0x7f8442d71f60;  1 drivers
S_0x7f8442d5ffa0 .scope generate, "for_loop[5]" "for_loop[5]" 3 10, 3 10 0, S_0x7f8442d4f220;
 .timescale 0 0;
P_0x7f8442d60160 .param/l "i" 0 3 10, +C4<0101>;
L_0x7f8442d72000/d .functor AND 1, L_0x7f8442d720d0, L_0x7f8442d72270, C4<1>, C4<1>;
L_0x7f8442d72000 .delay 1 (2,2,2) L_0x7f8442d72000/d;
v0x7f8442d60200_0 .net *"_s0", 0 0, L_0x7f8442d720d0;  1 drivers
v0x7f8442d602b0_0 .net *"_s1", 0 0, L_0x7f8442d72270;  1 drivers
S_0x7f8442d60360 .scope generate, "for_loop[6]" "for_loop[6]" 3 10, 3 10 0, S_0x7f8442d4f220;
 .timescale 0 0;
P_0x7f8442d60520 .param/l "i" 0 3 10, +C4<0110>;
L_0x7f8442d72350/d .functor AND 1, L_0x7f8442d72400, L_0x7f8442d726b0, C4<1>, C4<1>;
L_0x7f8442d72350 .delay 1 (2,2,2) L_0x7f8442d72350/d;
v0x7f8442d605c0_0 .net *"_s0", 0 0, L_0x7f8442d72400;  1 drivers
v0x7f8442d60670_0 .net *"_s1", 0 0, L_0x7f8442d726b0;  1 drivers
S_0x7f8442d60720 .scope generate, "for_loop[7]" "for_loop[7]" 3 10, 3 10 0, S_0x7f8442d4f220;
 .timescale 0 0;
P_0x7f8442d608e0 .param/l "i" 0 3 10, +C4<0111>;
L_0x7f8442d72850/d .functor AND 1, L_0x7f8442d728c0, L_0x7f8442d729c0, C4<1>, C4<1>;
L_0x7f8442d72850 .delay 1 (2,2,2) L_0x7f8442d72850/d;
v0x7f8442d60980_0 .net *"_s0", 0 0, L_0x7f8442d728c0;  1 drivers
v0x7f8442d60a30_0 .net *"_s1", 0 0, L_0x7f8442d729c0;  1 drivers
S_0x7f8442d60ae0 .scope generate, "for_loop[8]" "for_loop[8]" 3 10, 3 10 0, S_0x7f8442d4f220;
 .timescale 0 0;
P_0x7f8442d5fd80 .param/l "i" 0 3 10, +C4<01000>;
L_0x7f8442d72640/d .functor AND 1, L_0x7f8442d72ae0, L_0x7f8442d72cb0, C4<1>, C4<1>;
L_0x7f8442d72640 .delay 1 (2,2,2) L_0x7f8442d72640/d;
v0x7f8442d60d90_0 .net *"_s0", 0 0, L_0x7f8442d72ae0;  1 drivers
v0x7f8442d60e50_0 .net *"_s1", 0 0, L_0x7f8442d72cb0;  1 drivers
S_0x7f8442d60ef0 .scope generate, "for_loop[9]" "for_loop[9]" 3 10, 3 10 0, S_0x7f8442d4f220;
 .timescale 0 0;
P_0x7f8442d610a0 .param/l "i" 0 3 10, +C4<01001>;
L_0x7f8442d719d0/d .functor AND 1, L_0x7f8442d72df0, L_0x7f8442d72fd0, C4<1>, C4<1>;
L_0x7f8442d719d0 .delay 1 (2,2,2) L_0x7f8442d719d0/d;
v0x7f8442d61150_0 .net *"_s0", 0 0, L_0x7f8442d72df0;  1 drivers
v0x7f8442d61210_0 .net *"_s1", 0 0, L_0x7f8442d72fd0;  1 drivers
S_0x7f8442d612b0 .scope generate, "for_loop[10]" "for_loop[10]" 3 10, 3 10 0, S_0x7f8442d4f220;
 .timescale 0 0;
P_0x7f8442d61460 .param/l "i" 0 3 10, +C4<01010>;
L_0x7f8442d72c20/d .functor AND 1, L_0x7f8442d730f0, L_0x7f8442d72f30, C4<1>, C4<1>;
L_0x7f8442d72c20 .delay 1 (2,2,2) L_0x7f8442d72c20/d;
v0x7f8442d61510_0 .net *"_s0", 0 0, L_0x7f8442d730f0;  1 drivers
v0x7f8442d615d0_0 .net *"_s1", 0 0, L_0x7f8442d72f30;  1 drivers
S_0x7f8442d61670 .scope generate, "for_loop[11]" "for_loop[11]" 3 10, 3 10 0, S_0x7f8442d4f220;
 .timescale 0 0;
P_0x7f8442d61820 .param/l "i" 0 3 10, +C4<01011>;
L_0x7f8442d73320/d .functor AND 1, L_0x7f8442d733f0, L_0x7f8442d735f0, C4<1>, C4<1>;
L_0x7f8442d73320 .delay 1 (2,2,2) L_0x7f8442d73320/d;
v0x7f8442d618d0_0 .net *"_s0", 0 0, L_0x7f8442d733f0;  1 drivers
v0x7f8442d61990_0 .net *"_s1", 0 0, L_0x7f8442d735f0;  1 drivers
S_0x7f8442d61a30 .scope generate, "for_loop[12]" "for_loop[12]" 3 10, 3 10 0, S_0x7f8442d4f220;
 .timescale 0 0;
P_0x7f8442d61be0 .param/l "i" 0 3 10, +C4<01100>;
L_0x7f8442d73230/d .functor AND 1, L_0x7f8442d73710, L_0x7f8442d73920, C4<1>, C4<1>;
L_0x7f8442d73230 .delay 1 (2,2,2) L_0x7f8442d73230/d;
v0x7f8442d61c90_0 .net *"_s0", 0 0, L_0x7f8442d73710;  1 drivers
v0x7f8442d61d50_0 .net *"_s1", 0 0, L_0x7f8442d73920;  1 drivers
S_0x7f8442d61df0 .scope generate, "for_loop[13]" "for_loop[13]" 3 10, 3 10 0, S_0x7f8442d4f220;
 .timescale 0 0;
P_0x7f8442d61fa0 .param/l "i" 0 3 10, +C4<01101>;
L_0x7f8442d73530/d .functor AND 1, L_0x7f8442d73a00, L_0x7f8442d73c20, C4<1>, C4<1>;
L_0x7f8442d73530 .delay 1 (2,2,2) L_0x7f8442d73530/d;
v0x7f8442d62050_0 .net *"_s0", 0 0, L_0x7f8442d73a00;  1 drivers
v0x7f8442d62110_0 .net *"_s1", 0 0, L_0x7f8442d73c20;  1 drivers
S_0x7f8442d621b0 .scope generate, "for_loop[14]" "for_loop[14]" 3 10, 3 10 0, S_0x7f8442d4f220;
 .timescale 0 0;
P_0x7f8442d62360 .param/l "i" 0 3 10, +C4<01110>;
L_0x7f8442d73850/d .functor AND 1, L_0x7f8442d73d00, L_0x7f8442d74040, C4<1>, C4<1>;
L_0x7f8442d73850 .delay 1 (2,2,2) L_0x7f8442d73850/d;
v0x7f8442d62410_0 .net *"_s0", 0 0, L_0x7f8442d73d00;  1 drivers
v0x7f8442d624d0_0 .net *"_s1", 0 0, L_0x7f8442d74040;  1 drivers
S_0x7f8442d62570 .scope generate, "for_loop[15]" "for_loop[15]" 3 10, 3 10 0, S_0x7f8442d4f220;
 .timescale 0 0;
P_0x7f8442d62720 .param/l "i" 0 3 10, +C4<01111>;
L_0x7f8442d73b40/d .functor AND 1, L_0x7f8442d72750, L_0x7f8442d74360, C4<1>, C4<1>;
L_0x7f8442d73b40 .delay 1 (2,2,2) L_0x7f8442d73b40/d;
v0x7f8442d627d0_0 .net *"_s0", 0 0, L_0x7f8442d72750;  1 drivers
v0x7f8442d62890_0 .net *"_s1", 0 0, L_0x7f8442d74360;  1 drivers
S_0x7f8442d62930 .scope generate, "for_loop[16]" "for_loop[16]" 3 10, 3 10 0, S_0x7f8442d4f220;
 .timescale 0 0;
P_0x7f8442d62be0 .param/l "i" 0 3 10, +C4<010000>;
L_0x7f8442d74440/d .functor AND 1, L_0x7f8442d74510, L_0x7f8442d72540, C4<1>, C4<1>;
L_0x7f8442d74440 .delay 1 (2,2,2) L_0x7f8442d74440/d;
v0x7f8442d62c90_0 .net *"_s0", 0 0, L_0x7f8442d74510;  1 drivers
v0x7f8442d62d20_0 .net *"_s1", 0 0, L_0x7f8442d72540;  1 drivers
S_0x7f8442d62db0 .scope generate, "for_loop[17]" "for_loop[17]" 3 10, 3 10 0, S_0x7f8442d4f220;
 .timescale 0 0;
P_0x7f8442d60ce0 .param/l "i" 0 3 10, +C4<010001>;
L_0x7f8442d74760/d .functor AND 1, L_0x7f8442d74810, L_0x7f8442d74650, C4<1>, C4<1>;
L_0x7f8442d74760 .delay 1 (2,2,2) L_0x7f8442d74760/d;
v0x7f8442d62fd0_0 .net *"_s0", 0 0, L_0x7f8442d74810;  1 drivers
v0x7f8442d63090_0 .net *"_s1", 0 0, L_0x7f8442d74650;  1 drivers
S_0x7f8442d63130 .scope generate, "for_loop[18]" "for_loop[18]" 3 10, 3 10 0, S_0x7f8442d4f220;
 .timescale 0 0;
P_0x7f8442d632e0 .param/l "i" 0 3 10, +C4<010010>;
L_0x7f8442d74a70/d .functor AND 1, L_0x7f8442d74b20, L_0x7f8442d74950, C4<1>, C4<1>;
L_0x7f8442d74a70 .delay 1 (2,2,2) L_0x7f8442d74a70/d;
v0x7f8442d63390_0 .net *"_s0", 0 0, L_0x7f8442d74b20;  1 drivers
v0x7f8442d63450_0 .net *"_s1", 0 0, L_0x7f8442d74950;  1 drivers
S_0x7f8442d634f0 .scope generate, "for_loop[19]" "for_loop[19]" 3 10, 3 10 0, S_0x7f8442d4f220;
 .timescale 0 0;
P_0x7f8442d636a0 .param/l "i" 0 3 10, +C4<010011>;
L_0x7f8442d74d90/d .functor AND 1, L_0x7f8442d74e40, L_0x7f8442d74c60, C4<1>, C4<1>;
L_0x7f8442d74d90 .delay 1 (2,2,2) L_0x7f8442d74d90/d;
v0x7f8442d63750_0 .net *"_s0", 0 0, L_0x7f8442d74e40;  1 drivers
v0x7f8442d63810_0 .net *"_s1", 0 0, L_0x7f8442d74c60;  1 drivers
S_0x7f8442d638b0 .scope generate, "for_loop[20]" "for_loop[20]" 3 10, 3 10 0, S_0x7f8442d4f220;
 .timescale 0 0;
P_0x7f8442d63a60 .param/l "i" 0 3 10, +C4<010100>;
L_0x7f8442d750c0/d .functor AND 1, L_0x7f8442d75130, L_0x7f8442d74f80, C4<1>, C4<1>;
L_0x7f8442d750c0 .delay 1 (2,2,2) L_0x7f8442d750c0/d;
v0x7f8442d63b10_0 .net *"_s0", 0 0, L_0x7f8442d75130;  1 drivers
v0x7f8442d63bd0_0 .net *"_s1", 0 0, L_0x7f8442d74f80;  1 drivers
S_0x7f8442d63c70 .scope generate, "for_loop[21]" "for_loop[21]" 3 10, 3 10 0, S_0x7f8442d4f220;
 .timescale 0 0;
P_0x7f8442d63e20 .param/l "i" 0 3 10, +C4<010101>;
L_0x7f8442d753c0/d .functor AND 1, L_0x7f8442d75430, L_0x7f8442d75270, C4<1>, C4<1>;
L_0x7f8442d753c0 .delay 1 (2,2,2) L_0x7f8442d753c0/d;
v0x7f8442d63ed0_0 .net *"_s0", 0 0, L_0x7f8442d75430;  1 drivers
v0x7f8442d63f90_0 .net *"_s1", 0 0, L_0x7f8442d75270;  1 drivers
S_0x7f8442d64030 .scope generate, "for_loop[22]" "for_loop[22]" 3 10, 3 10 0, S_0x7f8442d4f220;
 .timescale 0 0;
P_0x7f8442d641e0 .param/l "i" 0 3 10, +C4<010110>;
L_0x7f8442d75350/d .functor AND 1, L_0x7f8442d75730, L_0x7f8442d75570, C4<1>, C4<1>;
L_0x7f8442d75350 .delay 1 (2,2,2) L_0x7f8442d75350/d;
v0x7f8442d64290_0 .net *"_s0", 0 0, L_0x7f8442d75730;  1 drivers
v0x7f8442d64350_0 .net *"_s1", 0 0, L_0x7f8442d75570;  1 drivers
S_0x7f8442d643f0 .scope generate, "for_loop[23]" "for_loop[23]" 3 10, 3 10 0, S_0x7f8442d4f220;
 .timescale 0 0;
P_0x7f8442d645a0 .param/l "i" 0 3 10, +C4<010111>;
L_0x7f8442d75650/d .functor AND 1, L_0x7f8442d75a40, L_0x7f8442d75870, C4<1>, C4<1>;
L_0x7f8442d75650 .delay 1 (2,2,2) L_0x7f8442d75650/d;
v0x7f8442d64650_0 .net *"_s0", 0 0, L_0x7f8442d75a40;  1 drivers
v0x7f8442d64710_0 .net *"_s1", 0 0, L_0x7f8442d75870;  1 drivers
S_0x7f8442d647b0 .scope generate, "for_loop[24]" "for_loop[24]" 3 10, 3 10 0, S_0x7f8442d4f220;
 .timescale 0 0;
P_0x7f8442d64960 .param/l "i" 0 3 10, +C4<011000>;
L_0x7f8442d75950/d .functor AND 1, L_0x7f8442d75d40, L_0x7f8442d75b80, C4<1>, C4<1>;
L_0x7f8442d75950 .delay 1 (2,2,2) L_0x7f8442d75950/d;
v0x7f8442d64a10_0 .net *"_s0", 0 0, L_0x7f8442d75d40;  1 drivers
v0x7f8442d64ad0_0 .net *"_s1", 0 0, L_0x7f8442d75b80;  1 drivers
S_0x7f8442d64b70 .scope generate, "for_loop[25]" "for_loop[25]" 3 10, 3 10 0, S_0x7f8442d4f220;
 .timescale 0 0;
P_0x7f8442d64d20 .param/l "i" 0 3 10, +C4<011001>;
L_0x7f8442d75c60/d .functor AND 1, L_0x7f8442d76050, L_0x7f8442d75e80, C4<1>, C4<1>;
L_0x7f8442d75c60 .delay 1 (2,2,2) L_0x7f8442d75c60/d;
v0x7f8442d64dd0_0 .net *"_s0", 0 0, L_0x7f8442d76050;  1 drivers
v0x7f8442d64e90_0 .net *"_s1", 0 0, L_0x7f8442d75e80;  1 drivers
S_0x7f8442d64f30 .scope generate, "for_loop[26]" "for_loop[26]" 3 10, 3 10 0, S_0x7f8442d4f220;
 .timescale 0 0;
P_0x7f8442d650e0 .param/l "i" 0 3 10, +C4<011010>;
L_0x7f8442d75f60/d .functor AND 1, L_0x7f8442d76370, L_0x7f8442d76190, C4<1>, C4<1>;
L_0x7f8442d75f60 .delay 1 (2,2,2) L_0x7f8442d75f60/d;
v0x7f8442d65190_0 .net *"_s0", 0 0, L_0x7f8442d76370;  1 drivers
v0x7f8442d65250_0 .net *"_s1", 0 0, L_0x7f8442d76190;  1 drivers
S_0x7f8442d652f0 .scope generate, "for_loop[27]" "for_loop[27]" 3 10, 3 10 0, S_0x7f8442d4f220;
 .timescale 0 0;
P_0x7f8442d654a0 .param/l "i" 0 3 10, +C4<011011>;
L_0x7f8442d76270/d .functor AND 1, L_0x7f8442d76660, L_0x7f8442d764b0, C4<1>, C4<1>;
L_0x7f8442d76270 .delay 1 (2,2,2) L_0x7f8442d76270/d;
v0x7f8442d65550_0 .net *"_s0", 0 0, L_0x7f8442d76660;  1 drivers
v0x7f8442d65610_0 .net *"_s1", 0 0, L_0x7f8442d764b0;  1 drivers
S_0x7f8442d656b0 .scope generate, "for_loop[28]" "for_loop[28]" 3 10, 3 10 0, S_0x7f8442d4f220;
 .timescale 0 0;
P_0x7f8442d65860 .param/l "i" 0 3 10, +C4<011100>;
L_0x7f8442d76590/d .functor AND 1, L_0x7f8442d76960, L_0x7f8442d767a0, C4<1>, C4<1>;
L_0x7f8442d76590 .delay 1 (2,2,2) L_0x7f8442d76590/d;
v0x7f8442d65910_0 .net *"_s0", 0 0, L_0x7f8442d76960;  1 drivers
v0x7f8442d659d0_0 .net *"_s1", 0 0, L_0x7f8442d767a0;  1 drivers
S_0x7f8442d65a70 .scope generate, "for_loop[29]" "for_loop[29]" 3 10, 3 10 0, S_0x7f8442d4f220;
 .timescale 0 0;
P_0x7f8442d65c20 .param/l "i" 0 3 10, +C4<011101>;
L_0x7f8442d76880/d .functor AND 1, L_0x7f8442d76c70, L_0x7f8442d76aa0, C4<1>, C4<1>;
L_0x7f8442d76880 .delay 1 (2,2,2) L_0x7f8442d76880/d;
v0x7f8442d65cd0_0 .net *"_s0", 0 0, L_0x7f8442d76c70;  1 drivers
v0x7f8442d65d90_0 .net *"_s1", 0 0, L_0x7f8442d76aa0;  1 drivers
S_0x7f8442d65e30 .scope generate, "for_loop[30]" "for_loop[30]" 3 10, 3 10 0, S_0x7f8442d4f220;
 .timescale 0 0;
P_0x7f8442d65fe0 .param/l "i" 0 3 10, +C4<011110>;
L_0x7f8442d76b80/d .functor AND 1, L_0x7f8442d76f90, L_0x7f8442d76db0, C4<1>, C4<1>;
L_0x7f8442d76b80 .delay 1 (2,2,2) L_0x7f8442d76b80/d;
v0x7f8442d66090_0 .net *"_s0", 0 0, L_0x7f8442d76f90;  1 drivers
v0x7f8442d66150_0 .net *"_s1", 0 0, L_0x7f8442d76db0;  1 drivers
S_0x7f8442d661f0 .scope generate, "for_loop[31]" "for_loop[31]" 3 10, 3 10 0, S_0x7f8442d4f220;
 .timescale 0 0;
P_0x7f8442d663a0 .param/l "i" 0 3 10, +C4<011111>;
L_0x7f8442d76e90/d .functor AND 1, L_0x7f8442d74120, L_0x7f8442d74200, C4<1>, C4<1>;
L_0x7f8442d76e90 .delay 1 (2,2,2) L_0x7f8442d76e90/d;
v0x7f8442d66450_0 .net *"_s0", 0 0, L_0x7f8442d74120;  1 drivers
v0x7f8442d66510_0 .net *"_s1", 0 0, L_0x7f8442d74200;  1 drivers
S_0x7f8442d665b0 .scope generate, "for_loop[32]" "for_loop[32]" 3 10, 3 10 0, S_0x7f8442d4f220;
 .timescale 0 0;
P_0x7f8442d62ae0 .param/l "i" 0 3 10, +C4<0100000>;
L_0x7f8442d770d0/d .functor AND 1, L_0x7f8442d77180, L_0x7f8442d73e40, C4<1>, C4<1>;
L_0x7f8442d770d0 .delay 1 (2,2,2) L_0x7f8442d770d0/d;
v0x7f8442d66960_0 .net *"_s0", 0 0, L_0x7f8442d77180;  1 drivers
v0x7f8442d669f0_0 .net *"_s1", 0 0, L_0x7f8442d73e40;  1 drivers
S_0x7f8442d66a80 .scope generate, "for_loop[33]" "for_loop[33]" 3 10, 3 10 0, S_0x7f8442d4f220;
 .timescale 0 0;
P_0x7f8442d66c30 .param/l "i" 0 3 10, +C4<0100001>;
L_0x7f8442d73f20/d .functor AND 1, L_0x7f8442d774d0, L_0x7f8442d772c0, C4<1>, C4<1>;
L_0x7f8442d73f20 .delay 1 (2,2,2) L_0x7f8442d73f20/d;
v0x7f8442d66cd0_0 .net *"_s0", 0 0, L_0x7f8442d774d0;  1 drivers
v0x7f8442d66d90_0 .net *"_s1", 0 0, L_0x7f8442d772c0;  1 drivers
S_0x7f8442d66e30 .scope generate, "for_loop[34]" "for_loop[34]" 3 10, 3 10 0, S_0x7f8442d4f220;
 .timescale 0 0;
P_0x7f8442d66fe0 .param/l "i" 0 3 10, +C4<0100010>;
L_0x7f8442d773a0/d .functor AND 1, L_0x7f8442d777f0, L_0x7f8442d775d0, C4<1>, C4<1>;
L_0x7f8442d773a0 .delay 1 (2,2,2) L_0x7f8442d773a0/d;
v0x7f8442d67090_0 .net *"_s0", 0 0, L_0x7f8442d777f0;  1 drivers
v0x7f8442d67150_0 .net *"_s1", 0 0, L_0x7f8442d775d0;  1 drivers
S_0x7f8442d671f0 .scope generate, "for_loop[35]" "for_loop[35]" 3 10, 3 10 0, S_0x7f8442d4f220;
 .timescale 0 0;
P_0x7f8442d673a0 .param/l "i" 0 3 10, +C4<0100011>;
L_0x7f8442d776b0/d .functor AND 1, L_0x7f8442d77b20, L_0x7f8442d778f0, C4<1>, C4<1>;
L_0x7f8442d776b0 .delay 1 (2,2,2) L_0x7f8442d776b0/d;
v0x7f8442d67450_0 .net *"_s0", 0 0, L_0x7f8442d77b20;  1 drivers
v0x7f8442d67510_0 .net *"_s1", 0 0, L_0x7f8442d778f0;  1 drivers
S_0x7f8442d675b0 .scope generate, "for_loop[36]" "for_loop[36]" 3 10, 3 10 0, S_0x7f8442d4f220;
 .timescale 0 0;
P_0x7f8442d67760 .param/l "i" 0 3 10, +C4<0100100>;
L_0x7f8442d77990/d .functor AND 1, L_0x7f8442d77e60, L_0x7f8442d77c20, C4<1>, C4<1>;
L_0x7f8442d77990 .delay 1 (2,2,2) L_0x7f8442d77990/d;
v0x7f8442d67810_0 .net *"_s0", 0 0, L_0x7f8442d77e60;  1 drivers
v0x7f8442d678d0_0 .net *"_s1", 0 0, L_0x7f8442d77c20;  1 drivers
S_0x7f8442d67970 .scope generate, "for_loop[37]" "for_loop[37]" 3 10, 3 10 0, S_0x7f8442d4f220;
 .timescale 0 0;
P_0x7f8442d67b20 .param/l "i" 0 3 10, +C4<0100101>;
L_0x7f8442d77cc0/d .functor AND 1, L_0x7f8442d77db0, L_0x7f8442d781f0, C4<1>, C4<1>;
L_0x7f8442d77cc0 .delay 1 (2,2,2) L_0x7f8442d77cc0/d;
v0x7f8442d67bd0_0 .net *"_s0", 0 0, L_0x7f8442d77db0;  1 drivers
v0x7f8442d67c90_0 .net *"_s1", 0 0, L_0x7f8442d781f0;  1 drivers
S_0x7f8442d67d30 .scope generate, "for_loop[38]" "for_loop[38]" 3 10, 3 10 0, S_0x7f8442d4f220;
 .timescale 0 0;
P_0x7f8442d67ee0 .param/l "i" 0 3 10, +C4<0100110>;
L_0x7f8442d77fa0/d .functor AND 1, L_0x7f8442d78050, L_0x7f8442d78520, C4<1>, C4<1>;
L_0x7f8442d77fa0 .delay 1 (2,2,2) L_0x7f8442d77fa0/d;
v0x7f8442d67f90_0 .net *"_s0", 0 0, L_0x7f8442d78050;  1 drivers
v0x7f8442d68050_0 .net *"_s1", 0 0, L_0x7f8442d78520;  1 drivers
S_0x7f8442d680f0 .scope generate, "for_loop[39]" "for_loop[39]" 3 10, 3 10 0, S_0x7f8442d4f220;
 .timescale 0 0;
P_0x7f8442d682a0 .param/l "i" 0 3 10, +C4<0100111>;
L_0x7f8442d78600/d .functor AND 1, L_0x7f8442d786b0, L_0x7f8442d782b0, C4<1>, C4<1>;
L_0x7f8442d78600 .delay 1 (2,2,2) L_0x7f8442d78600/d;
v0x7f8442d68350_0 .net *"_s0", 0 0, L_0x7f8442d786b0;  1 drivers
v0x7f8442d68410_0 .net *"_s1", 0 0, L_0x7f8442d782b0;  1 drivers
S_0x7f8442d684b0 .scope generate, "for_loop[40]" "for_loop[40]" 3 10, 3 10 0, S_0x7f8442d4f220;
 .timescale 0 0;
P_0x7f8442d68660 .param/l "i" 0 3 10, +C4<0101000>;
L_0x7f8442d78390/d .functor AND 1, L_0x7f8442d78a70, L_0x7f8442d787f0, C4<1>, C4<1>;
L_0x7f8442d78390 .delay 1 (2,2,2) L_0x7f8442d78390/d;
v0x7f8442d68710_0 .net *"_s0", 0 0, L_0x7f8442d78a70;  1 drivers
v0x7f8442d687d0_0 .net *"_s1", 0 0, L_0x7f8442d787f0;  1 drivers
S_0x7f8442d68870 .scope generate, "for_loop[41]" "for_loop[41]" 3 10, 3 10 0, S_0x7f8442d4f220;
 .timescale 0 0;
P_0x7f8442d68a20 .param/l "i" 0 3 10, +C4<0101001>;
L_0x7f8442d78890/d .functor AND 1, L_0x7f8442d78940, L_0x7f8442d78b70, C4<1>, C4<1>;
L_0x7f8442d78890 .delay 1 (2,2,2) L_0x7f8442d78890/d;
v0x7f8442d68ad0_0 .net *"_s0", 0 0, L_0x7f8442d78940;  1 drivers
v0x7f8442d68b90_0 .net *"_s1", 0 0, L_0x7f8442d78b70;  1 drivers
S_0x7f8442d68c30 .scope generate, "for_loop[42]" "for_loop[42]" 3 10, 3 10 0, S_0x7f8442d4f220;
 .timescale 0 0;
P_0x7f8442d68de0 .param/l "i" 0 3 10, +C4<0101010>;
L_0x7f8442d78c10/d .functor AND 1, L_0x7f8442d78ce0, L_0x7f8442d78e40, C4<1>, C4<1>;
L_0x7f8442d78c10 .delay 1 (2,2,2) L_0x7f8442d78c10/d;
v0x7f8442d68e90_0 .net *"_s0", 0 0, L_0x7f8442d78ce0;  1 drivers
v0x7f8442d68f50_0 .net *"_s1", 0 0, L_0x7f8442d78e40;  1 drivers
S_0x7f8442d68ff0 .scope generate, "for_loop[43]" "for_loop[43]" 3 10, 3 10 0, S_0x7f8442d4f220;
 .timescale 0 0;
P_0x7f8442d691a0 .param/l "i" 0 3 10, +C4<0101011>;
L_0x7f8442d78ee0/d .functor AND 1, L_0x7f8442d78fd0, L_0x7f8442d79120, C4<1>, C4<1>;
L_0x7f8442d78ee0 .delay 1 (2,2,2) L_0x7f8442d78ee0/d;
v0x7f8442d69250_0 .net *"_s0", 0 0, L_0x7f8442d78fd0;  1 drivers
v0x7f8442d69310_0 .net *"_s1", 0 0, L_0x7f8442d79120;  1 drivers
S_0x7f8442d693b0 .scope generate, "for_loop[44]" "for_loop[44]" 3 10, 3 10 0, S_0x7f8442d4f220;
 .timescale 0 0;
P_0x7f8442d69560 .param/l "i" 0 3 10, +C4<0101100>;
L_0x7f8442d79200/d .functor AND 1, L_0x7f8442d792d0, L_0x7f8442d79410, C4<1>, C4<1>;
L_0x7f8442d79200 .delay 1 (2,2,2) L_0x7f8442d79200/d;
v0x7f8442d69610_0 .net *"_s0", 0 0, L_0x7f8442d792d0;  1 drivers
v0x7f8442d696d0_0 .net *"_s1", 0 0, L_0x7f8442d79410;  1 drivers
S_0x7f8442d69770 .scope generate, "for_loop[45]" "for_loop[45]" 3 10, 3 10 0, S_0x7f8442d4f220;
 .timescale 0 0;
P_0x7f8442d69920 .param/l "i" 0 3 10, +C4<0101101>;
L_0x7f8442d794f0/d .functor AND 1, L_0x7f8442d795c0, L_0x7f8442d79710, C4<1>, C4<1>;
L_0x7f8442d794f0 .delay 1 (2,2,2) L_0x7f8442d794f0/d;
v0x7f8442d699d0_0 .net *"_s0", 0 0, L_0x7f8442d795c0;  1 drivers
v0x7f8442d69a90_0 .net *"_s1", 0 0, L_0x7f8442d79710;  1 drivers
S_0x7f8442d69b30 .scope generate, "for_loop[46]" "for_loop[46]" 3 10, 3 10 0, S_0x7f8442d4f220;
 .timescale 0 0;
P_0x7f8442d69ce0 .param/l "i" 0 3 10, +C4<0101110>;
L_0x7f8442d797f0/d .functor AND 1, L_0x7f8442d798c0, L_0x7f8442d79a20, C4<1>, C4<1>;
L_0x7f8442d797f0 .delay 1 (2,2,2) L_0x7f8442d797f0/d;
v0x7f8442d69d90_0 .net *"_s0", 0 0, L_0x7f8442d798c0;  1 drivers
v0x7f8442d69e50_0 .net *"_s1", 0 0, L_0x7f8442d79a20;  1 drivers
S_0x7f8442d69ef0 .scope generate, "for_loop[47]" "for_loop[47]" 3 10, 3 10 0, S_0x7f8442d4f220;
 .timescale 0 0;
P_0x7f8442d6a0a0 .param/l "i" 0 3 10, +C4<0101111>;
L_0x7f8442d79ac0/d .functor AND 1, L_0x7f8442d79bb0, L_0x7f8442d7a040, C4<1>, C4<1>;
L_0x7f8442d79ac0 .delay 1 (2,2,2) L_0x7f8442d79ac0/d;
v0x7f8442d6a150_0 .net *"_s0", 0 0, L_0x7f8442d79bb0;  1 drivers
v0x7f8442d6a210_0 .net *"_s1", 0 0, L_0x7f8442d7a040;  1 drivers
S_0x7f8442d6a2b0 .scope generate, "for_loop[48]" "for_loop[48]" 3 10, 3 10 0, S_0x7f8442d4f220;
 .timescale 0 0;
P_0x7f8442d6a460 .param/l "i" 0 3 10, +C4<0110000>;
L_0x7f8442d7a120/d .functor AND 1, L_0x7f8442d7a1f0, L_0x7f8442d79d40, C4<1>, C4<1>;
L_0x7f8442d7a120 .delay 1 (2,2,2) L_0x7f8442d7a120/d;
v0x7f8442d6a510_0 .net *"_s0", 0 0, L_0x7f8442d7a1f0;  1 drivers
v0x7f8442d6a5d0_0 .net *"_s1", 0 0, L_0x7f8442d79d40;  1 drivers
S_0x7f8442d6a670 .scope generate, "for_loop[49]" "for_loop[49]" 3 10, 3 10 0, S_0x7f8442d4f220;
 .timescale 0 0;
P_0x7f8442d6a820 .param/l "i" 0 3 10, +C4<0110001>;
L_0x7f8442d79e20/d .functor AND 1, L_0x7f8442d79ef0, L_0x7f8442d7a650, C4<1>, C4<1>;
L_0x7f8442d79e20 .delay 1 (2,2,2) L_0x7f8442d79e20/d;
v0x7f8442d6a8d0_0 .net *"_s0", 0 0, L_0x7f8442d79ef0;  1 drivers
v0x7f8442d6a990_0 .net *"_s1", 0 0, L_0x7f8442d7a650;  1 drivers
S_0x7f8442d6aa30 .scope generate, "for_loop[50]" "for_loop[50]" 3 10, 3 10 0, S_0x7f8442d4f220;
 .timescale 0 0;
P_0x7f8442d6abe0 .param/l "i" 0 3 10, +C4<0110010>;
L_0x7f8442d7a730/d .functor AND 1, L_0x7f8442d7a800, L_0x7f8442d7a330, C4<1>, C4<1>;
L_0x7f8442d7a730 .delay 1 (2,2,2) L_0x7f8442d7a730/d;
v0x7f8442d6ac90_0 .net *"_s0", 0 0, L_0x7f8442d7a800;  1 drivers
v0x7f8442d6ad50_0 .net *"_s1", 0 0, L_0x7f8442d7a330;  1 drivers
S_0x7f8442d6adf0 .scope generate, "for_loop[51]" "for_loop[51]" 3 10, 3 10 0, S_0x7f8442d4f220;
 .timescale 0 0;
P_0x7f8442d6afa0 .param/l "i" 0 3 10, +C4<0110011>;
L_0x7f8442d7a410/d .functor AND 1, L_0x7f8442d7a4e0, L_0x7f8442d7ac80, C4<1>, C4<1>;
L_0x7f8442d7a410 .delay 1 (2,2,2) L_0x7f8442d7a410/d;
v0x7f8442d6b050_0 .net *"_s0", 0 0, L_0x7f8442d7a4e0;  1 drivers
v0x7f8442d6b110_0 .net *"_s1", 0 0, L_0x7f8442d7ac80;  1 drivers
S_0x7f8442d6b1b0 .scope generate, "for_loop[52]" "for_loop[52]" 3 10, 3 10 0, S_0x7f8442d4f220;
 .timescale 0 0;
P_0x7f8442d6b360 .param/l "i" 0 3 10, +C4<0110100>;
L_0x7f8442d7ad60/d .functor AND 1, L_0x7f8442d7ae10, L_0x7f8442d7a940, C4<1>, C4<1>;
L_0x7f8442d7ad60 .delay 1 (2,2,2) L_0x7f8442d7ad60/d;
v0x7f8442d6b410_0 .net *"_s0", 0 0, L_0x7f8442d7ae10;  1 drivers
v0x7f8442d6b4d0_0 .net *"_s1", 0 0, L_0x7f8442d7a940;  1 drivers
S_0x7f8442d6b570 .scope generate, "for_loop[53]" "for_loop[53]" 3 10, 3 10 0, S_0x7f8442d4f220;
 .timescale 0 0;
P_0x7f8442d6b720 .param/l "i" 0 3 10, +C4<0110101>;
L_0x7f8442d7aa20/d .functor AND 1, L_0x7f8442d7aaf0, L_0x7f8442d7b2b0, C4<1>, C4<1>;
L_0x7f8442d7aa20 .delay 1 (2,2,2) L_0x7f8442d7aa20/d;
v0x7f8442d6b7d0_0 .net *"_s0", 0 0, L_0x7f8442d7aaf0;  1 drivers
v0x7f8442d6b890_0 .net *"_s1", 0 0, L_0x7f8442d7b2b0;  1 drivers
S_0x7f8442d6b930 .scope generate, "for_loop[54]" "for_loop[54]" 3 10, 3 10 0, S_0x7f8442d4f220;
 .timescale 0 0;
P_0x7f8442d6bae0 .param/l "i" 0 3 10, +C4<0110110>;
L_0x7f8442d7b350/d .functor AND 1, L_0x7f8442d7b420, L_0x7f8442d7af50, C4<1>, C4<1>;
L_0x7f8442d7b350 .delay 1 (2,2,2) L_0x7f8442d7b350/d;
v0x7f8442d6bb90_0 .net *"_s0", 0 0, L_0x7f8442d7b420;  1 drivers
v0x7f8442d6bc50_0 .net *"_s1", 0 0, L_0x7f8442d7af50;  1 drivers
S_0x7f8442d6bcf0 .scope generate, "for_loop[55]" "for_loop[55]" 3 10, 3 10 0, S_0x7f8442d4f220;
 .timescale 0 0;
P_0x7f8442d6bea0 .param/l "i" 0 3 10, +C4<0110111>;
L_0x7f8442d7b030/d .functor AND 1, L_0x7f8442d7b100, L_0x7f8442d7b8e0, C4<1>, C4<1>;
L_0x7f8442d7b030 .delay 1 (2,2,2) L_0x7f8442d7b030/d;
v0x7f8442d6bf50_0 .net *"_s0", 0 0, L_0x7f8442d7b100;  1 drivers
v0x7f8442d6c010_0 .net *"_s1", 0 0, L_0x7f8442d7b8e0;  1 drivers
S_0x7f8442d6c0b0 .scope generate, "for_loop[56]" "for_loop[56]" 3 10, 3 10 0, S_0x7f8442d4f220;
 .timescale 0 0;
P_0x7f8442d6c260 .param/l "i" 0 3 10, +C4<0111000>;
L_0x7f8442d7b980/d .functor AND 1, L_0x7f8442d7ba30, L_0x7f8442d7b560, C4<1>, C4<1>;
L_0x7f8442d7b980 .delay 1 (2,2,2) L_0x7f8442d7b980/d;
v0x7f8442d6c310_0 .net *"_s0", 0 0, L_0x7f8442d7ba30;  1 drivers
v0x7f8442d6c3d0_0 .net *"_s1", 0 0, L_0x7f8442d7b560;  1 drivers
S_0x7f8442d6c470 .scope generate, "for_loop[57]" "for_loop[57]" 3 10, 3 10 0, S_0x7f8442d4f220;
 .timescale 0 0;
P_0x7f8442d6c620 .param/l "i" 0 3 10, +C4<0111001>;
L_0x7f8442d7b640/d .functor AND 1, L_0x7f8442d7b710, L_0x7f8442d7bf10, C4<1>, C4<1>;
L_0x7f8442d7b640 .delay 1 (2,2,2) L_0x7f8442d7b640/d;
v0x7f8442d6c6d0_0 .net *"_s0", 0 0, L_0x7f8442d7b710;  1 drivers
v0x7f8442d6c790_0 .net *"_s1", 0 0, L_0x7f8442d7bf10;  1 drivers
S_0x7f8442d6c830 .scope generate, "for_loop[58]" "for_loop[58]" 3 10, 3 10 0, S_0x7f8442d4f220;
 .timescale 0 0;
P_0x7f8442d6c9e0 .param/l "i" 0 3 10, +C4<0111010>;
L_0x7f8442d7bfb0/d .functor AND 1, L_0x7f8442d7c060, L_0x7f8442d7bb70, C4<1>, C4<1>;
L_0x7f8442d7bfb0 .delay 1 (2,2,2) L_0x7f8442d7bfb0/d;
v0x7f8442d6ca90_0 .net *"_s0", 0 0, L_0x7f8442d7c060;  1 drivers
v0x7f8442d6cb50_0 .net *"_s1", 0 0, L_0x7f8442d7bb70;  1 drivers
S_0x7f8442d6cbf0 .scope generate, "for_loop[59]" "for_loop[59]" 3 10, 3 10 0, S_0x7f8442d4f220;
 .timescale 0 0;
P_0x7f8442d6cda0 .param/l "i" 0 3 10, +C4<0111011>;
L_0x7f8442d7bc50/d .functor AND 1, L_0x7f8442d7be40, L_0x7f8442d7bd40, C4<1>, C4<1>;
L_0x7f8442d7bc50 .delay 1 (2,2,2) L_0x7f8442d7bc50/d;
v0x7f8442d6ce50_0 .net *"_s0", 0 0, L_0x7f8442d7be40;  1 drivers
v0x7f8442d6cf10_0 .net *"_s1", 0 0, L_0x7f8442d7bd40;  1 drivers
S_0x7f8442d6cfb0 .scope generate, "for_loop[60]" "for_loop[60]" 3 10, 3 10 0, S_0x7f8442d4f220;
 .timescale 0 0;
P_0x7f8442d6d160 .param/l "i" 0 3 10, +C4<0111100>;
L_0x7f8442d7c5a0/d .functor AND 1, L_0x7f8442d7c650, L_0x7f8442d7c1a0, C4<1>, C4<1>;
L_0x7f8442d7c5a0 .delay 1 (2,2,2) L_0x7f8442d7c5a0/d;
v0x7f8442d6d210_0 .net *"_s0", 0 0, L_0x7f8442d7c650;  1 drivers
v0x7f8442d6d2d0_0 .net *"_s1", 0 0, L_0x7f8442d7c1a0;  1 drivers
S_0x7f8442d6d370 .scope generate, "for_loop[61]" "for_loop[61]" 3 10, 3 10 0, S_0x7f8442d4f220;
 .timescale 0 0;
P_0x7f8442d6d520 .param/l "i" 0 3 10, +C4<0111101>;
L_0x7f8442d7c280/d .functor AND 1, L_0x7f8442d7c490, L_0x7f8442d7c390, C4<1>, C4<1>;
L_0x7f8442d7c280 .delay 1 (2,2,2) L_0x7f8442d7c280/d;
v0x7f8442d6d5d0_0 .net *"_s0", 0 0, L_0x7f8442d7c490;  1 drivers
v0x7f8442d6d690_0 .net *"_s1", 0 0, L_0x7f8442d7c390;  1 drivers
S_0x7f8442d6d730 .scope generate, "for_loop[62]" "for_loop[62]" 3 10, 3 10 0, S_0x7f8442d4f220;
 .timescale 0 0;
P_0x7f8442d6d8e0 .param/l "i" 0 3 10, +C4<0111110>;
L_0x7f8442d7cbb0/d .functor AND 1, L_0x7f8442d7cc60, L_0x7f8442d7c790, C4<1>, C4<1>;
L_0x7f8442d7cbb0 .delay 1 (2,2,2) L_0x7f8442d7cbb0/d;
v0x7f8442d6d990_0 .net *"_s0", 0 0, L_0x7f8442d7cc60;  1 drivers
v0x7f8442d6da50_0 .net *"_s1", 0 0, L_0x7f8442d7c790;  1 drivers
S_0x7f8442d6daf0 .scope generate, "for_loop[63]" "for_loop[63]" 3 10, 3 10 0, S_0x7f8442d4f220;
 .timescale 0 0;
P_0x7f8442d6dca0 .param/l "i" 0 3 10, +C4<0111111>;
L_0x7f8442d7cda0/d .functor AND 1, L_0x7f8442d7ce90, L_0x7f8442d7cfd0, C4<1>, C4<1>;
L_0x7f8442d7cda0 .delay 1 (2,2,2) L_0x7f8442d7cda0/d;
v0x7f8442d6dd50_0 .net *"_s0", 0 0, L_0x7f8442d7ce90;  1 drivers
v0x7f8442d6de10_0 .net *"_s1", 0 0, L_0x7f8442d7cfd0;  1 drivers
    .scope S_0x7f8442d00160;
T_0 ;
    %vpi_call 2 13 "$display", "AND Circuit" {0 0 0};
    %vpi_call 2 14 "$display", " " {0 0 0};
    %vpi_call 2 15 "$display", "Test 1" {0 0 0};
    %pushi/vec4 0, 0, 32;
    %store/vec4 v0x7f8442d70f60_0, 0, 32;
T_0.0 ;
    %load/vec4 v0x7f8442d70f60_0;
    %cmpi/s 7, 0, 32;
    %flag_or 5, 4;
    %jmp/0xz T_0.1, 5;
    %pushi/vec4 1, 0, 1;
    %ix/getv/s 4, v0x7f8442d70f60_0;
    %store/vec4 v0x7f8442d70db0_0, 4, 1;
    %pushi/vec4 0, 0, 1;
    %ix/getv/s 4, v0x7f8442d70f60_0;
    %store/vec4 v0x7f8442d70e40_0, 4, 1;
    %load/vec4 v0x7f8442d70f60_0;
    %addi 1, 0, 32;
    %store/vec4 v0x7f8442d70f60_0, 0, 32;
    %jmp T_0.0;
T_0.1 ;
    %pushi/vec4 8, 0, 32;
    %store/vec4 v0x7f8442d70f60_0, 0, 32;
T_0.2 ;
    %load/vec4 v0x7f8442d70f60_0;
    %cmpi/s 15, 0, 32;
    %flag_or 5, 4;
    %jmp/0xz T_0.3, 5;
    %pushi/vec4 0, 0, 1;
    %ix/getv/s 4, v0x7f8442d70f60_0;
    %store/vec4 v0x7f8442d70db0_0, 4, 1;
    %pushi/vec4 1, 0, 1;
    %ix/getv/s 4, v0x7f8442d70f60_0;
    %store/vec4 v0x7f8442d70e40_0, 4, 1;
    %load/vec4 v0x7f8442d70f60_0;
    %addi 1, 0, 32;
    %store/vec4 v0x7f8442d70f60_0, 0, 32;
    %jmp T_0.2;
T_0.3 ;
    %pushi/vec4 16, 0, 32;
    %store/vec4 v0x7f8442d70f60_0, 0, 32;
T_0.4 ;
    %load/vec4 v0x7f8442d70f60_0;
    %cmpi/s 47, 0, 32;
    %flag_or 5, 4;
    %jmp/0xz T_0.5, 5;
    %pushi/vec4 1, 0, 1;
    %ix/getv/s 4, v0x7f8442d70f60_0;
    %store/vec4 v0x7f8442d70db0_0, 4, 1;
    %pushi/vec4 1, 0, 1;
    %ix/getv/s 4, v0x7f8442d70f60_0;
    %store/vec4 v0x7f8442d70e40_0, 4, 1;
    %load/vec4 v0x7f8442d70f60_0;
    %addi 1, 0, 32;
    %store/vec4 v0x7f8442d70f60_0, 0, 32;
    %jmp T_0.4;
T_0.5 ;
    %pushi/vec4 48, 0, 32;
    %store/vec4 v0x7f8442d70f60_0, 0, 32;
T_0.6 ;
    %load/vec4 v0x7f8442d70f60_0;
    %cmpi/s 63, 0, 32;
    %flag_or 5, 4;
    %jmp/0xz T_0.7, 5;
    %pushi/vec4 0, 0, 1;
    %ix/getv/s 4, v0x7f8442d70f60_0;
    %store/vec4 v0x7f8442d70db0_0, 4, 1;
    %pushi/vec4 0, 0, 1;
    %ix/getv/s 4, v0x7f8442d70f60_0;
    %store/vec4 v0x7f8442d70e40_0, 4, 1;
    %load/vec4 v0x7f8442d70f60_0;
    %addi 1, 0, 32;
    %store/vec4 v0x7f8442d70f60_0, 0, 32;
    %jmp T_0.6;
T_0.7 ;
    %delay 128, 0;
    %vpi_call 2 39 "$display", "A = %b", v0x7f8442d70db0_0 {0 0 0};
    %vpi_call 2 40 "$display", "B = %b", v0x7f8442d70e40_0 {0 0 0};
    %vpi_call 2 41 "$display", "O = %b", v0x7f8442d70ed0_0 {0 0 0};
    %vpi_call 2 44 "$display", " " {0 0 0};
    %vpi_call 2 45 "$display", "Test 2" {0 0 0};
    %pushi/vec4 0, 0, 32;
    %store/vec4 v0x7f8442d70f60_0, 0, 32;
T_0.8 ;
    %load/vec4 v0x7f8442d70f60_0;
    %cmpi/s 7, 0, 32;
    %flag_or 5, 4;
    %jmp/0xz T_0.9, 5;
    %pushi/vec4 1, 0, 1;
    %ix/getv/s 4, v0x7f8442d70f60_0;
    %store/vec4 v0x7f8442d70db0_0, 4, 1;
    %pushi/vec4 0, 0, 1;
    %ix/getv/s 4, v0x7f8442d70f60_0;
    %store/vec4 v0x7f8442d70e40_0, 4, 1;
    %load/vec4 v0x7f8442d70f60_0;
    %addi 1, 0, 32;
    %store/vec4 v0x7f8442d70f60_0, 0, 32;
    %jmp T_0.8;
T_0.9 ;
    %pushi/vec4 8, 0, 32;
    %store/vec4 v0x7f8442d70f60_0, 0, 32;
T_0.10 ;
    %load/vec4 v0x7f8442d70f60_0;
    %cmpi/s 15, 0, 32;
    %flag_or 5, 4;
    %jmp/0xz T_0.11, 5;
    %pushi/vec4 0, 0, 1;
    %ix/getv/s 4, v0x7f8442d70f60_0;
    %store/vec4 v0x7f8442d70db0_0, 4, 1;
    %pushi/vec4 1, 0, 1;
    %ix/getv/s 4, v0x7f8442d70f60_0;
    %store/vec4 v0x7f8442d70e40_0, 4, 1;
    %load/vec4 v0x7f8442d70f60_0;
    %addi 1, 0, 32;
    %store/vec4 v0x7f8442d70f60_0, 0, 32;
    %jmp T_0.10;
T_0.11 ;
    %pushi/vec4 16, 0, 32;
    %store/vec4 v0x7f8442d70f60_0, 0, 32;
T_0.12 ;
    %load/vec4 v0x7f8442d70f60_0;
    %cmpi/s 47, 0, 32;
    %flag_or 5, 4;
    %jmp/0xz T_0.13, 5;
    %pushi/vec4 1, 0, 1;
    %ix/getv/s 4, v0x7f8442d70f60_0;
    %store/vec4 v0x7f8442d70db0_0, 4, 1;
    %pushi/vec4 1, 0, 1;
    %ix/getv/s 4, v0x7f8442d70f60_0;
    %store/vec4 v0x7f8442d70e40_0, 4, 1;
    %load/vec4 v0x7f8442d70f60_0;
    %addi 1, 0, 32;
    %store/vec4 v0x7f8442d70f60_0, 0, 32;
    %jmp T_0.12;
T_0.13 ;
    %pushi/vec4 48, 0, 32;
    %store/vec4 v0x7f8442d70f60_0, 0, 32;
T_0.14 ;
    %load/vec4 v0x7f8442d70f60_0;
    %cmpi/s 63, 0, 32;
    %flag_or 5, 4;
    %jmp/0xz T_0.15, 5;
    %pushi/vec4 0, 0, 1;
    %ix/getv/s 4, v0x7f8442d70f60_0;
    %store/vec4 v0x7f8442d70db0_0, 4, 1;
    %pushi/vec4 0, 0, 1;
    %ix/getv/s 4, v0x7f8442d70f60_0;
    %store/vec4 v0x7f8442d70e40_0, 4, 1;
    %load/vec4 v0x7f8442d70f60_0;
    %addi 1, 0, 32;
    %store/vec4 v0x7f8442d70f60_0, 0, 32;
    %jmp T_0.14;
T_0.15 ;
    %delay 128, 0;
    %vpi_call 2 70 "$display", "A = %b", v0x7f8442d70db0_0 {0 0 0};
    %vpi_call 2 71 "$display", "B = %b", v0x7f8442d70e40_0 {0 0 0};
    %vpi_call 2 72 "$display", "O = %b", v0x7f8442d70ed0_0 {0 0 0};
    %vpi_call 2 74 "$display", " " {0 0 0};
    %vpi_call 2 75 "$display", "Test 3" {0 0 0};
    %pushi/vec4 0, 0, 32;
    %store/vec4 v0x7f8442d70f60_0, 0, 32;
T_0.16 ;
    %load/vec4 v0x7f8442d70f60_0;
    %cmpi/s 63, 0, 32;
    %flag_or 5, 4;
    %jmp/0xz T_0.17, 5;
    %pushi/vec4 1, 0, 1;
    %ix/getv/s 4, v0x7f8442d70f60_0;
    %store/vec4 v0x7f8442d70db0_0, 4, 1;
    %pushi/vec4 1, 0, 1;
    %ix/getv/s 4, v0x7f8442d70f60_0;
    %store/vec4 v0x7f8442d70e40_0, 4, 1;
    %load/vec4 v0x7f8442d70f60_0;
    %addi 1, 0, 32;
    %store/vec4 v0x7f8442d70f60_0, 0, 32;
    %jmp T_0.16;
T_0.17 ;
    %delay 128, 0;
    %vpi_call 2 85 "$display", "A = %b", v0x7f8442d70db0_0 {0 0 0};
    %vpi_call 2 86 "$display", "B = %b", v0x7f8442d70e40_0 {0 0 0};
    %vpi_call 2 87 "$display", "O = %b", v0x7f8442d70ed0_0 {0 0 0};
    %vpi_call 2 90 "$display", " " {0 0 0};
    %vpi_call 2 91 "$display", "Test 4" {0 0 0};
    %pushi/vec4 0, 0, 32;
    %store/vec4 v0x7f8442d70f60_0, 0, 32;
T_0.18 ;
    %load/vec4 v0x7f8442d70f60_0;
    %cmpi/s 7, 0, 32;
    %flag_or 5, 4;
    %jmp/0xz T_0.19, 5;
    %pushi/vec4 1, 0, 1;
    %ix/getv/s 4, v0x7f8442d70f60_0;
    %store/vec4 v0x7f8442d70db0_0, 4, 1;
    %pushi/vec4 1, 0, 1;
    %ix/getv/s 4, v0x7f8442d70f60_0;
    %store/vec4 v0x7f8442d70e40_0, 4, 1;
    %load/vec4 v0x7f8442d70f60_0;
    %addi 1, 0, 32;
    %store/vec4 v0x7f8442d70f60_0, 0, 32;
    %jmp T_0.18;
T_0.19 ;
    %pushi/vec4 8, 0, 32;
    %store/vec4 v0x7f8442d70f60_0, 0, 32;
T_0.20 ;
    %load/vec4 v0x7f8442d70f60_0;
    %cmpi/s 15, 0, 32;
    %flag_or 5, 4;
    %jmp/0xz T_0.21, 5;
    %pushi/vec4 0, 0, 1;
    %ix/getv/s 4, v0x7f8442d70f60_0;
    %store/vec4 v0x7f8442d70db0_0, 4, 1;
    %pushi/vec4 0, 0, 1;
    %ix/getv/s 4, v0x7f8442d70f60_0;
    %store/vec4 v0x7f8442d70e40_0, 4, 1;
    %load/vec4 v0x7f8442d70f60_0;
    %addi 1, 0, 32;
    %store/vec4 v0x7f8442d70f60_0, 0, 32;
    %jmp T_0.20;
T_0.21 ;
    %pushi/vec4 16, 0, 32;
    %store/vec4 v0x7f8442d70f60_0, 0, 32;
T_0.22 ;
    %load/vec4 v0x7f8442d70f60_0;
    %cmpi/s 47, 0, 32;
    %flag_or 5, 4;
    %jmp/0xz T_0.23, 5;
    %pushi/vec4 1, 0, 1;
    %ix/getv/s 4, v0x7f8442d70f60_0;
    %store/vec4 v0x7f8442d70db0_0, 4, 1;
    %pushi/vec4 1, 0, 1;
    %ix/getv/s 4, v0x7f8442d70f60_0;
    %store/vec4 v0x7f8442d70e40_0, 4, 1;
    %load/vec4 v0x7f8442d70f60_0;
    %addi 1, 0, 32;
    %store/vec4 v0x7f8442d70f60_0, 0, 32;
    %jmp T_0.22;
T_0.23 ;
    %pushi/vec4 48, 0, 32;
    %store/vec4 v0x7f8442d70f60_0, 0, 32;
T_0.24 ;
    %load/vec4 v0x7f8442d70f60_0;
    %cmpi/s 63, 0, 32;
    %flag_or 5, 4;
    %jmp/0xz T_0.25, 5;
    %pushi/vec4 0, 0, 1;
    %ix/getv/s 4, v0x7f8442d70f60_0;
    %store/vec4 v0x7f8442d70db0_0, 4, 1;
    %pushi/vec4 0, 0, 1;
    %ix/getv/s 4, v0x7f8442d70f60_0;
    %store/vec4 v0x7f8442d70e40_0, 4, 1;
    %load/vec4 v0x7f8442d70f60_0;
    %addi 1, 0, 32;
    %store/vec4 v0x7f8442d70f60_0, 0, 32;
    %jmp T_0.24;
T_0.25 ;
    %delay 128, 0;
    %vpi_call 2 116 "$display", "A = %b", v0x7f8442d70db0_0 {0 0 0};
    %vpi_call 2 117 "$display", "B = %b", v0x7f8442d70e40_0 {0 0 0};
    %vpi_call 2 118 "$display", "O = %b", v0x7f8442d70ed0_0 {0 0 0};
    %end;
    .thread T_0;
# The file index is used to find the file name in the following table.
:file_names 4;
    "N/A";
    "<interactive>";
    "ANDcircuit_test.v";
    "ANDcircuit.v";
