#! /usr/local/Cellar/icarus-verilog/10.3/bin/vvp
:ivl_version "10.3 (stable)" "(v10_3)";
:ivl_delay_selection "TYPICAL";
:vpi_time_precision + 0;
:vpi_module "system";
:vpi_module "vhdl_sys";
:vpi_module "v2005_math";
:vpi_module "va_math";
S_0x7febd2d00100 .scope module, "decoder_test" "decoder_test" 2 1;
 .timescale 0 0;
v0x7febd2d21a20_0 .var "A", 5 0;
v0x7febd2d21ab0_0 .net "O", 63 0, L_0x7febd2d32250;  1 drivers
S_0x7febd2d063c0 .scope module, "DUT" "decoder" 2 6, 3 1 0, S_0x7febd2d00100;
 .timescale 0 0;
    .port_info 0 /INPUT 6 "A"
    .port_info 1 /OUTPUT 64 "O"
L_0x7febd2d21b40/d .functor NOT 1, L_0x7febd2d21c10, C4<0>, C4<0>, C4<0>;
L_0x7febd2d21b40 .delay 1 (1,1,1) L_0x7febd2d21b40/d;
L_0x7febd2d21d90/d .functor NOT 1, L_0x7febd2d21e40, C4<0>, C4<0>, C4<0>;
L_0x7febd2d21d90 .delay 1 (1,1,1) L_0x7febd2d21d90/d;
L_0x7febd2d21f80/d .functor NOT 1, L_0x7febd2d22030, C4<0>, C4<0>, C4<0>;
L_0x7febd2d21f80 .delay 1 (1,1,1) L_0x7febd2d21f80/d;
L_0x7febd2d221f0/d .functor NOT 1, L_0x7febd2d222a0, C4<0>, C4<0>, C4<0>;
L_0x7febd2d221f0 .delay 1 (1,1,1) L_0x7febd2d221f0/d;
L_0x7febd2d223e0/d .functor NOT 1, L_0x7febd2d224c0, C4<0>, C4<0>, C4<0>;
L_0x7febd2d223e0 .delay 1 (1,1,1) L_0x7febd2d223e0/d;
L_0x7febd2d22610/d .functor NOT 1, L_0x7febd2d226c0, C4<0>, C4<0>, C4<0>;
L_0x7febd2d22610 .delay 1 (1,1,1) L_0x7febd2d22610/d;
L_0x7febd2d22800/0/0 .functor AND 1, L_0x7febd2d21b40, L_0x7febd2d21d90, L_0x7febd2d21f80, L_0x7febd2d221f0;
L_0x7febd2d22800/0/4 .functor AND 1, L_0x7febd2d223e0, L_0x7febd2d22610, C4<1>, C4<1>;
L_0x7febd2d22800/d .functor AND 1, L_0x7febd2d22800/0/0, L_0x7febd2d22800/0/4, C4<1>, C4<1>;
L_0x7febd2d22800 .delay 1 (7,7,7) L_0x7febd2d22800/d;
L_0x7febd2d22a70/0/0 .functor AND 1, L_0x7febd2d22bb0, L_0x7febd2d21d90, L_0x7febd2d21f80, L_0x7febd2d221f0;
L_0x7febd2d22a70/0/4 .functor AND 1, L_0x7febd2d223e0, L_0x7febd2d22610, C4<1>, C4<1>;
L_0x7febd2d22a70/d .functor AND 1, L_0x7febd2d22a70/0/0, L_0x7febd2d22a70/0/4, C4<1>, C4<1>;
L_0x7febd2d22a70 .delay 1 (7,7,7) L_0x7febd2d22a70/d;
L_0x7febd2d22170/0/0 .functor AND 1, L_0x7febd2d21b40, L_0x7febd2d23040, L_0x7febd2d21f80, L_0x7febd2d221f0;
L_0x7febd2d22170/0/4 .functor AND 1, L_0x7febd2d223e0, L_0x7febd2d22610, C4<1>, C4<1>;
L_0x7febd2d22170/d .functor AND 1, L_0x7febd2d22170/0/0, L_0x7febd2d22170/0/4, C4<1>, C4<1>;
L_0x7febd2d22170 .delay 1 (7,7,7) L_0x7febd2d22170/d;
L_0x7febd2d230f0/0/0 .functor AND 1, L_0x7febd2d231e0, L_0x7febd2d23370, L_0x7febd2d21f80, L_0x7febd2d221f0;
L_0x7febd2d230f0/0/4 .functor AND 1, L_0x7febd2d223e0, L_0x7febd2d22610, C4<1>, C4<1>;
L_0x7febd2d230f0/d .functor AND 1, L_0x7febd2d230f0/0/0, L_0x7febd2d230f0/0/4, C4<1>, C4<1>;
L_0x7febd2d230f0 .delay 1 (7,7,7) L_0x7febd2d230f0/d;
L_0x7febd2d23410/0/0 .functor AND 1, L_0x7febd2d21b40, L_0x7febd2d21d90, L_0x7febd2d23620, L_0x7febd2d221f0;
L_0x7febd2d23410/0/4 .functor AND 1, L_0x7febd2d223e0, L_0x7febd2d22610, C4<1>, C4<1>;
L_0x7febd2d23410/d .functor AND 1, L_0x7febd2d23410/0/0, L_0x7febd2d23410/0/4, C4<1>, C4<1>;
L_0x7febd2d23410 .delay 1 (7,7,7) L_0x7febd2d23410/d;
L_0x7febd2d23760/0/0 .functor AND 1, L_0x7febd2d237d0, L_0x7febd2d21d90, L_0x7febd2d23910, L_0x7febd2d221f0;
L_0x7febd2d23760/0/4 .functor AND 1, L_0x7febd2d223e0, L_0x7febd2d22610, C4<1>, C4<1>;
L_0x7febd2d23760/d .functor AND 1, L_0x7febd2d23760/0/0, L_0x7febd2d23760/0/4, C4<1>, C4<1>;
L_0x7febd2d23760 .delay 1 (7,7,7) L_0x7febd2d23760/d;
L_0x7febd2d23a60/0/0 .functor AND 1, L_0x7febd2d21b40, L_0x7febd2d23e50, L_0x7febd2d23ef0, L_0x7febd2d221f0;
L_0x7febd2d23a60/0/4 .functor AND 1, L_0x7febd2d223e0, L_0x7febd2d22610, C4<1>, C4<1>;
L_0x7febd2d23a60/d .functor AND 1, L_0x7febd2d23a60/0/0, L_0x7febd2d23a60/0/4, C4<1>, C4<1>;
L_0x7febd2d23a60 .delay 1 (7,7,7) L_0x7febd2d23a60/d;
L_0x7febd2d239f0/0/0 .functor AND 1, L_0x7febd2d24190, L_0x7febd2d24290, L_0x7febd2d24330, L_0x7febd2d221f0;
L_0x7febd2d239f0/0/4 .functor AND 1, L_0x7febd2d223e0, L_0x7febd2d22610, C4<1>, C4<1>;
L_0x7febd2d239f0/d .functor AND 1, L_0x7febd2d239f0/0/0, L_0x7febd2d239f0/0/4, C4<1>, C4<1>;
L_0x7febd2d239f0 .delay 1 (7,7,7) L_0x7febd2d239f0/d;
L_0x7febd2d243d0/0/0 .functor AND 1, L_0x7febd2d21b40, L_0x7febd2d21d90, L_0x7febd2d21f80, L_0x7febd2d24600;
L_0x7febd2d243d0/0/4 .functor AND 1, L_0x7febd2d223e0, L_0x7febd2d22610, C4<1>, C4<1>;
L_0x7febd2d243d0/d .functor AND 1, L_0x7febd2d243d0/0/0, L_0x7febd2d243d0/0/4, C4<1>, C4<1>;
L_0x7febd2d243d0 .delay 1 (7,7,7) L_0x7febd2d243d0/d;
L_0x7febd2d22ef0/0/0 .functor AND 1, L_0x7febd2d24740, L_0x7febd2d21d90, L_0x7febd2d21f80, L_0x7febd2d24840;
L_0x7febd2d22ef0/0/4 .functor AND 1, L_0x7febd2d223e0, L_0x7febd2d22610, C4<1>, C4<1>;
L_0x7febd2d22ef0/d .functor AND 1, L_0x7febd2d22ef0/0/0, L_0x7febd2d22ef0/0/4, C4<1>, C4<1>;
L_0x7febd2d22ef0 .delay 1 (7,7,7) L_0x7febd2d22ef0/d;
L_0x7febd2d249d0/0/0 .functor AND 1, L_0x7febd2d21b40, L_0x7febd2d24b80, L_0x7febd2d21f80, L_0x7febd2d24c80;
L_0x7febd2d249d0/0/4 .functor AND 1, L_0x7febd2d223e0, L_0x7febd2d22610, C4<1>, C4<1>;
L_0x7febd2d249d0/d .functor AND 1, L_0x7febd2d249d0/0/0, L_0x7febd2d249d0/0/4, C4<1>, C4<1>;
L_0x7febd2d249d0 .delay 1 (7,7,7) L_0x7febd2d249d0/d;
L_0x7febd2d24de0/0/0 .functor AND 1, L_0x7febd2d24e50, L_0x7febd2d24f50, L_0x7febd2d21f80, L_0x7febd2d25100;
L_0x7febd2d24de0/0/4 .functor AND 1, L_0x7febd2d223e0, L_0x7febd2d22610, C4<1>, C4<1>;
L_0x7febd2d24de0/d .functor AND 1, L_0x7febd2d24de0/0/0, L_0x7febd2d24de0/0/4, C4<1>, C4<1>;
L_0x7febd2d24de0 .delay 1 (7,7,7) L_0x7febd2d24de0/d;
L_0x7febd2d24d20/0/0 .functor AND 1, L_0x7febd2d21b40, L_0x7febd2d21d90, L_0x7febd2d253e0, L_0x7febd2d255c0;
L_0x7febd2d24d20/0/4 .functor AND 1, L_0x7febd2d223e0, L_0x7febd2d22610, C4<1>, C4<1>;
L_0x7febd2d24d20/d .functor AND 1, L_0x7febd2d24d20/0/0, L_0x7febd2d24d20/0/4, C4<1>, C4<1>;
L_0x7febd2d24d20 .delay 1 (7,7,7) L_0x7febd2d24d20/d;
L_0x7febd2d25030/0/0 .functor AND 1, L_0x7febd2d25660, L_0x7febd2d21d90, L_0x7febd2d25890, L_0x7febd2d254e0;
L_0x7febd2d25030/0/4 .functor AND 1, L_0x7febd2d223e0, L_0x7febd2d22610, C4<1>, C4<1>;
L_0x7febd2d25030/d .functor AND 1, L_0x7febd2d25030/0/0, L_0x7febd2d25030/0/4, C4<1>, C4<1>;
L_0x7febd2d25030 .delay 1 (7,7,7) L_0x7febd2d25030/d;
L_0x7febd2d24090/0/0 .functor AND 1, L_0x7febd2d21b40, L_0x7febd2d246a0, L_0x7febd2d23c50, L_0x7febd2d23d30;
L_0x7febd2d24090/0/4 .functor AND 1, L_0x7febd2d223e0, L_0x7febd2d22610, C4<1>, C4<1>;
L_0x7febd2d24090/d .functor AND 1, L_0x7febd2d24090/0/0, L_0x7febd2d24090/0/4, C4<1>, C4<1>;
L_0x7febd2d24090 .delay 1 (7,7,7) L_0x7febd2d24090/d;
L_0x7febd2d23f90/0/0 .functor AND 1, L_0x7febd2d25e80, L_0x7febd2d25d70, L_0x7febd2d260e0, L_0x7febd2d25fc0;
L_0x7febd2d23f90/0/4 .functor AND 1, L_0x7febd2d223e0, L_0x7febd2d22610, C4<1>, C4<1>;
L_0x7febd2d23f90/d .functor AND 1, L_0x7febd2d23f90/0/0, L_0x7febd2d23f90/0/4, C4<1>, C4<1>;
L_0x7febd2d23f90 .delay 1 (7,7,7) L_0x7febd2d23f90/d;
L_0x7febd2d262f0/0/0 .functor AND 1, L_0x7febd2d21b40, L_0x7febd2d21d90, L_0x7febd2d21f80, L_0x7febd2d221f0;
L_0x7febd2d262f0/0/4 .functor AND 1, L_0x7febd2d264e0, L_0x7febd2d22610, C4<1>, C4<1>;
L_0x7febd2d262f0/d .functor AND 1, L_0x7febd2d262f0/0/0, L_0x7febd2d262f0/0/4, C4<1>, C4<1>;
L_0x7febd2d262f0 .delay 1 (7,7,7) L_0x7febd2d262f0/d;
L_0x7febd2d257e0/0/0 .functor AND 1, L_0x7febd2d26240, L_0x7febd2d21d90, L_0x7febd2d21f80, L_0x7febd2d221f0;
L_0x7febd2d257e0/0/4 .functor AND 1, L_0x7febd2d26700, L_0x7febd2d22610, C4<1>, C4<1>;
L_0x7febd2d257e0/d .functor AND 1, L_0x7febd2d257e0/0/0, L_0x7febd2d257e0/0/4, C4<1>, C4<1>;
L_0x7febd2d257e0 .delay 1 (7,7,7) L_0x7febd2d257e0/d;
L_0x7febd2d26580/0/0 .functor AND 1, L_0x7febd2d21b40, L_0x7febd2d26a50, L_0x7febd2d21f80, L_0x7febd2d221f0;
L_0x7febd2d26580/0/4 .functor AND 1, L_0x7febd2d263a0, L_0x7febd2d22610, C4<1>, C4<1>;
L_0x7febd2d26580/d .functor AND 1, L_0x7febd2d26580/0/0, L_0x7febd2d26580/0/4, C4<1>, C4<1>;
L_0x7febd2d26580 .delay 1 (7,7,7) L_0x7febd2d26580/d;
L_0x7febd2d26800/0/0 .functor AND 1, L_0x7febd2d26cd0, L_0x7febd2d26dd0, L_0x7febd2d21f80, L_0x7febd2d221f0;
L_0x7febd2d26800/0/4 .functor AND 1, L_0x7febd2d26b70, L_0x7febd2d22610, C4<1>, C4<1>;
L_0x7febd2d26800/d .functor AND 1, L_0x7febd2d26800/0/0, L_0x7febd2d26800/0/4, C4<1>, C4<1>;
L_0x7febd2d26800 .delay 1 (7,7,7) L_0x7febd2d26800/d;
L_0x7febd2d26c50/0/0 .functor AND 1, L_0x7febd2d21b40, L_0x7febd2d21d90, L_0x7febd2d270a0, L_0x7febd2d221f0;
L_0x7febd2d26c50/0/4 .functor AND 1, L_0x7febd2d26eb0, L_0x7febd2d22610, C4<1>, C4<1>;
L_0x7febd2d26c50/d .functor AND 1, L_0x7febd2d26c50/0/0, L_0x7febd2d26c50/0/4, C4<1>, C4<1>;
L_0x7febd2d26c50 .delay 1 (7,7,7) L_0x7febd2d26c50/d;
L_0x7febd2d26f90/0/0 .functor AND 1, L_0x7febd2d273e0, L_0x7febd2d21d90, L_0x7febd2d271e0, L_0x7febd2d221f0;
L_0x7febd2d26f90/0/4 .functor AND 1, L_0x7febd2d272c0, L_0x7febd2d22610, C4<1>, C4<1>;
L_0x7febd2d26f90/d .functor AND 1, L_0x7febd2d26f90/0/0, L_0x7febd2d26f90/0/4, C4<1>, C4<1>;
L_0x7febd2d26f90 .delay 1 (7,7,7) L_0x7febd2d26f90/d;
L_0x7febd2d27520/0/0 .functor AND 1, L_0x7febd2d21b40, L_0x7febd2d23b10, L_0x7febd2d27a90, L_0x7febd2d221f0;
L_0x7febd2d27520/0/4 .functor AND 1, L_0x7febd2d276f0, L_0x7febd2d22610, C4<1>, C4<1>;
L_0x7febd2d27520/d .functor AND 1, L_0x7febd2d27520/0/0, L_0x7febd2d27520/0/4, C4<1>, C4<1>;
L_0x7febd2d27520 .delay 1 (7,7,7) L_0x7febd2d27520/d;
L_0x7febd2d277d0/0/0 .functor AND 1, L_0x7febd2d27d20, L_0x7febd2d27b30, L_0x7febd2d27c10, L_0x7febd2d221f0;
L_0x7febd2d277d0/0/4 .functor AND 1, L_0x7febd2d27e60, L_0x7febd2d22610, C4<1>, C4<1>;
L_0x7febd2d277d0/d .functor AND 1, L_0x7febd2d277d0/0/0, L_0x7febd2d277d0/0/4, C4<1>, C4<1>;
L_0x7febd2d277d0 .delay 1 (7,7,7) L_0x7febd2d277d0/d;
L_0x7febd2d27f40/0/0 .functor AND 1, L_0x7febd2d21b40, L_0x7febd2d21d90, L_0x7febd2d21f80, L_0x7febd2d28270;
L_0x7febd2d27f40/0/4 .functor AND 1, L_0x7febd2d28060, L_0x7febd2d22610, C4<1>, C4<1>;
L_0x7febd2d27f40/d .functor AND 1, L_0x7febd2d27f40/0/0, L_0x7febd2d27f40/0/4, C4<1>, C4<1>;
L_0x7febd2d27f40 .delay 1 (7,7,7) L_0x7febd2d27f40/d;
L_0x7febd2d28140/0/0 .functor AND 1, L_0x7febd2d28590, L_0x7febd2d21d90, L_0x7febd2d21f80, L_0x7febd2d283b0;
L_0x7febd2d28140/0/4 .functor AND 1, L_0x7febd2d28490, L_0x7febd2d22610, C4<1>, C4<1>;
L_0x7febd2d28140/d .functor AND 1, L_0x7febd2d28140/0/0, L_0x7febd2d28140/0/4, C4<1>, C4<1>;
L_0x7febd2d28140 .delay 1 (7,7,7) L_0x7febd2d28140/d;
L_0x7febd2d288d0/0/0 .functor AND 1, L_0x7febd2d21b40, L_0x7febd2d28b80, L_0x7febd2d21f80, L_0x7febd2d26930;
L_0x7febd2d288d0/0/4 .functor AND 1, L_0x7febd2d286d0, L_0x7febd2d22610, C4<1>, C4<1>;
L_0x7febd2d288d0/d .functor AND 1, L_0x7febd2d288d0/0/0, L_0x7febd2d288d0/0/4, C4<1>, C4<1>;
L_0x7febd2d288d0 .delay 1 (7,7,7) L_0x7febd2d288d0/d;
L_0x7febd2d24b00/0/0 .functor AND 1, L_0x7febd2d28830, L_0x7febd2d28fe0, L_0x7febd2d21f80, L_0x7febd2d28dd0;
L_0x7febd2d24b00/0/4 .functor AND 1, L_0x7febd2d28eb0, L_0x7febd2d22610, C4<1>, C4<1>;
L_0x7febd2d24b00/d .functor AND 1, L_0x7febd2d24b00/0/0, L_0x7febd2d24b00/0/4, C4<1>, C4<1>;
L_0x7febd2d24b00 .delay 1 (7,7,7) L_0x7febd2d24b00/d;
L_0x7febd2d292d0/0/0 .functor AND 1, L_0x7febd2d21b40, L_0x7febd2d21d90, L_0x7febd2d25220, L_0x7febd2d28c80;
L_0x7febd2d292d0/0/4 .functor AND 1, L_0x7febd2d29080, L_0x7febd2d22610, C4<1>, C4<1>;
L_0x7febd2d292d0/d .functor AND 1, L_0x7febd2d292d0/0/0, L_0x7febd2d292d0/0/4, C4<1>, C4<1>;
L_0x7febd2d292d0 .delay 1 (7,7,7) L_0x7febd2d292d0/d;
L_0x7febd2d29120/0/0 .functor AND 1, L_0x7febd2d291d0, L_0x7febd2d21d90, L_0x7febd2d29b30, L_0x7febd2d298a0;
L_0x7febd2d29120/0/4 .functor AND 1, L_0x7febd2d29980, L_0x7febd2d22610, C4<1>, C4<1>;
L_0x7febd2d29120/d .functor AND 1, L_0x7febd2d29120/0/0, L_0x7febd2d29120/0/4, C4<1>, C4<1>;
L_0x7febd2d29120 .delay 1 (7,7,7) L_0x7febd2d29120/d;
L_0x7febd2d29a60/0/0 .functor AND 1, L_0x7febd2d21b40, L_0x7febd2d25bb0, L_0x7febd2d29780, L_0x7febd2d29c10;
L_0x7febd2d29a60/0/4 .functor AND 1, L_0x7febd2d29cb0, L_0x7febd2d22610, C4<1>, C4<1>;
L_0x7febd2d29a60/d .functor AND 1, L_0x7febd2d29a60/0/0, L_0x7febd2d29a60/0/4, C4<1>, C4<1>;
L_0x7febd2d29a60 .delay 1 (7,7,7) L_0x7febd2d29a60/d;
L_0x7febd2d29d50/0/0 .functor AND 1, L_0x7febd2d2a280, L_0x7febd2d2a380, L_0x7febd2d29ff0, L_0x7febd2d2a0d0;
L_0x7febd2d29d50/0/4 .functor AND 1, L_0x7febd2d2a1b0, L_0x7febd2d22610, C4<1>, C4<1>;
L_0x7febd2d29d50/d .functor AND 1, L_0x7febd2d29d50/0/0, L_0x7febd2d29d50/0/4, C4<1>, C4<1>;
L_0x7febd2d29d50 .delay 1 (7,7,7) L_0x7febd2d29d50/d;
L_0x7febd2d2a710/0/0 .functor AND 1, L_0x7febd2d21b40, L_0x7febd2d21d90, L_0x7febd2d21f80, L_0x7febd2d221f0;
L_0x7febd2d2a710/0/4 .functor AND 1, L_0x7febd2d223e0, L_0x7febd2d2a800, C4<1>, C4<1>;
L_0x7febd2d2a710/d .functor AND 1, L_0x7febd2d2a710/0/0, L_0x7febd2d2a710/0/4, C4<1>, C4<1>;
L_0x7febd2d2a710 .delay 1 (7,7,7) L_0x7febd2d2a710/d;
L_0x7febd2d29ec0/0/0 .functor AND 1, L_0x7febd2d2a420, L_0x7febd2d21d90, L_0x7febd2d21f80, L_0x7febd2d221f0;
L_0x7febd2d29ec0/0/4 .functor AND 1, L_0x7febd2d223e0, L_0x7febd2d2a500, C4<1>, C4<1>;
L_0x7febd2d29ec0/d .functor AND 1, L_0x7febd2d29ec0/0/0, L_0x7febd2d29ec0/0/4, C4<1>, C4<1>;
L_0x7febd2d29ec0 .delay 1 (7,7,7) L_0x7febd2d29ec0/d;
L_0x7febd2d2a5e0/0/0 .functor AND 1, L_0x7febd2d21b40, L_0x7febd2d2ad50, L_0x7febd2d21f80, L_0x7febd2d221f0;
L_0x7febd2d2a5e0/0/4 .functor AND 1, L_0x7febd2d223e0, L_0x7febd2d2a940, C4<1>, C4<1>;
L_0x7febd2d2a5e0/d .functor AND 1, L_0x7febd2d2a5e0/0/0, L_0x7febd2d2a5e0/0/4, C4<1>, C4<1>;
L_0x7febd2d2a5e0 .delay 1 (7,7,7) L_0x7febd2d2a5e0/d;
L_0x7febd2d2aa20/0/0 .functor AND 1, L_0x7febd2d2ab10, L_0x7febd2d2ac50, L_0x7febd2d21f80, L_0x7febd2d221f0;
L_0x7febd2d2aa20/0/4 .functor AND 1, L_0x7febd2d223e0, L_0x7febd2d2b2d0, C4<1>, C4<1>;
L_0x7febd2d2aa20/d .functor AND 1, L_0x7febd2d2aa20/0/0, L_0x7febd2d2aa20/0/4, C4<1>, C4<1>;
L_0x7febd2d2aa20 .delay 1 (7,7,7) L_0x7febd2d2aa20/d;
L_0x7febd2d2b3b0/0/0 .functor AND 1, L_0x7febd2d21b40, L_0x7febd2d21d90, L_0x7febd2d2b4a0, L_0x7febd2d221f0;
L_0x7febd2d2b3b0/0/4 .functor AND 1, L_0x7febd2d223e0, L_0x7febd2d2ae90, C4<1>, C4<1>;
L_0x7febd2d2b3b0/d .functor AND 1, L_0x7febd2d2b3b0/0/0, L_0x7febd2d2b3b0/0/4, C4<1>, C4<1>;
L_0x7febd2d2b3b0 .delay 1 (7,7,7) L_0x7febd2d2b3b0/d;
L_0x7febd2d2af70/0/0 .functor AND 1, L_0x7febd2d2b060, L_0x7febd2d21d90, L_0x7febd2d2b1a0, L_0x7febd2d221f0;
L_0x7febd2d2af70/0/4 .functor AND 1, L_0x7febd2d223e0, L_0x7febd2d2ba50, C4<1>, C4<1>;
L_0x7febd2d2af70/d .functor AND 1, L_0x7febd2d2af70/0/0, L_0x7febd2d2af70/0/4, C4<1>, C4<1>;
L_0x7febd2d2af70 .delay 1 (7,7,7) L_0x7febd2d2af70/d;
L_0x7febd2d2b740/0/0 .functor AND 1, L_0x7febd2d21b40, L_0x7febd2d2b970, L_0x7febd2d2b830, L_0x7febd2d221f0;
L_0x7febd2d2b740/0/4 .functor AND 1, L_0x7febd2d223e0, L_0x7febd2d2b5e0, C4<1>, C4<1>;
L_0x7febd2d2b740/d .functor AND 1, L_0x7febd2d2b740/0/0, L_0x7febd2d2b740/0/4, C4<1>, C4<1>;
L_0x7febd2d2b740 .delay 1 (7,7,7) L_0x7febd2d2b740/d;
L_0x7febd2d2b6c0/0/0 .functor AND 1, L_0x7febd2d2bb70, L_0x7febd2d2bcb0, L_0x7febd2d2c2c0, L_0x7febd2d221f0;
L_0x7febd2d2b6c0/0/4 .functor AND 1, L_0x7febd2d223e0, L_0x7febd2d2bf80, C4<1>, C4<1>;
L_0x7febd2d2b6c0/d .functor AND 1, L_0x7febd2d2b6c0/0/0, L_0x7febd2d2b6c0/0/4, C4<1>, C4<1>;
L_0x7febd2d2b6c0 .delay 1 (7,7,7) L_0x7febd2d2b6c0/d;
L_0x7febd2d2c020/0/0 .functor AND 1, L_0x7febd2d21b40, L_0x7febd2d21d90, L_0x7febd2d21f80, L_0x7febd2d2c110;
L_0x7febd2d2c020/0/4 .functor AND 1, L_0x7febd2d223e0, L_0x7febd2d2be10, C4<1>, C4<1>;
L_0x7febd2d2c020/d .functor AND 1, L_0x7febd2d2c020/0/0, L_0x7febd2d2c020/0/4, C4<1>, C4<1>;
L_0x7febd2d2c020 .delay 1 (7,7,7) L_0x7febd2d2c020/d;
L_0x7febd2d2beb0/0/0 .functor AND 1, L_0x7febd2d2c3a0, L_0x7febd2d21d90, L_0x7febd2d21f80, L_0x7febd2d2c4e0;
L_0x7febd2d2beb0/0/4 .functor AND 1, L_0x7febd2d223e0, L_0x7febd2d2c5c0, C4<1>, C4<1>;
L_0x7febd2d2beb0/d .functor AND 1, L_0x7febd2d2beb0/0/0, L_0x7febd2d2beb0/0/4, C4<1>, C4<1>;
L_0x7febd2d2beb0 .delay 1 (7,7,7) L_0x7febd2d2beb0/d;
L_0x7febd2d2cbb0/0/0 .functor AND 1, L_0x7febd2d21b40, L_0x7febd2d2cca0, L_0x7febd2d21f80, L_0x7febd2d2c6a0;
L_0x7febd2d2cbb0/0/4 .functor AND 1, L_0x7febd2d223e0, L_0x7febd2d2c780, C4<1>, C4<1>;
L_0x7febd2d2cbb0/d .functor AND 1, L_0x7febd2d2cbb0/0/0, L_0x7febd2d2cbb0/0/4, C4<1>, C4<1>;
L_0x7febd2d2cbb0 .delay 1 (7,7,7) L_0x7febd2d2cbb0/d;
L_0x7febd2d2c860/0/0 .functor AND 1, L_0x7febd2d2c950, L_0x7febd2d2ca90, L_0x7febd2d21f80, L_0x7febd2d2d310;
L_0x7febd2d2c860/0/4 .functor AND 1, L_0x7febd2d223e0, L_0x7febd2d2cf70, C4<1>, C4<1>;
L_0x7febd2d2c860/d .functor AND 1, L_0x7febd2d2c860/0/0, L_0x7febd2d2c860/0/4, C4<1>, C4<1>;
L_0x7febd2d2c860 .delay 1 (7,7,7) L_0x7febd2d2c860/d;
L_0x7febd2d2d050/0/0 .functor AND 1, L_0x7febd2d21b40, L_0x7febd2d21d90, L_0x7febd2d2d140, L_0x7febd2d2cde0;
L_0x7febd2d2d050/0/4 .functor AND 1, L_0x7febd2d223e0, L_0x7febd2d2ce80, C4<1>, C4<1>;
L_0x7febd2d2d050/d .functor AND 1, L_0x7febd2d2d050/0/0, L_0x7febd2d2d050/0/4, C4<1>, C4<1>;
L_0x7febd2d2d050 .delay 1 (7,7,7) L_0x7febd2d2d050/d;
L_0x7febd2d2d3b0/0/0 .functor AND 1, L_0x7febd2d2d460, L_0x7febd2d21d90, L_0x7febd2d2d5a0, L_0x7febd2d2d680;
L_0x7febd2d2d3b0/0/4 .functor AND 1, L_0x7febd2d223e0, L_0x7febd2d2dce0, C4<1>, C4<1>;
L_0x7febd2d2d3b0/d .functor AND 1, L_0x7febd2d2d3b0/0/0, L_0x7febd2d2d3b0/0/4, C4<1>, C4<1>;
L_0x7febd2d2d3b0 .delay 1 (7,7,7) L_0x7febd2d2d3b0/d;
L_0x7febd2d2d900/0/0 .functor AND 1, L_0x7febd2d21b40, L_0x7febd2d259b0, L_0x7febd2d2db60, L_0x7febd2d2dc00;
L_0x7febd2d2d900/0/4 .functor AND 1, L_0x7febd2d223e0, L_0x7febd2d2d760, C4<1>, C4<1>;
L_0x7febd2d2d900/d .functor AND 1, L_0x7febd2d2d900/0/0, L_0x7febd2d2d900/0/4, C4<1>, C4<1>;
L_0x7febd2d2d900 .delay 1 (7,7,7) L_0x7febd2d2d900/d;
L_0x7febd2d2d800/0/0 .functor AND 1, L_0x7febd2d2ddc0, L_0x7febd2d2df00, L_0x7febd2d2dfe0, L_0x7febd2d2e0c0;
L_0x7febd2d2d800/0/4 .functor AND 1, L_0x7febd2d223e0, L_0x7febd2d2e1b0, C4<1>, C4<1>;
L_0x7febd2d2d800/d .functor AND 1, L_0x7febd2d2d800/0/0, L_0x7febd2d2d800/0/4, C4<1>, C4<1>;
L_0x7febd2d2d800 .delay 1 (7,7,7) L_0x7febd2d2d800/d;
L_0x7febd2d2e290/0/0 .functor AND 1, L_0x7febd2d21b40, L_0x7febd2d21d90, L_0x7febd2d21f80, L_0x7febd2d221f0;
L_0x7febd2d2e290/0/4 .functor AND 1, L_0x7febd2d2e380, L_0x7febd2d2d9b0, C4<1>, C4<1>;
L_0x7febd2d2e290/d .functor AND 1, L_0x7febd2d2e290/0/0, L_0x7febd2d2e290/0/4, C4<1>, C4<1>;
L_0x7febd2d2e290 .delay 1 (7,7,7) L_0x7febd2d2e290/d;
L_0x7febd2d2da90/0/0 .functor AND 1, L_0x7febd2d2e6c0, L_0x7febd2d21d90, L_0x7febd2d21f80, L_0x7febd2d221f0;
L_0x7febd2d2da90/0/4 .functor AND 1, L_0x7febd2d2e800, L_0x7febd2d2e8e0, C4<1>, C4<1>;
L_0x7febd2d2da90/d .functor AND 1, L_0x7febd2d2da90/0/0, L_0x7febd2d2da90/0/4, C4<1>, C4<1>;
L_0x7febd2d2da90 .delay 1 (7,7,7) L_0x7febd2d2da90/d;
L_0x7febd2d2e9c0/0/0 .functor AND 1, L_0x7febd2d21b40, L_0x7febd2d2eab0, L_0x7febd2d21f80, L_0x7febd2d221f0;
L_0x7febd2d2e9c0/0/4 .functor AND 1, L_0x7febd2d2e4c0, L_0x7febd2d2e5a0, C4<1>, C4<1>;
L_0x7febd2d2e9c0/d .functor AND 1, L_0x7febd2d2e9c0/0/0, L_0x7febd2d2e9c0/0/4, C4<1>, C4<1>;
L_0x7febd2d2e9c0 .delay 1 (7,7,7) L_0x7febd2d2e9c0/d;
L_0x7febd2d2edc0/0/0 .functor AND 1, L_0x7febd2d2eeb0, L_0x7febd2d2eff0, L_0x7febd2d21f80, L_0x7febd2d221f0;
L_0x7febd2d2edc0/0/4 .functor AND 1, L_0x7febd2d2f0d0, L_0x7febd2d2f1b0, C4<1>, C4<1>;
L_0x7febd2d2edc0/d .functor AND 1, L_0x7febd2d2edc0/0/0, L_0x7febd2d2edc0/0/4, C4<1>, C4<1>;
L_0x7febd2d2edc0 .delay 1 (7,7,7) L_0x7febd2d2edc0/d;
L_0x7febd2d2f290/0/0 .functor AND 1, L_0x7febd2d21b40, L_0x7febd2d21d90, L_0x7febd2d2f380, L_0x7febd2d221f0;
L_0x7febd2d2f290/0/4 .functor AND 1, L_0x7febd2d2ebf0, L_0x7febd2d2ecd0, C4<1>, C4<1>;
L_0x7febd2d2f290/d .functor AND 1, L_0x7febd2d2f290/0/0, L_0x7febd2d2f290/0/4, C4<1>, C4<1>;
L_0x7febd2d2f290 .delay 1 (7,7,7) L_0x7febd2d2f290/d;
L_0x7febd2d2f6a0/0/0 .functor AND 1, L_0x7febd2d2f790, L_0x7febd2d21d90, L_0x7febd2d2f8d0, L_0x7febd2d221f0;
L_0x7febd2d2f6a0/0/4 .functor AND 1, L_0x7febd2d2f9b0, L_0x7febd2d2fa90, C4<1>, C4<1>;
L_0x7febd2d2f6a0/d .functor AND 1, L_0x7febd2d2f6a0/0/0, L_0x7febd2d2f6a0/0/4, C4<1>, C4<1>;
L_0x7febd2d2f6a0 .delay 1 (7,7,7) L_0x7febd2d2f6a0/d;
L_0x7febd2d2fb70/0/0 .functor AND 1, L_0x7febd2d21b40, L_0x7febd2d278c0, L_0x7febd2d2f4c0, L_0x7febd2d221f0;
L_0x7febd2d2fb70/0/4 .functor AND 1, L_0x7febd2d2f560, L_0x7febd2d2f600, C4<1>, C4<1>;
L_0x7febd2d2fb70/d .functor AND 1, L_0x7febd2d2fb70/0/0, L_0x7febd2d2fb70/0/4, C4<1>, C4<1>;
L_0x7febd2d2fb70 .delay 1 (7,7,7) L_0x7febd2d2fb70/d;
L_0x7febd2d2fe50/0/0 .functor AND 1, L_0x7febd2d2ff40, L_0x7febd2d30080, L_0x7febd2d30160, L_0x7febd2d221f0;
L_0x7febd2d2fe50/0/4 .functor AND 1, L_0x7febd2d30240, L_0x7febd2d30320, C4<1>, C4<1>;
L_0x7febd2d2fe50/d .functor AND 1, L_0x7febd2d2fe50/0/0, L_0x7febd2d2fe50/0/4, C4<1>, C4<1>;
L_0x7febd2d2fe50 .delay 1 (7,7,7) L_0x7febd2d2fe50/d;
L_0x7febd2d30400/0/0 .functor AND 1, L_0x7febd2d21b40, L_0x7febd2d21d90, L_0x7febd2d21f80, L_0x7febd2d304f0;
L_0x7febd2d30400/0/4 .functor AND 1, L_0x7febd2d2fc20, L_0x7febd2d2fd00, C4<1>, C4<1>;
L_0x7febd2d30400/d .functor AND 1, L_0x7febd2d30400/0/0, L_0x7febd2d30400/0/4, C4<1>, C4<1>;
L_0x7febd2d30400 .delay 1 (7,7,7) L_0x7febd2d30400/d;
L_0x7febd2d30830/0/0 .functor AND 1, L_0x7febd2d30920, L_0x7febd2d21d90, L_0x7febd2d21f80, L_0x7febd2d30a60;
L_0x7febd2d30830/0/4 .functor AND 1, L_0x7febd2d30b40, L_0x7febd2d30c20, C4<1>, C4<1>;
L_0x7febd2d30830/d .functor AND 1, L_0x7febd2d30830/0/0, L_0x7febd2d30830/0/4, C4<1>, C4<1>;
L_0x7febd2d30830 .delay 1 (7,7,7) L_0x7febd2d30830/d;
L_0x7febd2d30d00/0/0 .functor AND 1, L_0x7febd2d21b40, L_0x7febd2d289c0, L_0x7febd2d21f80, L_0x7febd2d30630;
L_0x7febd2d30d00/0/4 .functor AND 1, L_0x7febd2d306d0, L_0x7febd2d30770, C4<1>, C4<1>;
L_0x7febd2d30d00/d .functor AND 1, L_0x7febd2d30d00/0/0, L_0x7febd2d30d00/0/4, C4<1>, C4<1>;
L_0x7febd2d30d00 .delay 1 (7,7,7) L_0x7febd2d30d00/d;
L_0x7febd2d31000/0/0 .functor AND 1, L_0x7febd2d310f0, L_0x7febd2d31230, L_0x7febd2d21f80, L_0x7febd2d31310;
L_0x7febd2d31000/0/4 .functor AND 1, L_0x7febd2d313f0, L_0x7febd2d314d0, C4<1>, C4<1>;
L_0x7febd2d31000/d .functor AND 1, L_0x7febd2d31000/0/0, L_0x7febd2d31000/0/4, C4<1>, C4<1>;
L_0x7febd2d31000 .delay 1 (7,7,7) L_0x7febd2d31000/d;
L_0x7febd2d315b0/0/0 .functor AND 1, L_0x7febd2d21b40, L_0x7febd2d21d90, L_0x7febd2d293c0, L_0x7febd2d30db0;
L_0x7febd2d315b0/0/4 .functor AND 1, L_0x7febd2d30e50, L_0x7febd2d31660, C4<1>, C4<1>;
L_0x7febd2d315b0/d .functor AND 1, L_0x7febd2d315b0/0/0, L_0x7febd2d315b0/0/4, C4<1>, C4<1>;
L_0x7febd2d315b0 .delay 1 (7,7,7) L_0x7febd2d315b0/d;
L_0x7febd2d31700/0/0 .functor AND 1, L_0x7febd2d317b0, L_0x7febd2d21d90, L_0x7febd2d318f0, L_0x7febd2d319d0;
L_0x7febd2d31700/0/4 .functor AND 1, L_0x7febd2d31ab0, L_0x7febd2d31b90, C4<1>, C4<1>;
L_0x7febd2d31700/d .functor AND 1, L_0x7febd2d31700/0/0, L_0x7febd2d31700/0/4, C4<1>, C4<1>;
L_0x7febd2d31700 .delay 1 (7,7,7) L_0x7febd2d31700/d;
L_0x7febd2d31c70/0/0 .functor AND 1, L_0x7febd2d21b40, L_0x7febd2d31d60, L_0x7febd2d29500, L_0x7febd2d295e0;
L_0x7febd2d31c70/0/4 .functor AND 1, L_0x7febd2d320d0, L_0x7febd2d32170, C4<1>, C4<1>;
L_0x7febd2d31c70/d .functor AND 1, L_0x7febd2d31c70/0/0, L_0x7febd2d31c70/0/4, C4<1>, C4<1>;
L_0x7febd2d31c70 .delay 1 (7,7,7) L_0x7febd2d31c70/d;
L_0x7febd2d334c0/0/0 .functor AND 1, L_0x7febd2d335f0, L_0x7febd2d33730, L_0x7febd2d33810, L_0x7febd2d338f0;
L_0x7febd2d334c0/0/4 .functor AND 1, L_0x7febd2d339d0, L_0x7febd2d33ab0, C4<1>, C4<1>;
L_0x7febd2d334c0/d .functor AND 1, L_0x7febd2d334c0/0/0, L_0x7febd2d334c0/0/4, C4<1>, C4<1>;
L_0x7febd2d334c0 .delay 1 (7,7,7) L_0x7febd2d334c0/d;
v0x7febd2d00260_0 .net "A", 5 0, v0x7febd2d21a20_0;  1 drivers
v0x7febd2d16110_0 .net "O", 63 0, L_0x7febd2d32250;  alias, 1 drivers
v0x7febd2d161b0_0 .net *"_s1", 0 0, L_0x7febd2d21c10;  1 drivers
v0x7febd2d16260_0 .net *"_s101", 0 0, L_0x7febd2d25e80;  1 drivers
v0x7febd2d16310_0 .net *"_s103", 0 0, L_0x7febd2d25d70;  1 drivers
v0x7febd2d16400_0 .net *"_s105", 0 0, L_0x7febd2d260e0;  1 drivers
v0x7febd2d164b0_0 .net *"_s107", 0 0, L_0x7febd2d25fc0;  1 drivers
v0x7febd2d16560_0 .net *"_s108", 0 0, L_0x7febd2d262f0;  1 drivers
v0x7febd2d16610_0 .net *"_s11", 0 0, L_0x7febd2d226c0;  1 drivers
v0x7febd2d16720_0 .net *"_s111", 0 0, L_0x7febd2d264e0;  1 drivers
v0x7febd2d167d0_0 .net *"_s112", 0 0, L_0x7febd2d257e0;  1 drivers
v0x7febd2d16880_0 .net *"_s115", 0 0, L_0x7febd2d26240;  1 drivers
v0x7febd2d16930_0 .net *"_s117", 0 0, L_0x7febd2d26700;  1 drivers
v0x7febd2d169e0_0 .net *"_s118", 0 0, L_0x7febd2d26580;  1 drivers
v0x7febd2d16a90_0 .net *"_s12", 0 0, L_0x7febd2d22800;  1 drivers
v0x7febd2d16b40_0 .net *"_s121", 0 0, L_0x7febd2d26a50;  1 drivers
v0x7febd2d16bf0_0 .net *"_s123", 0 0, L_0x7febd2d263a0;  1 drivers
v0x7febd2d16d80_0 .net *"_s124", 0 0, L_0x7febd2d26800;  1 drivers
v0x7febd2d16e10_0 .net *"_s127", 0 0, L_0x7febd2d26cd0;  1 drivers
v0x7febd2d16ec0_0 .net *"_s129", 0 0, L_0x7febd2d26dd0;  1 drivers
v0x7febd2d16f70_0 .net *"_s131", 0 0, L_0x7febd2d26b70;  1 drivers
v0x7febd2d17020_0 .net *"_s132", 0 0, L_0x7febd2d26c50;  1 drivers
v0x7febd2d170d0_0 .net *"_s135", 0 0, L_0x7febd2d270a0;  1 drivers
v0x7febd2d17180_0 .net *"_s137", 0 0, L_0x7febd2d26eb0;  1 drivers
v0x7febd2d17230_0 .net *"_s138", 0 0, L_0x7febd2d26f90;  1 drivers
v0x7febd2d172e0_0 .net *"_s14", 0 0, L_0x7febd2d22a70;  1 drivers
v0x7febd2d17390_0 .net *"_s141", 0 0, L_0x7febd2d273e0;  1 drivers
v0x7febd2d17440_0 .net *"_s143", 0 0, L_0x7febd2d271e0;  1 drivers
v0x7febd2d174f0_0 .net *"_s145", 0 0, L_0x7febd2d272c0;  1 drivers
v0x7febd2d175a0_0 .net *"_s146", 0 0, L_0x7febd2d27520;  1 drivers
v0x7febd2d17650_0 .net *"_s149", 0 0, L_0x7febd2d23b10;  1 drivers
v0x7febd2d17700_0 .net *"_s151", 0 0, L_0x7febd2d27a90;  1 drivers
v0x7febd2d177b0_0 .net *"_s153", 0 0, L_0x7febd2d276f0;  1 drivers
v0x7febd2d16ca0_0 .net *"_s154", 0 0, L_0x7febd2d277d0;  1 drivers
v0x7febd2d17a40_0 .net *"_s157", 0 0, L_0x7febd2d27d20;  1 drivers
v0x7febd2d17ad0_0 .net *"_s159", 0 0, L_0x7febd2d27b30;  1 drivers
v0x7febd2d17b70_0 .net *"_s161", 0 0, L_0x7febd2d27c10;  1 drivers
v0x7febd2d17c20_0 .net *"_s163", 0 0, L_0x7febd2d27e60;  1 drivers
v0x7febd2d17cd0_0 .net *"_s164", 0 0, L_0x7febd2d27f40;  1 drivers
v0x7febd2d17d80_0 .net *"_s167", 0 0, L_0x7febd2d28270;  1 drivers
v0x7febd2d17e30_0 .net *"_s169", 0 0, L_0x7febd2d28060;  1 drivers
v0x7febd2d17ee0_0 .net *"_s17", 0 0, L_0x7febd2d22bb0;  1 drivers
v0x7febd2d17f90_0 .net *"_s170", 0 0, L_0x7febd2d28140;  1 drivers
v0x7febd2d18040_0 .net *"_s173", 0 0, L_0x7febd2d28590;  1 drivers
v0x7febd2d180f0_0 .net *"_s175", 0 0, L_0x7febd2d283b0;  1 drivers
v0x7febd2d181a0_0 .net *"_s177", 0 0, L_0x7febd2d28490;  1 drivers
v0x7febd2d18250_0 .net *"_s178", 0 0, L_0x7febd2d288d0;  1 drivers
v0x7febd2d18300_0 .net *"_s18", 0 0, L_0x7febd2d22170;  1 drivers
v0x7febd2d183b0_0 .net *"_s181", 0 0, L_0x7febd2d28b80;  1 drivers
v0x7febd2d18460_0 .net *"_s183", 0 0, L_0x7febd2d26930;  1 drivers
v0x7febd2d18510_0 .net *"_s185", 0 0, L_0x7febd2d286d0;  1 drivers
v0x7febd2d185c0_0 .net *"_s186", 0 0, L_0x7febd2d24b00;  1 drivers
v0x7febd2d18670_0 .net *"_s189", 0 0, L_0x7febd2d28830;  1 drivers
v0x7febd2d18720_0 .net *"_s191", 0 0, L_0x7febd2d28fe0;  1 drivers
v0x7febd2d187d0_0 .net *"_s193", 0 0, L_0x7febd2d28dd0;  1 drivers
v0x7febd2d18880_0 .net *"_s195", 0 0, L_0x7febd2d28eb0;  1 drivers
v0x7febd2d18930_0 .net *"_s196", 0 0, L_0x7febd2d292d0;  1 drivers
v0x7febd2d189e0_0 .net *"_s199", 0 0, L_0x7febd2d25220;  1 drivers
v0x7febd2d18a90_0 .net *"_s201", 0 0, L_0x7febd2d28c80;  1 drivers
v0x7febd2d18b40_0 .net *"_s203", 0 0, L_0x7febd2d29080;  1 drivers
v0x7febd2d18bf0_0 .net *"_s204", 0 0, L_0x7febd2d29120;  1 drivers
v0x7febd2d18ca0_0 .net *"_s207", 0 0, L_0x7febd2d291d0;  1 drivers
v0x7febd2d18d50_0 .net *"_s209", 0 0, L_0x7febd2d29b30;  1 drivers
v0x7febd2d18e00_0 .net *"_s21", 0 0, L_0x7febd2d23040;  1 drivers
v0x7febd2d18eb0_0 .net *"_s211", 0 0, L_0x7febd2d298a0;  1 drivers
v0x7febd2d17860_0 .net *"_s213", 0 0, L_0x7febd2d29980;  1 drivers
v0x7febd2d17910_0 .net *"_s214", 0 0, L_0x7febd2d29a60;  1 drivers
v0x7febd2d18f40_0 .net *"_s217", 0 0, L_0x7febd2d25bb0;  1 drivers
v0x7febd2d18fd0_0 .net *"_s219", 0 0, L_0x7febd2d29780;  1 drivers
v0x7febd2d19060_0 .net *"_s22", 0 0, L_0x7febd2d230f0;  1 drivers
v0x7febd2d190f0_0 .net *"_s221", 0 0, L_0x7febd2d29c10;  1 drivers
v0x7febd2d19180_0 .net *"_s223", 0 0, L_0x7febd2d29cb0;  1 drivers
v0x7febd2d19230_0 .net *"_s224", 0 0, L_0x7febd2d29d50;  1 drivers
v0x7febd2d192e0_0 .net *"_s227", 0 0, L_0x7febd2d2a280;  1 drivers
v0x7febd2d19390_0 .net *"_s229", 0 0, L_0x7febd2d2a380;  1 drivers
v0x7febd2d19440_0 .net *"_s231", 0 0, L_0x7febd2d29ff0;  1 drivers
v0x7febd2d194f0_0 .net *"_s233", 0 0, L_0x7febd2d2a0d0;  1 drivers
v0x7febd2d195a0_0 .net *"_s235", 0 0, L_0x7febd2d2a1b0;  1 drivers
v0x7febd2d19650_0 .net *"_s236", 0 0, L_0x7febd2d2a710;  1 drivers
v0x7febd2d19700_0 .net *"_s239", 0 0, L_0x7febd2d2a800;  1 drivers
v0x7febd2d197b0_0 .net *"_s240", 0 0, L_0x7febd2d29ec0;  1 drivers
v0x7febd2d19860_0 .net *"_s243", 0 0, L_0x7febd2d2a420;  1 drivers
v0x7febd2d19910_0 .net *"_s245", 0 0, L_0x7febd2d2a500;  1 drivers
v0x7febd2d199c0_0 .net *"_s246", 0 0, L_0x7febd2d2a5e0;  1 drivers
v0x7febd2d19a70_0 .net *"_s249", 0 0, L_0x7febd2d2ad50;  1 drivers
v0x7febd2d19b20_0 .net *"_s25", 0 0, L_0x7febd2d231e0;  1 drivers
v0x7febd2d19bd0_0 .net *"_s251", 0 0, L_0x7febd2d2a940;  1 drivers
v0x7febd2d19c80_0 .net *"_s252", 0 0, L_0x7febd2d2aa20;  1 drivers
v0x7febd2d19d30_0 .net *"_s255", 0 0, L_0x7febd2d2ab10;  1 drivers
v0x7febd2d19de0_0 .net *"_s257", 0 0, L_0x7febd2d2ac50;  1 drivers
v0x7febd2d19e90_0 .net *"_s259", 0 0, L_0x7febd2d2b2d0;  1 drivers
v0x7febd2d19f40_0 .net *"_s260", 0 0, L_0x7febd2d2b3b0;  1 drivers
v0x7febd2d19ff0_0 .net *"_s263", 0 0, L_0x7febd2d2b4a0;  1 drivers
v0x7febd2d1a0a0_0 .net *"_s265", 0 0, L_0x7febd2d2ae90;  1 drivers
v0x7febd2d1a150_0 .net *"_s266", 0 0, L_0x7febd2d2af70;  1 drivers
v0x7febd2d1a200_0 .net *"_s269", 0 0, L_0x7febd2d2b060;  1 drivers
v0x7febd2d1a2b0_0 .net *"_s27", 0 0, L_0x7febd2d23370;  1 drivers
v0x7febd2d1a360_0 .net *"_s271", 0 0, L_0x7febd2d2b1a0;  1 drivers
v0x7febd2d1a410_0 .net *"_s273", 0 0, L_0x7febd2d2ba50;  1 drivers
v0x7febd2d1a4c0_0 .net *"_s274", 0 0, L_0x7febd2d2b740;  1 drivers
v0x7febd2d1a570_0 .net *"_s277", 0 0, L_0x7febd2d2b970;  1 drivers
v0x7febd2d1a620_0 .net *"_s279", 0 0, L_0x7febd2d2b830;  1 drivers
v0x7febd2d1a6d0_0 .net *"_s28", 0 0, L_0x7febd2d23410;  1 drivers
v0x7febd2d1a780_0 .net *"_s281", 0 0, L_0x7febd2d2b5e0;  1 drivers
v0x7febd2d1a830_0 .net *"_s282", 0 0, L_0x7febd2d2b6c0;  1 drivers
v0x7febd2d1a8e0_0 .net *"_s285", 0 0, L_0x7febd2d2bb70;  1 drivers
v0x7febd2d1a990_0 .net *"_s287", 0 0, L_0x7febd2d2bcb0;  1 drivers
v0x7febd2d1aa40_0 .net *"_s289", 0 0, L_0x7febd2d2c2c0;  1 drivers
v0x7febd2d1aaf0_0 .net *"_s291", 0 0, L_0x7febd2d2bf80;  1 drivers
v0x7febd2d1aba0_0 .net *"_s292", 0 0, L_0x7febd2d2c020;  1 drivers
v0x7febd2d1ac50_0 .net *"_s295", 0 0, L_0x7febd2d2c110;  1 drivers
v0x7febd2d1ad00_0 .net *"_s297", 0 0, L_0x7febd2d2be10;  1 drivers
v0x7febd2d1adb0_0 .net *"_s298", 0 0, L_0x7febd2d2beb0;  1 drivers
v0x7febd2d1ae60_0 .net *"_s3", 0 0, L_0x7febd2d21e40;  1 drivers
v0x7febd2d1af10_0 .net *"_s301", 0 0, L_0x7febd2d2c3a0;  1 drivers
v0x7febd2d1afc0_0 .net *"_s303", 0 0, L_0x7febd2d2c4e0;  1 drivers
v0x7febd2d1b070_0 .net *"_s305", 0 0, L_0x7febd2d2c5c0;  1 drivers
v0x7febd2d1b120_0 .net *"_s306", 0 0, L_0x7febd2d2cbb0;  1 drivers
v0x7febd2d1b1d0_0 .net *"_s309", 0 0, L_0x7febd2d2cca0;  1 drivers
v0x7febd2d1b280_0 .net *"_s31", 0 0, L_0x7febd2d23620;  1 drivers
v0x7febd2d1b330_0 .net *"_s311", 0 0, L_0x7febd2d2c6a0;  1 drivers
v0x7febd2d1b3e0_0 .net *"_s313", 0 0, L_0x7febd2d2c780;  1 drivers
v0x7febd2d1b490_0 .net *"_s314", 0 0, L_0x7febd2d2c860;  1 drivers
v0x7febd2d1b540_0 .net *"_s317", 0 0, L_0x7febd2d2c950;  1 drivers
v0x7febd2d1b5f0_0 .net *"_s319", 0 0, L_0x7febd2d2ca90;  1 drivers
v0x7febd2d1b6a0_0 .net *"_s32", 0 0, L_0x7febd2d23760;  1 drivers
v0x7febd2d1b750_0 .net *"_s321", 0 0, L_0x7febd2d2d310;  1 drivers
v0x7febd2d1b800_0 .net *"_s323", 0 0, L_0x7febd2d2cf70;  1 drivers
v0x7febd2d1b8b0_0 .net *"_s324", 0 0, L_0x7febd2d2d050;  1 drivers
v0x7febd2d1b960_0 .net *"_s327", 0 0, L_0x7febd2d2d140;  1 drivers
v0x7febd2d1ba10_0 .net *"_s329", 0 0, L_0x7febd2d2cde0;  1 drivers
v0x7febd2d1bac0_0 .net *"_s331", 0 0, L_0x7febd2d2ce80;  1 drivers
v0x7febd2d1bb70_0 .net *"_s332", 0 0, L_0x7febd2d2d3b0;  1 drivers
v0x7febd2d1bc20_0 .net *"_s335", 0 0, L_0x7febd2d2d460;  1 drivers
v0x7febd2d1bcd0_0 .net *"_s337", 0 0, L_0x7febd2d2d5a0;  1 drivers
v0x7febd2d1bd80_0 .net *"_s339", 0 0, L_0x7febd2d2d680;  1 drivers
v0x7febd2d1be30_0 .net *"_s341", 0 0, L_0x7febd2d2dce0;  1 drivers
v0x7febd2d1bee0_0 .net *"_s342", 0 0, L_0x7febd2d2d900;  1 drivers
v0x7febd2d1bf90_0 .net *"_s345", 0 0, L_0x7febd2d259b0;  1 drivers
v0x7febd2d1c040_0 .net *"_s347", 0 0, L_0x7febd2d2db60;  1 drivers
v0x7febd2d1c0f0_0 .net *"_s349", 0 0, L_0x7febd2d2dc00;  1 drivers
v0x7febd2d1c1a0_0 .net *"_s35", 0 0, L_0x7febd2d237d0;  1 drivers
v0x7febd2d1c250_0 .net *"_s351", 0 0, L_0x7febd2d2d760;  1 drivers
v0x7febd2d1c300_0 .net *"_s352", 0 0, L_0x7febd2d2d800;  1 drivers
v0x7febd2d1c3b0_0 .net *"_s355", 0 0, L_0x7febd2d2ddc0;  1 drivers
v0x7febd2d1c460_0 .net *"_s357", 0 0, L_0x7febd2d2df00;  1 drivers
v0x7febd2d1c510_0 .net *"_s359", 0 0, L_0x7febd2d2dfe0;  1 drivers
v0x7febd2d1c5c0_0 .net *"_s361", 0 0, L_0x7febd2d2e0c0;  1 drivers
v0x7febd2d1c670_0 .net *"_s363", 0 0, L_0x7febd2d2e1b0;  1 drivers
v0x7febd2d1c720_0 .net *"_s364", 0 0, L_0x7febd2d2e290;  1 drivers
v0x7febd2d1c7d0_0 .net *"_s367", 0 0, L_0x7febd2d2e380;  1 drivers
v0x7febd2d1c880_0 .net *"_s369", 0 0, L_0x7febd2d2d9b0;  1 drivers
v0x7febd2d1c930_0 .net *"_s37", 0 0, L_0x7febd2d23910;  1 drivers
v0x7febd2d1c9e0_0 .net *"_s370", 0 0, L_0x7febd2d2da90;  1 drivers
v0x7febd2d1ca90_0 .net *"_s373", 0 0, L_0x7febd2d2e6c0;  1 drivers
v0x7febd2d1cb40_0 .net *"_s375", 0 0, L_0x7febd2d2e800;  1 drivers
v0x7febd2d1cbf0_0 .net *"_s377", 0 0, L_0x7febd2d2e8e0;  1 drivers
v0x7febd2d1cca0_0 .net *"_s378", 0 0, L_0x7febd2d2e9c0;  1 drivers
v0x7febd2d1cd50_0 .net *"_s38", 0 0, L_0x7febd2d23a60;  1 drivers
v0x7febd2d1ce00_0 .net *"_s381", 0 0, L_0x7febd2d2eab0;  1 drivers
v0x7febd2d1ceb0_0 .net *"_s383", 0 0, L_0x7febd2d2e4c0;  1 drivers
v0x7febd2d1cf60_0 .net *"_s385", 0 0, L_0x7febd2d2e5a0;  1 drivers
v0x7febd2d1d010_0 .net *"_s386", 0 0, L_0x7febd2d2edc0;  1 drivers
v0x7febd2d1d0c0_0 .net *"_s389", 0 0, L_0x7febd2d2eeb0;  1 drivers
v0x7febd2d1d170_0 .net *"_s391", 0 0, L_0x7febd2d2eff0;  1 drivers
v0x7febd2d1d220_0 .net *"_s393", 0 0, L_0x7febd2d2f0d0;  1 drivers
v0x7febd2d1d2d0_0 .net *"_s395", 0 0, L_0x7febd2d2f1b0;  1 drivers
v0x7febd2d1d380_0 .net *"_s396", 0 0, L_0x7febd2d2f290;  1 drivers
v0x7febd2d1d430_0 .net *"_s399", 0 0, L_0x7febd2d2f380;  1 drivers
v0x7febd2d1d4e0_0 .net *"_s401", 0 0, L_0x7febd2d2ebf0;  1 drivers
v0x7febd2d1d590_0 .net *"_s403", 0 0, L_0x7febd2d2ecd0;  1 drivers
v0x7febd2d1d640_0 .net *"_s404", 0 0, L_0x7febd2d2f6a0;  1 drivers
v0x7febd2d1d6f0_0 .net *"_s407", 0 0, L_0x7febd2d2f790;  1 drivers
v0x7febd2d1d7a0_0 .net *"_s409", 0 0, L_0x7febd2d2f8d0;  1 drivers
v0x7febd2d1d850_0 .net *"_s41", 0 0, L_0x7febd2d23e50;  1 drivers
v0x7febd2d1d900_0 .net *"_s411", 0 0, L_0x7febd2d2f9b0;  1 drivers
v0x7febd2d1d9b0_0 .net *"_s413", 0 0, L_0x7febd2d2fa90;  1 drivers
v0x7febd2d1da60_0 .net *"_s414", 0 0, L_0x7febd2d2fb70;  1 drivers
v0x7febd2d1db10_0 .net *"_s417", 0 0, L_0x7febd2d278c0;  1 drivers
v0x7febd2d1dbc0_0 .net *"_s419", 0 0, L_0x7febd2d2f4c0;  1 drivers
v0x7febd2d1dc70_0 .net *"_s421", 0 0, L_0x7febd2d2f560;  1 drivers
v0x7febd2d1dd20_0 .net *"_s423", 0 0, L_0x7febd2d2f600;  1 drivers
v0x7febd2d1ddd0_0 .net *"_s424", 0 0, L_0x7febd2d2fe50;  1 drivers
v0x7febd2d1de80_0 .net *"_s427", 0 0, L_0x7febd2d2ff40;  1 drivers
v0x7febd2d1df30_0 .net *"_s429", 0 0, L_0x7febd2d30080;  1 drivers
v0x7febd2d1dfe0_0 .net *"_s43", 0 0, L_0x7febd2d23ef0;  1 drivers
v0x7febd2d1e090_0 .net *"_s431", 0 0, L_0x7febd2d30160;  1 drivers
v0x7febd2d1e140_0 .net *"_s433", 0 0, L_0x7febd2d30240;  1 drivers
v0x7febd2d1e1f0_0 .net *"_s435", 0 0, L_0x7febd2d30320;  1 drivers
v0x7febd2d1e2a0_0 .net *"_s436", 0 0, L_0x7febd2d30400;  1 drivers
v0x7febd2d1e350_0 .net *"_s439", 0 0, L_0x7febd2d304f0;  1 drivers
v0x7febd2d1e400_0 .net *"_s44", 0 0, L_0x7febd2d239f0;  1 drivers
v0x7febd2d1e4b0_0 .net *"_s441", 0 0, L_0x7febd2d2fc20;  1 drivers
v0x7febd2d1e560_0 .net *"_s443", 0 0, L_0x7febd2d2fd00;  1 drivers
v0x7febd2d1e610_0 .net *"_s444", 0 0, L_0x7febd2d30830;  1 drivers
v0x7febd2d1e6c0_0 .net *"_s447", 0 0, L_0x7febd2d30920;  1 drivers
v0x7febd2d1e770_0 .net *"_s449", 0 0, L_0x7febd2d30a60;  1 drivers
v0x7febd2d1e820_0 .net *"_s451", 0 0, L_0x7febd2d30b40;  1 drivers
v0x7febd2d1e8d0_0 .net *"_s453", 0 0, L_0x7febd2d30c20;  1 drivers
v0x7febd2d1e980_0 .net *"_s454", 0 0, L_0x7febd2d30d00;  1 drivers
v0x7febd2d1ea30_0 .net *"_s457", 0 0, L_0x7febd2d289c0;  1 drivers
v0x7febd2d1eae0_0 .net *"_s459", 0 0, L_0x7febd2d30630;  1 drivers
v0x7febd2d1eb90_0 .net *"_s461", 0 0, L_0x7febd2d306d0;  1 drivers
v0x7febd2d1ec40_0 .net *"_s463", 0 0, L_0x7febd2d30770;  1 drivers
v0x7febd2d1ecf0_0 .net *"_s464", 0 0, L_0x7febd2d31000;  1 drivers
v0x7febd2d1eda0_0 .net *"_s467", 0 0, L_0x7febd2d310f0;  1 drivers
v0x7febd2d1ee50_0 .net *"_s469", 0 0, L_0x7febd2d31230;  1 drivers
v0x7febd2d1ef00_0 .net *"_s47", 0 0, L_0x7febd2d24190;  1 drivers
v0x7febd2d1efb0_0 .net *"_s471", 0 0, L_0x7febd2d31310;  1 drivers
v0x7febd2d1f060_0 .net *"_s473", 0 0, L_0x7febd2d313f0;  1 drivers
v0x7febd2d1f110_0 .net *"_s475", 0 0, L_0x7febd2d314d0;  1 drivers
v0x7febd2d1f1c0_0 .net *"_s476", 0 0, L_0x7febd2d315b0;  1 drivers
v0x7febd2d1f270_0 .net *"_s479", 0 0, L_0x7febd2d293c0;  1 drivers
v0x7febd2d1f320_0 .net *"_s481", 0 0, L_0x7febd2d30db0;  1 drivers
v0x7febd2d1f3d0_0 .net *"_s483", 0 0, L_0x7febd2d30e50;  1 drivers
v0x7febd2d1f480_0 .net *"_s485", 0 0, L_0x7febd2d31660;  1 drivers
v0x7febd2d1f530_0 .net *"_s486", 0 0, L_0x7febd2d31700;  1 drivers
v0x7febd2d1f5e0_0 .net *"_s489", 0 0, L_0x7febd2d317b0;  1 drivers
v0x7febd2d1f690_0 .net *"_s49", 0 0, L_0x7febd2d24290;  1 drivers
v0x7febd2d1f740_0 .net *"_s491", 0 0, L_0x7febd2d318f0;  1 drivers
v0x7febd2d1f7f0_0 .net *"_s493", 0 0, L_0x7febd2d319d0;  1 drivers
v0x7febd2d1f8a0_0 .net *"_s495", 0 0, L_0x7febd2d31ab0;  1 drivers
v0x7febd2d1f950_0 .net *"_s497", 0 0, L_0x7febd2d31b90;  1 drivers
v0x7febd2d1fa00_0 .net *"_s498", 0 0, L_0x7febd2d31c70;  1 drivers
v0x7febd2d1fab0_0 .net *"_s5", 0 0, L_0x7febd2d22030;  1 drivers
v0x7febd2d1fb60_0 .net *"_s501", 0 0, L_0x7febd2d31d60;  1 drivers
v0x7febd2d1fc10_0 .net *"_s503", 0 0, L_0x7febd2d29500;  1 drivers
v0x7febd2d1fcc0_0 .net *"_s505", 0 0, L_0x7febd2d295e0;  1 drivers
v0x7febd2d1fd70_0 .net *"_s507", 0 0, L_0x7febd2d320d0;  1 drivers
v0x7febd2d1fe20_0 .net *"_s509", 0 0, L_0x7febd2d32170;  1 drivers
v0x7febd2d1fed0_0 .net *"_s51", 0 0, L_0x7febd2d24330;  1 drivers
v0x7febd2d1ff80_0 .net *"_s510", 0 0, L_0x7febd2d334c0;  1 drivers
v0x7febd2d20030_0 .net *"_s514", 0 0, L_0x7febd2d335f0;  1 drivers
v0x7febd2d200e0_0 .net *"_s516", 0 0, L_0x7febd2d33730;  1 drivers
v0x7febd2d20190_0 .net *"_s518", 0 0, L_0x7febd2d33810;  1 drivers
v0x7febd2d20240_0 .net *"_s52", 0 0, L_0x7febd2d243d0;  1 drivers
v0x7febd2d202f0_0 .net *"_s520", 0 0, L_0x7febd2d338f0;  1 drivers
v0x7febd2d203a0_0 .net *"_s522", 0 0, L_0x7febd2d339d0;  1 drivers
v0x7febd2d20450_0 .net *"_s524", 0 0, L_0x7febd2d33ab0;  1 drivers
v0x7febd2d20500_0 .net *"_s55", 0 0, L_0x7febd2d24600;  1 drivers
v0x7febd2d205b0_0 .net *"_s56", 0 0, L_0x7febd2d22ef0;  1 drivers
v0x7febd2d20660_0 .net *"_s59", 0 0, L_0x7febd2d24740;  1 drivers
v0x7febd2d20710_0 .net *"_s61", 0 0, L_0x7febd2d24840;  1 drivers
v0x7febd2d207c0_0 .net *"_s62", 0 0, L_0x7febd2d249d0;  1 drivers
v0x7febd2d20870_0 .net *"_s65", 0 0, L_0x7febd2d24b80;  1 drivers
v0x7febd2d20920_0 .net *"_s67", 0 0, L_0x7febd2d24c80;  1 drivers
v0x7febd2d209d0_0 .net *"_s68", 0 0, L_0x7febd2d24de0;  1 drivers
v0x7febd2d20a80_0 .net *"_s7", 0 0, L_0x7febd2d222a0;  1 drivers
v0x7febd2d20b30_0 .net *"_s71", 0 0, L_0x7febd2d24e50;  1 drivers
v0x7febd2d20be0_0 .net *"_s73", 0 0, L_0x7febd2d24f50;  1 drivers
v0x7febd2d20c90_0 .net *"_s75", 0 0, L_0x7febd2d25100;  1 drivers
v0x7febd2d20d40_0 .net *"_s76", 0 0, L_0x7febd2d24d20;  1 drivers
v0x7febd2d20df0_0 .net *"_s79", 0 0, L_0x7febd2d253e0;  1 drivers
v0x7febd2d20ea0_0 .net *"_s81", 0 0, L_0x7febd2d255c0;  1 drivers
v0x7febd2d20f50_0 .net *"_s82", 0 0, L_0x7febd2d25030;  1 drivers
v0x7febd2d21000_0 .net *"_s85", 0 0, L_0x7febd2d25660;  1 drivers
v0x7febd2d210b0_0 .net *"_s87", 0 0, L_0x7febd2d25890;  1 drivers
v0x7febd2d21160_0 .net *"_s89", 0 0, L_0x7febd2d254e0;  1 drivers
v0x7febd2d21210_0 .net *"_s9", 0 0, L_0x7febd2d224c0;  1 drivers
v0x7febd2d212c0_0 .net *"_s90", 0 0, L_0x7febd2d24090;  1 drivers
v0x7febd2d21370_0 .net *"_s93", 0 0, L_0x7febd2d246a0;  1 drivers
v0x7febd2d21420_0 .net *"_s95", 0 0, L_0x7febd2d23c50;  1 drivers
v0x7febd2d214d0_0 .net *"_s97", 0 0, L_0x7febd2d23d30;  1 drivers
v0x7febd2d21580_0 .net *"_s98", 0 0, L_0x7febd2d23f90;  1 drivers
v0x7febd2d21630_0 .net "notA0", 0 0, L_0x7febd2d21b40;  1 drivers
v0x7febd2d216d0_0 .net "notA1", 0 0, L_0x7febd2d21d90;  1 drivers
v0x7febd2d21770_0 .net "notA2", 0 0, L_0x7febd2d21f80;  1 drivers
v0x7febd2d21810_0 .net "notA3", 0 0, L_0x7febd2d221f0;  1 drivers
v0x7febd2d218b0_0 .net "notA4", 0 0, L_0x7febd2d223e0;  1 drivers
v0x7febd2d21950_0 .net "notA5", 0 0, L_0x7febd2d22610;  1 drivers
L_0x7febd2d21c10 .part v0x7febd2d21a20_0, 0, 1;
L_0x7febd2d21e40 .part v0x7febd2d21a20_0, 1, 1;
L_0x7febd2d22030 .part v0x7febd2d21a20_0, 2, 1;
L_0x7febd2d222a0 .part v0x7febd2d21a20_0, 3, 1;
L_0x7febd2d224c0 .part v0x7febd2d21a20_0, 4, 1;
L_0x7febd2d226c0 .part v0x7febd2d21a20_0, 5, 1;
L_0x7febd2d22bb0 .part v0x7febd2d21a20_0, 0, 1;
L_0x7febd2d23040 .part v0x7febd2d21a20_0, 1, 1;
L_0x7febd2d231e0 .part v0x7febd2d21a20_0, 0, 1;
L_0x7febd2d23370 .part v0x7febd2d21a20_0, 1, 1;
L_0x7febd2d23620 .part v0x7febd2d21a20_0, 2, 1;
L_0x7febd2d237d0 .part v0x7febd2d21a20_0, 0, 1;
L_0x7febd2d23910 .part v0x7febd2d21a20_0, 2, 1;
L_0x7febd2d23e50 .part v0x7febd2d21a20_0, 1, 1;
L_0x7febd2d23ef0 .part v0x7febd2d21a20_0, 2, 1;
L_0x7febd2d24190 .part v0x7febd2d21a20_0, 0, 1;
L_0x7febd2d24290 .part v0x7febd2d21a20_0, 1, 1;
L_0x7febd2d24330 .part v0x7febd2d21a20_0, 2, 1;
L_0x7febd2d24600 .part v0x7febd2d21a20_0, 3, 1;
L_0x7febd2d24740 .part v0x7febd2d21a20_0, 0, 1;
L_0x7febd2d24840 .part v0x7febd2d21a20_0, 3, 1;
L_0x7febd2d24b80 .part v0x7febd2d21a20_0, 1, 1;
L_0x7febd2d24c80 .part v0x7febd2d21a20_0, 3, 1;
L_0x7febd2d24e50 .part v0x7febd2d21a20_0, 0, 1;
L_0x7febd2d24f50 .part v0x7febd2d21a20_0, 1, 1;
L_0x7febd2d25100 .part v0x7febd2d21a20_0, 3, 1;
L_0x7febd2d253e0 .part v0x7febd2d21a20_0, 2, 1;
L_0x7febd2d255c0 .part v0x7febd2d21a20_0, 3, 1;
L_0x7febd2d25660 .part v0x7febd2d21a20_0, 0, 1;
L_0x7febd2d25890 .part v0x7febd2d21a20_0, 2, 1;
L_0x7febd2d254e0 .part v0x7febd2d21a20_0, 3, 1;
L_0x7febd2d246a0 .part v0x7febd2d21a20_0, 1, 1;
L_0x7febd2d23c50 .part v0x7febd2d21a20_0, 2, 1;
L_0x7febd2d23d30 .part v0x7febd2d21a20_0, 3, 1;
L_0x7febd2d25e80 .part v0x7febd2d21a20_0, 0, 1;
L_0x7febd2d25d70 .part v0x7febd2d21a20_0, 1, 1;
L_0x7febd2d260e0 .part v0x7febd2d21a20_0, 2, 1;
L_0x7febd2d25fc0 .part v0x7febd2d21a20_0, 3, 1;
L_0x7febd2d264e0 .part v0x7febd2d21a20_0, 4, 1;
L_0x7febd2d26240 .part v0x7febd2d21a20_0, 0, 1;
L_0x7febd2d26700 .part v0x7febd2d21a20_0, 4, 1;
L_0x7febd2d26a50 .part v0x7febd2d21a20_0, 1, 1;
L_0x7febd2d263a0 .part v0x7febd2d21a20_0, 4, 1;
L_0x7febd2d26cd0 .part v0x7febd2d21a20_0, 0, 1;
L_0x7febd2d26dd0 .part v0x7febd2d21a20_0, 1, 1;
L_0x7febd2d26b70 .part v0x7febd2d21a20_0, 4, 1;
L_0x7febd2d270a0 .part v0x7febd2d21a20_0, 2, 1;
L_0x7febd2d26eb0 .part v0x7febd2d21a20_0, 4, 1;
L_0x7febd2d273e0 .part v0x7febd2d21a20_0, 0, 1;
L_0x7febd2d271e0 .part v0x7febd2d21a20_0, 2, 1;
L_0x7febd2d272c0 .part v0x7febd2d21a20_0, 4, 1;
L_0x7febd2d23b10 .part v0x7febd2d21a20_0, 1, 1;
L_0x7febd2d27a90 .part v0x7febd2d21a20_0, 2, 1;
L_0x7febd2d276f0 .part v0x7febd2d21a20_0, 4, 1;
L_0x7febd2d27d20 .part v0x7febd2d21a20_0, 0, 1;
L_0x7febd2d27b30 .part v0x7febd2d21a20_0, 1, 1;
L_0x7febd2d27c10 .part v0x7febd2d21a20_0, 2, 1;
L_0x7febd2d27e60 .part v0x7febd2d21a20_0, 4, 1;
L_0x7febd2d28270 .part v0x7febd2d21a20_0, 3, 1;
L_0x7febd2d28060 .part v0x7febd2d21a20_0, 4, 1;
L_0x7febd2d28590 .part v0x7febd2d21a20_0, 0, 1;
L_0x7febd2d283b0 .part v0x7febd2d21a20_0, 3, 1;
L_0x7febd2d28490 .part v0x7febd2d21a20_0, 4, 1;
L_0x7febd2d28b80 .part v0x7febd2d21a20_0, 1, 1;
L_0x7febd2d26930 .part v0x7febd2d21a20_0, 3, 1;
L_0x7febd2d286d0 .part v0x7febd2d21a20_0, 4, 1;
L_0x7febd2d28830 .part v0x7febd2d21a20_0, 0, 1;
L_0x7febd2d28fe0 .part v0x7febd2d21a20_0, 1, 1;
L_0x7febd2d28dd0 .part v0x7febd2d21a20_0, 3, 1;
L_0x7febd2d28eb0 .part v0x7febd2d21a20_0, 4, 1;
L_0x7febd2d25220 .part v0x7febd2d21a20_0, 2, 1;
L_0x7febd2d28c80 .part v0x7febd2d21a20_0, 3, 1;
L_0x7febd2d29080 .part v0x7febd2d21a20_0, 4, 1;
L_0x7febd2d291d0 .part v0x7febd2d21a20_0, 0, 1;
L_0x7febd2d29b30 .part v0x7febd2d21a20_0, 2, 1;
L_0x7febd2d298a0 .part v0x7febd2d21a20_0, 3, 1;
L_0x7febd2d29980 .part v0x7febd2d21a20_0, 4, 1;
L_0x7febd2d25bb0 .part v0x7febd2d21a20_0, 1, 1;
L_0x7febd2d29780 .part v0x7febd2d21a20_0, 2, 1;
L_0x7febd2d29c10 .part v0x7febd2d21a20_0, 3, 1;
L_0x7febd2d29cb0 .part v0x7febd2d21a20_0, 4, 1;
L_0x7febd2d2a280 .part v0x7febd2d21a20_0, 0, 1;
L_0x7febd2d2a380 .part v0x7febd2d21a20_0, 1, 1;
L_0x7febd2d29ff0 .part v0x7febd2d21a20_0, 2, 1;
L_0x7febd2d2a0d0 .part v0x7febd2d21a20_0, 3, 1;
L_0x7febd2d2a1b0 .part v0x7febd2d21a20_0, 4, 1;
L_0x7febd2d2a800 .part v0x7febd2d21a20_0, 5, 1;
L_0x7febd2d2a420 .part v0x7febd2d21a20_0, 0, 1;
L_0x7febd2d2a500 .part v0x7febd2d21a20_0, 5, 1;
L_0x7febd2d2ad50 .part v0x7febd2d21a20_0, 1, 1;
L_0x7febd2d2a940 .part v0x7febd2d21a20_0, 5, 1;
L_0x7febd2d2ab10 .part v0x7febd2d21a20_0, 0, 1;
L_0x7febd2d2ac50 .part v0x7febd2d21a20_0, 1, 1;
L_0x7febd2d2b2d0 .part v0x7febd2d21a20_0, 5, 1;
L_0x7febd2d2b4a0 .part v0x7febd2d21a20_0, 2, 1;
L_0x7febd2d2ae90 .part v0x7febd2d21a20_0, 5, 1;
L_0x7febd2d2b060 .part v0x7febd2d21a20_0, 0, 1;
L_0x7febd2d2b1a0 .part v0x7febd2d21a20_0, 2, 1;
L_0x7febd2d2ba50 .part v0x7febd2d21a20_0, 5, 1;
L_0x7febd2d2b970 .part v0x7febd2d21a20_0, 1, 1;
L_0x7febd2d2b830 .part v0x7febd2d21a20_0, 2, 1;
L_0x7febd2d2b5e0 .part v0x7febd2d21a20_0, 5, 1;
L_0x7febd2d2bb70 .part v0x7febd2d21a20_0, 0, 1;
L_0x7febd2d2bcb0 .part v0x7febd2d21a20_0, 1, 1;
L_0x7febd2d2c2c0 .part v0x7febd2d21a20_0, 2, 1;
L_0x7febd2d2bf80 .part v0x7febd2d21a20_0, 5, 1;
L_0x7febd2d2c110 .part v0x7febd2d21a20_0, 3, 1;
L_0x7febd2d2be10 .part v0x7febd2d21a20_0, 5, 1;
L_0x7febd2d2c3a0 .part v0x7febd2d21a20_0, 0, 1;
L_0x7febd2d2c4e0 .part v0x7febd2d21a20_0, 3, 1;
L_0x7febd2d2c5c0 .part v0x7febd2d21a20_0, 5, 1;
L_0x7febd2d2cca0 .part v0x7febd2d21a20_0, 1, 1;
L_0x7febd2d2c6a0 .part v0x7febd2d21a20_0, 3, 1;
L_0x7febd2d2c780 .part v0x7febd2d21a20_0, 5, 1;
L_0x7febd2d2c950 .part v0x7febd2d21a20_0, 0, 1;
L_0x7febd2d2ca90 .part v0x7febd2d21a20_0, 1, 1;
L_0x7febd2d2d310 .part v0x7febd2d21a20_0, 3, 1;
L_0x7febd2d2cf70 .part v0x7febd2d21a20_0, 5, 1;
L_0x7febd2d2d140 .part v0x7febd2d21a20_0, 2, 1;
L_0x7febd2d2cde0 .part v0x7febd2d21a20_0, 3, 1;
L_0x7febd2d2ce80 .part v0x7febd2d21a20_0, 5, 1;
L_0x7febd2d2d460 .part v0x7febd2d21a20_0, 0, 1;
L_0x7febd2d2d5a0 .part v0x7febd2d21a20_0, 2, 1;
L_0x7febd2d2d680 .part v0x7febd2d21a20_0, 3, 1;
L_0x7febd2d2dce0 .part v0x7febd2d21a20_0, 5, 1;
L_0x7febd2d259b0 .part v0x7febd2d21a20_0, 1, 1;
L_0x7febd2d2db60 .part v0x7febd2d21a20_0, 2, 1;
L_0x7febd2d2dc00 .part v0x7febd2d21a20_0, 3, 1;
L_0x7febd2d2d760 .part v0x7febd2d21a20_0, 5, 1;
L_0x7febd2d2ddc0 .part v0x7febd2d21a20_0, 0, 1;
L_0x7febd2d2df00 .part v0x7febd2d21a20_0, 1, 1;
L_0x7febd2d2dfe0 .part v0x7febd2d21a20_0, 2, 1;
L_0x7febd2d2e0c0 .part v0x7febd2d21a20_0, 3, 1;
L_0x7febd2d2e1b0 .part v0x7febd2d21a20_0, 5, 1;
L_0x7febd2d2e380 .part v0x7febd2d21a20_0, 4, 1;
L_0x7febd2d2d9b0 .part v0x7febd2d21a20_0, 5, 1;
L_0x7febd2d2e6c0 .part v0x7febd2d21a20_0, 0, 1;
L_0x7febd2d2e800 .part v0x7febd2d21a20_0, 4, 1;
L_0x7febd2d2e8e0 .part v0x7febd2d21a20_0, 5, 1;
L_0x7febd2d2eab0 .part v0x7febd2d21a20_0, 1, 1;
L_0x7febd2d2e4c0 .part v0x7febd2d21a20_0, 4, 1;
L_0x7febd2d2e5a0 .part v0x7febd2d21a20_0, 5, 1;
L_0x7febd2d2eeb0 .part v0x7febd2d21a20_0, 0, 1;
L_0x7febd2d2eff0 .part v0x7febd2d21a20_0, 1, 1;
L_0x7febd2d2f0d0 .part v0x7febd2d21a20_0, 4, 1;
L_0x7febd2d2f1b0 .part v0x7febd2d21a20_0, 5, 1;
L_0x7febd2d2f380 .part v0x7febd2d21a20_0, 2, 1;
L_0x7febd2d2ebf0 .part v0x7febd2d21a20_0, 4, 1;
L_0x7febd2d2ecd0 .part v0x7febd2d21a20_0, 5, 1;
L_0x7febd2d2f790 .part v0x7febd2d21a20_0, 0, 1;
L_0x7febd2d2f8d0 .part v0x7febd2d21a20_0, 2, 1;
L_0x7febd2d2f9b0 .part v0x7febd2d21a20_0, 4, 1;
L_0x7febd2d2fa90 .part v0x7febd2d21a20_0, 5, 1;
L_0x7febd2d278c0 .part v0x7febd2d21a20_0, 1, 1;
L_0x7febd2d2f4c0 .part v0x7febd2d21a20_0, 2, 1;
L_0x7febd2d2f560 .part v0x7febd2d21a20_0, 4, 1;
L_0x7febd2d2f600 .part v0x7febd2d21a20_0, 5, 1;
L_0x7febd2d2ff40 .part v0x7febd2d21a20_0, 0, 1;
L_0x7febd2d30080 .part v0x7febd2d21a20_0, 1, 1;
L_0x7febd2d30160 .part v0x7febd2d21a20_0, 2, 1;
L_0x7febd2d30240 .part v0x7febd2d21a20_0, 4, 1;
L_0x7febd2d30320 .part v0x7febd2d21a20_0, 5, 1;
L_0x7febd2d304f0 .part v0x7febd2d21a20_0, 3, 1;
L_0x7febd2d2fc20 .part v0x7febd2d21a20_0, 4, 1;
L_0x7febd2d2fd00 .part v0x7febd2d21a20_0, 5, 1;
L_0x7febd2d30920 .part v0x7febd2d21a20_0, 0, 1;
L_0x7febd2d30a60 .part v0x7febd2d21a20_0, 3, 1;
L_0x7febd2d30b40 .part v0x7febd2d21a20_0, 4, 1;
L_0x7febd2d30c20 .part v0x7febd2d21a20_0, 5, 1;
L_0x7febd2d289c0 .part v0x7febd2d21a20_0, 1, 1;
L_0x7febd2d30630 .part v0x7febd2d21a20_0, 3, 1;
L_0x7febd2d306d0 .part v0x7febd2d21a20_0, 4, 1;
L_0x7febd2d30770 .part v0x7febd2d21a20_0, 5, 1;
L_0x7febd2d310f0 .part v0x7febd2d21a20_0, 0, 1;
L_0x7febd2d31230 .part v0x7febd2d21a20_0, 1, 1;
L_0x7febd2d31310 .part v0x7febd2d21a20_0, 3, 1;
L_0x7febd2d313f0 .part v0x7febd2d21a20_0, 4, 1;
L_0x7febd2d314d0 .part v0x7febd2d21a20_0, 5, 1;
L_0x7febd2d293c0 .part v0x7febd2d21a20_0, 2, 1;
L_0x7febd2d30db0 .part v0x7febd2d21a20_0, 3, 1;
L_0x7febd2d30e50 .part v0x7febd2d21a20_0, 4, 1;
L_0x7febd2d31660 .part v0x7febd2d21a20_0, 5, 1;
L_0x7febd2d317b0 .part v0x7febd2d21a20_0, 0, 1;
L_0x7febd2d318f0 .part v0x7febd2d21a20_0, 2, 1;
L_0x7febd2d319d0 .part v0x7febd2d21a20_0, 3, 1;
L_0x7febd2d31ab0 .part v0x7febd2d21a20_0, 4, 1;
L_0x7febd2d31b90 .part v0x7febd2d21a20_0, 5, 1;
L_0x7febd2d31d60 .part v0x7febd2d21a20_0, 1, 1;
L_0x7febd2d29500 .part v0x7febd2d21a20_0, 2, 1;
L_0x7febd2d295e0 .part v0x7febd2d21a20_0, 3, 1;
L_0x7febd2d320d0 .part v0x7febd2d21a20_0, 4, 1;
L_0x7febd2d32170 .part v0x7febd2d21a20_0, 5, 1;
LS_0x7febd2d32250_0_0 .concat8 [ 1 1 1 1], L_0x7febd2d22800, L_0x7febd2d22a70, L_0x7febd2d22170, L_0x7febd2d230f0;
LS_0x7febd2d32250_0_4 .concat8 [ 1 1 1 1], L_0x7febd2d23410, L_0x7febd2d23760, L_0x7febd2d23a60, L_0x7febd2d239f0;
LS_0x7febd2d32250_0_8 .concat8 [ 1 1 1 1], L_0x7febd2d243d0, L_0x7febd2d22ef0, L_0x7febd2d249d0, L_0x7febd2d24de0;
LS_0x7febd2d32250_0_12 .concat8 [ 1 1 1 1], L_0x7febd2d24d20, L_0x7febd2d25030, L_0x7febd2d24090, L_0x7febd2d23f90;
LS_0x7febd2d32250_0_16 .concat8 [ 1 1 1 1], L_0x7febd2d262f0, L_0x7febd2d257e0, L_0x7febd2d26580, L_0x7febd2d26800;
LS_0x7febd2d32250_0_20 .concat8 [ 1 1 1 1], L_0x7febd2d26c50, L_0x7febd2d26f90, L_0x7febd2d27520, L_0x7febd2d277d0;
LS_0x7febd2d32250_0_24 .concat8 [ 1 1 1 1], L_0x7febd2d27f40, L_0x7febd2d28140, L_0x7febd2d288d0, L_0x7febd2d24b00;
LS_0x7febd2d32250_0_28 .concat8 [ 1 1 1 1], L_0x7febd2d292d0, L_0x7febd2d29120, L_0x7febd2d29a60, L_0x7febd2d29d50;
LS_0x7febd2d32250_0_32 .concat8 [ 1 1 1 1], L_0x7febd2d2a710, L_0x7febd2d29ec0, L_0x7febd2d2a5e0, L_0x7febd2d2aa20;
LS_0x7febd2d32250_0_36 .concat8 [ 1 1 1 1], L_0x7febd2d2b3b0, L_0x7febd2d2af70, L_0x7febd2d2b740, L_0x7febd2d2b6c0;
LS_0x7febd2d32250_0_40 .concat8 [ 1 1 1 1], L_0x7febd2d2c020, L_0x7febd2d2beb0, L_0x7febd2d2cbb0, L_0x7febd2d2c860;
LS_0x7febd2d32250_0_44 .concat8 [ 1 1 1 1], L_0x7febd2d2d050, L_0x7febd2d2d3b0, L_0x7febd2d2d900, L_0x7febd2d2d800;
LS_0x7febd2d32250_0_48 .concat8 [ 1 1 1 1], L_0x7febd2d2e290, L_0x7febd2d2da90, L_0x7febd2d2e9c0, L_0x7febd2d2edc0;
LS_0x7febd2d32250_0_52 .concat8 [ 1 1 1 1], L_0x7febd2d2f290, L_0x7febd2d2f6a0, L_0x7febd2d2fb70, L_0x7febd2d2fe50;
LS_0x7febd2d32250_0_56 .concat8 [ 1 1 1 1], L_0x7febd2d30400, L_0x7febd2d30830, L_0x7febd2d30d00, L_0x7febd2d31000;
LS_0x7febd2d32250_0_60 .concat8 [ 1 1 1 1], L_0x7febd2d315b0, L_0x7febd2d31700, L_0x7febd2d31c70, L_0x7febd2d334c0;
LS_0x7febd2d32250_1_0 .concat8 [ 4 4 4 4], LS_0x7febd2d32250_0_0, LS_0x7febd2d32250_0_4, LS_0x7febd2d32250_0_8, LS_0x7febd2d32250_0_12;
LS_0x7febd2d32250_1_4 .concat8 [ 4 4 4 4], LS_0x7febd2d32250_0_16, LS_0x7febd2d32250_0_20, LS_0x7febd2d32250_0_24, LS_0x7febd2d32250_0_28;
LS_0x7febd2d32250_1_8 .concat8 [ 4 4 4 4], LS_0x7febd2d32250_0_32, LS_0x7febd2d32250_0_36, LS_0x7febd2d32250_0_40, LS_0x7febd2d32250_0_44;
LS_0x7febd2d32250_1_12 .concat8 [ 4 4 4 4], LS_0x7febd2d32250_0_48, LS_0x7febd2d32250_0_52, LS_0x7febd2d32250_0_56, LS_0x7febd2d32250_0_60;
L_0x7febd2d32250 .concat8 [ 16 16 16 16], LS_0x7febd2d32250_1_0, LS_0x7febd2d32250_1_4, LS_0x7febd2d32250_1_8, LS_0x7febd2d32250_1_12;
L_0x7febd2d335f0 .part v0x7febd2d21a20_0, 0, 1;
L_0x7febd2d33730 .part v0x7febd2d21a20_0, 1, 1;
L_0x7febd2d33810 .part v0x7febd2d21a20_0, 2, 1;
L_0x7febd2d338f0 .part v0x7febd2d21a20_0, 3, 1;
L_0x7febd2d339d0 .part v0x7febd2d21a20_0, 4, 1;
L_0x7febd2d33ab0 .part v0x7febd2d21a20_0, 5, 1;
    .scope S_0x7febd2d00100;
T_0 ;
    %vpi_call 2 10 "$display", "6 to 64 decoder" {0 0 0};
    %pushi/vec4 1, 0, 1;
    %ix/load 4, 0, 0;
    %flag_set/imm 4, 0;
    %store/vec4 v0x7febd2d21a20_0, 4, 1;
    %pushi/vec4 0, 0, 1;
    %ix/load 4, 1, 0;
    %flag_set/imm 4, 0;
    %store/vec4 v0x7febd2d21a20_0, 4, 1;
    %pushi/vec4 0, 0, 1;
    %ix/load 4, 2, 0;
    %flag_set/imm 4, 0;
    %store/vec4 v0x7febd2d21a20_0, 4, 1;
    %pushi/vec4 0, 0, 1;
    %ix/load 4, 3, 0;
    %flag_set/imm 4, 0;
    %store/vec4 v0x7febd2d21a20_0, 4, 1;
    %pushi/vec4 0, 0, 1;
    %ix/load 4, 4, 0;
    %flag_set/imm 4, 0;
    %store/vec4 v0x7febd2d21a20_0, 4, 1;
    %pushi/vec4 0, 0, 1;
    %ix/load 4, 5, 0;
    %flag_set/imm 4, 0;
    %store/vec4 v0x7febd2d21a20_0, 4, 1;
    %delay 10, 0;
    %vpi_call 2 20 "$display", "6 bit = %b", v0x7febd2d21a20_0 {0 0 0};
    %vpi_call 2 22 "$display", "64 bit = %b", v0x7febd2d21ab0_0 {0 0 0};
    %end;
    .thread T_0;
# The file index is used to find the file name in the following table.
:file_names 4;
    "N/A";
    "<interactive>";
    "decoder_test.v";
    "decoder.v";
